#
# A fatal error has been detected by the Java Runtime Environment:
#
#  EXCEPTION_ACCESS_VIOLATION (0xc0000005) at pc=0x00007ffe128e93b5, pid=61508, tid=62640
#
# JRE version: Java(TM) SE Runtime Environment (23.0.2+7) (build 23.0.2+7-58)
# Java VM: Java HotSpot(TM) 64-Bit Server VM (23.0.2+7-58, mixed mode, sharing, tiered, compressed oops, compressed class ptrs, g1 gc, windows-amd64)
# Problematic frame:
# C  [native-18067908025743950183.dll+0x393b5]
#
# No core dump will be written. Minidumps are not enabled by default on client versions of Windows
#
# If you would like to submit a bug report, please visit:
#   https://bugreport.java.com/bugreport/crash.jsp
# The crash happened outside the Java Virtual Machine in native code.
# See problematic frame for where to report the bug.
#

---------------  S U M M A R Y ------------

Command Line: -Dfile.encoding=UTF-8 -Duser.country=US -Duser.language=en -Duser.variant me.pixlent.Main --enable-native-access=ALL-UNNAMED

Host: AMD Ryzen 7 7700X 8-Core Processor             , 16 cores, 31G,  Windows 11 , 64 bit Build 22621 (10.0.22621.4830)
Time: Fri Feb 14 22:33:30 2025 W. Europe Standard Time elapsed time: 2.105518 seconds (0d 0h 0m 2s)

---------------  T H R E A D  ---------------

Current thread (0x0000018d1ebf26a0):  JavaThread "ForkJoinPool-1-worker-13" daemon [_thread_in_native, id=62640, stack(0x0000002709500000,0x0000002709600000) (1024K)]

Stack: [0x0000002709500000,0x0000002709600000],  sp=0x00000027095fd610,  free space=1013k
Native frames: (J=compiled Java code, j=interpreted, Vv=VM code, C=native code)
C  [native-18067908025743950183.dll+0x393b5]  (no source info available)
C  [native-18067908025743950183.dll+0x43db6]  (no source info available)
C  [native-18067908025743950183.dll+0x15b45]  (no source info available)
C  0x0000018cc2e8c4df  (no source info available)

The last pc belongs to nep_invoker_blob (printed below).
Java frames: (J=compiled Java code, j=interpreted, Vv=VM code)
v  ~RuntimeStub::nep_invoker_blob 0x0000018cc2e8c468
j  java.lang.invoke.LambdaForm$MH+0x0000018cd934b400.invoke(Ljava/lang/Object;JJJIIIIIIFIJ)I+30 java.base@23.0.2
j  java.lang.invoke.LambdaForm$MH+0x0000018cd93c1800.invokeExact_MT(Ljava/lang/Object;JJJIIIIIIFIJLjava/lang/Object;)I+41 java.base@23.0.2
j  jdk.internal.foreign.abi.DowncallStub+0x0000018cd934b800.invoke(Ljava/lang/foreign/SegmentAllocator;Ljava/lang/foreign/MemorySegment;Ljava/lang/foreign/MemorySegment;Ljava/lang/foreign/MemorySegment;IIIIIIFILjava/lang/foreign/MemorySegment;)I+231 java.base@23.0.2
j  java.lang.invoke.LambdaForm$DMH+0x0000018cd934bc00.invokeStatic(Ljava/lang/Object;Ljava/lang/Object;Ljava/lang/Object;Ljava/lang/Object;Ljava/lang/Object;IIIIIIFILjava/lang/Object;)I+34 java.base@23.0.2
j  java.lang.invoke.LambdaForm$MH+0x0000018cd934d800.invoke(Ljava/lang/Object;Ljava/lang/Object;Ljava/lang/Object;IIIIIIFILjava/lang/Object;)I+67 java.base@23.0.2
j  java.lang.invoke.LambdaForm$MH+0x0000018cd93b9400.invokeExact_MT(Ljava/lang/Object;Ljava/lang/Object;Ljava/lang/Object;IIIIIIFILjava/lang/Object;Ljava/lang/Object;)I+38 java.base@23.0.2
j  com.github.fastnoise.FastNoise.fnGenUniformGrid3D(Ljava/lang/foreign/MemorySegment;Lcom/github/fastnoise/FloatArray;IIIIIIFILcom/github/fastnoise/FloatArray;)I+27
j  com.github.fastnoise.FastNoise.genUniformGrid3D(Lcom/github/fastnoise/FloatArray;IIIIIIFI)Lcom/github/fastnoise/FastNoise$OutputMinMax;+31
j  me.pixlent.noise.FastNoiseFunction.batch(IIIIII)[[[F+46
j  me.pixlent.SandwichGenerator.generate(Lnet/minestom/server/instance/generator/GenerationUnit;)V+80
j  net.minestom.server.instance.InstanceContainer.createChunk(II)Lnet/minestom/server/instance/Chunk;+96
j  net.minestom.server.instance.InstanceContainer.lambda$retrieveChunk$7(IIJLjava/util/concurrent/CompletableFuture;Lnet/minestom/server/instance/Chunk;)V+8
j  net.minestom.server.instance.InstanceContainer$$Lambda+0x0000018cd92db048.accept(Ljava/lang/Object;)V+24
j  net.minestom.server.instance.InstanceContainer.lambda$retrieveChunk$8(Lnet/minestom/server/instance/IChunkLoader;IILjava/util/function/Consumer;)V+15
j  net.minestom.server.instance.InstanceContainer$$Lambda+0x0000018cd92db280.run()V+20
j  java.lang.Thread.runWith(Ljava/lang/Object;Ljava/lang/Runnable;)V+5 java.base@23.0.2
j  java.lang.VirtualThread.run(Ljava/lang/Runnable;)V+66 java.base@23.0.2
j  java.lang.VirtualThread$VThreadContinuation$1.run()V+8 java.base@23.0.2
j  jdk.internal.vm.Continuation.enter0()V+4 java.base@23.0.2
j  jdk.internal.vm.Continuation.enter(Ljdk/internal/vm/Continuation;Z)V+1 java.base@23.0.2
J 91  jdk.internal.vm.Continuation.enterSpecial(Ljdk/internal/vm/Continuation;ZZ)V java.base@23.0.2 (0 bytes) @ 0x0000018cc33e525c [0x0000018cc33e5120+0x000000000000013c]
j  jdk.internal.vm.Continuation.run()V+122 java.base@23.0.2
j  java.lang.VirtualThread.runContinuation()V+72 java.base@23.0.2
j  java.lang.VirtualThread$$Lambda+0x0000018cd9251ca8.run()V+4 java.base@23.0.2
j  java.util.concurrent.ForkJoinTask$RunnableExecuteAction.compute()Ljava/lang/Void;+4 java.base@23.0.2
j  java.util.concurrent.ForkJoinTask$RunnableExecuteAction.compute()Ljava/lang/Object;+1 java.base@23.0.2
j  java.util.concurrent.ForkJoinTask$InterruptibleTask.exec()Z+51 java.base@23.0.2
j  java.util.concurrent.ForkJoinTask.doExec()V+10 java.base@23.0.2
j  java.util.concurrent.ForkJoinPool$WorkQueue.topLevelExec(Ljava/util/concurrent/ForkJoinTask;I)V+9 java.base@23.0.2
j  java.util.concurrent.ForkJoinPool.runWorker(Ljava/util/concurrent/ForkJoinPool$WorkQueue;)V+366 java.base@23.0.2
j  java.util.concurrent.ForkJoinWorkerThread.run()V+31 java.base@23.0.2
v  ~StubRoutines::call_stub 0x0000018cc2ca0fcd

siginfo: EXCEPTION_ACCESS_VIOLATION (0xc0000005), reading address 0x0000000000000000


Registers:
RAX=0x00007ffe129296e0, RBX=0x0000018d21a6fd38, RCX=0x0000000000000000, RDX=0x0000000000000010
RSP=0x00000027095fd610, RBP=0x00000027095fd680, RSI=0x0000000000001800, RDI=0x0000000000000000
R8 =0x0000000000001800, R9 =0x00000000ffffffe0, R10=0x00000000ffffffc0, R11=0x0000018d21a6fd48
R12=0x0000018d21c92e80, R13=0x0000018d21a6fd38, R14=0x0000000000000010, R15=0x0000000000017ff0
RIP=0x00007ffe128e93b5, EFLAGS=0x0000000000010246


Register to memory mapping:

RAX=0x00007ffe129296e0 native-18067908025743950183.dll
RBX=0x0000018d21a6fd38 points into unknown readable memory: 0x00007ffe12929650 | 50 96 92 12 fe 7f 00 00
RCX=0x0 is null
RDX=0x0000000000000010 is an unknown value
RSP=0x00000027095fd610 is pointing into the stack for thread: 0x0000018d1ebf26a0
RBP=0x00000027095fd680 is pointing into the stack for thread: 0x0000018d1ebf26a0
RSI=0x0000000000001800 is an unknown value
RDI=0x0 is null
R8 =0x0000000000001800 is an unknown value
R9 =0x00000000ffffffe0 is an unknown value
R10=0x00000000ffffffc0 is an unknown value
R11=0x0000018d21a6fd48 points into unknown readable memory: 0x00007ffe12929670 | 70 96 92 12 fe 7f 00 00
R12=0x0000018d21c92e80 points into unknown readable memory: 0x0000000000000000 | 00 00 00 00 00 00 00 00
R13=0x0000018d21a6fd38 points into unknown readable memory: 0x00007ffe12929650 | 50 96 92 12 fe 7f 00 00
R14=0x0000000000000010 is an unknown value
R15=0x0000000000017ff0 is an unknown value

Top of Stack: (sp=0x00000027095fd610)
0x00000027095fd610:   00000027095fd628 00000027095fd730
0x00000027095fd620:   0000018cc2ca0fcd 000000062452a610
0x00000027095fd630:   0000000623c35348 000000060d9da1f0
0x00000027095fd640:   000000060db45cb8 0000002700000005
0x00000027095fd650:   0000000623c4afb0 0000000000000000
0x00000027095fd660:   0000000000000000 0000000000000000
0x00000027095fd670:   0000000000000000 0000000000000000
0x00000027095fd680:   3f1a3b543f1a3b54 3f1a3b543f1a3b54
0x00000027095fd690:   3f1a3b543f1a3b54 3f1a3b543f1a3b54
0x00000027095fd6a0:   3f1a3b543f1a3b54 3f1a3b543f1a3b54
0x00000027095fd6b0:   3f1a3b543f1a3b54 3f1a3b543f1a3b54
0x00000027095fd6c0:   0000000000000000 0000000000000000
0x00000027095fd6d0:   0000000000000000 0000000000000000
0x00000027095fd6e0:   0000000000000000 0000000000000000
0x00000027095fd6f0:   0000000000000000 0000000000000000
0x00000027095fd700:   3fcccccd3fcccccd 3fcccccd3fcccccd
0x00000027095fd710:   3fcccccd3fcccccd 3fcccccd3fcccccd
0x00000027095fd720:   3fcccccd3fcccccd 3fcccccd3fcccccd
0x00000027095fd730:   3fcccccd3fcccccd 3fcccccd3fcccccd
0x00000027095fd740:   c04ccccdc04ccccd c04ccccdc04ccccd
0x00000027095fd750:   c04ccccdc04ccccd c04ccccdc04ccccd
0x00000027095fd760:   c04ccccdc04ccccd c04ccccdc04ccccd
0x00000027095fd770:   c04ccccdc04ccccd c04ccccdc04ccccd
0x00000027095fd780:   bfc66667bfcccccd bfb9999abfc00000
0x00000027095fd790:   bfaccccdbfb33333 bfa00000bfa66667
0x00000027095fd7a0:   bf933333bf99999a bf866667bf8ccccd
0x00000027095fd7b0:   bf733333bf800000 bf59999abf666667
0x00000027095fd7c0:   0000000000000000 0000000000000000
0x00000027095fd7d0:   0000000000000000 0000000000000000
0x00000027095fd7e0:   0000000000000000 0000000000000000
0x00000027095fd7f0:   0000000000000000 0000000000000000
0x00000027095fd800:   0000000000000000 0000000000000000 

Instructions: (pc=0x00007ffe128e93b5)
0x00007ffe128e92b5:   8b d9 62 f1 7c 48 11 5d 02 62 f1 7c 48 11 55 03
0x00007ffe128e92c5:   62 f1 7c 48 11 4d 04 48 63 50 08 62 f1 7c 48 11
0x00007ffe128e92d5:   45 01 c5 fc 11 85 40 01 00 00 62 f3 fd 48 1b 45
0x00007ffe128e92e5:   0b 01 48 8b 4c 0a 38 48 85 c9 74 38 48 8b 01 ff
0x00007ffe128e92f5:   50 08 62 f1 7c 48 10 5d 02 62 f1 7c 48 10 55 03
0x00007ffe128e9305:   62 f1 7c 48 10 4d 04 c5 fc 11 45 00 62 f3 fd 48
0x00007ffe128e9315:   1b 45 01 01 62 f1 7c 48 10 65 00 62 f1 7c 48 10
0x00007ffe128e9325:   45 01 eb 08 62 f2 7d 48 18 64 1a 10 48 8b 43 08
0x00007ffe128e9335:   62 f1 7c 48 11 65 07 48 63 50 08 48 8b 4c 1a 58
0x00007ffe128e9345:   48 85 c9 74 1c 48 8b 01 ff 50 08 c5 fc 11 45 00
0x00007ffe128e9355:   62 f3 fd 48 1b 45 01 01 62 f1 7c 48 10 45 00 eb
0x00007ffe128e9365:   08 62 f2 7d 48 18 44 1a 18 48 8b 43 08 62 f1 7c
0x00007ffe128e9375:   48 10 5d 02 62 f1 7c 48 10 55 03 62 f1 7c 48 11
0x00007ffe128e9385:   45 06 48 63 48 08 62 f2 7d 48 18 44 19 1b 62 f2
0x00007ffe128e9395:   7d 48 18 4c 19 1c 48 8b 4c 19 20 62 f1 7c 48 11
0x00007ffe128e93a5:   45 09 62 f1 7c 48 10 45 01 62 f1 7c 48 11 4d 00
0x00007ffe128e93b5:   48 8b 01 62 f1 7c 48 10 4d 04 ff 50 08 48 8b 4b
0x00007ffe128e93c5:   08 be 01 00 00 00 62 f1 7c 48 10 65 00 c5 fc 11
0x00007ffe128e93d5:   45 40 62 f3 fd 48 1b 45 03 01 48 63 41 08 62 f1
0x00007ffe128e93e5:   7c 48 59 c4 62 f1 7c 48 11 45 08 39 74 18 68 0f
0x00007ffe128e93f5:   8e 26 01 00 00 62 e2 7d 48 18 05 98 b1 03 00 62
0x00007ffe128e9405:   f2 7d 48 18 1d 92 b1 03 00 62 f1 7e 48 6f 6d 05
0x00007ffe128e9415:   62 f3 7d 48 25 c0 ff 62 f1 7e 48 7f 45 0a 62 f1
0x00007ffe128e9425:   64 48 58 4d 01 48 63 41 08 62 f1 55 48 fa e8 62
0x00007ffe128e9435:   f1 7c 48 10 d3 62 b2 75 48 ba d0 48 8b 4c 18 20
0x00007ffe128e9445:   62 f1 7c 48 10 c3 62 f2 6d 48 b8 45 06 62 f1 7c
0x00007ffe128e9455:   48 10 55 09 62 f1 6c 48 59 4d 03 48 8b 01 62 f1
0x00007ffe128e9465:   5c 48 59 c0 62 f1 7c 48 59 45 07 62 f1 6c 48 59
0x00007ffe128e9475:   65 04 62 f1 7c 48 11 45 00 62 f1 6c 48 59 45 02
0x00007ffe128e9485:   62 f1 7c 48 11 45 02 62 f1 7c 48 10 d8 62 f1 7c
0x00007ffe128e9495:   48 11 4d 03 62 f1 7c 48 10 d1 62 f1 7e 48 6f c5
0x00007ffe128e94a5:   62 f1 7c 48 10 cc 62 f1 7e 48 7f 6d 05 62 f1 7c 


Stack slot to memory mapping:

stack at sp + 0 slots: 0x00000027095fd628 is pointing into the stack for thread: 0x0000018d1ebf26a0
stack at sp + 1 slots: 0x00000027095fd730 is pointing into the stack for thread: 0x0000018d1ebf26a0
stack at sp + 2 slots: 0x0000018cc2ca0fcd is at begin+186 in a stub
StubRoutines::call_stub [0x0000018cc2ca0f13, 0x0000018cc2ca109b] (392 bytes)
stack at sp + 3 slots: 0x000000062452a610 is an unallocated location in the heap
stack at sp + 4 slots: 0x0000000623c35348 is an unallocated location in the heap
stack at sp + 5 slots: 0x000000060d9da1f0 is an oop: java.lang.String 
{0x000000060d9da1f0} - klass: 'java/lang/String'
 - string: "invokeExact"
 - ---- fields (total size 3 words):
 - private 'hash' 'I' @12  941760871 (0x38222167)
 - private final 'coder' 'B' @16  0 (0x00)
 - private 'hashIsZero' 'Z' @17  false (0x00)
 - injected 'flags' 'B' @18  0 (0x00)
 - private final 'value' '[B' @20  [B{0x000000060d9da208} (0xc1b3b441)
stack at sp + 6 slots: 0x000000060db45cb8 is an oop: java.lang.Class 
{0x000000060db45cb8} - klass: 'java/lang/Class'
 - ---- fields (total size 17 words):
 - private volatile transient 'classRedefinedCount' 'I' @12  0 (0x00000000)
 - injected 'klass' 'J' @16  1704432665240 (0x0000018cd81a8298)
 - injected 'array_klass' 'J' @24  1704432669528 (0x0000018cd81a9358)
 - injected 'oop_size' 'I' @32  17 (0x00000011)
 - injected 'static_oop_field_count' 'I' @36  0 (0x00000000)
 - private volatile transient 'cachedConstructor' 'Ljava/lang/reflect/Constructor;' @40  null (0x00000000)
 - private transient 'name' 'Ljava/lang/String;' @44  "java.lang.invoke.MethodHandle"{0x000000060db45d40} (0xc1b68ba8)
 - private transient 'module' 'Ljava/lang/Module;' @48  a 'java/lang/Module'{0x000000060db45d88} (0xc1b68bb1)
 - private final 'classLoader' 'Ljava/lang/ClassLoader;' @52  null (0x00000000)
 - private transient 'classData' 'Ljava/lang/Object;' @56  null (0x00000000)
 - private transient 'packageName' 'Ljava/lang/String;' @60  "java.lang.invoke"{0x000000060db300b8} (0xc1b66017)
 - private final 'componentType' 'Ljava/lang/Class;' @64  null (0x00000000)
 - private volatile transient 'reflectionData' 'Ljava/lang/ref/SoftReference;' @68  null (0x00000000)
 - private volatile transient 'genericInfo' 'Lsun/reflect/generics/repository/ClassRepository;' @72  null (0x00000000)
 - private volatile transient 'enumConstants' '[Ljava/lang/Object;' @76  null (0x00000000)
 - private volatile transient 'enumConstantDirectory' 'Ljava/util/Map;' @80  null (0x00000000)
 - private volatile transient 'annotationData' 'Ljava/lang/Class$AnnotationData;' @84  null (0x00000000)
 - private volatile transient 'annotationType' 'Lsun/reflect/annotation/AnnotationType;' @88  null (0x00000000)
 - transient 'classValueMap' 'Ljava/lang/ClassValue$ClassValueMap;' @92  null (0x00000000)
 - injected 'protection_domain' 'Ljava/lang/Object;' @96  null (0x00000000)
 - injected 'signers_name' 'Ljava/lang/Object;' @100  null (0x00000000)
 - injected 'source_file' 'Ljava/lang/Object;' @104  null (0x00000000)
 - injected '<init_lock>' 'Ljava/lang/Object;' @108  null (0x00000000)
 - signature: Ljava/lang/invoke/MethodHandle;
 - ---- static fields (0):
 - private static final 'FORM_OFFSET' 'J' @112  20 (0x0000000000000014)
 - private static final 'UPDATE_OFFSET' 'J' @120  13 (0x000000000000000d)
 - static final synthetic '$assertionsDisabled' 'Z' @128  true (0x01)
stack at sp + 7 slots: 0x0000002700000005 is an unknown value

Lock stack of current Java thread (top to bottom):

--------------------------------------------------------------------------------
Decoding CodeBlob, name: nep_invoker_blob, at  [0x0000018cc2e8c460, 0x0000018cc2e8c5a8]  328 bytes
[MachCode]
  0x0000018cc2e8c460: 5548 8bec | 4883 ec60 | c5f8 7749 | 89af b003 | 0000 49ba | 68c4 e8c2 | 8c01 0000 | 4d89 97a8 
  0x0000018cc2e8c480: 0300 0049 | 89a7 a003 | 0000 41c7 | 8744 0400 | 0004 0000 | 0048 894c | 2420 488b | 5d10 4889 
  0x0000018cc2e8c4a0: 5c24 2848 | 8b5d 1848 | 895c 2430 | 488b 5d20 | 4889 5c24 | 38c5 f9d6 | 4424 4048 | 8b5d 2848 
  0x0000018cc2e8c4c0: 895c 2448 | 488b 5d30 | 4889 5c24 | 504c 8bd2 | 498b d14c | 8bce 498b | c84c 8bc7 | 41ff d2c5 
  0x0000018cc2e8c4e0: f877 41c7 | 8744 0400 | 0005 0000 | 00f0 8344 | 24c0 0049 | 3baf 4804 | 0000 0f87 | 4d00 0000 
  0x0000018cc2e8c500: 4183 bf40 | 0400 0000 | 0f85 3f00 | 0000 41c7 | 8744 0400 | 0008 0000 | 0041 83bf | c804 0000 
  0x0000018cc2e8c520: 020f 8453 | 0000 0049 | c787 a003 | 0000 0000 | 0000 49c7 | 87b0 0300 | 0000 0000 | 0049 c787 
  0x0000018cc2e8c540: a803 0000 | 0000 0000 | c5f8 77c9 | c348 8904 | 2449 8bcf | c5f8 774c | 8be4 4883 | ec20 4883 
  0x0000018cc2e8c560: e4f0 48b8 | 80ab f411 | fe7f 0000 | ffd0 498b | e44d 33e4 | 488b 0424 | eb94 4889 | 0424 c5f8 
  0x0000018cc2e8c580: 774c 8be4 | 4883 ec20 | 4883 e4f0 | 48b8 a025 | 2b12 fe7f | 0000 ffd0 | 498b e44d | 33e4 488b 
  0x0000018cc2e8c5a0: 0424 eb83 | f4f4 f4f4 
[/MachCode]
--------------------------------------------------------------------------------


Compiled method (n/a) 2233   91     n 0       jdk.internal.vm.Continuation::enterSpecial (native)
 total in heap  [0x0000018cc33e5008,0x0000018cc33e5330] = 808
 relocation     [0x0000018cc33e50e0,0x0000018cc33e5108] = 40
 main code      [0x0000018cc33e5120,0x0000018cc33e5310] = 496
 stub code      [0x0000018cc33e5310,0x0000018cc33e5330] = 32

[Constant Pool (empty)]

[MachCode]
[Entry Point]
  # {method} {0x0000018cd81bca08} 'enterSpecial' '(Ljdk/internal/vm/Continuation;ZZ)V' in 'jdk/internal/vm/Continuation'
  # parm0:    rdx:rdx   = 'jdk/internal/vm/Continuation'
  # parm1:    r8        = boolean
  # parm2:    r9        = boolean
  #           [sp+0x50]  (sp of caller)
  0x0000018cc33e5120: 5848 8b54 | 2410 448b | 4424 0844 | 8b0c 2448 | 83e4 f050 | 493b a740 | 0500 0076 | 0749 89a7 
  0x0000018cc33e5140: 4005 0000 | 5548 8bec | 4883 ec40 | 498b 8738 | 0500 0048 | 8944 2408 | 4989 a738 | 0500 0048 
  0x0000018cc33e5160: 8954 2410 | 4489 4c24 | 2048 c744 | 2418 0000 | 0000 c744 | 2424 0000 | 0000 c744 | 2438 0000 
  0x0000018cc33e5180: 0000 498b | 8740 0500 | 0048 8944 | 2428 498b | 8750 0500 | 0048 8944 | 2430 49c7 | 8740 0500 
  0x0000018cc33e51a0: 0000 0000 | 0049 c787 | 5005 0000 | 0000 0000 | 4d85 c00f | 85ad 0000 | 0066 0f1f 

  0x0000018cc33e51bc: ;   {static_call}
  0x0000018cc33e51bc: 4400 00e8 | 1ca4 90ff 

  0x0000018cc33e51c4: ;   {other}
  0x0000018cc33e51c4: 0f1f 8400 | bc01 0000 | e9a2 0000 | 000f 1f84 | 0000 0000 | 000f 1f80 | 0000 0000 
[Verified Entry Point]
  0x0000018cc33e51e0: 5548 8bec | 4883 ec40 | 498b 8738 | 0500 0048 | 8944 2408 | 4989 a738 | 0500 0048 | 8954 2410 
  0x0000018cc33e5200: 4489 4c24 | 2048 c744 | 2418 0000 | 0000 c744 | 2424 0000 | 0000 c744 | 2438 0000 | 0000 498b 
  0x0000018cc33e5220: 8740 0500 | 0048 8944 | 2428 498b | 8750 0500 | 0048 8944 | 2430 49c7 | 8740 0500 | 0000 0000 
  0x0000018cc33e5240: 0049 c787 | 5005 0000 | 0000 0000 | 4d85 c075 | 1566 0f1f 

  0x0000018cc33e5254: ;   {static_call}
  0x0000018cc33e5254: 4400 00e8 | c300 0000 

  0x0000018cc33e525c: ;   {other}
  0x0000018cc33e525c: 0f1f 8400 | 5402 0001 

  0x0000018cc33e5264: ;   {runtime_call StubRoutines (continuation stubs)}
  0x0000018cc33e5264: eb0d e855 

  0x0000018cc33e5268: ; ImmutableOopMap {}
                      ;   {other}
  0x0000018cc33e5268: 198c ff0f | 1f84 0063 | 0200 0248 | 8b5c 2428 | 4989 9f40 | 0500 0048 | 8b5c 2430 | 4989 9f50 
  0x0000018cc33e5288: 0500 0048 | 8b5c 2408 | 4989 9f38 | 0500 0048 | 83c4 405d | c348 8b5c | 2428 4989 | 9f40 0500 
  0x0000018cc33e52a8: 0048 8b5c | 2430 4989 | 9f50 0500 | 0048 8b5c | 2408 4989 | 9f38 0500 | 0048 83c4 | 405d 498b 
  0x0000018cc33e52c8: cf48 8b14 | 2450 4883 | ec20 40f6 | c40f 0f84 | 1900 0000 | 4883 ec08 

  0x0000018cc33e52e0: ;   {runtime_call}
  0x0000018cc33e52e0: 48b8 b0f1 | 2a12 fe7f | 0000 ffd0 | 4883 c408 | e90c 0000 

  0x0000018cc33e52f4: ;   {runtime_call}
  0x0000018cc33e52f4: 0048 b8b0 | f12a 12fe | 7f00 00ff | d048 83c4 | 2048 8bd8 | 585a ffe3 | f4f4 f4f4 
[Stub Code]
  0x0000018cc33e5310: ;   {no_reloc}
  0x0000018cc33e5310: 48bb 0000 | 0000 0000 

  0x0000018cc33e5318: ;   {runtime_call native nmethod}
  0x0000018cc33e5318: 0000 e9fb 

  0x0000018cc33e531c: ;   {static_stub}
  0x0000018cc33e531c: ffff ff48 | bba8 c91b | d88c 0100 

  0x0000018cc33e5328: ;   {runtime_call I2C/C2I adapters}
  0x0000018cc33e5328: 00e9 88f3 | 90ff f4f4 
[/MachCode]


---------------  P R O C E S S  ---------------

Threads class SMR info:
_java_thread_list=0x0000018d20e3c540, length=47, elements={
0x0000018d1901fd40, 0x0000018d19020d50, 0x0000018d19023200, 0x0000018d19026ff0,
0x0000018d19027b40, 0x0000018d190287c0, 0x0000018d1902ec80, 0x0000018d19037960,
0x0000018d19108b40, 0x0000018d191dbfe0, 0x0000018d191e1630, 0x0000018d19b0cb70,
0x0000018d19b0de60, 0x0000018d204acf20, 0x0000018d203ac410, 0x0000018d1e829670,
0x0000018d1e7b2a30, 0x0000018d20da0f30, 0x0000018d20da15a0, 0x0000018d1e889aa0,
0x0000018d203fe510, 0x0000018d203ff230, 0x0000018d203feba0, 0x0000018d203fde80,
0x0000018d203ff8c0, 0x0000018d204005e0, 0x0000018d1fca9f30, 0x0000018d1fd4a450,
0x0000018d1ebfd590, 0x0000018d1e301660, 0x0000018d1ea49e90, 0x0000018d1ea5dff0,
0x0000018d1ea5e6b0, 0x0000018d203fff50, 0x0000018d20400c70, 0x0000018d20401300,
0x0000018d1ebf5b20, 0x0000018d1ebf8fa0, 0x0000018d1ebf6840, 0x0000018d1ebf3a50,
0x0000018d1ebf6ed0, 0x0000018d1ebf40e0, 0x0000018d1ebf26a0, 0x0000018d1ebf7560,
0x0000018d1ebf4770, 0x0000018d1ebf9630, 0x0000018d1ebf8280
}

Java Threads: ( => current thread )
  0x0000018d1901fd40 JavaThread "Reference Handler"          daemon [_thread_blocked, id=61616, stack(0x0000002706000000,0x0000002706100000) (1024K)]
  0x0000018d19020d50 JavaThread "Finalizer"                  daemon [_thread_blocked, id=58936, stack(0x0000002706100000,0x0000002706200000) (1024K)]
  0x0000018d19023200 JavaThread "Signal Dispatcher"          daemon [_thread_blocked, id=60524, stack(0x0000002706200000,0x0000002706300000) (1024K)]
  0x0000018d19026ff0 JavaThread "Attach Listener"            daemon [_thread_blocked, id=62268, stack(0x0000002706300000,0x0000002706400000) (1024K)]
  0x0000018d19027b40 JavaThread "Service Thread"             daemon [_thread_blocked, id=22380, stack(0x0000002706400000,0x0000002706500000) (1024K)]
  0x0000018d190287c0 JavaThread "Monitor Deflation Thread"   daemon [_thread_blocked, id=57312, stack(0x0000002706500000,0x0000002706600000) (1024K)]
  0x0000018d1902ec80 JavaThread "C2 CompilerThread0"         daemon [_thread_blocked, id=49868, stack(0x0000002706600000,0x0000002706700000) (1024K)]
  0x0000018d19037960 JavaThread "C1 CompilerThread0"         daemon [_thread_in_native, id=61676, stack(0x0000002706700000,0x0000002706800000) (1024K)]
  0x0000018d19108b40 JavaThread "C1 CompilerThread1"         daemon [_thread_blocked, id=53644, stack(0x0000002706800000,0x0000002706900000) (1024K)]
  0x0000018d191dbfe0 JavaThread "Notification Thread"        daemon [_thread_blocked, id=51748, stack(0x0000002706900000,0x0000002706a00000) (1024K)]
  0x0000018d191e1630 JavaThread "Common-Cleaner"             daemon [_thread_blocked, id=61480, stack(0x0000002706a00000,0x0000002706b00000) (1024K)]
  0x0000018d19b0cb70 JavaThread "C1 CompilerThread2"         daemon [_thread_blocked, id=61284, stack(0x0000002706e00000,0x0000002706f00000) (1024K)]
  0x0000018d19b0de60 JavaThread "C1 CompilerThread3"         daemon [_thread_blocked, id=61580, stack(0x0000002706f00000,0x0000002707000000) (1024K)]
  0x0000018d204acf20 JavaThread "Cleaner-0"                  daemon [_thread_blocked, id=62480, stack(0x0000002707c00000,0x0000002707d00000) (1024K)]
  0x0000018d203ac410 JavaThread "Ms-Tick-0"                         [_thread_blocked, id=62484, stack(0x0000002707d00000,0x0000002707e00000) (1024K)]
  0x0000018d1e829670 JavaThread "Thread-0"                   daemon [_thread_blocked, id=62488, stack(0x0000002707e00000,0x0000002707f00000) (1024K)]
  0x0000018d1e7b2a30 JavaThread "ForkJoinPool-1-worker-1"    daemon [_thread_in_native, id=62492, stack(0x0000002707f00000,0x0000002708000000) (1024K)]
  0x0000018d20da0f30 JavaThread "Ms-TickScheduler"                  [_thread_in_vm, id=62496, stack(0x0000002708000000,0x0000002708100000) (1024K)]
  0x0000018d20da15a0 JavaThread "Read-Poller"                daemon [_thread_in_native, id=62500, stack(0x0000002708100000,0x0000002708200000) (1024K)]
  0x0000018d1e889aa0 JavaThread "Read-Poller"                daemon [_thread_in_native, id=62504, stack(0x0000002708200000,0x0000002708300000) (1024K)]
  0x0000018d203fe510 JavaThread "Write-Poller"               daemon [_thread_in_native, id=62508, stack(0x0000002708300000,0x0000002708400000) (1024K)]
  0x0000018d203ff230 JavaThread "DestroyJavaVM"                     [_thread_blocked, id=42208, stack(0x0000002705800000,0x0000002705900000) (1024K)]
  0x0000018d203feba0 JavaThread "Cleaner-1"                  daemon [_thread_blocked, id=62532, stack(0x0000002706b00000,0x0000002706c00000) (1024K)]
  0x0000018d203fde80 JavaThread "ForkJoinPool-1-worker-2"    daemon [_thread_in_Java, id=62536, stack(0x0000002706c00000,0x0000002706d00000) (1024K)]
  0x0000018d203ff8c0 JavaThread "ForkJoinPool-1-worker-3"    daemon [_thread_in_native, id=62540, stack(0x0000002706d00000,0x0000002706e00000) (1024K)]
  0x0000018d204005e0 JavaThread "VirtualThread-unparker"     daemon [_thread_blocked, id=62544, stack(0x0000002708400000,0x0000002708500000) (1024K)]
  0x0000018d1fca9f30 JavaThread "C2 CompilerThread1"         daemon [_thread_in_vm, id=62572, stack(0x0000002708500000,0x0000002708600000) (1024K)]
  0x0000018d1fd4a450 JavaThread "C2 CompilerThread2"         daemon [_thread_blocked, id=62576, stack(0x0000002708600000,0x0000002708700000) (1024K)]
  0x0000018d1ebfd590 JavaThread "C2 CompilerThread3"         daemon [_thread_in_native, id=62584, stack(0x0000002708700000,0x0000002708800000) (1024K)]
  0x0000018d1e301660 JavaThread "C2 CompilerThread4"         daemon [_thread_in_native, id=62588, stack(0x0000002708800000,0x0000002708900000) (1024K)]
  0x0000018d1ea49e90 JavaThread "C2 CompilerThread5"         daemon [_thread_in_native, id=62592, stack(0x0000002708900000,0x0000002708a00000) (1024K)]
  0x0000018d1ea5dff0 JavaThread "C2 CompilerThread6"         daemon [_thread_in_native, id=62596, stack(0x0000002708a00000,0x0000002708b00000) (1024K)]
  0x0000018d1ea5e6b0 JavaThread "C2 CompilerThread7"         daemon [_thread_blocked, id=62600, stack(0x0000002708b00000,0x0000002708c00000) (1024K)]
  0x0000018d203fff50 JavaThread "ForkJoinPool-1-worker-4"    daemon [_thread_in_Java, id=62604, stack(0x0000002708c00000,0x0000002708d00000) (1024K)]
  0x0000018d20400c70 JavaThread "ForkJoinPool-1-worker-5"    daemon [_thread_in_Java, id=62608, stack(0x0000002708d00000,0x0000002708e00000) (1024K)]
  0x0000018d20401300 JavaThread "ForkJoinPool-1-worker-6"    daemon [_thread_in_Java, id=62612, stack(0x0000002708e00000,0x0000002708f00000) (1024K)]
  0x0000018d1ebf5b20 JavaThread "ForkJoinPool-1-worker-7"    daemon [_thread_in_Java, id=62616, stack(0x0000002708f00000,0x0000002709000000) (1024K)]
  0x0000018d1ebf8fa0 JavaThread "ForkJoinPool-1-worker-8"    daemon [_thread_in_Java, id=62620, stack(0x0000002709000000,0x0000002709100000) (1024K)]
  0x0000018d1ebf6840 JavaThread "ForkJoinPool-1-worker-9"    daemon [_thread_in_Java, id=62624, stack(0x0000002709100000,0x0000002709200000) (1024K)]
  0x0000018d1ebf3a50 JavaThread "ForkJoinPool-1-worker-10"   daemon [_thread_in_native, id=62628, stack(0x0000002709200000,0x0000002709300000) (1024K)]
  0x0000018d1ebf6ed0 JavaThread "ForkJoinPool-1-worker-11"   daemon [_thread_in_Java, id=62632, stack(0x0000002709300000,0x0000002709400000) (1024K)]
  0x0000018d1ebf40e0 JavaThread "ForkJoinPool-1-worker-12"   daemon [_thread_in_Java, id=62636, stack(0x0000002709400000,0x0000002709500000) (1024K)]
=>0x0000018d1ebf26a0 JavaThread "ForkJoinPool-1-worker-13"   daemon [_thread_in_native, id=62640, stack(0x0000002709500000,0x0000002709600000) (1024K)]
  0x0000018d1ebf7560 JavaThread "ForkJoinPool-1-worker-14"   daemon [_thread_in_Java, id=62644, stack(0x0000002709600000,0x0000002709700000) (1024K)]
  0x0000018d1ebf4770 JavaThread "ForkJoinPool-1-worker-15"   daemon [_thread_in_Java, id=62648, stack(0x0000002709700000,0x0000002709800000) (1024K)]
  0x0000018d1ebf9630 JavaThread "ForkJoinPool-1-worker-16"   daemon [_thread_in_Java, id=62652, stack(0x0000002709800000,0x0000002709900000) (1024K)]
  0x0000018d1ebf8280 JavaThread "Cleaner-2"                  daemon [_thread_blocked, id=62656, stack(0x0000002709900000,0x0000002709a00000) (1024K)]
Total: 47

Other Threads:
  0x0000018d19007400 VMThread "VM Thread"                           [id=59296, stack(0x0000002705f00000,0x0000002706000000) (1024K)]
  0x0000018cd4f63b20 WatcherThread "VM Periodic Task Thread"        [id=42152, stack(0x0000002705e00000,0x0000002705f00000) (1024K)]
  0x0000018cb31b9640 WorkerThread "GC Thread#0"                     [id=60972, stack(0x0000002705900000,0x0000002705a00000) (1024K)]
  0x0000018d1e3dcc40 WorkerThread "GC Thread#1"                     [id=53952, stack(0x0000002707000000,0x0000002707100000) (1024K)]
  0x0000018d1e3dcff0 WorkerThread "GC Thread#2"                     [id=58308, stack(0x0000002707100000,0x0000002707200000) (1024K)]
  0x0000018d1e3dd3a0 WorkerThread "GC Thread#3"                     [id=13848, stack(0x0000002707200000,0x0000002707300000) (1024K)]
  0x0000018d1e3dd750 WorkerThread "GC Thread#4"                     [id=60136, stack(0x0000002707300000,0x0000002707400000) (1024K)]
  0x0000018d1e781c30 WorkerThread "GC Thread#5"                     [id=59720, stack(0x0000002707400000,0x0000002707500000) (1024K)]
  0x0000018d1e781fe0 WorkerThread "GC Thread#6"                     [id=57712, stack(0x0000002707500000,0x0000002707600000) (1024K)]
  0x0000018d1e1cfbd0 WorkerThread "GC Thread#7"                     [id=60864, stack(0x0000002707600000,0x0000002707700000) (1024K)]
  0x0000018d1e1cff80 WorkerThread "GC Thread#8"                     [id=59292, stack(0x0000002707700000,0x0000002707800000) (1024K)]
  0x0000018d1e1d0330 WorkerThread "GC Thread#9"                     [id=57384, stack(0x0000002707800000,0x0000002707900000) (1024K)]
  0x0000018d1e1d06e0 WorkerThread "GC Thread#10"                    [id=60176, stack(0x0000002707900000,0x0000002707a00000) (1024K)]
  0x0000018d19ba1e00 WorkerThread "GC Thread#11"                    [id=62128, stack(0x0000002707a00000,0x0000002707b00000) (1024K)]
  0x0000018d1e0b06b0 WorkerThread "GC Thread#12"                    [id=59656, stack(0x0000002707b00000,0x0000002707c00000) (1024K)]
  0x0000018cd4d73ee0 ConcurrentGCThread "G1 Main Marker"            [id=57224, stack(0x0000002705a00000,0x0000002705b00000) (1024K)]
  0x0000018cd4d749f0 WorkerThread "G1 Conc#0"                       [id=27080, stack(0x0000002705b00000,0x0000002705c00000) (1024K)]
  0x0000018d1e7af6c0 WorkerThread "G1 Conc#1"                       [id=62660, stack(0x0000002709a00000,0x0000002709b00000) (1024K)]
  0x0000018d1e7afa70 WorkerThread "G1 Conc#2"                       [id=62664, stack(0x0000002709b00000,0x0000002709c00000) (1024K)]
  0x0000018cd4e316f0 ConcurrentGCThread "G1 Refine#0"               [id=58408, stack(0x0000002705c00000,0x0000002705d00000) (1024K)]
  0x0000018cd4e32270 ConcurrentGCThread "G1 Service"                [id=57588, stack(0x0000002705d00000,0x0000002705e00000) (1024K)]
Total: 21

Threads with active compile tasks:
C2 CompilerThread3  2239 3737       4       me.pixlent.SandwichGenerator::generate (213 bytes)
C2 CompilerThread4  2239 3777       4       jdk.internal.org.objectweb.asm.ClassReader::readUnsignedShort (26 bytes)
C2 CompilerThread5  2239 3709       4       me.pixlent.noise.FastNoiseFunction::batch (137 bytes)
Total: 3

VM state: not at safepoint (normal execution)

VM Mutex/Monitor currently owned by a thread: None

Heap address: 0x000000060d800000, size: 7976 MB, Compressed Oops mode: Zero based, Oop shift amount: 3

CDS archive(s) mapped at: [0x0000018cd8000000-0x0000018cd8d70000-0x0000018cd8d70000), size 14090240, SharedBaseAddress: 0x0000018cd8000000, ArchiveRelocationMode: 1.
Compressed class space mapped at: 0x0000018cd9000000-0x0000018d19000000, reserved size: 1073741824
Narrow klass base: 0x0000018cd8000000, Narrow klass shift: 0, Narrow klass range: 0x41000000

GC Precious Log:
 CardTable entry size: 512
 Card Set container configuration: InlinePtr #cards 4 size 8 Array Of Cards #cards 32 size 80 Howl #buckets 8 coarsen threshold 7372 Howl Bitmap #cards 1024 size 144 coarsen threshold 921 Card regions per heap region 1 cards per card region 8192
 CPUs: 16 total, 16 available
 Memory: 31900M
 Large Page Support: Disabled
 NUMA Support: Disabled
 Compressed Oops: Enabled (Zero based)
 Heap Region Size: 4M
 Heap Min Capacity: 8M
 Heap Initial Capacity: 500M
 Heap Max Capacity: 7976M
 Pre-touch: Disabled
 Parallel Workers: 13
 Concurrent Workers: 3
 Concurrent Refinement Workers: 13
 Periodic GC: Disabled

Heap:
 garbage-first heap   total reserved 8167424K, committed 245760K, used 223843K [0x000000060d800000, 0x0000000800000000)
  region size 4096K, 40 young (163840K), 1 survivors (4096K)
 Metaspace       used 20449K, committed 21632K, reserved 1114112K
  class space    used 3362K, committed 3840K, reserved 1048576K

Heap Regions: E=young(eden), S=young(survivor), O=old, HS=humongous(starts), HC=humongous(continues), CS=collection set, F=free, TAMS=top-at-mark-start, PB=parsable bottom
|   0|0x000000060d800000, 0x000000060dc00000, 0x000000060dc00000|100%| O|  |TAMS 0x000000060d800000| PB 0x000000060d800000| Untracked |  0
|   1|0x000000060dc00000, 0x000000060e000000, 0x000000060e000000|100%| O|  |TAMS 0x000000060dc00000| PB 0x000000060dc00000| Untracked |  0
|   2|0x000000060e000000, 0x000000060e400000, 0x000000060e400000|100%| O|  |TAMS 0x000000060e000000| PB 0x000000060e000000| Untracked |  0
|   3|0x000000060e400000, 0x000000060e800000, 0x000000060e800000|100%| O|  |TAMS 0x000000060e400000| PB 0x000000060e400000| Untracked |  0
|   4|0x000000060e800000, 0x000000060ec00000, 0x000000060ec00000|100%| O|  |TAMS 0x000000060e800000| PB 0x000000060e800000| Untracked |  0
|   5|0x000000060ec00000, 0x000000060f000000, 0x000000060f000000|100%| O|  |TAMS 0x000000060ec00000| PB 0x000000060ec00000| Untracked |  0
|   6|0x000000060f000000, 0x000000060f400000, 0x000000060f400000|100%| O|  |TAMS 0x000000060f000000| PB 0x000000060f000000| Untracked |  0
|   7|0x000000060f400000, 0x000000060f800000, 0x000000060f800000|100%| O|  |TAMS 0x000000060f400000| PB 0x000000060f400000| Untracked |  0
|   8|0x000000060f800000, 0x000000060fc00000, 0x000000060fc00000|100%| O|  |TAMS 0x000000060f800000| PB 0x000000060f800000| Untracked |  0
|   9|0x000000060fc00000, 0x0000000610000000, 0x0000000610000000|100%| O|Cm|TAMS 0x000000060fc00000| PB 0x000000060fc00000| Complete |  0
|  10|0x0000000610000000, 0x0000000610400000, 0x0000000610400000|100%| O|  |TAMS 0x0000000610000000| PB 0x0000000610000000| Untracked |  0
|  11|0x0000000610400000, 0x0000000610800000, 0x0000000610800000|100%| O|  |TAMS 0x0000000610400000| PB 0x0000000610400000| Untracked |  0
|  12|0x0000000610800000, 0x0000000610c00000, 0x0000000610c00000|100%| O|  |TAMS 0x0000000610800000| PB 0x0000000610800000| Untracked |  0
|  13|0x0000000610c00000, 0x0000000611000000, 0x0000000611000000|100%| O|  |TAMS 0x0000000610c00000| PB 0x0000000610c00000| Untracked |  0
|  14|0x0000000611000000, 0x0000000611400000, 0x0000000611400000|100%| O|  |TAMS 0x0000000611000000| PB 0x0000000611000000| Untracked |  0
|  15|0x0000000611400000, 0x0000000611800000, 0x0000000611800000|100%| O|  |TAMS 0x0000000611400000| PB 0x0000000611400000| Untracked |  0
|  16|0x0000000611800000, 0x000000061190dc40, 0x0000000611c00000| 26%| O|  |TAMS 0x0000000611800000| PB 0x0000000611800000| Untracked |  0
|  17|0x0000000611c00000, 0x0000000611c00000, 0x0000000612000000|  0%| F|  |TAMS 0x0000000611c00000| PB 0x0000000611c00000| Untracked |  0
|  18|0x0000000612000000, 0x0000000612000000, 0x0000000612400000|  0%| F|  |TAMS 0x0000000612000000| PB 0x0000000612000000| Untracked |  0
|  19|0x0000000612400000, 0x0000000612789288, 0x0000000612800000| 95%| E|CS|TAMS 0x0000000612400000| PB 0x0000000612400000| Complete |  0
|  20|0x0000000612800000, 0x0000000612c00000, 0x0000000612c00000|100%| E|CS|TAMS 0x0000000612800000| PB 0x0000000612800000| Complete |  0
|  21|0x0000000612c00000, 0x0000000613000000, 0x0000000613000000|100%| E|CS|TAMS 0x0000000612c00000| PB 0x0000000612c00000| Complete |  0
|  22|0x0000000613000000, 0x0000000613400000, 0x0000000613400000|100%| E|CS|TAMS 0x0000000613000000| PB 0x0000000613000000| Complete |  0
|  23|0x0000000613400000, 0x0000000613800000, 0x0000000613800000|100%| E|CS|TAMS 0x0000000613400000| PB 0x0000000613400000| Complete |  0
|  24|0x0000000613800000, 0x0000000613c00000, 0x0000000613c00000|100%| E|CS|TAMS 0x0000000613800000| PB 0x0000000613800000| Complete |  0
|  25|0x0000000613c00000, 0x0000000614000000, 0x0000000614000000|100%| E|CS|TAMS 0x0000000613c00000| PB 0x0000000613c00000| Complete |  0
|  26|0x0000000614000000, 0x0000000614400000, 0x0000000614400000|100%| E|CS|TAMS 0x0000000614000000| PB 0x0000000614000000| Complete |  0
|  27|0x0000000614400000, 0x0000000614800000, 0x0000000614800000|100%| E|CS|TAMS 0x0000000614400000| PB 0x0000000614400000| Complete |  0
|  28|0x0000000614800000, 0x0000000614c00000, 0x0000000614c00000|100%| E|CS|TAMS 0x0000000614800000| PB 0x0000000614800000| Complete |  0
|  29|0x0000000614c00000, 0x0000000615000000, 0x0000000615000000|100%| E|CS|TAMS 0x0000000614c00000| PB 0x0000000614c00000| Complete |  0
|  30|0x0000000615000000, 0x0000000615400000, 0x0000000615400000|100%| E|CS|TAMS 0x0000000615000000| PB 0x0000000615000000| Complete |  0
|  31|0x0000000615400000, 0x0000000615800000, 0x0000000615800000|100%| E|CS|TAMS 0x0000000615400000| PB 0x0000000615400000| Complete |  0
|  32|0x0000000615800000, 0x0000000615c00000, 0x0000000615c00000|100%| E|CS|TAMS 0x0000000615800000| PB 0x0000000615800000| Complete |  0
|  33|0x0000000615c00000, 0x0000000616000000, 0x0000000616000000|100%| E|CS|TAMS 0x0000000615c00000| PB 0x0000000615c00000| Complete |  0
|  34|0x0000000616000000, 0x0000000616400000, 0x0000000616400000|100%| E|CS|TAMS 0x0000000616000000| PB 0x0000000616000000| Complete |  0
|  35|0x0000000616400000, 0x0000000616800000, 0x0000000616800000|100%| E|CS|TAMS 0x0000000616400000| PB 0x0000000616400000| Complete |  0
|  36|0x0000000616800000, 0x0000000616c00000, 0x0000000616c00000|100%| E|CS|TAMS 0x0000000616800000| PB 0x0000000616800000| Complete |  0
|  37|0x0000000616c00000, 0x0000000617000000, 0x0000000617000000|100%| E|CS|TAMS 0x0000000616c00000| PB 0x0000000616c00000| Complete |  0
|  38|0x0000000617000000, 0x0000000617400000, 0x0000000617400000|100%| E|CS|TAMS 0x0000000617000000| PB 0x0000000617000000| Complete |  0
|  39|0x0000000617400000, 0x0000000617800000, 0x0000000617800000|100%| E|CS|TAMS 0x0000000617400000| PB 0x0000000617400000| Complete |  0
|  40|0x0000000617800000, 0x0000000617c00000, 0x0000000617c00000|100%| E|CS|TAMS 0x0000000617800000| PB 0x0000000617800000| Complete |  0
|  41|0x0000000617c00000, 0x0000000618000000, 0x0000000618000000|100%| E|CS|TAMS 0x0000000617c00000| PB 0x0000000617c00000| Complete |  0
|  42|0x0000000618000000, 0x0000000618400000, 0x0000000618400000|100%| E|CS|TAMS 0x0000000618000000| PB 0x0000000618000000| Complete |  0
|  43|0x0000000618400000, 0x0000000618800000, 0x0000000618800000|100%| E|CS|TAMS 0x0000000618400000| PB 0x0000000618400000| Complete |  0
|  44|0x0000000618800000, 0x0000000618c00000, 0x0000000618c00000|100%| E|CS|TAMS 0x0000000618800000| PB 0x0000000618800000| Complete |  0
|  45|0x0000000618c00000, 0x0000000619000000, 0x0000000619000000|100%| E|CS|TAMS 0x0000000618c00000| PB 0x0000000618c00000| Complete |  0
|  46|0x0000000619000000, 0x0000000619400000, 0x0000000619400000|100%| E|CS|TAMS 0x0000000619000000| PB 0x0000000619000000| Complete |  0
|  47|0x0000000619400000, 0x0000000619800000, 0x0000000619800000|100%| E|CS|TAMS 0x0000000619400000| PB 0x0000000619400000| Complete |  0
|  48|0x0000000619800000, 0x0000000619c00000, 0x0000000619c00000|100%| E|CS|TAMS 0x0000000619800000| PB 0x0000000619800000| Complete |  0
|  49|0x0000000619c00000, 0x000000061a000000, 0x000000061a000000|100%| E|CS|TAMS 0x0000000619c00000| PB 0x0000000619c00000| Complete |  0
|  50|0x000000061a000000, 0x000000061a400000, 0x000000061a400000|100%| E|CS|TAMS 0x000000061a000000| PB 0x000000061a000000| Complete |  0
|  51|0x000000061a400000, 0x000000061a800000, 0x000000061a800000|100%| E|CS|TAMS 0x000000061a400000| PB 0x000000061a400000| Complete |  0
| 114|0x000000062a000000, 0x000000062a18b368, 0x000000062a400000| 38%| S|CS|TAMS 0x000000062a000000| PB 0x000000062a000000| Complete |  0
| 147|0x0000000632400000, 0x0000000632800000, 0x0000000632800000|100%| E|CS|TAMS 0x0000000632400000| PB 0x0000000632400000| Complete |  0
| 148|0x0000000632800000, 0x0000000632c00000, 0x0000000632c00000|100%| E|CS|TAMS 0x0000000632800000| PB 0x0000000632800000| Complete |  0
| 149|0x0000000632c00000, 0x0000000633000000, 0x0000000633000000|100%| E|CS|TAMS 0x0000000632c00000| PB 0x0000000632c00000| Complete |  0
| 150|0x0000000633000000, 0x0000000633400000, 0x0000000633400000|100%| E|CS|TAMS 0x0000000633000000| PB 0x0000000633000000| Complete |  0
| 151|0x0000000633400000, 0x0000000633800000, 0x0000000633800000|100%| E|CS|TAMS 0x0000000633400000| PB 0x0000000633400000| Complete |  0
| 152|0x0000000633800000, 0x0000000633c00000, 0x0000000633c00000|100%| E|CS|TAMS 0x0000000633800000| PB 0x0000000633800000| Complete |  0
| 153|0x0000000633c00000, 0x0000000634000000, 0x0000000634000000|100%| E|CS|TAMS 0x0000000633c00000| PB 0x0000000633c00000| Complete |  0

Card table byte_map: [0x0000018ccc070000,0x0000018ccd010000] _byte_map_base: 0x0000018cc9004000

Marking Bits: (CMBitMap*) 0x0000018cb31b9d50
 Bits: [0x0000018ccd010000, 0x0000018cd4cb0000)

Polling page: 0x0000018cb28d0000

Metaspace:

Usage:
  Non-class:     16.69 MB used.
      Class:      3.28 MB used.
       Both:     19.97 MB used.

Virtual space:
  Non-class space:       64.00 MB reserved,      17.38 MB ( 27%) committed,  1 nodes.
      Class space:        1.00 GB reserved,       3.75 MB ( <1%) committed,  1 nodes.
             Both:        1.06 GB reserved,      21.12 MB (  2%) committed. 

Chunk freelists:
   Non-Class:  13.77 MB
       Class:  12.09 MB
        Both:  25.86 MB

MaxMetaspaceSize: unlimited
CompressedClassSpaceSize: 1.00 GB
Initial GC threshold: 21.00 MB
Current GC threshold: 35.25 MB
CDS: on
 - commit_granule_bytes: 65536.
 - commit_granule_words: 8192.
 - virtual_space_node_default_size: 8388608.
 - enlarge_chunks_in_place: 1.
 - use_allocation_guard: 0.


Internal statistics:

num_allocs_failed_limit: 3.
num_arena_births: 1774.
num_arena_deaths: 0.
num_vsnodes_births: 2.
num_vsnodes_deaths: 0.
num_space_committed: 337.
num_space_uncommitted: 0.
num_chunks_returned_to_freelist: 3.
num_chunks_taken_from_freelist: 2947.
num_chunk_merges: 3.
num_chunk_splits: 1701.
num_chunks_enlarged: 751.
num_inconsistent_stats: 0.

CodeHeap 'non-profiled nmethods': size=119232Kb used=1989Kb max_used=1989Kb free=117242Kb
 bounds [0x0000018cc33e0000, 0x0000018cc3650000, 0x0000018cca850000]
CodeHeap 'profiled nmethods': size=119104Kb used=4982Kb max_used=4982Kb free=114121Kb
 bounds [0x0000018cbb850000, 0x0000018cbbd30000, 0x0000018cc2ca0000]
CodeHeap 'non-nmethods': size=7424Kb used=3682Kb max_used=3744Kb free=3741Kb
 bounds [0x0000018cc2ca0000, 0x0000018cc3050000, 0x0000018cc33e0000]
CodeCache: size=245760Kb, used=10653Kb, max_used=10715Kb, free=235104Kb
 total_blobs=4612, nmethods=3774, adapters=718, full_count=0
Compilation: enabled, stopped_count=0, restarted_count=0

Compilation events (20 events):
Event: 2.095 Thread 0x0000018d19108b40 3548       3       java.lang.Error::<init> (20 bytes)
Event: 2.095 Thread 0x0000018d19b0cb70 nmethod 3544 0x0000018cbbcfbf08 code [0x0000018cbbcfc040, 0x0000018cbbcfc490]
Event: 2.095 Thread 0x0000018d19108b40 nmethod 3548 0x0000018cbbcfc508 code [0x0000018cbbcfc640, 0x0000018cbbcfc828]
Event: 2.095 Thread 0x0000018d19b0cb70 3539   !   3       java.lang.String::replace (258 bytes)
Event: 2.095 Thread 0x0000018d19b0de60 nmethod 3541 0x0000018cbbcfc888 code [0x0000018cbbcfca00, 0x0000018cbbcfcf28]
Event: 2.095 Thread 0x0000018d19108b40 3540       3       java.lang.String::toLowerCase (8 bytes)
Event: 2.095 Thread 0x0000018d19b0de60 3542       3       java.util.Locale::getDefault (4 bytes)
Event: 2.096 Thread 0x0000018d19108b40 nmethod 3540 0x0000018cbbcfcf88 code [0x0000018cbbcfd0e0, 0x0000018cbbcfd468]
Event: 2.096 Thread 0x0000018d19b0de60 nmethod 3542 0x0000018cbbcfd508 code [0x0000018cbbcfd620, 0x0000018cbbcfd720]
Event: 2.097 Thread 0x0000018d1ea5e6b0 nmethod 3519 0x0000018cc358a708 code [0x0000018cc358a840, 0x0000018cc358ac68]
Event: 2.097 Thread 0x0000018d19b0cb70 nmethod 3539 0x0000018cbbcfd808 code [0x0000018cbbcfdc40, 0x0000018cbbcffec8]
Event: 2.097 Thread 0x0000018d1ea5e6b0 3532       4       jdk.internal.org.objectweb.asm.Frame::execute (2305 bytes)
Event: 2.099 Thread 0x0000018d19037960 3553       3       java.lang.invoke.LambdaForm$Name::<init> (65 bytes)
Event: 2.099 Thread 0x0000018d19108b40 3555       3       java.lang.invoke.Invokers::getFunction (53 bytes)
Event: 2.099 Thread 0x0000018d19b0de60 3557       3       java.lang.invoke.DirectMethodHandle::make (21 bytes)
Event: 2.100 Thread 0x0000018d19037960 nmethod 3553 0x0000018cbbcfff88 code [0x0000018cbbd000c0, 0x0000018cbbd002c8]
Event: 2.100 Thread 0x0000018d19108b40 nmethod 3555 0x0000018cbbd00308 code [0x0000018cbbd00440, 0x0000018cbbd00770]
Event: 2.100 Thread 0x0000018d19b0cb70 3558       3       java.lang.invoke.InvokerBytecodeGenerator::isStaticallyInvocableType (50 bytes)
Event: 2.100 Thread 0x0000018d19b0de60 nmethod 3557 0x0000018cbbd00788 code [0x0000018cbbd008c0, 0x0000018cbbd00aa0]
Event: 2.100 Thread 0x0000018d1ea49e90 nmethod 3518 0x0000018cc358b908 code [0x0000018cc358ba40, 0x0000018cc358bea0]

GC Heap History (12 events):
Event: 0.335 GC heap before
{Heap before GC invocations=0 (full 0):
 garbage-first heap   total reserved 8167424K, committed 512000K, used 20480K [0x000000060d800000, 0x0000000800000000)
  region size 4096K, 6 young (24576K), 0 survivors (0K)
 Metaspace       used 5058K, committed 5184K, reserved 1114112K
  class space    used 594K, committed 640K, reserved 1048576K
}
Event: 0.337 GC heap after
{Heap after GC invocations=1 (full 0):
 garbage-first heap   total reserved 8167424K, committed 512000K, used 7140K [0x000000060d800000, 0x0000000800000000)
  region size 4096K, 1 young (4096K), 1 survivors (4096K)
 Metaspace       used 5058K, committed 5184K, reserved 1114112K
  class space    used 594K, committed 640K, reserved 1048576K
}
Event: 0.608 GC heap before
{Heap before GC invocations=1 (full 0):
 garbage-first heap   total reserved 8167424K, committed 512000K, used 27620K [0x000000060d800000, 0x0000000800000000)
  region size 4096K, 6 young (24576K), 1 survivors (4096K)
 Metaspace       used 8908K, committed 9152K, reserved 1114112K
  class space    used 1262K, committed 1408K, reserved 1048576K
}
Event: 0.610 GC heap after
{Heap after GC invocations=2 (full 0):
 garbage-first heap   total reserved 8167424K, committed 512000K, used 9451K [0x000000060d800000, 0x0000000800000000)
  region size 4096K, 1 young (4096K), 1 survivors (4096K)
 Metaspace       used 8908K, committed 9152K, reserved 1114112K
  class space    used 1262K, committed 1408K, reserved 1048576K
}
Event: 1.611 GC heap before
{Heap before GC invocations=2 (full 0):
 garbage-first heap   total reserved 8167424K, committed 512000K, used 62699K [0x000000060d800000, 0x0000000800000000)
  region size 4096K, 15 young (61440K), 1 survivors (4096K)
 Metaspace       used 16212K, committed 16576K, reserved 1114112K
  class space    used 2625K, committed 2816K, reserved 1048576K
}
Event: 1.616 GC heap after
{Heap after GC invocations=3 (full 0):
 garbage-first heap   total reserved 8167424K, committed 512000K, used 34827K [0x000000060d800000, 0x0000000800000000)
  region size 4096K, 2 young (8192K), 2 survivors (8192K)
 Metaspace       used 16212K, committed 16576K, reserved 1114112K
  class space    used 2625K, committed 2816K, reserved 1048576K
}
Event: 1.683 GC heap before
{Heap before GC invocations=3 (full 0):
 garbage-first heap   total reserved 8167424K, committed 512000K, used 79883K [0x000000060d800000, 0x0000000800000000)
  region size 4096K, 13 young (53248K), 2 survivors (8192K)
 Metaspace       used 16684K, committed 17088K, reserved 1114112K
  class space    used 2671K, committed 2880K, reserved 1048576K
}
Event: 1.686 GC heap after
{Heap after GC invocations=4 (full 0):
 garbage-first heap   total reserved 8167424K, committed 512000K, used 47668K [0x000000060d800000, 0x0000000800000000)
  region size 4096K, 2 young (8192K), 2 survivors (8192K)
 Metaspace       used 16684K, committed 17088K, reserved 1114112K
  class space    used 2671K, committed 2880K, reserved 1048576K
}
Event: 1.731 GC heap before
{Heap before GC invocations=4 (full 0):
 garbage-first heap   total reserved 8167424K, committed 512000K, used 113204K [0x000000060d800000, 0x0000000800000000)
  region size 4096K, 18 young (73728K), 2 survivors (8192K)
 Metaspace       used 16693K, committed 17088K, reserved 1114112K
  class space    used 2671K, committed 2880K, reserved 1048576K
}
Event: 1.733 GC heap after
{Heap after GC invocations=5 (full 0):
 garbage-first heap   total reserved 8167424K, committed 512000K, used 50578K [0x000000060d800000, 0x0000000800000000)
  region size 4096K, 1 young (4096K), 1 survivors (4096K)
 Metaspace       used 16693K, committed 17088K, reserved 1114112K
  class space    used 2671K, committed 2880K, reserved 1048576K
}
Event: 1.812 GC heap before
{Heap before GC invocations=5 (full 0):
 garbage-first heap   total reserved 8167424K, committed 512000K, used 169362K [0x000000060d800000, 0x0000000800000000)
  region size 4096K, 30 young (122880K), 1 survivors (4096K)
 Metaspace       used 16694K, committed 17088K, reserved 1114112K
  class space    used 2672K, committed 2880K, reserved 1048576K
}
Event: 1.813 GC heap after
{Heap after GC invocations=6 (full 0):
 garbage-first heap   total reserved 8167424K, committed 512000K, used 51799K [0x000000060d800000, 0x0000000800000000)
  region size 4096K, 1 young (4096K), 1 survivors (4096K)
 Metaspace       used 16694K, committed 17088K, reserved 1114112K
  class space    used 2672K, committed 2880K, reserved 1048576K
}

Dll operation events (10 events):
Event: 0.005 Loaded shared library C:\Program Files\Java\jdk-23\bin\java.dll
Event: 0.020 Loaded shared library C:\Program Files\Java\jdk-23\bin\jsvml.dll
Event: 0.040 Loaded shared library C:\Program Files\Java\jdk-23\bin\net.dll
Event: 0.041 Loaded shared library C:\Program Files\Java\jdk-23\bin\nio.dll
Event: 0.045 Loaded shared library C:\Program Files\Java\jdk-23\bin\zip.dll
Event: 0.074 Loaded shared library C:\Program Files\Java\jdk-23\bin\jimage.dll
Event: 0.736 Loaded shared library C:\Program Files\Java\jdk-23\bin\management.dll
Event: 0.739 Loaded shared library C:\Program Files\Java\jdk-23\bin\management_ext.dll
Event: 0.826 Loaded shared library C:\Program Files\Java\jdk-23\bin\extnet.dll
Event: 1.995 Loaded shared library C:\Users\2behe\AppData\Local\Temp\native-18067908025743950183.dll

Deoptimization events (20 events):
Event: 2.006 Thread 0x0000018d1e7b2a30 Uncommon trap: trap_request=0xffffff45 fr.pc=0x0000018cc352fd7c relative=0x000000000000007c
Event: 2.006 Thread 0x0000018d1e7b2a30 Uncommon trap: reason=unstable_if action=reinterpret pc=0x0000018cc352fd7c method=java.lang.invoke.LambdaForm$BasicType.basicType(C)Ljava/lang/invoke/LambdaForm$BasicType; @ 1 c2
Event: 2.006 Thread 0x0000018d1e7b2a30 DEOPT PACKING pc=0x0000018cc352fd7c sp=0x0000002707ffbd90
Event: 2.006 Thread 0x0000018d1e7b2a30 DEOPT UNPACKING pc=0x0000018cc2cf7982 sp=0x0000002707ffbd28 mode 2
Event: 2.012 Thread 0x0000018d1e7b2a30 Uncommon trap: trap_request=0xffffff45 fr.pc=0x0000018cc3529418 relative=0x0000000000000098
Event: 2.012 Thread 0x0000018d1e7b2a30 Uncommon trap: reason=unstable_if action=reinterpret pc=0x0000018cc3529418 method=java.util.Optional.ofNullable(Ljava/lang/Object;)Ljava/util/Optional; @ 1 c2
Event: 2.012 Thread 0x0000018d1e7b2a30 DEOPT PACKING pc=0x0000018cc3529418 sp=0x0000002707ffd2d0
Event: 2.012 Thread 0x0000018d1e7b2a30 DEOPT UNPACKING pc=0x0000018cc2cf7982 sp=0x0000002707ffd270 mode 2
Event: 2.042 Thread 0x0000018d1e7b2a30 Uncommon trap: trap_request=0xffffff45 fr.pc=0x0000018cc35691d0 relative=0x00000000000009f0
Event: 2.042 Thread 0x0000018d1e7b2a30 Uncommon trap: reason=unstable_if action=reinterpret pc=0x0000018cc35691d0 method=jdk.internal.org.objectweb.asm.Frame.execute(IILjdk/internal/org/objectweb/asm/Symbol;Ljdk/internal/org/objectweb/asm/SymbolTable;)V @ 1 c2
Event: 2.042 Thread 0x0000018d1e7b2a30 DEOPT PACKING pc=0x0000018cc35691d0 sp=0x0000002707ffd4e0
Event: 2.042 Thread 0x0000018d1e7b2a30 DEOPT UNPACKING pc=0x0000018cc2cf7982 sp=0x0000002707ffd468 mode 2
Event: 2.080 Thread 0x0000018d1e7b2a30 Uncommon trap: trap_request=0xffffff54 fr.pc=0x0000018cc3423ee8 relative=0x0000000000000068
Event: 2.080 Thread 0x0000018d1e7b2a30 Uncommon trap: reason=speculate_null_assert action=make_not_entrant pc=0x0000018cc3423ee8 method=jdk.internal.misc.ScopedMemoryAccess.getByteInternal(Ljdk/internal/foreign/MemorySessionImpl;Ljava/lang/Object;J)B @ 1 c2
Event: 2.080 Thread 0x0000018d1e7b2a30 DEOPT PACKING pc=0x0000018cc3423ee8 sp=0x0000002707ffd960
Event: 2.080 Thread 0x0000018d1e7b2a30 DEOPT UNPACKING pc=0x0000018cc2cf7982 sp=0x0000002707ffd878 mode 2
Event: 2.080 Thread 0x0000018d1e7b2a30 Uncommon trap: trap_request=0xffffff45 fr.pc=0x0000018cc35716e0 relative=0x00000000000000c0
Event: 2.080 Thread 0x0000018d1e7b2a30 Uncommon trap: reason=unstable_if action=reinterpret pc=0x0000018cc35716e0 method=jdk.internal.classfile.impl.EntryMap.firstToken(I)I @ 38 c2
Event: 2.081 Thread 0x0000018d1e7b2a30 DEOPT PACKING pc=0x0000018cc35716e0 sp=0x0000002707ffc0f0
Event: 2.081 Thread 0x0000018d1e7b2a30 DEOPT UNPACKING pc=0x0000018cc2cf7982 sp=0x0000002707ffc078 mode 2

Classes loaded (20 events):
Event: 2.077 Loading class java/util/stream/Streams$ConcatSpliterator$OfPrimitive done
Event: 2.077 Loading class java/util/stream/Streams$ConcatSpliterator$OfInt done
Event: 2.077 Loading class java/util/stream/Nodes$IntFixedNodeBuilder
Event: 2.077 Loading class java/util/stream/Nodes$IntArrayNode
Event: 2.077 Loading class java/util/stream/Nodes$IntArrayNode done
Event: 2.077 Loading class java/util/stream/Nodes$IntFixedNodeBuilder done
Event: 2.079 Loading class java/lang/invoke/VarHandles$1
Event: 2.079 Loading class java/lang/invoke/VarHandles$1 done
Event: 2.079 Loading class java/lang/invoke/VarHandleSegmentAsBytes
Event: 2.079 Loading class java/lang/invoke/VarHandleSegmentAsBytes done
Event: 2.080 Loading class jdk/internal/foreign/Utils$BaseAndScale
Event: 2.080 Loading class jdk/internal/foreign/Utils$BaseAndScale done
Event: 2.096 Loading class jdk/internal/foreign/ConfinedSession
Event: 2.096 Loading class jdk/internal/foreign/ConfinedSession done
Event: 2.096 Loading class jdk/internal/foreign/ConfinedSession$ConfinedResourceList
Event: 2.096 Loading class jdk/internal/foreign/MemorySessionImpl$ResourceList
Event: 2.097 Loading class jdk/internal/foreign/MemorySessionImpl$ResourceList done
Event: 2.097 Loading class jdk/internal/foreign/ConfinedSession$ConfinedResourceList done
Event: 2.097 Loading class jdk/internal/foreign/SegmentFactories$1
Event: 2.097 Loading class jdk/internal/foreign/SegmentFactories$1 done

Classes unloaded (0 events):
No events

Classes redefined (0 events):
No events

Internal exceptions (20 events):
Event: 2.098 Thread 0x0000018d20401300 Exception <a 'java/lang/NoSuchMethodError'{0x0000000624a226c0}: 'int java.lang.invoke.DirectMethodHandle$Holder.invokeSpecial(java.lang.Object, java.lang.Object, java.lang.Object, java.lang.Object, int, int, int, int, int, int, float, int, java.lang.Object)'> (0x0000000624a226c0) 
thrown [s\open\src\hotspot\share\interpreter\linkResolver.cpp, line 796]
Event: 2.099 Thread 0x0000018d1ebf4770 Exception <a 'java/lang/NoSuchMethodError'{0x0000000624605948}: 'int java.lang.invoke.Invokers$Holder.invokeExact_MT(java.lang.Object, java.lang.Object, java.lang.Object, int, int, int, int, int, int, float, int, java.lang.Object, java.lang.Object)'> (0x0000000624605948) 
thrown [s\open\src\hotspot\share\interpreter\linkResolver.cpp, line 796]
Event: 2.099 Thread 0x0000018d20401300 Exception <a 'java/lang/NoSuchMethodError'{0x0000000624a25c48}: 'int java.lang.invoke.Invokers$Holder.invokeExact_MT(java.lang.Object, java.lang.Object, java.lang.Object, int, int, int, int, int, int, float, int, java.lang.Object, java.lang.Object)'> (0x0000000624a25c48) 
thrown [s\open\src\hotspot\share\interpreter\linkResolver.cpp, line 796]
Event: 2.099 Thread 0x0000018d1ebf9630 Exception <a 'java/lang/NoSuchMethodError'{0x0000000624678358}: 'int java.lang.invoke.Invokers$Holder.invokeExact_MT(java.lang.Object, java.lang.Object, java.lang.Object, int, int, int, int, int, int, float, int, java.lang.Object, java.lang.Object)'> (0x0000000624678358) 
thrown [s\open\src\hotspot\share\interpreter\linkResolver.cpp, line 796]
Event: 2.099 Thread 0x0000018d20400c70 Exception <a 'java/lang/NoSuchMethodError'{0x00000006249b5ed0}: 'int java.lang.invoke.DirectMethodHandle$Holder.invokeSpecial(java.lang.Object, java.lang.Object, long, long, long, int, int, int, int, int, int, float, int, long)'> (0x00000006249b5ed0) 
thrown [s\open\src\hotspot\share\interpreter\linkResolver.cpp, line 796]
Event: 2.100 Thread 0x0000018d1ebf9630 Exception <a 'java/lang/NoSuchMethodError'{0x000000062467c130}: 'int java.lang.invoke.DirectMethodHandle$Holder.invokeSpecial(java.lang.Object, java.lang.Object, long, long, long, int, int, int, int, int, int, float, int, long)'> (0x000000062467c130) 
thrown [s\open\src\hotspot\share\interpreter\linkResolver.cpp, line 796]
Event: 2.100 Thread 0x0000018d1ebf3a50 Exception <a 'java/lang/NoSuchMethodError'{0x0000000624bf40d0}: 'int java.lang.invoke.Invokers$Holder.invokeExact_MT(java.lang.Object, long, long, long, int, int, int, int, int, int, float, int, long, java.lang.Object)'> (0x0000000624bf40d0) 
thrown [s\open\src\hotspot\share\interpreter\linkResolver.cpp, line 796]
Event: 2.100 Thread 0x0000018d1ebf6840 Exception <a 'java/lang/NoSuchMethodError'{0x0000000624b8acc0}: 'int java.lang.invoke.Invokers$Holder.invokeExact_MT(java.lang.Object, long, long, long, int, int, int, int, int, int, float, int, long, java.lang.Object)'> (0x0000000624b8acc0) 
thrown [s\open\src\hotspot\share\interpreter\linkResolver.cpp, line 796]
Event: 2.100 Thread 0x0000018d1ebf40e0 Exception <a 'java/lang/NoSuchMethodError'{0x00000006244c1b30}: 'int java.lang.invoke.Invokers$Holder.invokeExact_MT(java.lang.Object, long, long, long, int, int, int, int, int, int, float, int, long, java.lang.Object)'> (0x00000006244c1b30) 
thrown [s\open\src\hotspot\share\interpreter\linkResolver.cpp, line 796]
Event: 2.100 Thread 0x0000018d1ebf6ed0 Exception <a 'java/lang/NoSuchMethodError'{0x0000000624446b08}: 'int java.lang.invoke.Invokers$Holder.invokeExact_MT(java.lang.Object, long, long, long, int, int, int, int, int, int, float, int, long, java.lang.Object)'> (0x0000000624446b08) 
thrown [s\open\src\hotspot\share\interpreter\linkResolver.cpp, line 796]
Event: 2.100 Thread 0x0000018d1ebf26a0 Exception <a 'java/lang/NoSuchMethodError'{0x000000062452e280}: 'int java.lang.invoke.Invokers$Holder.invokeExact_MT(java.lang.Object, long, long, long, int, int, int, int, int, int, float, int, long, java.lang.Object)'> (0x000000062452e280) 
thrown [s\open\src\hotspot\share\interpreter\linkResolver.cpp, line 796]
Event: 2.100 Thread 0x0000018d20401300 Exception <a 'java/lang/NoSuchMethodError'{0x0000000624a2cab8}: 'int java.lang.invoke.Invokers$Holder.invokeExact_MT(java.lang.Object, long, long, long, int, int, int, int, int, int, float, int, long, java.lang.Object)'> (0x0000000624a2cab8) 
thrown [s\open\src\hotspot\share\interpreter\linkResolver.cpp, line 796]
Event: 2.100 Thread 0x0000018d203ff8c0 Exception <a 'java/lang/NoSuchMethodError'{0x0000000623a1a860}: 'int java.lang.invoke.Invokers$Holder.invokeExact_MT(java.lang.Object, long, long, long, int, int, int, int, int, int, float, int, long, java.lang.Object)'> (0x0000000623a1a860) 
thrown [s\open\src\hotspot\share\interpreter\linkResolver.cpp, line 796]
Event: 2.100 Thread 0x0000018d20400c70 Exception <a 'java/lang/NoSuchMethodError'{0x00000006249b9310}: 'int java.lang.invoke.Invokers$Holder.invokeExact_MT(java.lang.Object, long, long, long, int, int, int, int, int, int, float, int, long, java.lang.Object)'> (0x00000006249b9310) 
thrown [s\open\src\hotspot\share\interpreter\linkResolver.cpp, line 796]
Event: 2.100 Thread 0x0000018d1e7b2a30 Exception <a 'java/lang/NoSuchMethodError'{0x00000006238ea9d8}: 'int java.lang.invoke.Invokers$Holder.invokeExact_MT(java.lang.Object, long, long, long, int, int, int, int, int, int, float, int, long, java.lang.Object)'> (0x00000006238ea9d8) 
thrown [s\open\src\hotspot\share\interpreter\linkResolver.cpp, line 796]
Event: 2.100 Thread 0x0000018d1ebf7560 Exception <a 'java/lang/NoSuchMethodError'{0x00000006245c27f0}: 'int java.lang.invoke.Invokers$Holder.invokeExact_MT(java.lang.Object, long, long, long, int, int, int, int, int, int, float, int, long, java.lang.Object)'> (0x00000006245c27f0) 
thrown [s\open\src\hotspot\share\interpreter\linkResolver.cpp, line 796]
Event: 2.100 Thread 0x0000018d1ebf4770 Exception <a 'java/lang/NoSuchMethodError'{0x000000062460c868}: 'int java.lang.invoke.Invokers$Holder.invokeExact_MT(java.lang.Object, long, long, long, int, int, int, int, int, int, float, int, long, java.lang.Object)'> (0x000000062460c868) 
thrown [s\open\src\hotspot\share\interpreter\linkResolver.cpp, line 796]
Event: 2.100 Thread 0x0000018d203fff50 Exception <a 'java/lang/NoSuchMethodError'{0x0000000624946d40}: 'int java.lang.invoke.Invokers$Holder.invokeExact_MT(java.lang.Object, long, long, long, int, int, int, int, int, int, float, int, long, java.lang.Object)'> (0x0000000624946d40) 
thrown [s\open\src\hotspot\share\interpreter\linkResolver.cpp, line 796]
Event: 2.100 Thread 0x0000018d1ebf5b20 Exception <a 'java/lang/NoSuchMethodError'{0x0000000624ab93b8}: 'int java.lang.invoke.Invokers$Holder.invokeExact_MT(java.lang.Object, long, long, long, int, int, int, int, int, int, float, int, long, java.lang.Object)'> (0x0000000624ab93b8) 
thrown [s\open\src\hotspot\share\interpreter\linkResolver.cpp, line 796]
Event: 2.100 Thread 0x0000018d1ebf9630 Exception <a 'java/lang/NoSuchMethodError'{0x000000062467f570}: 'int java.lang.invoke.Invokers$Holder.invokeExact_MT(java.lang.Object, long, long, long, int, int, int, int, int, int, float, int, long, java.lang.Object)'> (0x000000062467f570) 
thrown [s\open\src\hotspot\share\interpreter\linkResolver.cpp, line 796]

VM Operations (20 events):
Event: 0.817 Executing VM operation: HandshakeAllThreads (Deoptimize)
Event: 0.817 Executing VM operation: HandshakeAllThreads (Deoptimize) done
Event: 0.827 Executing VM operation: HandshakeAllThreads (Deoptimize)
Event: 0.828 Executing VM operation: HandshakeAllThreads (Deoptimize) done
Event: 1.463 Executing VM operation: HandshakeAllThreads (Deoptimize)
Event: 1.463 Executing VM operation: HandshakeAllThreads (Deoptimize) done
Event: 1.611 Executing VM operation: G1CollectForAllocation (G1 Evacuation Pause)
Event: 1.616 Executing VM operation: G1CollectForAllocation (G1 Evacuation Pause) done
Event: 1.683 Executing VM operation: G1CollectForAllocation (G1 Evacuation Pause)
Event: 1.686 Executing VM operation: G1CollectForAllocation (G1 Evacuation Pause) done
Event: 1.731 Executing VM operation: G1CollectForAllocation (G1 Evacuation Pause)
Event: 1.733 Executing VM operation: G1CollectForAllocation (G1 Evacuation Pause) done
Event: 1.812 Executing VM operation: G1CollectForAllocation (G1 Evacuation Pause)
Event: 1.813 Executing VM operation: G1CollectForAllocation (G1 Evacuation Pause) done
Event: 2.003 Executing VM operation: HandshakeAllThreads (Deoptimize)
Event: 2.003 Executing VM operation: HandshakeAllThreads (Deoptimize) done
Event: 2.005 Executing VM operation: HandshakeAllThreads (Deoptimize)
Event: 2.005 Executing VM operation: HandshakeAllThreads (Deoptimize) done
Event: 2.075 Executing VM operation: HandshakeAllThreads (Deoptimize)
Event: 2.075 Executing VM operation: HandshakeAllThreads (Deoptimize) done

Memory protections (0 events):
No events

Nmethod flushes (0 events):
No events

Events (20 events):
Event: 1.586 Thread 0x0000018d1902ec80 Thread added: 0x0000018d1fd4a450
Event: 1.650 Thread 0x0000018d19108b40 Thread added: 0x0000018d1ebfd590
Event: 1.650 Thread 0x0000018d19108b40 Thread added: 0x0000018d1e301660
Event: 1.652 Thread 0x0000018d19b0de60 Thread added: 0x0000018d1ea49e90
Event: 1.653 Thread 0x0000018d19108b40 Thread added: 0x0000018d1ea5dff0
Event: 1.654 Thread 0x0000018d19b0de60 Thread added: 0x0000018d1ea5e6b0
Event: 1.940 Thread 0x0000018d20da0f30 Thread added: 0x0000018d203fff50
Event: 1.940 Thread 0x0000018d203fde80 Thread added: 0x0000018d20400c70
Event: 1.940 Thread 0x0000018d203ff8c0 Thread added: 0x0000018d20401300
Event: 1.940 Thread 0x0000018d20da0f30 Thread added: 0x0000018d1ebf5b20
Event: 1.940 Thread 0x0000018d203fff50 Thread added: 0x0000018d1ebf8fa0
Event: 1.940 Thread 0x0000018d20da0f30 Thread added: 0x0000018d1ebf6840
Event: 1.940 Thread 0x0000018d20da0f30 Thread added: 0x0000018d1ebf3a50
Event: 1.940 Thread 0x0000018d20da0f30 Thread added: 0x0000018d1ebf6ed0
Event: 1.941 Thread 0x0000018d20da0f30 Thread added: 0x0000018d1ebf40e0
Event: 1.941 Thread 0x0000018d20da0f30 Thread added: 0x0000018d1ebf26a0
Event: 1.941 Thread 0x0000018d20da0f30 Thread added: 0x0000018d1ebf7560
Event: 1.941 Thread 0x0000018d20da0f30 Thread added: 0x0000018d1ebf4770
Event: 1.941 Thread 0x0000018d20da0f30 Thread added: 0x0000018d1ebf9630
Event: 2.096 Thread 0x0000018d1ebf5b20 Thread added: 0x0000018d1ebf8280


Dynamic libraries:
0x00007ff7f6610000 - 0x00007ff7f6620000 	C:\Program Files\Java\jdk-23\bin\java.exe
0x00007ffed47b0000 - 0x00007ffed49c7000 	C:\windows\SYSTEM32\ntdll.dll
0x00007ffed3cb0000 - 0x00007ffed3d74000 	C:\windows\System32\KERNEL32.DLL
0x00007ffed1c70000 - 0x00007ffed2040000 	C:\windows\System32\KERNELBASE.dll
0x00007ffed2190000 - 0x00007ffed22a1000 	C:\windows\System32\ucrtbase.dll
0x00007ffe9fe10000 - 0x00007ffe9fe27000 	C:\Program Files\Java\jdk-23\bin\jli.dll
0x00007ffeb6890000 - 0x00007ffeb68ab000 	C:\Program Files\Java\jdk-23\bin\VCRUNTIME140.dll
0x00007ffed2a50000 - 0x00007ffed2bfe000 	C:\windows\System32\USER32.dll
0x00007ffed1a60000 - 0x00007ffed1a86000 	C:\windows\System32\win32u.dll
0x00007ffeadd20000 - 0x00007ffeadfb2000 	C:\windows\WinSxS\amd64_microsoft.windows.common-controls_6595b64144ccf1df_6.0.22621.4830_none_270fe7d773858e80\COMCTL32.dll
0x00007ffed45d0000 - 0x00007ffed45f9000 	C:\windows\System32\GDI32.dll
0x00007ffed2070000 - 0x00007ffed218b000 	C:\windows\System32\gdi32full.dll
0x00007ffed29a0000 - 0x00007ffed2a47000 	C:\windows\System32\msvcrt.dll
0x00007ffed1a90000 - 0x00007ffed1b2a000 	C:\windows\System32\msvcp_win.dll
0x00007ffed2fd0000 - 0x00007ffed3001000 	C:\windows\System32\IMM32.DLL
0x00007ffeb68c0000 - 0x00007ffeb68cc000 	C:\Program Files\Java\jdk-23\bin\vcruntime140_1.dll
0x00007ffe9fd10000 - 0x00007ffe9fd9e000 	C:\Program Files\Java\jdk-23\bin\msvcp140.dll
0x00007ffe11b60000 - 0x00007ffe128b0000 	C:\Program Files\Java\jdk-23\bin\server\jvm.dll
0x00007ffed2e80000 - 0x00007ffed2f31000 	C:\windows\System32\ADVAPI32.dll
0x00007ffed4280000 - 0x00007ffed4327000 	C:\windows\System32\sechost.dll
0x00007ffed2040000 - 0x00007ffed2068000 	C:\windows\System32\bcrypt.dll
0x00007ffed43b0000 - 0x00007ffed44c4000 	C:\windows\System32\RPCRT4.dll
0x00007ffed4200000 - 0x00007ffed4271000 	C:\windows\System32\WS2_32.dll
0x00007ffed08c0000 - 0x00007ffed090d000 	C:\windows\SYSTEM32\POWRPROF.dll
0x00007ffeccb70000 - 0x00007ffeccba4000 	C:\windows\SYSTEM32\WINMM.dll
0x00007ffecd1a0000 - 0x00007ffecd1aa000 	C:\windows\SYSTEM32\VERSION.dll
0x00007ffed08a0000 - 0x00007ffed08b3000 	C:\windows\SYSTEM32\UMPDC.dll
0x00007ffed0b50000 - 0x00007ffed0b68000 	C:\windows\SYSTEM32\kernel.appcore.dll
0x00007ffe9fe00000 - 0x00007ffe9fe0a000 	C:\Program Files\Java\jdk-23\bin\jimage.dll
0x00007ffecaf00000 - 0x00007ffecb132000 	C:\windows\SYSTEM32\DBGHELP.DLL
0x00007ffed2610000 - 0x00007ffed29a0000 	C:\windows\System32\combase.dll
0x00007ffed2da0000 - 0x00007ffed2e77000 	C:\windows\System32\OLEAUT32.dll
0x00007ffec4ae0000 - 0x00007ffec4b12000 	C:\windows\SYSTEM32\dbgcore.DLL
0x00007ffed1b30000 - 0x00007ffed1bab000 	C:\windows\System32\bcryptPrimitives.dll
0x00007ffe98190000 - 0x00007ffe981ae000 	C:\Program Files\Java\jdk-23\bin\java.dll
0x00007ffed3890000 - 0x00007ffed3a31000 	C:\windows\System32\ole32.dll
0x00007ffed3010000 - 0x00007ffed3888000 	C:\windows\System32\SHELL32.dll
0x00007ffecf960000 - 0x00007ffed0270000 	C:\windows\SYSTEM32\windows.storage.dll
0x00007ffecf820000 - 0x00007ffecf95f000 	C:\windows\SYSTEM32\wintypes.dll
0x00007ffed4600000 - 0x00007ffed470a000 	C:\windows\System32\SHCORE.dll
0x00007ffed25b0000 - 0x00007ffed260e000 	C:\windows\System32\shlwapi.dll
0x00007ffed1990000 - 0x00007ffed19bb000 	C:\windows\SYSTEM32\profapi.dll
0x00007ffe119a0000 - 0x00007ffe11a77000 	C:\Program Files\Java\jdk-23\bin\jsvml.dll
0x00007ffe97660000 - 0x00007ffe97670000 	C:\Program Files\Java\jdk-23\bin\net.dll
0x00007ffed0fc0000 - 0x00007ffed102a000 	C:\windows\system32\mswsock.dll
0x00007ffe624c0000 - 0x00007ffe624d6000 	C:\Program Files\Java\jdk-23\bin\nio.dll
0x00007ffe97670000 - 0x00007ffe97687000 	C:\Program Files\Java\jdk-23\bin\zip.dll
0x00007ffe62530000 - 0x00007ffe6253a000 	C:\Program Files\Java\jdk-23\bin\management.dll
0x00007ffe5fa70000 - 0x00007ffe5fa7b000 	C:\Program Files\Java\jdk-23\bin\management_ext.dll
0x00007ffed4760000 - 0x00007ffed4768000 	C:\windows\System32\PSAPI.DLL
0x00007ffed1260000 - 0x00007ffed127b000 	C:\windows\SYSTEM32\CRYPTSP.dll
0x00007ffed0ab0000 - 0x00007ffed0ae5000 	C:\windows\system32\rsaenh.dll
0x00007ffed1060000 - 0x00007ffed1088000 	C:\windows\SYSTEM32\USERENV.dll
0x00007ffed11d0000 - 0x00007ffed11dc000 	C:\windows\SYSTEM32\CRYPTBASE.dll
0x00007ffed0550000 - 0x00007ffed057d000 	C:\windows\SYSTEM32\IPHLPAPI.DLL
0x00007ffed4530000 - 0x00007ffed4539000 	C:\windows\System32\NSI.dll
0x00007ffe57640000 - 0x00007ffe57649000 	C:\Program Files\Java\jdk-23\bin\extnet.dll
0x00007ffe128b0000 - 0x00007ffe12965000 	C:\Users\2behe\AppData\Local\Temp\native-18067908025743950183.dll

dbghelp: loaded successfully - version: 4.0.5 - missing functions: none
symbol engine: initialized successfully - sym options: 0x614 - pdb path: .;C:\Program Files\Java\jdk-23\bin;C:\windows\SYSTEM32;C:\windows\WinSxS\amd64_microsoft.windows.common-controls_6595b64144ccf1df_6.0.22621.4830_none_270fe7d773858e80;C:\Program Files\Java\jdk-23\bin\server;C:\Users\2behe\AppData\Local\Temp

VM Arguments:
jvm_args: -Dfile.encoding=UTF-8 -Duser.country=US -Duser.language=en -Duser.variant 
java_command: me.pixlent.Main --enable-native-access=ALL-UNNAMED
java_class_path (initial): C:\Users\2behe\Documents\Development\Minestom\world-gen\build\classes\java\test;C:\Users\2behe\Documents\Development\Minestom\world-gen\build\resources\test;C:\Users\2behe\Documents\Development\Minestom\world-gen\build\classes\java\main;C:\Users\2behe\Documents\Development\Minestom\world-gen\build\resources\main;C:\Users\2behe\.gradle\caches\modules-2\files-2.1\net.minestom\minestom-snapshots\3bdb950310\432a3fa7952ad1197a6df00d56a025df43439810\minestom-snapshots-3bdb950310.jar;C:\Users\2behe\.gradle\caches\modules-2\files-2.1\de.articdive\jnoise-pipeline\4.1.0\331d5adb61361d98bb0efdc8306cc82327f557ab\jnoise-pipeline-4.1.0.jar;C:\Users\2behe\.gradle\caches\modules-2\files-2.1\com.github.CoolLoong\FastNoise2Bindings-Java\0.0.1\e5ce1b16e89f9a1b04ad438ec1573ea8a9bdef50\FastNoise2Bindings-Java-0.0.1.jar;C:\Users\2behe\.gradle\caches\modules-2\files-2.1\org.slf4j\slf4j-simple\2.0.16\56d3d8e59293543780ad35af4ee4a5d9c111a588\slf4j-simple-2.0.16.jar;C:\Users\2behe\.gradle\caches\modules-2\files-2.1\net.minestom\data\1.21.3-rv2\2c2b0f1ef975a76768623754ae5e6bb8a8c46dde\data-1.21.3-rv2.jar;C:\Users\2behe\.gradle\caches\modules-2\files-2.1\space.vectrix.flare\flare\2.0.1\2b4594f599d4d1becce5d5057f3d7a056237a0c6\flare-2.0.1.jar;C:\Users\2behe\.gradle\caches\modules-2\files-2.1\space.vectrix.flare\flare-fastutil\2.0.1\b07cbd5e37afc030717647781eebe7ba672cdd7a\flare-fastutil-2.0.1.jar;C:\Users\2behe\.gradle\caches\modules-2\files-2.1\org.jctools\jctools-core\4.0.5\9ab38ca19877236986db4894ef1400a7ca23db80\jctools-core-4.0.5.jar;C:\Users\2behe\.gradle\caches\modules-2\files-2.1\net.kyori\adventure-text-serializer-legacy\4.17.0\1f5271e54a4feb6dada26873297337f4b9f2f99a\adventure-text-serializer-legacy-4.17.0.jar;C:\Users\2behe\.gradle\caches\modules-2\files-2.1\net.kyori\adventure-text-serializer-plain\4.17.0\ac19c1579081064f86025c5ada60dba0b61fca31\adventure-text-serializer-plain-4.17.0.jar;C:\Users\2behe\.gradle\caches\modules-2\files-2.1\net.kyori\adventure-text-serializer-gson\4.17.0\1b2cf73c8794287db202b2ea288c40159deb19b4\adventure-text-serializer-gson-4.17.0.jar;C:\Users\2behe\.gradle\caches\modules-2\files-2.1\net.kyori\adventure-text-serializer-json\4.17.0\4651a58fe70ecc8a3682ec7ddd8a516dd6d06a49\adventure-text-serializer-json-4.17.0.jar;C:\Users\2behe\.gradle\caches\modules-2\files-2.1\net.kyori\adventure-api\4.17.0\e90703097679e9ca0ee8a059bb933aa7d495bce3\adventure-api-4.17.0.jar;C:\Users\2behe\.gradle\caches\modules-2\files-2.1\net.kyori\adventure-nbt\4.17.0\45b1b7064a99cc667b6ff04dc7e4cb58765a98a2\adventure-nbt-4.17.0.jar;C:\Users\2behe\.gradle\caches\modules-2\files-2.1\net.kyori\adventure-key\4.17.0\799f1b5fedb920a7b71916e9b71123ff94d07acf\adventure-key-4.17.0.jar;C:\Users\2behe\.gradle\caches\modules-2\files-2.1\net.kyori\adventure-text-logger-slf4j\4.17.0\ebc3d59bdce591f1e1daed8b5b9ebd13f231c946\adventure-text-logger-slf4j-4.17.0.jar;C:\Users\2behe\.gradle\caches\modules-2\files-2.1\org.slf4j\slf4j-api\2.0.16\172931663a09a1fa515567af5fbef00897d3c04\slf4j-api-2.0.16.jar;C:\Users\2behe\.gradle\caches\modules-2\files-2.1\org.jetbrains\annotations\24.1.0\7af6a669488450c4a07c2c3254e2151df42d7d04\annotations-24.1.0.jar;C:\Users\2behe\.gradle\caches\modules-2\files-2.1\it.unimi.dsi\fastutil\8.5.14\950f40553c3b66529be037ff08d99687aa98788e\fastutil-8.5.14.jar;C:\Users\2behe\.gradle\caches\modules-2\files-2.1\com.google.code.gson\gson\2.11.0\527175ca6d81050b53bdd4c457a6d6e017626b0e\gson-2.11.0.jar;C:\Users\2behe\.gradle\caches\modules-2\files-2.1\de.articdive\jnoise-transformers\4.1.0\53530fe8b614be4ccda97119f5e356dacfa24c50\jnoise-transformers-4.1.0.jar;C:\Users\2behe\.gradle\caches\modules-2\files-2.1\de.articdive\jnoise-generators\4.1.0\44225d791d5bdece59d776258e9c5717b1de096d\jnoise-generators-4.1.0.jar;C:\Users\2behe\.gradle\caches\modules-2\files-2.1\de.articdive\jnoise-modules\4.1.0\5b36dab84fad68c9956e4961c8d62ecb7ec69c29\jnoise-modules-4.1.0.jar;C:\Users\2behe\.gradle\caches\modules-2\files-2.1\de.articdive\jnoise-modifiers\4.1.0\46cd2452385d95f1830eefc172cbf577617cb3f5\jnoise-modifiers-4.1.0.jar;C:\Users\2behe\.gradle\caches\modules-2\files-2.1\de.articdive\jnoise-core\4.1.0\d631bc94d1326af85dae43f65f0e240c6bc1a15\jnoise-core-4.1.0.jar;C:\Users\2behe\.gradle\caches\modules-2\files-2.1\org.jspecify\jspecify\0.3.0\fc1a0c38a07667f2dbbece32164dac2d0056d205\jspecify-0.3.0.jar;C:\Users\2behe\.gradle\caches\modules-2\files-2.1\net.kyori\examination-string\1.3.0\6f34afef5c54ccce4996bc321abf77518b55b4bd\examination-string-1.3.0.jar;C:\Users\2behe\.gradle\caches\modules-2\files-2.1\net.kyori\examination-api\1.3.0\8a2d185275307f1e2ef2adf7152b9a0d1d44c30b\examination-api-1.3.0.jar;C:\Users\2behe\.gradle\caches\modules-2\files-2.1\com.google.errorprone\error_prone_annotations\2.27.0\91b2c29d8a6148b5e2e4930f070d4840e2e48e34\error_prone_annotations-2.27.0.jar;C:\Users\2behe\.gradle\caches\modules-2\files-2.1\net.kyori\option\1.0.0\59c5ae54c47ae294322ad979eaf7cdcde7ad0646\option-1.0.0.jar
Launcher Type: SUN_STANDARD

[Global flags]
     intx CICompilerCount                          = 12                                        {product} {ergonomic}
     uint ConcGCThreads                            = 3                                         {product} {ergonomic}
     uint G1ConcRefinementThreads                  = 13                                        {product} {ergonomic}
   size_t G1HeapRegionSize                         = 4194304                                   {product} {ergonomic}
   size_t InitialHeapSize                          = 524288000                                 {product} {ergonomic}
   size_t MarkStackSize                            = 4194304                                   {product} {ergonomic}
   size_t MarkStackSizeMax                         = 536870912                                 {product} {ergonomic}
   size_t MaxHeapSize                              = 8363442176                                {product} {ergonomic}
   size_t MaxNewSize                               = 5016387584                                {product} {ergonomic}
   size_t MinHeapDeltaBytes                        = 4194304                                   {product} {ergonomic}
   size_t MinHeapSize                              = 8388608                                   {product} {ergonomic}
    uintx NonNMethodCodeHeapSize                   = 7602176                                {pd product} {ergonomic}
    uintx NonProfiledCodeHeapSize                  = 122093568                              {pd product} {ergonomic}
    uintx ProfiledCodeHeapSize                     = 121962496                              {pd product} {ergonomic}
    uintx ReservedCodeCacheSize                    = 251658240                              {pd product} {ergonomic}
     bool SegmentedCodeCache                       = true                                      {product} {ergonomic}
   size_t SoftMaxHeapSize                          = 8363442176                             {manageable} {ergonomic}
     bool UseCompressedOops                        = true                           {product lp64_product} {ergonomic}
     bool UseG1GC                                  = true                                      {product} {ergonomic}
     bool UseLargePagesIndividualAllocation        = false                                  {pd product} {ergonomic}

Logging:
Log output configuration:
 #0: stdout all=warning uptime,level,tags foldmultilines=false
 #1: stderr all=off uptime,level,tags foldmultilines=false

Environment Variables:
JAVA_HOME=C:\Program Files\Java\graalvm-jdk-17.0.8+9.1
PATH=C:\Program Files\Java\graalvm-jdk-17.0.8+9.1\bin;C:\Program Files\Common Files\Oracle\Java\javapath;C:\Program Files (x86)\Common Files\Oracle\Java\javapath;C:\windows\system32;C:\windows;C:\windows\System32\Wbem;C:\windows\System32\WindowsPowerShell\v1.0\;C:\windows\System32\OpenSSH\;C:\Program Files (x86)\NVIDIA Corporation\PhysX\Common;C:\ProgramData\chocolatey\bin;C:\Program Files\dotnet\;C:\Users\2behe\Documents\lua;C:\Program Files\nodejs\;C:\Program Files\WorldPainter;C:\Users\2behe\.cargo\bin;C:\Users\2behe\AppData\Local\Microsoft\WindowsApps;C:\Users\2behe\AppData\Local\JetBrains\Toolbox\scripts;C:\Users\2behe\AppData\Local\Programs\Microsoft VS Code\bin;C:\PATH_Programs;C:\Users\2behe\go\bin;C:\Users\2behe\AppData\Roaming\npm;C:\Users\2behe\.dotnet\tools;C:\Users\2behe\AppData\Local\gitkraken\bin;C:\Users\2behe\AppData\Local\Programs\oh-my-posh\bin;C:\Program Files\Docker\Docker\resources\bin;C:\Program Files\Git\cmd;C:\Program Files\NVIDIA Corporation\NVIDIA app\NvDLISR;C:\Program Files\Go\bin;C:\Ruby32-x64\bin;C:\Users\2behe\.cargo\bin;C:\Users\2behe\AppData\Local\Microsoft\WindowsApps;C:\Users\2behe\AppData\Local\JetBrains\Toolbox\scripts;C:\Users\2behe\AppData\Local\Programs\Microsoft VS Code\bin;C:\PATH_Programs;C:\Users\2behe\go\bin;C:\Users\2behe\AppData\Roaming\npm;C:\Users\2behe\.dotnet\tools;C:\Users\2behe\AppData\Local\gitkraken\bin;C:\Users\2behe\AppData\Local\Programs\oh-my-posh\bin;C:\ffmpeg\bin;C:\Users\2behe\AppData\Local\Programs\Microsoft VS Code Insiders\bin;C:\Users\2behe\AppData\Local\GitHubDesktop\bin;C:\Users\2behe\go\bin
USERNAME=2behe
OS=Windows_NT
PROCESSOR_IDENTIFIER=AMD64 Family 25 Model 97 Stepping 2, AuthenticAMD
TMP=C:\Users\2behe\AppData\Local\Temp
TEMP=C:\Users\2behe\AppData\Local\Temp




Periodic native trim disabled

---------------  S Y S T E M  ---------------

OS:
 Windows 11 , 64 bit Build 22621 (10.0.22621.4830)
OS uptime: 0 days 8:13 hours
Hyper-V role detected

CPU: total 16 (initial active 16) (16 cores per cpu, 2 threads per core) family 25 model 97 stepping 2 microcode 0x0, cx8, cmov, fxsr, ht, mmx, 3dnowpref, sse, sse2, sse3, ssse3, sse4a, sse4.1, sse4.2, popcnt, lzcnt, tsc, tscinvbit, avx, avx2, aes, erms, clmul, bmi1, bmi2, adx, avx512f, avx512dq, avx512cd, avx512bw, avx512vl, sha, fma, vzeroupper, avx512_vpopcntdq, avx512_vpclmulqdq, avx512_vaes, avx512_vnni, clflush, clflushopt, avx512_vbmi2, avx512_vbmi, hv, rdtscp, rdpid, fsrm, gfni, avx512_bitalg, f16c, cet_ss, avx512_ifma
Processor Information for the first 16 processors :
  Max Mhz: 4501, Current Mhz: 4501, Mhz Limit: 4501

Memory: 4k page, system-wide physical 31900M (13522M free)
TotalPageFile size 94880M (AvailPageFile size 58323M)
current process WorkingSet (physical memory assigned to process): 516M, peak: 557M
current process commit charge ("private bytes"): 725M, peak: 827M

vm_info: Java HotSpot(TM) 64-Bit Server VM (23.0.2+7-58) for windows-amd64 JRE (23.0.2+7-58), built on 2024-11-29T09:34:55Z with MS VC++ 17.6 (VS2022)

END.
