#
# A fatal error has been detected by the Java Runtime Environment:
#
#  EXCEPTION_ACCESS_VIOLATION (0xc0000005) at pc=0x00007ffdc11593b5, pid=59868, tid=60156
#
# JRE version: Java(TM) SE Runtime Environment (23.0.2+7) (build 23.0.2+7-58)
# Java VM: Java HotSpot(TM) 64-Bit Server VM (23.0.2+7-58, mixed mode, sharing, tiered, compressed oops, compressed class ptrs, g1 gc, windows-amd64)
# Problematic frame:
# C  [native-12558882101797692833.dll+0x393b5]
#
# No core dump will be written. Minidumps are not enabled by default on client versions of Windows
#
# If you would like to submit a bug report, please visit:
#   https://bugreport.java.com/bugreport/crash.jsp
# The crash happened outside the Java Virtual Machine in native code.
# See problematic frame for where to report the bug.
#

---------------  S U M M A R Y ------------

Command Line: -Dfile.encoding=UTF-8 -Duser.country=US -Duser.language=en -Duser.variant me.pixlent.Main --enable-native-access=ALL-UNNAMED

Host: AMD Ryzen 7 7700X 8-Core Processor             , 16 cores, 31G,  Windows 11 , 64 bit Build 22621 (10.0.22621.4830)
Time: Fri Feb 14 22:36:55 2025 W. Europe Standard Time elapsed time: 2.105588 seconds (0d 0h 0m 2s)

---------------  T H R E A D  ---------------

Current thread (0x0000022cf749bdd0):  JavaThread "ForkJoinPool-1-worker-2" daemon [_thread_in_native, id=60156, stack(0x000000e977300000,0x000000e977400000) (1024K)]

Stack: [0x000000e977300000,0x000000e977400000],  sp=0x000000e9773fdcd0,  free space=1015k
Native frames: (J=compiled Java code, j=interpreted, Vv=VM code, C=native code)
C  [native-12558882101797692833.dll+0x393b5]  (no source info available)
C  [native-12558882101797692833.dll+0x43db6]  (no source info available)
C  [native-12558882101797692833.dll+0x15b45]  (no source info available)
C  0x0000022c9bcbf2df  (no source info available)

The last pc belongs to nep_invoker_blob (printed below).
Java frames: (J=compiled Java code, j=interpreted, Vv=VM code)
v  ~RuntimeStub::nep_invoker_blob 0x0000022c9bcbf268
j  java.lang.invoke.LambdaForm$MH+0x0000022cb2349800.invoke(Ljava/lang/Object;JJJIIIIIIFIJ)I+30 java.base@23.0.2
j  java.lang.invoke.LambdaForm$MH+0x0000022cb23bfc00.invokeExact_MT(Ljava/lang/Object;JJJIIIIIIFIJLjava/lang/Object;)I+41 java.base@23.0.2
j  jdk.internal.foreign.abi.DowncallStub+0x0000022cb2349c00.invoke(Ljava/lang/foreign/SegmentAllocator;Ljava/lang/foreign/MemorySegment;Ljava/lang/foreign/MemorySegment;Ljava/lang/foreign/MemorySegment;IIIIIIFILjava/lang/foreign/MemorySegment;)I+231 java.base@23.0.2
j  java.lang.invoke.LambdaForm$DMH+0x0000022cb234a400.invokeStaticInit(Ljava/lang/Object;Ljava/lang/Object;Ljava/lang/Object;Ljava/lang/Object;Ljava/lang/Object;IIIIIIFILjava/lang/Object;)I+34 java.base@23.0.2
j  java.lang.invoke.LambdaForm$MH+0x0000022cb234bc00.invoke(Ljava/lang/Object;Ljava/lang/Object;Ljava/lang/Object;IIIIIIFILjava/lang/Object;)I+67 java.base@23.0.2
j  java.lang.invoke.LambdaForm$MH+0x0000022cb23b7c00.invokeExact_MT(Ljava/lang/Object;Ljava/lang/Object;Ljava/lang/Object;IIIIIIFILjava/lang/Object;Ljava/lang/Object;)I+38 java.base@23.0.2
j  com.github.fastnoise.FastNoise.fnGenUniformGrid3D(Ljava/lang/foreign/MemorySegment;Lcom/github/fastnoise/FloatArray;IIIIIIFILcom/github/fastnoise/FloatArray;)I+27
j  com.github.fastnoise.FastNoise.genUniformGrid3D(Lcom/github/fastnoise/FloatArray;IIIIIIFI)Lcom/github/fastnoise/FastNoise$OutputMinMax;+31
j  me.pixlent.noise.FastNoiseFunction.batch(IIIIII)[[[F+46
j  me.pixlent.SandwichGenerator.generate(Lnet/minestom/server/instance/generator/GenerationUnit;)V+78
j  net.minestom.server.instance.InstanceContainer.createChunk(II)Lnet/minestom/server/instance/Chunk;+96
j  net.minestom.server.instance.InstanceContainer.lambda$retrieveChunk$7(IIJLjava/util/concurrent/CompletableFuture;Lnet/minestom/server/instance/Chunk;)V+8
j  net.minestom.server.instance.InstanceContainer$$Lambda+0x0000022cb22db280.accept(Ljava/lang/Object;)V+24
j  net.minestom.server.instance.InstanceContainer.lambda$retrieveChunk$8(Lnet/minestom/server/instance/IChunkLoader;IILjava/util/function/Consumer;)V+15
j  net.minestom.server.instance.InstanceContainer$$Lambda+0x0000022cb22db4b8.run()V+20
j  java.lang.Thread.runWith(Ljava/lang/Object;Ljava/lang/Runnable;)V+5 java.base@23.0.2
j  java.lang.VirtualThread.run(Ljava/lang/Runnable;)V+66 java.base@23.0.2
j  java.lang.VirtualThread$VThreadContinuation$1.run()V+8 java.base@23.0.2
j  jdk.internal.vm.Continuation.enter0()V+4 java.base@23.0.2
j  jdk.internal.vm.Continuation.enter(Ljdk/internal/vm/Continuation;Z)V+1 java.base@23.0.2
J 91  jdk.internal.vm.Continuation.enterSpecial(Ljdk/internal/vm/Continuation;ZZ)V java.base@23.0.2 (0 bytes) @ 0x0000022c9c0b525c [0x0000022c9c0b5120+0x000000000000013c]
j  jdk.internal.vm.Continuation.run()V+122 java.base@23.0.2
j  java.lang.VirtualThread.runContinuation()V+72 java.base@23.0.2
j  java.lang.VirtualThread$$Lambda+0x0000022cb2251ca8.run()V+4 java.base@23.0.2
j  java.util.concurrent.ForkJoinTask$RunnableExecuteAction.compute()Ljava/lang/Void;+4 java.base@23.0.2
j  java.util.concurrent.ForkJoinTask$RunnableExecuteAction.compute()Ljava/lang/Object;+1 java.base@23.0.2
j  java.util.concurrent.ForkJoinTask$InterruptibleTask.exec()Z+51 java.base@23.0.2
j  java.util.concurrent.ForkJoinTask.doExec()V+10 java.base@23.0.2
j  java.util.concurrent.ForkJoinPool$WorkQueue.topLevelExec(Ljava/util/concurrent/ForkJoinTask;I)V+9 java.base@23.0.2
j  java.util.concurrent.ForkJoinPool.runWorker(Ljava/util/concurrent/ForkJoinPool$WorkQueue;)V+366 java.base@23.0.2
j  java.util.concurrent.ForkJoinWorkerThread.run()V+31 java.base@23.0.2
v  ~StubRoutines::call_stub 0x0000022c9b970fcd

siginfo: EXCEPTION_ACCESS_VIOLATION (0xc0000005), reading address 0x0000000000000000


Registers:
RAX=0x00007ffdc11996e0, RBX=0x0000022cf9e63008, RCX=0x0000000000000000, RDX=0x0000000000000010
RSP=0x000000e9773fdcd0, RBP=0x000000e9773fdd40, RSI=0x0000000000001800, RDI=0x0000000000000000
R8 =0x0000000000001800, R9 =0x00000000fffffff0, R10=0x00000000ffffffc0, R11=0x0000022cf9e63018
R12=0x0000022cfa236f60, R13=0x0000022cf9e63008, R14=0x0000000000000010, R15=0x0000000000017ff0
RIP=0x00007ffdc11593b5, EFLAGS=0x0000000000010246


Register to memory mapping:

RAX=0x00007ffdc11996e0 native-12558882101797692833.dll
RBX=0x0000022cf9e63008 points into unknown readable memory: 0x00007ffdc1199650 | 50 96 19 c1 fd 7f 00 00
RCX=0x0 is null
RDX=0x0000000000000010 is an unknown value
RSP=0x000000e9773fdcd0 is pointing into the stack for thread: 0x0000022cf749bdd0
RBP=0x000000e9773fdd40 is pointing into the stack for thread: 0x0000022cf749bdd0
RSI=0x0000000000001800 is an unknown value
RDI=0x0 is null
R8 =0x0000000000001800 is an unknown value
R9 =0x00000000fffffff0 is an unknown value
R10=0x00000000ffffffc0 is an unknown value
R11=0x0000022cf9e63018 points into unknown readable memory: 0x00007ffdc1199670 | 70 96 19 c1 fd 7f 00 00
R12=0x0000022cfa236f60 points into unknown readable memory: 0x0000000000000000 | 00 00 00 00 00 00 00 00
R13=0x0000022cf9e63008 points into unknown readable memory: 0x00007ffdc1199650 | 50 96 19 c1 fd 7f 00 00
R14=0x0000000000000010 is an unknown value
R15=0x0000000000017ff0 is an unknown value

Top of Stack: (sp=0x000000e9773fdcd0)
0x000000e9773fdcd0:   000000e9773fdce8 000000e9773fddf0
0x000000e9773fdce0:   0000022c9b970fcd 00000006238865d8
0x000000e9773fdcf0:   00000006240d7d40 000000060d923e68
0x000000e9773fdd00:   000000060db23350 000000e900000005
0x000000e9773fdd10:   00000006240edc90 0000000000000000
0x000000e9773fdd20:   0000000000000000 0000000000000000
0x000000e9773fdd30:   0000000000000000 0000000000000000
0x000000e9773fdd40:   3f1a3b543f1a3b54 3f1a3b543f1a3b54
0x000000e9773fdd50:   3f1a3b543f1a3b54 3f1a3b543f1a3b54
0x000000e9773fdd60:   3f1a3b543f1a3b54 3f1a3b543f1a3b54
0x000000e9773fdd70:   3f1a3b543f1a3b54 3f1a3b543f1a3b54
0x000000e9773fdd80:   0000000000000000 0000000000000000
0x000000e9773fdd90:   0000000000000000 0000000000000000
0x000000e9773fdda0:   0000000000000000 0000000000000000
0x000000e9773fddb0:   0000000000000000 0000000000000000
0x000000e9773fddc0:   0000000000000000 0000000000000000
0x000000e9773fddd0:   0000000000000000 0000000000000000
0x000000e9773fdde0:   0000000000000000 0000000000000000
0x000000e9773fddf0:   0000000000000000 0000000000000000
0x000000e9773fde00:   c04ccccdc04ccccd c04ccccdc04ccccd
0x000000e9773fde10:   c04ccccdc04ccccd c04ccccdc04ccccd
0x000000e9773fde20:   c04ccccdc04ccccd c04ccccdc04ccccd
0x000000e9773fde30:   c04ccccdc04ccccd c04ccccdc04ccccd
0x000000e9773fde40:   bf400000bf4ccccd bf266667bf333333
0x000000e9773fde50:   bf0ccccdbf19999a bee66667bf000000
0x000000e9773fde60:   beb33333becccccd be800000be99999a
0x000000e9773fde70:   be19999abe4ccccd bd4ccccdbdcccccd
0x000000e9773fde80:   0000000000000000 0000000000000000
0x000000e9773fde90:   0000000000000000 0000000000000000
0x000000e9773fdea0:   0000000000000000 0000000000000000
0x000000e9773fdeb0:   0000000000000000 0000000000000000
0x000000e9773fdec0:   0000000000000000 0000000000000000 

Instructions: (pc=0x00007ffdc11593b5)
0x00007ffdc11592b5:   8b d9 62 f1 7c 48 11 5d 02 62 f1 7c 48 11 55 03
0x00007ffdc11592c5:   62 f1 7c 48 11 4d 04 48 63 50 08 62 f1 7c 48 11
0x00007ffdc11592d5:   45 01 c5 fc 11 85 40 01 00 00 62 f3 fd 48 1b 45
0x00007ffdc11592e5:   0b 01 48 8b 4c 0a 38 48 85 c9 74 38 48 8b 01 ff
0x00007ffdc11592f5:   50 08 62 f1 7c 48 10 5d 02 62 f1 7c 48 10 55 03
0x00007ffdc1159305:   62 f1 7c 48 10 4d 04 c5 fc 11 45 00 62 f3 fd 48
0x00007ffdc1159315:   1b 45 01 01 62 f1 7c 48 10 65 00 62 f1 7c 48 10
0x00007ffdc1159325:   45 01 eb 08 62 f2 7d 48 18 64 1a 10 48 8b 43 08
0x00007ffdc1159335:   62 f1 7c 48 11 65 07 48 63 50 08 48 8b 4c 1a 58
0x00007ffdc1159345:   48 85 c9 74 1c 48 8b 01 ff 50 08 c5 fc 11 45 00
0x00007ffdc1159355:   62 f3 fd 48 1b 45 01 01 62 f1 7c 48 10 45 00 eb
0x00007ffdc1159365:   08 62 f2 7d 48 18 44 1a 18 48 8b 43 08 62 f1 7c
0x00007ffdc1159375:   48 10 5d 02 62 f1 7c 48 10 55 03 62 f1 7c 48 11
0x00007ffdc1159385:   45 06 48 63 48 08 62 f2 7d 48 18 44 19 1b 62 f2
0x00007ffdc1159395:   7d 48 18 4c 19 1c 48 8b 4c 19 20 62 f1 7c 48 11
0x00007ffdc11593a5:   45 09 62 f1 7c 48 10 45 01 62 f1 7c 48 11 4d 00
0x00007ffdc11593b5:   48 8b 01 62 f1 7c 48 10 4d 04 ff 50 08 48 8b 4b
0x00007ffdc11593c5:   08 be 01 00 00 00 62 f1 7c 48 10 65 00 c5 fc 11
0x00007ffdc11593d5:   45 40 62 f3 fd 48 1b 45 03 01 48 63 41 08 62 f1
0x00007ffdc11593e5:   7c 48 59 c4 62 f1 7c 48 11 45 08 39 74 18 68 0f
0x00007ffdc11593f5:   8e 26 01 00 00 62 e2 7d 48 18 05 98 b1 03 00 62
0x00007ffdc1159405:   f2 7d 48 18 1d 92 b1 03 00 62 f1 7e 48 6f 6d 05
0x00007ffdc1159415:   62 f3 7d 48 25 c0 ff 62 f1 7e 48 7f 45 0a 62 f1
0x00007ffdc1159425:   64 48 58 4d 01 48 63 41 08 62 f1 55 48 fa e8 62
0x00007ffdc1159435:   f1 7c 48 10 d3 62 b2 75 48 ba d0 48 8b 4c 18 20
0x00007ffdc1159445:   62 f1 7c 48 10 c3 62 f2 6d 48 b8 45 06 62 f1 7c
0x00007ffdc1159455:   48 10 55 09 62 f1 6c 48 59 4d 03 48 8b 01 62 f1
0x00007ffdc1159465:   5c 48 59 c0 62 f1 7c 48 59 45 07 62 f1 6c 48 59
0x00007ffdc1159475:   65 04 62 f1 7c 48 11 45 00 62 f1 6c 48 59 45 02
0x00007ffdc1159485:   62 f1 7c 48 11 45 02 62 f1 7c 48 10 d8 62 f1 7c
0x00007ffdc1159495:   48 11 4d 03 62 f1 7c 48 10 d1 62 f1 7e 48 6f c5
0x00007ffdc11594a5:   62 f1 7c 48 10 cc 62 f1 7e 48 7f 6d 05 62 f1 7c 


Stack slot to memory mapping:

stack at sp + 0 slots: 0x000000e9773fdce8 is pointing into the stack for thread: 0x0000022cf749bdd0
stack at sp + 1 slots: 0x000000e9773fddf0 is pointing into the stack for thread: 0x0000022cf749bdd0
stack at sp + 2 slots: 0x0000022c9b970fcd is at begin+186 in a stub
StubRoutines::call_stub [0x0000022c9b970f13, 0x0000022c9b97109b] (392 bytes)
stack at sp + 3 slots: 0x00000006238865d8 is an unallocated location in the heap
stack at sp + 4 slots: 0x00000006240d7d40 is an unallocated location in the heap
stack at sp + 5 slots: 0x000000060d923e68 is an oop: java.lang.String 
{0x000000060d923e68} - klass: 'java/lang/String'
 - string: "invokeExact"
 - ---- fields (total size 3 words):
 - private 'hash' 'I' @12  941760871 (0x38222167)
 - private final 'coder' 'B' @16  0 (0x00)
 - private 'hashIsZero' 'Z' @17  false (0x00)
 - injected 'flags' 'B' @18  0 (0x00)
 - private final 'value' '[B' @20  [B{0x000000060d923e80} (0xc1b247d0)
stack at sp + 6 slots: 0x000000060db23350 is an oop: java.lang.Class 
{0x000000060db23350} - klass: 'java/lang/Class'
 - ---- fields (total size 17 words):
 - private volatile transient 'classRedefinedCount' 'I' @12  0 (0x00000000)
 - injected 'klass' 'J' @16  2390973121176 (0x0000022cb11a8298)
 - injected 'array_klass' 'J' @24  2390973125464 (0x0000022cb11a9358)
 - injected 'oop_size' 'I' @32  17 (0x00000011)
 - injected 'static_oop_field_count' 'I' @36  0 (0x00000000)
 - private volatile transient 'cachedConstructor' 'Ljava/lang/reflect/Constructor;' @40  null (0x00000000)
 - private transient 'name' 'Ljava/lang/String;' @44  "java.lang.invoke.MethodHandle"{0x000000060dce61b8} (0xc1b9cc37)
 - private transient 'module' 'Ljava/lang/Module;' @48  a 'java/lang/Module'{0x000000060db75b38} (0xc1b6eb67)
 - private final 'classLoader' 'Ljava/lang/ClassLoader;' @52  null (0x00000000)
 - private transient 'classData' 'Ljava/lang/Object;' @56  null (0x00000000)
 - private transient 'packageName' 'Ljava/lang/String;' @60  "java.lang.invoke"{0x000000060db77060} (0xc1b6ee0c)
 - private final 'componentType' 'Ljava/lang/Class;' @64  null (0x00000000)
 - private volatile transient 'reflectionData' 'Ljava/lang/ref/SoftReference;' @68  null (0x00000000)
 - private volatile transient 'genericInfo' 'Lsun/reflect/generics/repository/ClassRepository;' @72  null (0x00000000)
 - private volatile transient 'enumConstants' '[Ljava/lang/Object;' @76  null (0x00000000)
 - private volatile transient 'enumConstantDirectory' 'Ljava/util/Map;' @80  null (0x00000000)
 - private volatile transient 'annotationData' 'Ljava/lang/Class$AnnotationData;' @84  null (0x00000000)
 - private volatile transient 'annotationType' 'Lsun/reflect/annotation/AnnotationType;' @88  null (0x00000000)
 - transient 'classValueMap' 'Ljava/lang/ClassValue$ClassValueMap;' @92  null (0x00000000)
 - injected 'protection_domain' 'Ljava/lang/Object;' @96  null (0x00000000)
 - injected 'signers_name' 'Ljava/lang/Object;' @100  null (0x00000000)
 - injected 'source_file' 'Ljava/lang/Object;' @104  null (0x00000000)
 - injected '<init_lock>' 'Ljava/lang/Object;' @108  null (0x00000000)
 - signature: Ljava/lang/invoke/MethodHandle;
 - ---- static fields (0):
 - private static final 'FORM_OFFSET' 'J' @112  20 (0x0000000000000014)
 - private static final 'UPDATE_OFFSET' 'J' @120  13 (0x000000000000000d)
 - static final synthetic '$assertionsDisabled' 'Z' @128  true (0x01)
stack at sp + 7 slots: 0x000000e900000005 is an unknown value

Lock stack of current Java thread (top to bottom):

--------------------------------------------------------------------------------
Decoding CodeBlob, name: nep_invoker_blob, at  [0x0000022c9bcbf260, 0x0000022c9bcbf3a8]  328 bytes
[MachCode]
  0x0000022c9bcbf260: 5548 8bec | 4883 ec60 | c5f8 7749 | 89af b003 | 0000 49ba | 68f2 cb9b | 2c02 0000 | 4d89 97a8 
  0x0000022c9bcbf280: 0300 0049 | 89a7 a003 | 0000 41c7 | 8744 0400 | 0004 0000 | 0048 894c | 2420 488b | 5d10 4889 
  0x0000022c9bcbf2a0: 5c24 2848 | 8b5d 1848 | 895c 2430 | 488b 5d20 | 4889 5c24 | 38c5 f9d6 | 4424 4048 | 8b5d 2848 
  0x0000022c9bcbf2c0: 895c 2448 | 488b 5d30 | 4889 5c24 | 504c 8bd2 | 498b d14c | 8bce 498b | c84c 8bc7 | 41ff d2c5 
  0x0000022c9bcbf2e0: f877 41c7 | 8744 0400 | 0005 0000 | 00f0 8344 | 24c0 0049 | 3baf 4804 | 0000 0f87 | 4d00 0000 
  0x0000022c9bcbf300: 4183 bf40 | 0400 0000 | 0f85 3f00 | 0000 41c7 | 8744 0400 | 0008 0000 | 0041 83bf | c804 0000 
  0x0000022c9bcbf320: 020f 8453 | 0000 0049 | c787 a003 | 0000 0000 | 0000 49c7 | 87b0 0300 | 0000 0000 | 0049 c787 
  0x0000022c9bcbf340: a803 0000 | 0000 0000 | c5f8 77c9 | c348 8904 | 2449 8bcf | c5f8 774c | 8be4 4883 | ec20 4883 
  0x0000022c9bcbf360: e4f0 48b8 | 80ab f411 | fe7f 0000 | ffd0 498b | e44d 33e4 | 488b 0424 | eb94 4889 | 0424 c5f8 
  0x0000022c9bcbf380: 774c 8be4 | 4883 ec20 | 4883 e4f0 | 48b8 a025 | 2b12 fe7f | 0000 ffd0 | 498b e44d | 33e4 488b 
  0x0000022c9bcbf3a0: 0424 eb83 | f4f4 f4f4 
[/MachCode]
--------------------------------------------------------------------------------


Compiled method (n/a) 2251   91     n 0       jdk.internal.vm.Continuation::enterSpecial (native)
 total in heap  [0x0000022c9c0b5008,0x0000022c9c0b5330] = 808
 relocation     [0x0000022c9c0b50e0,0x0000022c9c0b5108] = 40
 main code      [0x0000022c9c0b5120,0x0000022c9c0b5310] = 496
 stub code      [0x0000022c9c0b5310,0x0000022c9c0b5330] = 32

[Constant Pool (empty)]

[MachCode]
[Entry Point]
  # {method} {0x0000022cb11bca08} 'enterSpecial' '(Ljdk/internal/vm/Continuation;ZZ)V' in 'jdk/internal/vm/Continuation'
  # parm0:    rdx:rdx   = 'jdk/internal/vm/Continuation'
  # parm1:    r8        = boolean
  # parm2:    r9        = boolean
  #           [sp+0x50]  (sp of caller)
  0x0000022c9c0b5120: 5848 8b54 | 2410 448b | 4424 0844 | 8b0c 2448 | 83e4 f050 | 493b a740 | 0500 0076 | 0749 89a7 
  0x0000022c9c0b5140: 4005 0000 | 5548 8bec | 4883 ec40 | 498b 8738 | 0500 0048 | 8944 2408 | 4989 a738 | 0500 0048 
  0x0000022c9c0b5160: 8954 2410 | 4489 4c24 | 2048 c744 | 2418 0000 | 0000 c744 | 2424 0000 | 0000 c744 | 2438 0000 
  0x0000022c9c0b5180: 0000 498b | 8740 0500 | 0048 8944 | 2428 498b | 8750 0500 | 0048 8944 | 2430 49c7 | 8740 0500 
  0x0000022c9c0b51a0: 0000 0000 | 0049 c787 | 5005 0000 | 0000 0000 | 4d85 c00f | 85ad 0000 | 0066 0f1f 

  0x0000022c9c0b51bc: ;   {static_call}
  0x0000022c9c0b51bc: 4400 00e8 | 1ca4 90ff 

  0x0000022c9c0b51c4: ;   {other}
  0x0000022c9c0b51c4: 0f1f 8400 | bc01 0000 | e9a2 0000 | 000f 1f84 | 0000 0000 | 000f 1f80 | 0000 0000 
[Verified Entry Point]
  0x0000022c9c0b51e0: 5548 8bec | 4883 ec40 | 498b 8738 | 0500 0048 | 8944 2408 | 4989 a738 | 0500 0048 | 8954 2410 
  0x0000022c9c0b5200: 4489 4c24 | 2048 c744 | 2418 0000 | 0000 c744 | 2424 0000 | 0000 c744 | 2438 0000 | 0000 498b 
  0x0000022c9c0b5220: 8740 0500 | 0048 8944 | 2428 498b | 8750 0500 | 0048 8944 | 2430 49c7 | 8740 0500 | 0000 0000 
  0x0000022c9c0b5240: 0049 c787 | 5005 0000 | 0000 0000 | 4d85 c075 | 1566 0f1f 

  0x0000022c9c0b5254: ;   {static_call}
  0x0000022c9c0b5254: 4400 00e8 | c300 0000 

  0x0000022c9c0b525c: ;   {other}
  0x0000022c9c0b525c: 0f1f 8400 | 5402 0001 

  0x0000022c9c0b5264: ;   {runtime_call StubRoutines (continuation stubs)}
  0x0000022c9c0b5264: eb0d e855 

  0x0000022c9c0b5268: ; ImmutableOopMap {}
                      ;   {other}
  0x0000022c9c0b5268: 198c ff0f | 1f84 0063 | 0200 0248 | 8b5c 2428 | 4989 9f40 | 0500 0048 | 8b5c 2430 | 4989 9f50 
  0x0000022c9c0b5288: 0500 0048 | 8b5c 2408 | 4989 9f38 | 0500 0048 | 83c4 405d | c348 8b5c | 2428 4989 | 9f40 0500 
  0x0000022c9c0b52a8: 0048 8b5c | 2430 4989 | 9f50 0500 | 0048 8b5c | 2408 4989 | 9f38 0500 | 0048 83c4 | 405d 498b 
  0x0000022c9c0b52c8: cf48 8b14 | 2450 4883 | ec20 40f6 | c40f 0f84 | 1900 0000 | 4883 ec08 

  0x0000022c9c0b52e0: ;   {runtime_call}
  0x0000022c9c0b52e0: 48b8 b0f1 | 2a12 fe7f | 0000 ffd0 | 4883 c408 | e90c 0000 

  0x0000022c9c0b52f4: ;   {runtime_call}
  0x0000022c9c0b52f4: 0048 b8b0 | f12a 12fe | 7f00 00ff | d048 83c4 | 2048 8bd8 | 585a ffe3 | f4f4 f4f4 
[Stub Code]
  0x0000022c9c0b5310: ;   {no_reloc}
  0x0000022c9c0b5310: 48bb 0000 | 0000 0000 

  0x0000022c9c0b5318: ;   {runtime_call native nmethod}
  0x0000022c9c0b5318: 0000 e9fb 

  0x0000022c9c0b531c: ;   {static_stub}
  0x0000022c9c0b531c: ffff ff48 | bba8 c91b | b12c 0200 

  0x0000022c9c0b5328: ;   {runtime_call I2C/C2I adapters}
  0x0000022c9c0b5328: 00e9 88f3 | 90ff f4f4 
[/MachCode]


---------------  P R O C E S S  ---------------

Threads class SMR info:
_java_thread_list=0x0000022cf704c6b0, length=47, elements={
0x0000022cb096d490, 0x0000022cb096eab0, 0x0000022cb0971370, 0x0000022cb0975160,
0x0000022cb0975cb0, 0x0000022cb0976930, 0x0000022cb0988c50, 0x0000022cb098dfa0,
0x0000022cb098e670, 0x0000022cb0b59a20, 0x0000022cb0b62c90, 0x0000022cf789ffb0,
0x0000022cf74e2cd0, 0x0000022cf76a47a0, 0x0000022cf6efbad0, 0x0000022cf6efc140,
0x0000022cf74e1cd0, 0x0000022cf749ebc0, 0x0000022cf749d180, 0x0000022cf749dea0,
0x0000022cf749b740, 0x0000022cf749bdd0, 0x0000022cf749caf0, 0x0000022cf749e530,
0x0000022cb098ed40, 0x0000022cb098c460, 0x0000022cb098d8d0, 0x0000022cb098f410,
0x0000022cb098d200, 0x0000022cb098bd90, 0x0000022cf7a604a0, 0x0000022cf7a60b70,
0x0000022cf7a626b0, 0x0000022cf841ba10, 0x0000022cf8420240, 0x0000022cf841f520,
0x0000022cf841acf0, 0x0000022cf84208d0, 0x0000022cf841ee90, 0x0000022cf84215f0,
0x0000022cf841fbb0, 0x0000022cf8420f60, 0x0000022cf841c0a0, 0x0000022cf8421c80,
0x0000022cf841d450, 0x0000022cf8422310, 0x0000022cf841b380
}

Java Threads: ( => current thread )
  0x0000022cb096d490 JavaThread "Reference Handler"          daemon [_thread_blocked, id=62100, stack(0x000000e976700000,0x000000e976800000) (1024K)]
  0x0000022cb096eab0 JavaThread "Finalizer"                  daemon [_thread_blocked, id=62776, stack(0x000000e976800000,0x000000e976900000) (1024K)]
  0x0000022cb0971370 JavaThread "Signal Dispatcher"          daemon [_thread_blocked, id=61880, stack(0x000000e976900000,0x000000e976a00000) (1024K)]
  0x0000022cb0975160 JavaThread "Attach Listener"            daemon [_thread_blocked, id=62896, stack(0x000000e976a00000,0x000000e976b00000) (1024K)]
  0x0000022cb0975cb0 JavaThread "Service Thread"             daemon [_thread_blocked, id=58820, stack(0x000000e976b00000,0x000000e976c00000) (1024K)]
  0x0000022cb0976930 JavaThread "Monitor Deflation Thread"   daemon [_thread_blocked, id=60916, stack(0x000000e976c00000,0x000000e976d00000) (1024K)]
  0x0000022cb0988c50 JavaThread "C2 CompilerThread0"         daemon [_thread_in_native, id=28408, stack(0x000000e976d00000,0x000000e976e00000) (1024K)]
  0x0000022cb098dfa0 JavaThread "C1 CompilerThread0"         daemon [_thread_in_vm, id=59332, stack(0x000000e976e00000,0x000000e976f00000) (1024K)]
  0x0000022cb098e670 JavaThread "C1 CompilerThread1"         daemon [_thread_in_native, id=61976, stack(0x000000e976f00000,0x000000e977000000) (1024K)]
  0x0000022cb0b59a20 JavaThread "Notification Thread"        daemon [_thread_blocked, id=61148, stack(0x000000e977000000,0x000000e977100000) (1024K)]
  0x0000022cb0b62c90 JavaThread "Common-Cleaner"             daemon [_thread_blocked, id=60980, stack(0x000000e977100000,0x000000e977200000) (1024K)]
  0x0000022cf789ffb0 JavaThread "Cleaner-0"                  daemon [_thread_blocked, id=60792, stack(0x000000e978400000,0x000000e978500000) (1024K)]
  0x0000022cf74e2cd0 JavaThread "Ms-Tick-0"                         [_thread_blocked, id=62540, stack(0x000000e978500000,0x000000e978600000) (1024K)]
  0x0000022cf76a47a0 JavaThread "Thread-0"                   daemon [_thread_blocked, id=59296, stack(0x000000e978600000,0x000000e978700000) (1024K)]
  0x0000022cf6efbad0 JavaThread "ForkJoinPool-1-worker-1"    daemon [_thread_in_native, id=62500, stack(0x000000e978700000,0x000000e978800000) (1024K)]
  0x0000022cf6efc140 JavaThread "Ms-TickScheduler"                  [_thread_in_Java, id=63172, stack(0x000000e978800000,0x000000e978900000) (1024K)]
  0x0000022cf74e1cd0 JavaThread "Read-Poller"                daemon [_thread_in_native, id=63420, stack(0x000000e978900000,0x000000e978a00000) (1024K)]
  0x0000022cf749ebc0 JavaThread "Read-Poller"                daemon [_thread_in_native, id=62700, stack(0x000000e978a00000,0x000000e978b00000) (1024K)]
  0x0000022cf749d180 JavaThread "Write-Poller"               daemon [_thread_in_native, id=63276, stack(0x000000e978b00000,0x000000e978c00000) (1024K)]
  0x0000022cf749dea0 JavaThread "DestroyJavaVM"                     [_thread_blocked, id=3860, stack(0x000000e975f00000,0x000000e976000000) (1024K)]
  0x0000022cf749b740 JavaThread "Cleaner-1"                  daemon [_thread_blocked, id=61472, stack(0x000000e977200000,0x000000e977300000) (1024K)]
=>0x0000022cf749bdd0 JavaThread "ForkJoinPool-1-worker-2"    daemon [_thread_in_native, id=60156, stack(0x000000e977300000,0x000000e977400000) (1024K)]
  0x0000022cf749caf0 JavaThread "ForkJoinPool-1-worker-3"    daemon [_thread_in_Java, id=61688, stack(0x000000e977400000,0x000000e977500000) (1024K)]
  0x0000022cf749e530 JavaThread "VirtualThread-unparker"     daemon [_thread_blocked, id=43956, stack(0x000000e977500000,0x000000e977600000) (1024K)]
  0x0000022cb098ed40 JavaThread "C2 CompilerThread1"         daemon [_thread_in_native, id=56368, stack(0x000000e977600000,0x000000e977700000) (1024K)]
  0x0000022cb098c460 JavaThread "C2 CompilerThread2"         daemon [_thread_in_native, id=51684, stack(0x000000e977700000,0x000000e977800000) (1024K)]
  0x0000022cb098d8d0 JavaThread "C1 CompilerThread2"         daemon [_thread_in_native, id=61416, stack(0x000000e978c00000,0x000000e978d00000) (1024K)]
  0x0000022cb098f410 JavaThread "C1 CompilerThread3"         daemon [_thread_in_native, id=57376, stack(0x000000e978d00000,0x000000e978e00000) (1024K)]
  0x0000022cb098d200 JavaThread "C2 CompilerThread3"         daemon [_thread_in_native, id=52912, stack(0x000000e978e00000,0x000000e978f00000) (1024K)]
  0x0000022cb098bd90 JavaThread "C2 CompilerThread4"         daemon [_thread_in_native, id=61732, stack(0x000000e978f00000,0x000000e979000000) (1024K)]
  0x0000022cf7a604a0 JavaThread "C2 CompilerThread5"         daemon [_thread_in_native, id=60364, stack(0x000000e979000000,0x000000e979100000) (1024K)]
  0x0000022cf7a60b70 JavaThread "C2 CompilerThread6"         daemon [_thread_in_native, id=61752, stack(0x000000e979100000,0x000000e979200000) (1024K)]
  0x0000022cf7a626b0 JavaThread "C2 CompilerThread7"         daemon [_thread_in_native, id=62492, stack(0x000000e979200000,0x000000e979300000) (1024K)]
  0x0000022cf841ba10 JavaThread "ForkJoinPool-1-worker-4"    daemon [_thread_in_vm, id=62636, stack(0x000000e979300000,0x000000e979400000) (1024K)]
  0x0000022cf8420240 JavaThread "ForkJoinPool-1-worker-5"    daemon [_thread_in_vm, id=58536, stack(0x000000e979400000,0x000000e979500000) (1024K)]
  0x0000022cf841f520 JavaThread "ForkJoinPool-1-worker-6"    daemon [_thread_in_vm, id=60708, stack(0x000000e979500000,0x000000e979600000) (1024K)]
  0x0000022cf841acf0 JavaThread "ForkJoinPool-1-worker-7"    daemon [_thread_in_native, id=63108, stack(0x000000e979600000,0x000000e979700000) (1024K)]
  0x0000022cf84208d0 JavaThread "ForkJoinPool-1-worker-8"    daemon [_thread_in_Java, id=53304, stack(0x000000e979700000,0x000000e979800000) (1024K)]
  0x0000022cf841ee90 JavaThread "ForkJoinPool-1-worker-9"    daemon [_thread_in_native, id=34248, stack(0x000000e979800000,0x000000e979900000) (1024K)]
  0x0000022cf84215f0 JavaThread "ForkJoinPool-1-worker-10"   daemon [_thread_in_Java, id=56748, stack(0x000000e979900000,0x000000e979a00000) (1024K)]
  0x0000022cf841fbb0 JavaThread "ForkJoinPool-1-worker-11"   daemon [_thread_in_Java, id=4156, stack(0x000000e979a00000,0x000000e979b00000) (1024K)]
  0x0000022cf8420f60 JavaThread "ForkJoinPool-1-worker-12"   daemon [_thread_in_native, id=27900, stack(0x000000e979b00000,0x000000e979c00000) (1024K)]
  0x0000022cf841c0a0 JavaThread "ForkJoinPool-1-worker-13"   daemon [_thread_in_native, id=52396, stack(0x000000e979c00000,0x000000e979d00000) (1024K)]
  0x0000022cf8421c80 JavaThread "ForkJoinPool-1-worker-14"   daemon [_thread_blocked, id=62676, stack(0x000000e979d00000,0x000000e979e00000) (1024K)]
  0x0000022cf841d450 JavaThread "ForkJoinPool-1-worker-15"   daemon [_thread_in_native, id=59960, stack(0x000000e979e00000,0x000000e979f00000) (1024K)]
  0x0000022cf8422310 JavaThread "ForkJoinPool-1-worker-16"   daemon [_thread_blocked, id=52540, stack(0x000000e979f00000,0x000000e97a000000) (1024K)]
  0x0000022cf841b380 JavaThread "Cleaner-2"                  daemon [_thread_blocked, id=57660, stack(0x000000e97a000000,0x000000e97a100000) (1024K)]
Total: 47

Other Threads:
  0x0000022cadb73820 VMThread "VM Thread"                           [id=57220, stack(0x000000e976600000,0x000000e976700000) (1024K)] _threads_hazard_ptr=0x0000022cf704c6b0
  0x0000022cadb5ffb0 WatcherThread "VM Periodic Task Thread"        [id=38696, stack(0x000000e976500000,0x000000e976600000) (1024K)]
  0x0000022c8be89e30 WorkerThread "GC Thread#0"                     [id=63352, stack(0x000000e976000000,0x000000e976100000) (1024K)]
  0x0000022cf6ed7d90 WorkerThread "GC Thread#1"                     [id=53432, stack(0x000000e977800000,0x000000e977900000) (1024K)]
  0x0000022cf690bda0 WorkerThread "GC Thread#2"                     [id=62652, stack(0x000000e977900000,0x000000e977a00000) (1024K)]
  0x0000022cf6dcb080 WorkerThread "GC Thread#3"                     [id=61836, stack(0x000000e977a00000,0x000000e977b00000) (1024K)]
  0x0000022cf75aa220 WorkerThread "GC Thread#4"                     [id=62660, stack(0x000000e977b00000,0x000000e977c00000) (1024K)]
  0x0000022cf693c9e0 WorkerThread "GC Thread#5"                     [id=63304, stack(0x000000e977c00000,0x000000e977d00000) (1024K)]
  0x0000022cf7258210 WorkerThread "GC Thread#6"                     [id=62844, stack(0x000000e977d00000,0x000000e977e00000) (1024K)]
  0x0000022cf72589d0 WorkerThread "GC Thread#7"                     [id=55208, stack(0x000000e977e00000,0x000000e977f00000) (1024K)]
  0x0000022cf6eccea0 WorkerThread "GC Thread#8"                     [id=62712, stack(0x000000e977f00000,0x000000e978000000) (1024K)]
  0x0000022cf6ecd660 WorkerThread "GC Thread#9"                     [id=62752, stack(0x000000e978000000,0x000000e978100000) (1024K)]
  0x0000022cf6ecda10 WorkerThread "GC Thread#10"                    [id=63116, stack(0x000000e978100000,0x000000e978200000) (1024K)]
  0x0000022cf77e8f60 WorkerThread "GC Thread#11"                    [id=59000, stack(0x000000e978200000,0x000000e978300000) (1024K)]
  0x0000022cf77e96c0 WorkerThread "GC Thread#12"                    [id=42208, stack(0x000000e978300000,0x000000e978400000) (1024K)]
  0x0000022c8be9e7c0 ConcurrentGCThread "G1 Main Marker"            [id=63376, stack(0x000000e976100000,0x000000e976200000) (1024K)]
  0x0000022cad980b70 WorkerThread "G1 Conc#0"                       [id=49008, stack(0x000000e976200000,0x000000e976300000) (1024K)]
  0x0000022cf7663cb0 WorkerThread "G1 Conc#1"                       [id=62632, stack(0x000000e97a100000,0x000000e97a200000) (1024K)]
  0x0000022cf76652d0 WorkerThread "G1 Conc#2"                       [id=61164, stack(0x000000e97a200000,0x000000e97a300000) (1024K)]
  0x0000022cada2f320 ConcurrentGCThread "G1 Refine#0"               [id=50748, stack(0x000000e976300000,0x000000e976400000) (1024K)]
  0x0000022cada2fea0 ConcurrentGCThread "G1 Service"                [id=59948, stack(0x000000e976400000,0x000000e976500000) (1024K)]
Total: 21

Threads with active compile tasks:
C2 CompilerThread0  2260 3747       4       java.lang.invoke.VarHandleReferences$FieldInstanceReadWrite::compareAndSet (48 bytes)
C1 CompilerThread0  2260 3774       3       it.unimi.dsi.fastutil.longs.Long2ObjectOpenHashMap::put (48 bytes)
C1 CompilerThread1  2260 3771       3       sun.security.provider.ByteArrayAccess::i2bBig4 (10 bytes)
C2 CompilerThread1  2260 3511       4       java.lang.invoke.MemberName::getInvocationType (56 bytes)
C2 CompilerThread2  2260 3403       4       java.lang.invoke.MethodTypeForm::canonicalize (59 bytes)
C1 CompilerThread2  2260 3783       3       jdk.internal.foreign.Utils::byteToBoolean (10 bytes)
C1 CompilerThread3  2260 3763   !   3       java.util.concurrent.ConcurrentHashMap::replaceNode (437 bytes)
C2 CompilerThread3  2260 3730       4       java.lang.invoke.VarHandleGuards::guard_LLL_Z (86 bytes)
C2 CompilerThread4  2260 3768       4       net.minestom.server.instance.light.SkyLight::invalidate (19 bytes)
C2 CompilerThread5  2260 3740       4       java.lang.invoke.Invokers::maybeCustomize (5 bytes)
C2 CompilerThread6  2260 3692       4       me.pixlent.SandwichGenerator::generate (211 bytes)
C2 CompilerThread7  2260 3698       4       me.pixlent.noise.FastNoiseFunction::batch (137 bytes)
Total: 12

VM state: at safepoint (normal execution)

VM Mutex/Monitor currently owned by a thread:  ([mutex/lock_event])
[0x00007ffe127d4888] Threads_lock - owner thread: 0x0000022cadb73820
[0x00007ffe127d4988] Heap_lock - owner thread: 0x0000022cf84208d0

Heap address: 0x000000060d800000, size: 7976 MB, Compressed Oops mode: Zero based, Oop shift amount: 3

CDS archive(s) mapped at: [0x0000022cb1000000-0x0000022cb1d70000-0x0000022cb1d70000), size 14090240, SharedBaseAddress: 0x0000022cb1000000, ArchiveRelocationMode: 1.
Compressed class space mapped at: 0x0000022cb2000000-0x0000022cf2000000, reserved size: 1073741824
Narrow klass base: 0x0000022cb1000000, Narrow klass shift: 0, Narrow klass range: 0x41000000

GC Precious Log:
 CardTable entry size: 512
 Card Set container configuration: InlinePtr #cards 4 size 8 Array Of Cards #cards 32 size 80 Howl #buckets 8 coarsen threshold 7372 Howl Bitmap #cards 1024 size 144 coarsen threshold 921 Card regions per heap region 1 cards per card region 8192
 CPUs: 16 total, 16 available
 Memory: 31900M
 Large Page Support: Disabled
 NUMA Support: Disabled
 Compressed Oops: Enabled (Zero based)
 Heap Region Size: 4M
 Heap Min Capacity: 8M
 Heap Initial Capacity: 500M
 Heap Max Capacity: 7976M
 Pre-touch: Disabled
 Parallel Workers: 13
 Concurrent Workers: 3
 Concurrent Refinement Workers: 13
 Periodic GC: Disabled

Heap:
 garbage-first heap   total reserved 8167424K, committed 245760K, used 182443K [0x000000060d800000, 0x0000000800000000)
  region size 4096K, 29 young (118784K), 1 survivors (4096K)
 Metaspace       used 20344K, committed 21632K, reserved 1114112K
  class space    used 3337K, committed 3840K, reserved 1048576K

Heap Regions: E=young(eden), S=young(survivor), O=old, HS=humongous(starts), HC=humongous(continues), CS=collection set, F=free, TAMS=top-at-mark-start, PB=parsable bottom
|   0|0x000000060d800000, 0x000000060dc00000, 0x000000060dc00000|100%| O|  |TAMS 0x000000060d800000| PB 0x000000060d800000| Untracked |  0
|   1|0x000000060dc00000, 0x000000060e000000, 0x000000060e000000|100%| O|  |TAMS 0x000000060dc00000| PB 0x000000060dc00000| Untracked |  0
|   2|0x000000060e000000, 0x000000060e400000, 0x000000060e400000|100%| O|  |TAMS 0x000000060e000000| PB 0x000000060e000000| Untracked |  0
|   3|0x000000060e400000, 0x000000060e800000, 0x000000060e800000|100%| O|  |TAMS 0x000000060e400000| PB 0x000000060e400000| Untracked |  0
|   4|0x000000060e800000, 0x000000060ec00000, 0x000000060ec00000|100%| O|  |TAMS 0x000000060e800000| PB 0x000000060e800000| Untracked |  0
|   5|0x000000060ec00000, 0x000000060f000000, 0x000000060f000000|100%| O|  |TAMS 0x000000060ec00000| PB 0x000000060ec00000| Untracked |  0
|   6|0x000000060f000000, 0x000000060f400000, 0x000000060f400000|100%| O|  |TAMS 0x000000060f000000| PB 0x000000060f000000| Untracked |  0
|   7|0x000000060f400000, 0x000000060f800000, 0x000000060f800000|100%| O|  |TAMS 0x000000060f400000| PB 0x000000060f400000| Untracked |  0
|   8|0x000000060f800000, 0x000000060fc00000, 0x000000060fc00000|100%| O|  |TAMS 0x000000060f800000| PB 0x000000060f800000| Untracked |  0
|   9|0x000000060fc00000, 0x0000000610000000, 0x0000000610000000|100%| O|CS|TAMS 0x000000060fc00000| PB 0x000000060fc00000| Complete |  0
|  10|0x0000000610000000, 0x0000000610400000, 0x0000000610400000|100%| O|  |TAMS 0x0000000610000000| PB 0x0000000610000000| Untracked |  0
|  11|0x0000000610400000, 0x0000000610800000, 0x0000000610800000|100%| O|  |TAMS 0x0000000610400000| PB 0x0000000610400000| Untracked |  0
|  12|0x0000000610800000, 0x0000000610c00000, 0x0000000610c00000|100%| O|  |TAMS 0x0000000610800000| PB 0x0000000610800000| Untracked |  0
|  13|0x0000000610c00000, 0x0000000611000000, 0x0000000611000000|100%| O|  |TAMS 0x0000000610c00000| PB 0x0000000610c00000| Untracked |  0
|  14|0x0000000611000000, 0x000000061118a480, 0x0000000611400000| 38%| O|  |TAMS 0x0000000611000000| PB 0x0000000611000000| Untracked |  0
|  15|0x0000000611400000, 0x0000000611635d70, 0x0000000611800000| 55%| O|  |TAMS 0x0000000611400000| PB 0x0000000611400000| Untracked |  0
|  16|0x0000000611800000, 0x0000000611800000, 0x0000000611c00000|  0%| F|  |TAMS 0x0000000611800000| PB 0x0000000611800000| Untracked |  0
|  17|0x0000000611c00000, 0x0000000611c00000, 0x0000000612000000|  0%| F|  |TAMS 0x0000000611c00000| PB 0x0000000611c00000| Untracked |  0
|  18|0x0000000612000000, 0x0000000612000000, 0x0000000612400000|  0%| F|  |TAMS 0x0000000612000000| PB 0x0000000612000000| Untracked |  0
|  19|0x0000000612400000, 0x0000000612400000, 0x0000000612800000|  0%| F|  |TAMS 0x0000000612400000| PB 0x0000000612400000| Untracked |  0
|  20|0x0000000612800000, 0x0000000612800000, 0x0000000612c00000|  0%| F|  |TAMS 0x0000000612800000| PB 0x0000000612800000| Untracked |  0
|  21|0x0000000612c00000, 0x0000000612c00000, 0x0000000613000000|  0%| F|  |TAMS 0x0000000612c00000| PB 0x0000000612c00000| Untracked |  0
|  22|0x0000000613000000, 0x0000000613000000, 0x0000000613400000|  0%| F|  |TAMS 0x0000000613000000| PB 0x0000000613000000| Untracked |  0
|  23|0x0000000613400000, 0x0000000613400000, 0x0000000613800000|  0%| F|  |TAMS 0x0000000613400000| PB 0x0000000613400000| Untracked |  0
|  24|0x0000000613800000, 0x0000000613800000, 0x0000000613c00000|  0%| F|  |TAMS 0x0000000613800000| PB 0x0000000613800000| Untracked |  0
|  25|0x0000000613c00000, 0x0000000613c00000, 0x0000000614000000|  0%| F|  |TAMS 0x0000000613c00000| PB 0x0000000613c00000| Untracked |  0
|  26|0x0000000614000000, 0x0000000614000000, 0x0000000614400000|  0%| F|  |TAMS 0x0000000614000000| PB 0x0000000614000000| Untracked |  0
|  27|0x0000000614400000, 0x00000006145fa880, 0x0000000614800000| 49%| S|  |TAMS 0x0000000614400000| PB 0x0000000614400000| Complete |  0
|  28|0x0000000614800000, 0x0000000614c00000, 0x0000000614c00000|100%| S|  |TAMS 0x0000000614800000| PB 0x0000000614800000| Complete |  0
|  29|0x0000000614c00000, 0x0000000615000000, 0x0000000615000000|100%| E|CS|TAMS 0x0000000614c00000| PB 0x0000000614c00000| Complete |  0
|  30|0x0000000615000000, 0x0000000615400000, 0x0000000615400000|100%| E|CS|TAMS 0x0000000615000000| PB 0x0000000615000000| Complete |  0
|  31|0x0000000615400000, 0x0000000615800000, 0x0000000615800000|100%| E|CS|TAMS 0x0000000615400000| PB 0x0000000615400000| Complete |  0
|  32|0x0000000615800000, 0x00000006158a0a40, 0x0000000615c00000| 15%| E|CS|TAMS 0x0000000615800000| PB 0x0000000615800000| Complete |  0
|  94|0x0000000625000000, 0x0000000625400000, 0x0000000625400000|100%| E|CS|TAMS 0x0000000625000000| PB 0x0000000625000000| Complete |  0
|  95|0x0000000625400000, 0x0000000625800000, 0x0000000625800000|100%| E|CS|TAMS 0x0000000625400000| PB 0x0000000625400000| Complete |  0
| 128|0x000000062d800000, 0x000000062dc00000, 0x000000062dc00000|100%| E|CS|TAMS 0x000000062d800000| PB 0x000000062d800000| Complete |  0
| 129|0x000000062dc00000, 0x000000062e000000, 0x000000062e000000|100%| E|CS|TAMS 0x000000062dc00000| PB 0x000000062dc00000| Complete |  0
| 130|0x000000062e000000, 0x000000062e400000, 0x000000062e400000|100%| E|CS|TAMS 0x000000062e000000| PB 0x000000062e000000| Complete |  0
| 131|0x000000062e400000, 0x000000062e800000, 0x000000062e800000|100%| E|CS|TAMS 0x000000062e400000| PB 0x000000062e400000| Complete |  0
| 132|0x000000062e800000, 0x000000062ec00000, 0x000000062ec00000|100%| E|CS|TAMS 0x000000062e800000| PB 0x000000062e800000| Complete |  0
| 133|0x000000062ec00000, 0x000000062f000000, 0x000000062f000000|100%| E|CS|TAMS 0x000000062ec00000| PB 0x000000062ec00000| Complete |  0
| 134|0x000000062f000000, 0x000000062f400000, 0x000000062f400000|100%| E|CS|TAMS 0x000000062f000000| PB 0x000000062f000000| Complete |  0
| 135|0x000000062f400000, 0x000000062f800000, 0x000000062f800000|100%| E|CS|TAMS 0x000000062f400000| PB 0x000000062f400000| Complete |  0
| 136|0x000000062f800000, 0x000000062fc00000, 0x000000062fc00000|100%| E|CS|TAMS 0x000000062f800000| PB 0x000000062f800000| Complete |  0
| 137|0x000000062fc00000, 0x0000000630000000, 0x0000000630000000|100%| E|CS|TAMS 0x000000062fc00000| PB 0x000000062fc00000| Complete |  0
| 138|0x0000000630000000, 0x0000000630400000, 0x0000000630400000|100%| E|CS|TAMS 0x0000000630000000| PB 0x0000000630000000| Complete |  0
| 139|0x0000000630400000, 0x0000000630800000, 0x0000000630800000|100%| E|CS|TAMS 0x0000000630400000| PB 0x0000000630400000| Complete |  0
| 140|0x0000000630800000, 0x0000000630c00000, 0x0000000630c00000|100%| E|CS|TAMS 0x0000000630800000| PB 0x0000000630800000| Complete |  0
| 141|0x0000000630c00000, 0x0000000631000000, 0x0000000631000000|100%| E|CS|TAMS 0x0000000630c00000| PB 0x0000000630c00000| Complete |  0
| 142|0x0000000631000000, 0x0000000631400000, 0x0000000631400000|100%| E|CS|TAMS 0x0000000631000000| PB 0x0000000631000000| Complete |  0
| 143|0x0000000631400000, 0x0000000631800000, 0x0000000631800000|100%| E|CS|TAMS 0x0000000631400000| PB 0x0000000631400000| Untracked |  0
| 144|0x0000000631800000, 0x0000000631800000, 0x0000000631c00000|  0%| F|CS|TAMS 0x0000000631800000| PB 0x0000000631800000| Untracked |  0
| 145|0x0000000631c00000, 0x0000000631c00000, 0x0000000632000000|  0%| F|CS|TAMS 0x0000000631c00000| PB 0x0000000631c00000| Untracked |  0
| 146|0x0000000632000000, 0x0000000632000000, 0x0000000632400000|  0%| F|  |TAMS 0x0000000632000000| PB 0x0000000632000000| Untracked |  0
| 147|0x0000000632400000, 0x0000000632400000, 0x0000000632800000|  0%| F|  |TAMS 0x0000000632400000| PB 0x0000000632400000| Untracked |  0
| 148|0x0000000632800000, 0x0000000632800000, 0x0000000632c00000|  0%| F|  |TAMS 0x0000000632800000| PB 0x0000000632800000| Untracked |  0
| 149|0x0000000632c00000, 0x0000000632c00000, 0x0000000633000000|  0%| F|  |TAMS 0x0000000632c00000| PB 0x0000000632c00000| Untracked |  0
| 150|0x0000000633000000, 0x0000000633000000, 0x0000000633400000|  0%| F|  |TAMS 0x0000000633000000| PB 0x0000000633000000| Untracked |  0
| 151|0x0000000633400000, 0x0000000633400000, 0x0000000633800000|  0%| F|  |TAMS 0x0000000633400000| PB 0x0000000633400000| Untracked |  0
| 152|0x0000000633800000, 0x00000006339dfd80, 0x0000000633c00000| 46%| E|  |TAMS 0x0000000633800000| PB 0x0000000633800000| Complete |  0

Card table byte_map: [0x0000022ca4d40000,0x0000022ca5ce0000] _byte_map_base: 0x0000022ca1cd4000

Marking Bits: (CMBitMap*) 0x0000022c8be8a540
 Bits: [0x0000022ca5ce0000, 0x0000022cad980000)

Polling page: 0x0000022c89d90000

Metaspace:

Usage:
  Non-class:     16.61 MB used.
      Class:      3.26 MB used.
       Both:     19.87 MB used.

Virtual space:
  Non-class space:       64.00 MB reserved,      17.38 MB ( 27%) committed,  1 nodes.
      Class space:        1.00 GB reserved,       3.75 MB ( <1%) committed,  1 nodes.
             Both:        1.06 GB reserved,      21.12 MB (  2%) committed. 

Chunk freelists:
   Non-Class:  14.62 MB
       Class:  12.11 MB
        Both:  26.73 MB

MaxMetaspaceSize: unlimited
CompressedClassSpaceSize: 1.00 GB
Initial GC threshold: 21.00 MB
Current GC threshold: 35.12 MB
CDS: on
 - commit_granule_bytes: 65536.
 - commit_granule_words: 8192.
 - virtual_space_node_default_size: 8388608.
 - enlarge_chunks_in_place: 1.
 - use_allocation_guard: 0.


Internal statistics:

num_allocs_failed_limit: 3.
num_arena_births: 1746.
num_arena_deaths: 0.
num_vsnodes_births: 2.
num_vsnodes_deaths: 0.
num_space_committed: 337.
num_space_uncommitted: 0.
num_chunks_returned_to_freelist: 3.
num_chunks_taken_from_freelist: 2918.
num_chunk_merges: 0.
num_chunk_splits: 1683.
num_chunks_enlarged: 737.
num_inconsistent_stats: 0.

CodeHeap 'non-profiled nmethods': size=119232Kb used=1936Kb max_used=1936Kb free=117295Kb
 bounds [0x0000022c9c0b0000, 0x0000022c9c320000, 0x0000022ca3520000]
CodeHeap 'profiled nmethods': size=119104Kb used=4991Kb max_used=4991Kb free=114112Kb
 bounds [0x0000022c94520000, 0x0000022c94a00000, 0x0000022c9b970000]
CodeHeap 'non-nmethods': size=7424Kb used=3682Kb max_used=3759Kb free=3741Kb
 bounds [0x0000022c9b970000, 0x0000022c9bd20000, 0x0000022c9c0b0000]
CodeCache: size=245760Kb, used=10609Kb, max_used=10686Kb, free=235148Kb
 total_blobs=4602, nmethods=3765, adapters=717, full_count=0
Compilation: enabled, stopped_count=0, restarted_count=0

Compilation events (20 events):
Event: 2.095 Thread 0x0000022cb098f410 nmethod 3497 0x0000022c949bed08 code [0x0000022c949bee60, 0x0000022c949bf118]
Event: 2.095 Thread 0x0000022cb0988c50 nmethod 3447 0x0000022c9c255488 code [0x0000022c9c2555a0, 0x0000022c9c2556c0]
Event: 2.095 Thread 0x0000022cb098dfa0 nmethod 3519 0x0000022c949bf188 code [0x0000022c949bf2c0, 0x0000022c949bf4a8]
Event: 2.095 Thread 0x0000022cb0988c50 3512       4       jdk.internal.org.objectweb.asm.Frame::execute (2305 bytes)
Event: 2.095 Thread 0x0000022cb098bd90 nmethod 3413 0x0000022c9c255788 code [0x0000022c9c2559a0, 0x0000022c9c256e28]
Event: 2.096 Thread 0x0000022cb098ed40 nmethod 3402 0x0000022c9c256f08 code [0x0000022c9c2571a0, 0x0000022c9c258588]
Event: 2.097 Thread 0x0000022cb098d200 nmethod 3507 0x0000022c9c258708 code [0x0000022c9c258800, 0x0000022c9c258978]
Event: 2.097 Thread 0x0000022cb098bd90 3520       4       jdk.internal.org.objectweb.asm.SymbolTable::addType (81 bytes)
Event: 2.097 Thread 0x0000022cb098d200 3521       4       jdk.internal.org.objectweb.asm.Frame::getAbstractTypeFromDescriptor (462 bytes)
Event: 2.098 Thread 0x0000022cb098ed40 3511       4       java.lang.invoke.MemberName::getInvocationType (56 bytes)
Event: 2.099 Thread 0x0000022cb098e670 3526       3       jdk.internal.misc.Unsafe::bool2byte (10 bytes)
Event: 2.099 Thread 0x0000022cb098dfa0 3528       3       java.lang.invoke.Invokers::getFunction (53 bytes)
Event: 2.099 Thread 0x0000022cb098d8d0 3529       3       java.lang.invoke.LambdaForm$Name::<init> (65 bytes)
Event: 2.099 Thread 0x0000022cb098f410 3531       3       java.lang.invoke.DirectMethodHandle::make (21 bytes)
Event: 2.099 Thread 0x0000022cb098e670 nmethod 3526 0x0000022c949bf508 code [0x0000022c949bf620, 0x0000022c949bf780]
Event: 2.099 Thread 0x0000022cb098d8d0 nmethod 3529 0x0000022c949bf808 code [0x0000022c949bf940, 0x0000022c949bfb48]
Event: 2.099 Thread 0x0000022cb098dfa0 nmethod 3528 0x0000022c949bfb88 code [0x0000022c949bfcc0, 0x0000022c949bfff0]
Event: 2.099 Thread 0x0000022cb098f410 nmethod 3531 0x0000022c949c0008 code [0x0000022c949c0140, 0x0000022c949c0320]
Event: 2.099 Thread 0x0000022cb098e670 3533       3       java.lang.invoke.InvokerBytecodeGenerator::isStaticallyInvocableType (50 bytes)
Event: 2.100 Thread 0x0000022cb098d8d0 3532  s    3       java.lang.Throwable::fillInStackTrace (29 bytes)

GC Heap History (12 events):
Event: 0.288 GC heap before
{Heap before GC invocations=0 (full 0):
 garbage-first heap   total reserved 8167424K, committed 512000K, used 20480K [0x000000060d800000, 0x0000000800000000)
  region size 4096K, 6 young (24576K), 0 survivors (0K)
 Metaspace       used 5053K, committed 5184K, reserved 1114112K
  class space    used 593K, committed 640K, reserved 1048576K
}
Event: 0.290 GC heap after
{Heap after GC invocations=1 (full 0):
 garbage-first heap   total reserved 8167424K, committed 512000K, used 7261K [0x000000060d800000, 0x0000000800000000)
  region size 4096K, 1 young (4096K), 1 survivors (4096K)
 Metaspace       used 5053K, committed 5184K, reserved 1114112K
  class space    used 593K, committed 640K, reserved 1048576K
}
Event: 0.569 GC heap before
{Heap before GC invocations=1 (full 0):
 garbage-first heap   total reserved 8167424K, committed 512000K, used 27741K [0x000000060d800000, 0x0000000800000000)
  region size 4096K, 6 young (24576K), 1 survivors (4096K)
 Metaspace       used 8905K, committed 9152K, reserved 1114112K
  class space    used 1261K, committed 1408K, reserved 1048576K
}
Event: 0.571 GC heap after
{Heap after GC invocations=2 (full 0):
 garbage-first heap   total reserved 8167424K, committed 512000K, used 9528K [0x000000060d800000, 0x0000000800000000)
  region size 4096K, 1 young (4096K), 1 survivors (4096K)
 Metaspace       used 8905K, committed 9152K, reserved 1114112K
  class space    used 1261K, committed 1408K, reserved 1048576K
}
Event: 1.622 GC heap before
{Heap before GC invocations=2 (full 0):
 garbage-first heap   total reserved 8167424K, committed 512000K, used 62776K [0x000000060d800000, 0x0000000800000000)
  region size 4096K, 15 young (61440K), 1 survivors (4096K)
 Metaspace       used 16199K, committed 16576K, reserved 1114112K
  class space    used 2626K, committed 2816K, reserved 1048576K
}
Event: 1.628 GC heap after
{Heap after GC invocations=3 (full 0):
 garbage-first heap   total reserved 8167424K, committed 512000K, used 35188K [0x000000060d800000, 0x0000000800000000)
  region size 4096K, 2 young (8192K), 2 survivors (8192K)
 Metaspace       used 16199K, committed 16576K, reserved 1114112K
  class space    used 2626K, committed 2816K, reserved 1048576K
}
Event: 1.696 GC heap before
{Heap before GC invocations=3 (full 0):
 garbage-first heap   total reserved 8167424K, committed 512000K, used 80244K [0x000000060d800000, 0x0000000800000000)
  region size 4096K, 13 young (53248K), 2 survivors (8192K)
 Metaspace       used 16678K, committed 17088K, reserved 1114112K
  class space    used 2673K, committed 2880K, reserved 1048576K
}
Event: 1.699 GC heap after
{Heap after GC invocations=4 (full 0):
 garbage-first heap   total reserved 8167424K, committed 512000K, used 47678K [0x000000060d800000, 0x0000000800000000)
  region size 4096K, 2 young (8192K), 2 survivors (8192K)
 Metaspace       used 16678K, committed 17088K, reserved 1114112K
  class space    used 2673K, committed 2880K, reserved 1048576K
}
Event: 1.745 GC heap before
{Heap before GC invocations=4 (full 0):
 garbage-first heap   total reserved 8167424K, committed 512000K, used 113214K [0x000000060d800000, 0x0000000800000000)
  region size 4096K, 18 young (73728K), 2 survivors (8192K)
 Metaspace       used 16687K, committed 17088K, reserved 1114112K
  class space    used 2673K, committed 2880K, reserved 1048576K
}
Event: 1.746 GC heap after
{Heap after GC invocations=5 (full 0):
 garbage-first heap   total reserved 8167424K, committed 512000K, used 50733K [0x000000060d800000, 0x0000000800000000)
  region size 4096K, 1 young (4096K), 1 survivors (4096K)
 Metaspace       used 16687K, committed 17088K, reserved 1114112K
  class space    used 2673K, committed 2880K, reserved 1048576K
}
Event: 1.820 GC heap before
{Heap before GC invocations=5 (full 0):
 garbage-first heap   total reserved 8167424K, committed 512000K, used 169517K [0x000000060d800000, 0x0000000800000000)
  region size 4096K, 30 young (122880K), 1 survivors (4096K)
 Metaspace       used 16688K, committed 17088K, reserved 1114112K
  class space    used 2673K, committed 2880K, reserved 1048576K
}
Event: 1.822 GC heap after
{Heap after GC invocations=6 (full 0):
 garbage-first heap   total reserved 8167424K, committed 512000K, used 51726K [0x000000060d800000, 0x0000000800000000)
  region size 4096K, 1 young (4096K), 1 survivors (4096K)
 Metaspace       used 16688K, committed 17088K, reserved 1114112K
  class space    used 2673K, committed 2880K, reserved 1048576K
}

Dll operation events (10 events):
Event: 0.004 Loaded shared library C:\Program Files\Java\jdk-23\bin\java.dll
Event: 0.020 Loaded shared library C:\Program Files\Java\jdk-23\bin\jsvml.dll
Event: 0.040 Loaded shared library C:\Program Files\Java\jdk-23\bin\net.dll
Event: 0.040 Loaded shared library C:\Program Files\Java\jdk-23\bin\nio.dll
Event: 0.043 Loaded shared library C:\Program Files\Java\jdk-23\bin\zip.dll
Event: 0.070 Loaded shared library C:\Program Files\Java\jdk-23\bin\jimage.dll
Event: 0.698 Loaded shared library C:\Program Files\Java\jdk-23\bin\management.dll
Event: 0.702 Loaded shared library C:\Program Files\Java\jdk-23\bin\management_ext.dll
Event: 0.787 Loaded shared library C:\Program Files\Java\jdk-23\bin\extnet.dll
Event: 2.002 Loaded shared library C:\Users\2behe\AppData\Local\Temp\native-12558882101797692833.dll

Deoptimization events (20 events):
Event: 2.020 Thread 0x0000022cf841ee90 Uncommon trap: trap_request=0xffffff45 fr.pc=0x0000022c9c1f5598 relative=0x0000000000000098
Event: 2.020 Thread 0x0000022cf841ee90 Uncommon trap: reason=unstable_if action=reinterpret pc=0x0000022c9c1f5598 method=java.util.Optional.ofNullable(Ljava/lang/Object;)Ljava/util/Optional; @ 1 c2
Event: 2.020 Thread 0x0000022cf841ee90 DEOPT PACKING pc=0x0000022c9c1f5598 sp=0x000000e9798fd830
Event: 2.020 Thread 0x0000022cf841ee90 DEOPT UNPACKING pc=0x0000022c9b9c7982 sp=0x000000e9798fd7d0 mode 2
Event: 2.049 Thread 0x0000022cf841ee90 Uncommon trap: trap_request=0xffffff45 fr.pc=0x0000022c9c230dd0 relative=0x00000000000009f0
Event: 2.049 Thread 0x0000022cf841ee90 Uncommon trap: reason=unstable_if action=reinterpret pc=0x0000022c9c230dd0 method=jdk.internal.org.objectweb.asm.Frame.execute(IILjdk/internal/org/objectweb/asm/Symbol;Ljdk/internal/org/objectweb/asm/SymbolTable;)V @ 1 c2
Event: 2.049 Thread 0x0000022cf841ee90 DEOPT PACKING pc=0x0000022c9c230dd0 sp=0x000000e9798fda40
Event: 2.049 Thread 0x0000022cf841ee90 DEOPT UNPACKING pc=0x0000022c9b9c7982 sp=0x000000e9798fd9c8 mode 2
Event: 2.077 Thread 0x0000022cf841ee90 Uncommon trap: trap_request=0xffffff54 fr.pc=0x0000022c9c0f3568 relative=0x0000000000000068
Event: 2.077 Thread 0x0000022cf841ee90 Uncommon trap: reason=speculate_null_assert action=make_not_entrant pc=0x0000022c9c0f3568 method=jdk.internal.misc.ScopedMemoryAccess.getByteInternal(Ljdk/internal/foreign/MemorySessionImpl;Ljava/lang/Object;J)B @ 1 c2
Event: 2.077 Thread 0x0000022cf841ee90 DEOPT PACKING pc=0x0000022c9c0f3568 sp=0x000000e9798fdec0
Event: 2.077 Thread 0x0000022cf841ee90 DEOPT UNPACKING pc=0x0000022c9b9c7982 sp=0x000000e9798fddd8 mode 2
Event: 2.078 Thread 0x0000022cf841ee90 Uncommon trap: trap_request=0xffffff45 fr.pc=0x0000022c9c23a7e0 relative=0x00000000000000c0
Event: 2.078 Thread 0x0000022cf841ee90 Uncommon trap: reason=unstable_if action=reinterpret pc=0x0000022c9c23a7e0 method=jdk.internal.classfile.impl.EntryMap.firstToken(I)I @ 38 c2
Event: 2.078 Thread 0x0000022cf841ee90 DEOPT PACKING pc=0x0000022c9c23a7e0 sp=0x000000e9798fc650
Event: 2.078 Thread 0x0000022cf841ee90 DEOPT UNPACKING pc=0x0000022c9b9c7982 sp=0x000000e9798fc5d8 mode 2
Event: 2.099 Thread 0x0000022cf841acf0 Uncommon trap: trap_request=0xffffff45 fr.pc=0x0000022c9c2176d4 relative=0x0000000000000ed4
Event: 2.099 Thread 0x0000022cf841acf0 Uncommon trap: reason=unstable_if action=reinterpret pc=0x0000022c9c2176d4 method=java.util.concurrent.ConcurrentHashMap.putVal(Ljava/lang/Object;Ljava/lang/Object;Z)Ljava/lang/Object; @ 97 c2
Event: 2.099 Thread 0x0000022cf841acf0 DEOPT PACKING pc=0x0000022c9c2176d4 sp=0x000000e9796fcd80
Event: 2.099 Thread 0x0000022cf841acf0 DEOPT UNPACKING pc=0x0000022c9b9c7982 sp=0x000000e9796fcd08 mode 2

Classes loaded (20 events):
Event: 2.075 Loading class java/util/stream/Streams$ConcatSpliterator$OfPrimitive done
Event: 2.075 Loading class java/util/stream/Streams$ConcatSpliterator$OfInt done
Event: 2.075 Loading class java/util/stream/Nodes$IntFixedNodeBuilder
Event: 2.075 Loading class java/util/stream/Nodes$IntArrayNode
Event: 2.075 Loading class java/util/stream/Nodes$IntArrayNode done
Event: 2.075 Loading class java/util/stream/Nodes$IntFixedNodeBuilder done
Event: 2.076 Loading class java/lang/invoke/VarHandles$1
Event: 2.076 Loading class java/lang/invoke/VarHandles$1 done
Event: 2.076 Loading class java/lang/invoke/VarHandleSegmentAsBytes
Event: 2.076 Loading class java/lang/invoke/VarHandleSegmentAsBytes done
Event: 2.077 Loading class jdk/internal/foreign/Utils$BaseAndScale
Event: 2.077 Loading class jdk/internal/foreign/Utils$BaseAndScale done
Event: 2.095 Loading class jdk/internal/foreign/ConfinedSession
Event: 2.095 Loading class jdk/internal/foreign/ConfinedSession done
Event: 2.096 Loading class jdk/internal/foreign/ConfinedSession$ConfinedResourceList
Event: 2.096 Loading class jdk/internal/foreign/MemorySessionImpl$ResourceList
Event: 2.096 Loading class jdk/internal/foreign/MemorySessionImpl$ResourceList done
Event: 2.096 Loading class jdk/internal/foreign/ConfinedSession$ConfinedResourceList done
Event: 2.096 Loading class jdk/internal/foreign/SegmentFactories$1
Event: 2.096 Loading class jdk/internal/foreign/SegmentFactories$1 done

Classes unloaded (0 events):
No events

Classes redefined (0 events):
No events

Internal exceptions (20 events):
Event: 2.098 Thread 0x0000022cf84208d0 Exception <a 'java/lang/NoSuchMethodError'{0x0000000624f511e8}: 'int java.lang.invoke.Invokers$Holder.invokeExact_MT(java.lang.Object, java.lang.Object, java.lang.Object, int, int, int, int, int, int, float, int, java.lang.Object, java.lang.Object)'> (0x0000000624f511e8) 
thrown [s\open\src\hotspot\share\interpreter\linkResolver.cpp, line 796]
Event: 2.098 Thread 0x0000022cf8422310 Exception <a 'java/lang/NoSuchMethodError'{0x0000000624a7aef8}: 'int java.lang.invoke.Invokers$Holder.invokeExact_MT(java.lang.Object, java.lang.Object, java.lang.Object, int, int, int, int, int, int, float, int, java.lang.Object, java.lang.Object)'> (0x0000000624a7aef8) 
thrown [s\open\src\hotspot\share\interpreter\linkResolver.cpp, line 796]
Event: 2.099 Thread 0x0000022cf8422310 Exception <a 'java/lang/NoSuchMethodError'{0x0000000624a7ecd0}: 'int java.lang.invoke.DirectMethodHandle$Holder.invokeSpecial(java.lang.Object, java.lang.Object, long, long, long, int, int, int, int, int, int, float, int, long)'> (0x0000000624a7ecd0) 
thrown [s\open\src\hotspot\share\interpreter\linkResolver.cpp, line 796]
Event: 2.099 Thread 0x0000022cf84208d0 Exception <a 'java/lang/NoSuchMethodError'{0x0000000624f54fc0}: 'int java.lang.invoke.DirectMethodHandle$Holder.invokeSpecial(java.lang.Object, java.lang.Object, long, long, long, int, int, int, int, int, int, float, int, long)'> (0x0000000624f54fc0) 
thrown [s\open\src\hotspot\share\interpreter\linkResolver.cpp, line 796]
Event: 2.099 Thread 0x0000022cf841acf0 Exception <a 'java/lang/NoSuchMethodError'{0x0000000624ed55c8}: 'int java.lang.invoke.DirectMethodHandle$Holder.invokeSpecial(java.lang.Object, java.lang.Object, long, long, long, int, int, int, int, int, int, float, int, long)'> (0x0000000624ed55c8) 
thrown [s\open\src\hotspot\share\interpreter\linkResolver.cpp, line 796]
Event: 2.099 Thread 0x0000022cf749caf0 Exception <a 'java/lang/NoSuchMethodError'{0x0000000624d0a260}: 'int java.lang.invoke.Invokers$Holder.invokeExact_MT(java.lang.Object, long, long, long, int, int, int, int, int, int, float, int, long, java.lang.Object)'> (0x0000000624d0a260) 
thrown [s\open\src\hotspot\share\interpreter\linkResolver.cpp, line 796]
Event: 2.099 Thread 0x0000022cf841ba10 Exception <a 'java/lang/NoSuchMethodError'{0x0000000624d8ff90}: 'int java.lang.invoke.Invokers$Holder.invokeExact_MT(java.lang.Object, long, long, long, int, int, int, int, int, int, float, int, long, java.lang.Object)'> (0x0000000624d8ff90) 
thrown [s\open\src\hotspot\share\interpreter\linkResolver.cpp, line 796]
Event: 2.099 Thread 0x0000022cf8420240 Exception <a 'java/lang/NoSuchMethodError'{0x0000000624e00978}: 'int java.lang.invoke.Invokers$Holder.invokeExact_MT(java.lang.Object, long, long, long, int, int, int, int, int, int, float, int, long, java.lang.Object)'> (0x0000000624e00978) 
thrown [s\open\src\hotspot\share\interpreter\linkResolver.cpp, line 796]
Event: 2.099 Thread 0x0000022cf8421c80 Exception <a 'java/lang/NoSuchMethodError'{0x000000062499acf8}: 'int java.lang.invoke.Invokers$Holder.invokeExact_MT(java.lang.Object, long, long, long, int, int, int, int, int, int, float, int, long, java.lang.Object)'> (0x000000062499acf8) 
thrown [s\open\src\hotspot\share\interpreter\linkResolver.cpp, line 796]
Event: 2.099 Thread 0x0000022cf841fbb0 Exception <a 'java/lang/NoSuchMethodError'{0x0000000624844268}: 'int java.lang.invoke.Invokers$Holder.invokeExact_MT(java.lang.Object, long, long, long, int, int, int, int, int, int, float, int, long, java.lang.Object)'> (0x0000000624844268) 
thrown [s\open\src\hotspot\share\interpreter\linkResolver.cpp, line 796]
Event: 2.099 Thread 0x0000022cf84215f0 Exception <a 'java/lang/NoSuchMethodError'{0x0000000623df84b0}: 'int java.lang.invoke.Invokers$Holder.invokeExact_MT(java.lang.Object, long, long, long, int, int, int, int, int, int, float, int, long, java.lang.Object)'> (0x0000000623df84b0) 
thrown [s\open\src\hotspot\share\interpreter\linkResolver.cpp, line 796]
Event: 2.099 Thread 0x0000022cf841f520 Exception <a 'java/lang/NoSuchMethodError'{0x0000000624e727e8}: 'int java.lang.invoke.Invokers$Holder.invokeExact_MT(java.lang.Object, long, long, long, int, int, int, int, int, int, float, int, long, java.lang.Object)'> (0x0000000624e727e8) 
thrown [s\open\src\hotspot\share\interpreter\linkResolver.cpp, line 796]
Event: 2.099 Thread 0x0000022cf841ee90 Exception <a 'java/lang/NoSuchMethodError'{0x0000000623d93df0}: 'int java.lang.invoke.Invokers$Holder.invokeExact_MT(java.lang.Object, long, long, long, int, int, int, int, int, int, float, int, long, java.lang.Object)'> (0x0000000623d93df0) 
thrown [s\open\src\hotspot\share\interpreter\linkResolver.cpp, line 796]
Event: 2.099 Thread 0x0000022cf841c0a0 Exception <a 'java/lang/NoSuchMethodError'{0x0000000624927f60}: 'int java.lang.invoke.Invokers$Holder.invokeExact_MT(java.lang.Object, long, long, long, int, int, int, int, int, int, float, int, long, java.lang.Object)'> (0x0000000624927f60) 
thrown [s\open\src\hotspot\share\interpreter\linkResolver.cpp, line 796]
Event: 2.099 Thread 0x0000022cf841d450 Exception <a 'java/lang/NoSuchMethodError'{0x0000000624a0c9b0}: 'int java.lang.invoke.Invokers$Holder.invokeExact_MT(java.lang.Object, long, long, long, int, int, int, int, int, int, float, int, long, java.lang.Object)'> (0x0000000624a0c9b0) 
thrown [s\open\src\hotspot\share\interpreter\linkResolver.cpp, line 796]
Event: 2.099 Thread 0x0000022cf749bdd0 Exception <a 'java/lang/NoSuchMethodError'{0x000000062388a428}: 'int java.lang.invoke.Invokers$Holder.invokeExact_MT(java.lang.Object, long, long, long, int, int, int, int, int, int, float, int, long, java.lang.Object)'> (0x000000062388a428) 
thrown [s\open\src\hotspot\share\interpreter\linkResolver.cpp, line 796]
Event: 2.099 Thread 0x0000022cf8420f60 Exception <a 'java/lang/NoSuchMethodError'{0x00000006248cd088}: 'int java.lang.invoke.Invokers$Holder.invokeExact_MT(java.lang.Object, long, long, long, int, int, int, int, int, int, float, int, long, java.lang.Object)'> (0x00000006248cd088) 
thrown [s\open\src\hotspot\share\interpreter\linkResolver.cpp, line 796]
Event: 2.099 Thread 0x0000022cf8422310 Exception <a 'java/lang/NoSuchMethodError'{0x0000000624a82110}: 'int java.lang.invoke.Invokers$Holder.invokeExact_MT(java.lang.Object, long, long, long, int, int, int, int, int, int, float, int, long, java.lang.Object)'> (0x0000000624a82110) 
thrown [s\open\src\hotspot\share\interpreter\linkResolver.cpp, line 796]
Event: 2.099 Thread 0x0000022cf84208d0 Exception <a 'java/lang/NoSuchMethodError'{0x0000000624f58400}: 'int java.lang.invoke.Invokers$Holder.invokeExact_MT(java.lang.Object, long, long, long, int, int, int, int, int, int, float, int, long, java.lang.Object)'> (0x0000000624f58400) 
thrown [s\open\src\hotspot\share\interpreter\linkResolver.cpp, line 796]
Event: 2.099 Thread 0x0000022cf841acf0 Exception <a 'java/lang/NoSuchMethodError'{0x0000000624ed8a08}: 'int java.lang.invoke.Invokers$Holder.invokeExact_MT(java.lang.Object, long, long, long, int, int, int, int, int, int, float, int, long, java.lang.Object)'> (0x0000000624ed8a08) 
thrown [s\open\src\hotspot\share\interpreter\linkResolver.cpp, line 796]

VM Operations (20 events):
Event: 0.779 Executing VM operation: HandshakeAllThreads (Deoptimize)
Event: 0.779 Executing VM operation: HandshakeAllThreads (Deoptimize) done
Event: 0.789 Executing VM operation: HandshakeAllThreads (Deoptimize)
Event: 0.789 Executing VM operation: HandshakeAllThreads (Deoptimize) done
Event: 1.501 Executing VM operation: HandshakeAllThreads (Deoptimize)
Event: 1.501 Executing VM operation: HandshakeAllThreads (Deoptimize) done
Event: 1.622 Executing VM operation: G1CollectForAllocation (G1 Evacuation Pause)
Event: 1.628 Executing VM operation: G1CollectForAllocation (G1 Evacuation Pause) done
Event: 1.696 Executing VM operation: G1CollectForAllocation (G1 Evacuation Pause)
Event: 1.699 Executing VM operation: G1CollectForAllocation (G1 Evacuation Pause) done
Event: 1.745 Executing VM operation: G1CollectForAllocation (G1 Evacuation Pause)
Event: 1.746 Executing VM operation: G1CollectForAllocation (G1 Evacuation Pause) done
Event: 1.820 Executing VM operation: G1CollectForAllocation (G1 Evacuation Pause)
Event: 1.822 Executing VM operation: G1CollectForAllocation (G1 Evacuation Pause) done
Event: 2.010 Executing VM operation: HandshakeAllThreads (Deoptimize)
Event: 2.010 Executing VM operation: HandshakeAllThreads (Deoptimize) done
Event: 2.013 Executing VM operation: HandshakeAllThreads (Deoptimize)
Event: 2.013 Executing VM operation: HandshakeAllThreads (Deoptimize) done
Event: 2.073 Executing VM operation: HandshakeAllThreads (Deoptimize)
Event: 2.073 Executing VM operation: HandshakeAllThreads (Deoptimize) done

Memory protections (0 events):
No events

Nmethod flushes (0 events):
No events

Events (20 events):
Event: 1.654 Thread 0x0000022cb098e670 Thread added: 0x0000022cb098f410
Event: 1.663 Thread 0x0000022cb098f410 Thread added: 0x0000022cb098d200
Event: 1.663 Thread 0x0000022cb098e670 Thread added: 0x0000022cb098bd90
Event: 1.665 Thread 0x0000022cb098d8d0 Thread added: 0x0000022cf7a604a0
Event: 1.666 Thread 0x0000022cb0988c50 Thread added: 0x0000022cf7a60b70
Event: 1.666 Thread 0x0000022cb0988c50 Thread added: 0x0000022cf7a626b0
Event: 1.950 Thread 0x0000022cf6efc140 Thread added: 0x0000022cf841ba10
Event: 1.950 Thread 0x0000022cf749bdd0 Thread added: 0x0000022cf8420240
Event: 1.950 Thread 0x0000022cf749caf0 Thread added: 0x0000022cf841f520
Event: 1.950 Thread 0x0000022cf6efc140 Thread added: 0x0000022cf841acf0
Event: 1.950 Thread 0x0000022cf841ba10 Thread added: 0x0000022cf84208d0
Event: 1.950 Thread 0x0000022cf6efc140 Thread added: 0x0000022cf841ee90
Event: 1.950 Thread 0x0000022cf8420240 Thread added: 0x0000022cf84215f0
Event: 1.950 Thread 0x0000022cf6efc140 Thread added: 0x0000022cf841fbb0
Event: 1.950 Thread 0x0000022cf6efc140 Thread added: 0x0000022cf8420f60
Event: 1.950 Thread 0x0000022cf6efc140 Thread added: 0x0000022cf841c0a0
Event: 1.950 Thread 0x0000022cf6efc140 Thread added: 0x0000022cf8421c80
Event: 1.950 Thread 0x0000022cf6efc140 Thread added: 0x0000022cf841d450
Event: 1.951 Thread 0x0000022cf6efc140 Thread added: 0x0000022cf8422310
Event: 2.095 Thread 0x0000022cf841ba10 Thread added: 0x0000022cf841b380


Dynamic libraries:
0x00007ff7f6610000 - 0x00007ff7f6620000 	C:\Program Files\Java\jdk-23\bin\java.exe
0x00007ffed47b0000 - 0x00007ffed49c7000 	C:\windows\SYSTEM32\ntdll.dll
0x00007ffed3cb0000 - 0x00007ffed3d74000 	C:\windows\System32\KERNEL32.DLL
0x00007ffed1c70000 - 0x00007ffed2040000 	C:\windows\System32\KERNELBASE.dll
0x00007ffed2190000 - 0x00007ffed22a1000 	C:\windows\System32\ucrtbase.dll
0x00007ffe9fe10000 - 0x00007ffe9fe27000 	C:\Program Files\Java\jdk-23\bin\jli.dll
0x00007ffeb6890000 - 0x00007ffeb68ab000 	C:\Program Files\Java\jdk-23\bin\VCRUNTIME140.dll
0x00007ffed2a50000 - 0x00007ffed2bfe000 	C:\windows\System32\USER32.dll
0x00007ffed1a60000 - 0x00007ffed1a86000 	C:\windows\System32\win32u.dll
0x00007ffeadd20000 - 0x00007ffeadfb2000 	C:\windows\WinSxS\amd64_microsoft.windows.common-controls_6595b64144ccf1df_6.0.22621.4830_none_270fe7d773858e80\COMCTL32.dll
0x00007ffed45d0000 - 0x00007ffed45f9000 	C:\windows\System32\GDI32.dll
0x00007ffed29a0000 - 0x00007ffed2a47000 	C:\windows\System32\msvcrt.dll
0x00007ffed2070000 - 0x00007ffed218b000 	C:\windows\System32\gdi32full.dll
0x00007ffed1a90000 - 0x00007ffed1b2a000 	C:\windows\System32\msvcp_win.dll
0x00007ffed2fd0000 - 0x00007ffed3001000 	C:\windows\System32\IMM32.DLL
0x00007ffeb68c0000 - 0x00007ffeb68cc000 	C:\Program Files\Java\jdk-23\bin\vcruntime140_1.dll
0x00007ffe9fd10000 - 0x00007ffe9fd9e000 	C:\Program Files\Java\jdk-23\bin\msvcp140.dll
0x00007ffe11b60000 - 0x00007ffe128b0000 	C:\Program Files\Java\jdk-23\bin\server\jvm.dll
0x00007ffed2e80000 - 0x00007ffed2f31000 	C:\windows\System32\ADVAPI32.dll
0x00007ffed4280000 - 0x00007ffed4327000 	C:\windows\System32\sechost.dll
0x00007ffed2040000 - 0x00007ffed2068000 	C:\windows\System32\bcrypt.dll
0x00007ffed43b0000 - 0x00007ffed44c4000 	C:\windows\System32\RPCRT4.dll
0x00007ffed4200000 - 0x00007ffed4271000 	C:\windows\System32\WS2_32.dll
0x00007ffed08c0000 - 0x00007ffed090d000 	C:\windows\SYSTEM32\POWRPROF.dll
0x00007ffecd1a0000 - 0x00007ffecd1aa000 	C:\windows\SYSTEM32\VERSION.dll
0x00007ffeccb70000 - 0x00007ffeccba4000 	C:\windows\SYSTEM32\WINMM.dll
0x00007ffed08a0000 - 0x00007ffed08b3000 	C:\windows\SYSTEM32\UMPDC.dll
0x00007ffed0b50000 - 0x00007ffed0b68000 	C:\windows\SYSTEM32\kernel.appcore.dll
0x00007ffe9fe00000 - 0x00007ffe9fe0a000 	C:\Program Files\Java\jdk-23\bin\jimage.dll
0x00007ffecaf00000 - 0x00007ffecb132000 	C:\windows\SYSTEM32\DBGHELP.DLL
0x00007ffed2610000 - 0x00007ffed29a0000 	C:\windows\System32\combase.dll
0x00007ffed2da0000 - 0x00007ffed2e77000 	C:\windows\System32\OLEAUT32.dll
0x00007ffec4ae0000 - 0x00007ffec4b12000 	C:\windows\SYSTEM32\dbgcore.DLL
0x00007ffed1b30000 - 0x00007ffed1bab000 	C:\windows\System32\bcryptPrimitives.dll
0x00007ffe98190000 - 0x00007ffe981ae000 	C:\Program Files\Java\jdk-23\bin\java.dll
0x00007ffed3890000 - 0x00007ffed3a31000 	C:\windows\System32\ole32.dll
0x00007ffed3010000 - 0x00007ffed3888000 	C:\windows\System32\SHELL32.dll
0x00007ffecf960000 - 0x00007ffed0270000 	C:\windows\SYSTEM32\windows.storage.dll
0x00007ffecf820000 - 0x00007ffecf95f000 	C:\windows\SYSTEM32\wintypes.dll
0x00007ffed4600000 - 0x00007ffed470a000 	C:\windows\System32\SHCORE.dll
0x00007ffed25b0000 - 0x00007ffed260e000 	C:\windows\System32\shlwapi.dll
0x00007ffed1990000 - 0x00007ffed19bb000 	C:\windows\SYSTEM32\profapi.dll
0x00007ffe119a0000 - 0x00007ffe11a77000 	C:\Program Files\Java\jdk-23\bin\jsvml.dll
0x00007ffe97660000 - 0x00007ffe97670000 	C:\Program Files\Java\jdk-23\bin\net.dll
0x00007ffed0fc0000 - 0x00007ffed102a000 	C:\windows\system32\mswsock.dll
0x00007ffe624c0000 - 0x00007ffe624d6000 	C:\Program Files\Java\jdk-23\bin\nio.dll
0x00007ffe97670000 - 0x00007ffe97687000 	C:\Program Files\Java\jdk-23\bin\zip.dll
0x00007ffe62530000 - 0x00007ffe6253a000 	C:\Program Files\Java\jdk-23\bin\management.dll
0x00007ffe5fa70000 - 0x00007ffe5fa7b000 	C:\Program Files\Java\jdk-23\bin\management_ext.dll
0x00007ffed4760000 - 0x00007ffed4768000 	C:\windows\System32\PSAPI.DLL
0x00007ffed1260000 - 0x00007ffed127b000 	C:\windows\SYSTEM32\CRYPTSP.dll
0x00007ffed0ab0000 - 0x00007ffed0ae5000 	C:\windows\system32\rsaenh.dll
0x00007ffed1060000 - 0x00007ffed1088000 	C:\windows\SYSTEM32\USERENV.dll
0x00007ffed11d0000 - 0x00007ffed11dc000 	C:\windows\SYSTEM32\CRYPTBASE.dll
0x00007ffed0550000 - 0x00007ffed057d000 	C:\windows\SYSTEM32\IPHLPAPI.DLL
0x00007ffed4530000 - 0x00007ffed4539000 	C:\windows\System32\NSI.dll
0x00007ffe57640000 - 0x00007ffe57649000 	C:\Program Files\Java\jdk-23\bin\extnet.dll
0x00007ffdc1120000 - 0x00007ffdc11d5000 	C:\Users\2behe\AppData\Local\Temp\native-12558882101797692833.dll

dbghelp: loaded successfully - version: 4.0.5 - missing functions: none
symbol engine: initialized successfully - sym options: 0x614 - pdb path: .;C:\Program Files\Java\jdk-23\bin;C:\windows\SYSTEM32;C:\windows\WinSxS\amd64_microsoft.windows.common-controls_6595b64144ccf1df_6.0.22621.4830_none_270fe7d773858e80;C:\Program Files\Java\jdk-23\bin\server;C:\Users\2behe\AppData\Local\Temp

VM Arguments:
jvm_args: -Dfile.encoding=UTF-8 -Duser.country=US -Duser.language=en -Duser.variant 
java_command: me.pixlent.Main --enable-native-access=ALL-UNNAMED
java_class_path (initial): C:\Users\2behe\Documents\Development\Minestom\world-gen\build\classes\java\test;C:\Users\2behe\Documents\Development\Minestom\world-gen\build\resources\test;C:\Users\2behe\Documents\Development\Minestom\world-gen\build\classes\java\main;C:\Users\2behe\Documents\Development\Minestom\world-gen\build\resources\main;C:\Users\2behe\.gradle\caches\modules-2\files-2.1\net.minestom\minestom-snapshots\3bdb950310\432a3fa7952ad1197a6df00d56a025df43439810\minestom-snapshots-3bdb950310.jar;C:\Users\2behe\.gradle\caches\modules-2\files-2.1\de.articdive\jnoise-pipeline\4.1.0\331d5adb61361d98bb0efdc8306cc82327f557ab\jnoise-pipeline-4.1.0.jar;C:\Users\2behe\.gradle\caches\modules-2\files-2.1\com.github.CoolLoong\FastNoise2Bindings-Java\0.0.1\e5ce1b16e89f9a1b04ad438ec1573ea8a9bdef50\FastNoise2Bindings-Java-0.0.1.jar;C:\Users\2behe\.gradle\caches\modules-2\files-2.1\org.slf4j\slf4j-simple\2.0.16\56d3d8e59293543780ad35af4ee4a5d9c111a588\slf4j-simple-2.0.16.jar;C:\Users\2behe\.gradle\caches\modules-2\files-2.1\net.minestom\data\1.21.3-rv2\2c2b0f1ef975a76768623754ae5e6bb8a8c46dde\data-1.21.3-rv2.jar;C:\Users\2behe\.gradle\caches\modules-2\files-2.1\space.vectrix.flare\flare\2.0.1\2b4594f599d4d1becce5d5057f3d7a056237a0c6\flare-2.0.1.jar;C:\Users\2behe\.gradle\caches\modules-2\files-2.1\space.vectrix.flare\flare-fastutil\2.0.1\b07cbd5e37afc030717647781eebe7ba672cdd7a\flare-fastutil-2.0.1.jar;C:\Users\2behe\.gradle\caches\modules-2\files-2.1\org.jctools\jctools-core\4.0.5\9ab38ca19877236986db4894ef1400a7ca23db80\jctools-core-4.0.5.jar;C:\Users\2behe\.gradle\caches\modules-2\files-2.1\net.kyori\adventure-text-serializer-legacy\4.17.0\1f5271e54a4feb6dada26873297337f4b9f2f99a\adventure-text-serializer-legacy-4.17.0.jar;C:\Users\2behe\.gradle\caches\modules-2\files-2.1\net.kyori\adventure-text-serializer-plain\4.17.0\ac19c1579081064f86025c5ada60dba0b61fca31\adventure-text-serializer-plain-4.17.0.jar;C:\Users\2behe\.gradle\caches\modules-2\files-2.1\net.kyori\adventure-text-serializer-gson\4.17.0\1b2cf73c8794287db202b2ea288c40159deb19b4\adventure-text-serializer-gson-4.17.0.jar;C:\Users\2behe\.gradle\caches\modules-2\files-2.1\net.kyori\adventure-text-serializer-json\4.17.0\4651a58fe70ecc8a3682ec7ddd8a516dd6d06a49\adventure-text-serializer-json-4.17.0.jar;C:\Users\2behe\.gradle\caches\modules-2\files-2.1\net.kyori\adventure-api\4.17.0\e90703097679e9ca0ee8a059bb933aa7d495bce3\adventure-api-4.17.0.jar;C:\Users\2behe\.gradle\caches\modules-2\files-2.1\net.kyori\adventure-nbt\4.17.0\45b1b7064a99cc667b6ff04dc7e4cb58765a98a2\adventure-nbt-4.17.0.jar;C:\Users\2behe\.gradle\caches\modules-2\files-2.1\net.kyori\adventure-key\4.17.0\799f1b5fedb920a7b71916e9b71123ff94d07acf\adventure-key-4.17.0.jar;C:\Users\2behe\.gradle\caches\modules-2\files-2.1\net.kyori\adventure-text-logger-slf4j\4.17.0\ebc3d59bdce591f1e1daed8b5b9ebd13f231c946\adventure-text-logger-slf4j-4.17.0.jar;C:\Users\2behe\.gradle\caches\modules-2\files-2.1\org.slf4j\slf4j-api\2.0.16\172931663a09a1fa515567af5fbef00897d3c04\slf4j-api-2.0.16.jar;C:\Users\2behe\.gradle\caches\modules-2\files-2.1\org.jetbrains\annotations\24.1.0\7af6a669488450c4a07c2c3254e2151df42d7d04\annotations-24.1.0.jar;C:\Users\2behe\.gradle\caches\modules-2\files-2.1\it.unimi.dsi\fastutil\8.5.14\950f40553c3b66529be037ff08d99687aa98788e\fastutil-8.5.14.jar;C:\Users\2behe\.gradle\caches\modules-2\files-2.1\com.google.code.gson\gson\2.11.0\527175ca6d81050b53bdd4c457a6d6e017626b0e\gson-2.11.0.jar;C:\Users\2behe\.gradle\caches\modules-2\files-2.1\de.articdive\jnoise-transformers\4.1.0\53530fe8b614be4ccda97119f5e356dacfa24c50\jnoise-transformers-4.1.0.jar;C:\Users\2behe\.gradle\caches\modules-2\files-2.1\de.articdive\jnoise-generators\4.1.0\44225d791d5bdece59d776258e9c5717b1de096d\jnoise-generators-4.1.0.jar;C:\Users\2behe\.gradle\caches\modules-2\files-2.1\de.articdive\jnoise-modules\4.1.0\5b36dab84fad68c9956e4961c8d62ecb7ec69c29\jnoise-modules-4.1.0.jar;C:\Users\2behe\.gradle\caches\modules-2\files-2.1\de.articdive\jnoise-modifiers\4.1.0\46cd2452385d95f1830eefc172cbf577617cb3f5\jnoise-modifiers-4.1.0.jar;C:\Users\2behe\.gradle\caches\modules-2\files-2.1\de.articdive\jnoise-core\4.1.0\d631bc94d1326af85dae43f65f0e240c6bc1a15\jnoise-core-4.1.0.jar;C:\Users\2behe\.gradle\caches\modules-2\files-2.1\org.jspecify\jspecify\0.3.0\fc1a0c38a07667f2dbbece32164dac2d0056d205\jspecify-0.3.0.jar;C:\Users\2behe\.gradle\caches\modules-2\files-2.1\net.kyori\examination-string\1.3.0\6f34afef5c54ccce4996bc321abf77518b55b4bd\examination-string-1.3.0.jar;C:\Users\2behe\.gradle\caches\modules-2\files-2.1\net.kyori\examination-api\1.3.0\8a2d185275307f1e2ef2adf7152b9a0d1d44c30b\examination-api-1.3.0.jar;C:\Users\2behe\.gradle\caches\modules-2\files-2.1\com.google.errorprone\error_prone_annotations\2.27.0\91b2c29d8a6148b5e2e4930f070d4840e2e48e34\error_prone_annotations-2.27.0.jar;C:\Users\2behe\.gradle\caches\modules-2\files-2.1\net.kyori\option\1.0.0\59c5ae54c47ae294322ad979eaf7cdcde7ad0646\option-1.0.0.jar
Launcher Type: SUN_STANDARD

[Global flags]
     intx CICompilerCount                          = 12                                        {product} {ergonomic}
     uint ConcGCThreads                            = 3                                         {product} {ergonomic}
     uint G1ConcRefinementThreads                  = 13                                        {product} {ergonomic}
   size_t G1HeapRegionSize                         = 4194304                                   {product} {ergonomic}
   size_t InitialHeapSize                          = 524288000                                 {product} {ergonomic}
   size_t MarkStackSize                            = 4194304                                   {product} {ergonomic}
   size_t MarkStackSizeMax                         = 536870912                                 {product} {ergonomic}
   size_t MaxHeapSize                              = 8363442176                                {product} {ergonomic}
   size_t MaxNewSize                               = 5016387584                                {product} {ergonomic}
   size_t MinHeapDeltaBytes                        = 4194304                                   {product} {ergonomic}
   size_t MinHeapSize                              = 8388608                                   {product} {ergonomic}
    uintx NonNMethodCodeHeapSize                   = 7602176                                {pd product} {ergonomic}
    uintx NonProfiledCodeHeapSize                  = 122093568                              {pd product} {ergonomic}
    uintx ProfiledCodeHeapSize                     = 121962496                              {pd product} {ergonomic}
    uintx ReservedCodeCacheSize                    = 251658240                              {pd product} {ergonomic}
     bool SegmentedCodeCache                       = true                                      {product} {ergonomic}
   size_t SoftMaxHeapSize                          = 8363442176                             {manageable} {ergonomic}
     bool UseCompressedOops                        = true                           {product lp64_product} {ergonomic}
     bool UseG1GC                                  = true                                      {product} {ergonomic}
     bool UseLargePagesIndividualAllocation        = false                                  {pd product} {ergonomic}

Logging:
Log output configuration:
 #0: stdout all=warning uptime,level,tags foldmultilines=false
 #1: stderr all=off uptime,level,tags foldmultilines=false

Environment Variables:
JAVA_HOME=C:\Program Files\Java\graalvm-jdk-17.0.8+9.1
PATH=C:\Program Files\Java\graalvm-jdk-17.0.8+9.1\bin;C:\Program Files\Common Files\Oracle\Java\javapath;C:\Program Files (x86)\Common Files\Oracle\Java\javapath;C:\windows\system32;C:\windows;C:\windows\System32\Wbem;C:\windows\System32\WindowsPowerShell\v1.0\;C:\windows\System32\OpenSSH\;C:\Program Files (x86)\NVIDIA Corporation\PhysX\Common;C:\ProgramData\chocolatey\bin;C:\Program Files\dotnet\;C:\Users\2behe\Documents\lua;C:\Program Files\nodejs\;C:\Program Files\WorldPainter;C:\Users\2behe\.cargo\bin;C:\Users\2behe\AppData\Local\Microsoft\WindowsApps;C:\Users\2behe\AppData\Local\JetBrains\Toolbox\scripts;C:\Users\2behe\AppData\Local\Programs\Microsoft VS Code\bin;C:\PATH_Programs;C:\Users\2behe\go\bin;C:\Users\2behe\AppData\Roaming\npm;C:\Users\2behe\.dotnet\tools;C:\Users\2behe\AppData\Local\gitkraken\bin;C:\Users\2behe\AppData\Local\Programs\oh-my-posh\bin;C:\Program Files\Docker\Docker\resources\bin;C:\Program Files\Git\cmd;C:\Program Files\NVIDIA Corporation\NVIDIA app\NvDLISR;C:\Program Files\Go\bin;C:\Ruby32-x64\bin;C:\Users\2behe\.cargo\bin;C:\Users\2behe\AppData\Local\Microsoft\WindowsApps;C:\Users\2behe\AppData\Local\JetBrains\Toolbox\scripts;C:\Users\2behe\AppData\Local\Programs\Microsoft VS Code\bin;C:\PATH_Programs;C:\Users\2behe\go\bin;C:\Users\2behe\AppData\Roaming\npm;C:\Users\2behe\.dotnet\tools;C:\Users\2behe\AppData\Local\gitkraken\bin;C:\Users\2behe\AppData\Local\Programs\oh-my-posh\bin;C:\ffmpeg\bin;C:\Users\2behe\AppData\Local\Programs\Microsoft VS Code Insiders\bin;C:\Users\2behe\AppData\Local\GitHubDesktop\bin;C:\Users\2behe\go\bin
USERNAME=2behe
OS=Windows_NT
PROCESSOR_IDENTIFIER=AMD64 Family 25 Model 97 Stepping 2, AuthenticAMD
TMP=C:\Users\2behe\AppData\Local\Temp
TEMP=C:\Users\2behe\AppData\Local\Temp




Periodic native trim disabled

---------------  S Y S T E M  ---------------

OS:
 Windows 11 , 64 bit Build 22621 (10.0.22621.4830)
OS uptime: 0 days 8:17 hours
Hyper-V role detected

CPU: total 16 (initial active 16) (16 cores per cpu, 2 threads per core) family 25 model 97 stepping 2 microcode 0x0, cx8, cmov, fxsr, ht, mmx, 3dnowpref, sse, sse2, sse3, ssse3, sse4a, sse4.1, sse4.2, popcnt, lzcnt, tsc, tscinvbit, avx, avx2, aes, erms, clmul, bmi1, bmi2, adx, avx512f, avx512dq, avx512cd, avx512bw, avx512vl, sha, fma, vzeroupper, avx512_vpopcntdq, avx512_vpclmulqdq, avx512_vaes, avx512_vnni, clflush, clflushopt, avx512_vbmi2, avx512_vbmi, hv, rdtscp, rdpid, fsrm, gfni, avx512_bitalg, f16c, cet_ss, avx512_ifma
Processor Information for the first 16 processors :
  Max Mhz: 4501, Current Mhz: 4501, Mhz Limit: 4501

Memory: 4k page, system-wide physical 31900M (13425M free)
TotalPageFile size 94880M (AvailPageFile size 59517M)
current process WorkingSet (physical memory assigned to process): 540M, peak: 577M
current process commit charge ("private bytes"): 619M, peak: 850M

vm_info: Java HotSpot(TM) 64-Bit Server VM (23.0.2+7-58) for windows-amd64 JRE (23.0.2+7-58), built on 2024-11-29T09:34:55Z with MS VC++ 17.6 (VS2022)

END.
