#
# A fatal error has been detected by the Java Runtime Environment:
#
#  EXCEPTION_ACCESS_VIOLATION (0xc0000005) at pc=0x00007ff8d3cf93b5, pid=39684, tid=29320
#
# JRE version: Java(TM) SE Runtime Environment (23.0.2+7) (build 23.0.2+7-58)
# Java VM: Java HotSpot(TM) 64-Bit Server VM (23.0.2+7-58, mixed mode, sharing, tiered, compressed oops, compressed class ptrs, g1 gc, windows-amd64)
# Problematic frame:
# C  [native-9537980070871796231.dll+0x393b5]
#
# No core dump will be written. Minidumps are not enabled by default on client versions of Windows
#
# If you would like to submit a bug report, please visit:
#   https://bugreport.java.com/bugreport/crash.jsp
# The crash happened outside the Java Virtual Machine in native code.
# See problematic frame for where to report the bug.
#

---------------  S U M M A R Y ------------

Command Line: -Dfile.encoding=UTF-8 -Duser.country=US -Duser.language=en -Duser.variant me.pixlent.Main --enable-native-access=ALL-UNNAMED

Host: AMD Ryzen 7 7700X 8-Core Processor             , 16 cores, 31G,  Windows 11 , 64 bit Build 22621 (10.0.22621.4830)
Time: Sat Feb 15 15:40:34 2025 W. Europe Standard Time elapsed time: 2.445453 seconds (0d 0h 0m 2s)

---------------  T H R E A D  ---------------

Current thread (0x00000194d29b0850):  JavaThread "ForkJoinPool-1-worker-7" daemon [_thread_in_native, id=29320, stack(0x00000089c6200000,0x00000089c6300000) (1024K)]

Stack: [0x00000089c6200000,0x00000089c6300000],  sp=0x00000089c62fd480,  free space=1013k
Native frames: (J=compiled Java code, j=interpreted, Vv=VM code, C=native code)
C  [native-9537980070871796231.dll+0x393b5]  (no source info available)
C  [native-9537980070871796231.dll+0x42444]  (no source info available)
C  [native-9537980070871796231.dll+0x158f1]  (no source info available)
C  0x00000194f5a83559  (no source info available)

The last pc belongs to nep_invoker_blob (printed below).
Java frames: (J=compiled Java code, j=interpreted, Vv=VM code)
v  ~RuntimeStub::nep_invoker_blob 0x00000194f5a834e8
j  java.lang.invoke.LambdaForm$MH+0x000001948c353800.invoke(Ljava/lang/Object;JJJIJJJFFFIJ)V+30 java.base@23.0.2
j  java.lang.invoke.LambdaForm$MH+0x000001948c3df400.invokeExact_MT(Ljava/lang/Object;JJJIJJJFFFIJLjava/lang/Object;)V+41 java.base@23.0.2
j  jdk.internal.foreign.abi.DowncallStub+0x000001948c353c00.invoke(Ljava/lang/foreign/SegmentAllocator;Ljava/lang/foreign/MemorySegment;Ljava/lang/foreign/MemorySegment;Ljava/lang/foreign/MemorySegment;ILjava/lang/foreign/MemorySegment;Ljava/lang/foreign/MemorySegment;Ljava/lang/foreign/MemorySegment;FFFILjava/lang/foreign/MemorySegment;)V+411 java.base@23.0.2
j  java.lang.invoke.LambdaForm$DMH+0x000001948c354000.invokeStatic(Ljava/lang/Object;Ljava/lang/Object;Ljava/lang/Object;Ljava/lang/Object;Ljava/lang/Object;ILjava/lang/Object;Ljava/lang/Object;Ljava/lang/Object;FFFILjava/lang/Object;)V+34 java.base@23.0.2
j  java.lang.invoke.LambdaForm$MH+0x000001948c355c00.invoke(Ljava/lang/Object;Ljava/lang/Object;Ljava/lang/Object;ILjava/lang/Object;Ljava/lang/Object;Ljava/lang/Object;FFFILjava/lang/Object;)V+67 java.base@23.0.2
j  java.lang.invoke.LambdaForm$MH+0x000001948c3d7400.invokeExact_MT(Ljava/lang/Object;Ljava/lang/Object;Ljava/lang/Object;ILjava/lang/Object;Ljava/lang/Object;Ljava/lang/Object;FFFILjava/lang/Object;Ljava/lang/Object;)V+38 java.base@23.0.2
j  com.github.fastnoise.FastNoise.fnGenPositionArray3D(Ljava/lang/foreign/MemorySegment;Lcom/github/fastnoise/FloatArray;ILcom/github/fastnoise/FloatArray;Lcom/github/fastnoise/FloatArray;Lcom/github/fastnoise/FloatArray;FFFILcom/github/fastnoise/FloatArray;)V+36
j  com.github.fastnoise.FastNoise.genPositionArray3D(Lcom/github/fastnoise/FloatArray;Lcom/github/fastnoise/FloatArray;Lcom/github/fastnoise/FloatArray;Lcom/github/fastnoise/FloatArray;FFFI)Lcom/github/fastnoise/FastNoise$OutputMinMax;+33
j  me.pixlent.noise.FastNoiseFunction.batch(IIIIIIIII)[[[F+203
j  me.pixlent.cache.NoiseChunkCache.<init>(Lme/pixlent/noise/NoiseFunction;Lnet/minestom/server/coordinate/Point;Lnet/minestom/server/coordinate/Point;I)V+138
j  me.pixlent.SandwichGenerator.generate(Lnet/minestom/server/instance/generator/GenerationUnit;)V+50
j  net.minestom.server.instance.InstanceContainer.createChunk(II)Lnet/minestom/server/instance/Chunk;+96
j  net.minestom.server.instance.InstanceContainer.lambda$retrieveChunk$7(IIJLjava/util/concurrent/CompletableFuture;Lnet/minestom/server/instance/Chunk;)V+8
j  net.minestom.server.instance.InstanceContainer$$Lambda+0x000001948c2db618.accept(Ljava/lang/Object;)V+24
j  net.minestom.server.instance.InstanceContainer.lambda$retrieveChunk$8(Lnet/minestom/server/instance/IChunkLoader;IILjava/util/function/Consumer;)V+15
j  net.minestom.server.instance.InstanceContainer$$Lambda+0x000001948c2db850.run()V+20
j  java.lang.Thread.runWith(Ljava/lang/Object;Ljava/lang/Runnable;)V+5 java.base@23.0.2
j  java.lang.VirtualThread.run(Ljava/lang/Runnable;)V+66 java.base@23.0.2
j  java.lang.VirtualThread$VThreadContinuation$1.run()V+8 java.base@23.0.2
j  jdk.internal.vm.Continuation.enter0()V+4 java.base@23.0.2
j  jdk.internal.vm.Continuation.enter(Ljdk/internal/vm/Continuation;Z)V+1 java.base@23.0.2
J 90  jdk.internal.vm.Continuation.enterSpecial(Ljdk/internal/vm/Continuation;ZZ)V java.base@23.0.2 (0 bytes) @ 0x00000194f5e5525c [0x00000194f5e55120+0x000000000000013c]
j  jdk.internal.vm.Continuation.run()V+122 java.base@23.0.2
j  java.lang.VirtualThread.runContinuation()V+72 java.base@23.0.2
j  java.lang.VirtualThread$$Lambda+0x000001948c251ca8.run()V+4 java.base@23.0.2
j  java.util.concurrent.ForkJoinTask$RunnableExecuteAction.compute()Ljava/lang/Void;+4 java.base@23.0.2
j  java.util.concurrent.ForkJoinTask$RunnableExecuteAction.compute()Ljava/lang/Object;+1 java.base@23.0.2
j  java.util.concurrent.ForkJoinTask$InterruptibleTask.exec()Z+51 java.base@23.0.2
j  java.util.concurrent.ForkJoinTask.doExec()V+10 java.base@23.0.2
j  java.util.concurrent.ForkJoinPool$WorkQueue.topLevelExec(Ljava/util/concurrent/ForkJoinTask;I)V+9 java.base@23.0.2
j  java.util.concurrent.ForkJoinPool.runWorker(Ljava/util/concurrent/ForkJoinPool$WorkQueue;)V+366 java.base@23.0.2
j  java.util.concurrent.ForkJoinWorkerThread.run()V+31 java.base@23.0.2
v  ~StubRoutines::call_stub 0x00000194f5710fcd

siginfo: EXCEPTION_ACCESS_VIOLATION (0xc0000005), reading address 0x0000000000000000


Registers:
RAX=0x00007ff8d3d396e0, RBX=0x00000194d4063138, RCX=0x0000000000000000, RDX=0x0000000000000010
RSP=0x00000089c62fd480, RBP=0x00000089c62fd4c0, RSI=0x000000000017fb20, RDI=0x0000000000012280
R8 =0x00000194d454a690, R9 =0x0000000000001224, R10=0x00007ff8d3d39670, R11=0x00000194f5fd3ee0
R12=0x00000194d43cab70, R13=0xffffffffffff2620, R14=0x00000194d4063138, R15=0x0000000000000122
RIP=0x00007ff8d3cf93b5, EFLAGS=0x0000000000010246


Register to memory mapping:

RAX=0x00007ff8d3d396e0 native-9537980070871796231.dll
RBX=0x00000194d4063138 points into unknown readable memory: 0x00007ff8d3d39650 | 50 96 d3 d3 f8 7f 00 00
RCX=0x0 is null
RDX=0x0000000000000010 is an unknown value
RSP=0x00000089c62fd480 is pointing into the stack for thread: 0x00000194d29b0850
RBP=0x00000089c62fd4c0 is pointing into the stack for thread: 0x00000194d29b0850
RSI=0x000000000017fb20 is an unknown value
RDI=0x0000000000012280 is an unknown value
R8 =0x00000194d454a690 points into unknown readable memory: 0x0000000000000000 | 00 00 00 00 00 00 00 00
R9 =0x0000000000001224 is an unknown value
R10=0x00007ff8d3d39670 native-9537980070871796231.dll
R11=0x00000194f5fd3ee0 is at entry_point+0 in (nmethod*)0x00000194f5fd3e08
Compiled method (n/a) 2577 3226     n 0       java.lang.invoke.MethodHandle::linkToNative(JJJIJJJFFFIJL)V (native)
 total in heap  [0x00000194f5fd3e08,0x00000194f5fd3ef0] = 232
 main code      [0x00000194f5fd3ee0,0x00000194f5fd3eec] = 12
 stub code      [0x00000194f5fd3eec,0x00000194f5fd3ef0] = 4
R12=0x00000194d43cab70 points into unknown readable memory: 0xc04ccccdc04ccccd | cd cc 4c c0 cd cc 4c c0
R13=0xffffffffffff2620 is an unknown value
R14=0x00000194d4063138 points into unknown readable memory: 0x00007ff8d3d39650 | 50 96 d3 d3 f8 7f 00 00
R15=0x0000000000000122 is an unknown value

Top of Stack: (sp=0x00000089c62fd480)
0x00000089c62fd480:   000000062426b7d0 0000000000000000
0x00000089c62fd490:   0000000000000000 0000000000000000
0x00000089c62fd4a0:   0000000000000000 0000000000000000
0x00000089c62fd4b0:   0000000000000000 00000000a9a530d3
0x00000089c62fd4c0:   3f241a423f241a42 3f241a423f241a42
0x00000089c62fd4d0:   3f241a423f241a42 3f241a423f241a42
0x00000089c62fd4e0:   3f241a423f241a42 3f241a423f241a42
0x00000089c62fd4f0:   3f241a423f241a42 3f241a423f241a42
0x00000089c62fd500:   0000001900000019 0000001900000019
0x00000089c62fd510:   0000001900000019 0000001900000019
0x00000089c62fd520:   0000001900000019 0000001900000019
0x00000089c62fd530:   0000001900000019 0000001900000019
0x00000089c62fd540:   3f7333333f4ccccd 3fa000003f8ccccd
0x00000089c62fd550:   3fc666673fb33333 3f7333333f4ccccd
0x00000089c62fd560:   3fa000003f8ccccd 3fc666673fb33333
0x00000089c62fd570:   3f7333333f4ccccd 3fa000003f8ccccd
0x00000089c62fd580:   c04ccccdc04ccccd c04ccccdc04ccccd
0x00000089c62fd590:   c04ccccdc04ccccd c0433333c0433333
0x00000089c62fd5a0:   c0433333c0433333 c0433333c0433333
0x00000089c62fd5b0:   c039999ac039999a c039999ac039999a
0x00000089c62fd5c0:   0000000000000000 0000000000000000
0x00000089c62fd5d0:   0000000000000000 0000000000000000
0x00000089c62fd5e0:   0000000000000000 0000000000000000
0x00000089c62fd5f0:   0000000000000000 0000000000000000
0x00000089c62fd600:   0000001900000019 0000001900000019
0x00000089c62fd610:   0000001900000019 0000001900000019
0x00000089c62fd620:   0000001900000019 0000001900000019
0x00000089c62fd630:   0000001900000019 0000001900000019
0x00000089c62fd640:   0000000000000000 0000000000000000
0x00000089c62fd650:   0000000000000000 0000000000000000
0x00000089c62fd660:   0000000000000000 0000000000000000
0x00000089c62fd670:   0000000000000000 0000000000000000 

Instructions: (pc=0x00007ff8d3cf93b5)
0x00007ff8d3cf92b5:   8b d9 62 f1 7c 48 11 5d 02 62 f1 7c 48 11 55 03
0x00007ff8d3cf92c5:   62 f1 7c 48 11 4d 04 48 63 50 08 62 f1 7c 48 11
0x00007ff8d3cf92d5:   45 01 c5 fc 11 85 40 01 00 00 62 f3 fd 48 1b 45
0x00007ff8d3cf92e5:   0b 01 48 8b 4c 0a 38 48 85 c9 74 38 48 8b 01 ff
0x00007ff8d3cf92f5:   50 08 62 f1 7c 48 10 5d 02 62 f1 7c 48 10 55 03
0x00007ff8d3cf9305:   62 f1 7c 48 10 4d 04 c5 fc 11 45 00 62 f3 fd 48
0x00007ff8d3cf9315:   1b 45 01 01 62 f1 7c 48 10 65 00 62 f1 7c 48 10
0x00007ff8d3cf9325:   45 01 eb 08 62 f2 7d 48 18 64 1a 10 48 8b 43 08
0x00007ff8d3cf9335:   62 f1 7c 48 11 65 07 48 63 50 08 48 8b 4c 1a 58
0x00007ff8d3cf9345:   48 85 c9 74 1c 48 8b 01 ff 50 08 c5 fc 11 45 00
0x00007ff8d3cf9355:   62 f3 fd 48 1b 45 01 01 62 f1 7c 48 10 45 00 eb
0x00007ff8d3cf9365:   08 62 f2 7d 48 18 44 1a 18 48 8b 43 08 62 f1 7c
0x00007ff8d3cf9375:   48 10 5d 02 62 f1 7c 48 10 55 03 62 f1 7c 48 11
0x00007ff8d3cf9385:   45 06 48 63 48 08 62 f2 7d 48 18 44 19 1b 62 f2
0x00007ff8d3cf9395:   7d 48 18 4c 19 1c 48 8b 4c 19 20 62 f1 7c 48 11
0x00007ff8d3cf93a5:   45 09 62 f1 7c 48 10 45 01 62 f1 7c 48 11 4d 00
0x00007ff8d3cf93b5:   48 8b 01 62 f1 7c 48 10 4d 04 ff 50 08 48 8b 4b
0x00007ff8d3cf93c5:   08 be 01 00 00 00 62 f1 7c 48 10 65 00 c5 fc 11
0x00007ff8d3cf93d5:   45 40 62 f3 fd 48 1b 45 03 01 48 63 41 08 62 f1
0x00007ff8d3cf93e5:   7c 48 59 c4 62 f1 7c 48 11 45 08 39 74 18 68 0f
0x00007ff8d3cf93f5:   8e 26 01 00 00 62 e2 7d 48 18 05 98 b1 03 00 62
0x00007ff8d3cf9405:   f2 7d 48 18 1d 92 b1 03 00 62 f1 7e 48 6f 6d 05
0x00007ff8d3cf9415:   62 f3 7d 48 25 c0 ff 62 f1 7e 48 7f 45 0a 62 f1
0x00007ff8d3cf9425:   64 48 58 4d 01 48 63 41 08 62 f1 55 48 fa e8 62
0x00007ff8d3cf9435:   f1 7c 48 10 d3 62 b2 75 48 ba d0 48 8b 4c 18 20
0x00007ff8d3cf9445:   62 f1 7c 48 10 c3 62 f2 6d 48 b8 45 06 62 f1 7c
0x00007ff8d3cf9455:   48 10 55 09 62 f1 6c 48 59 4d 03 48 8b 01 62 f1
0x00007ff8d3cf9465:   5c 48 59 c0 62 f1 7c 48 59 45 07 62 f1 6c 48 59
0x00007ff8d3cf9475:   65 04 62 f1 7c 48 11 45 00 62 f1 6c 48 59 45 02
0x00007ff8d3cf9485:   62 f1 7c 48 11 45 02 62 f1 7c 48 10 d8 62 f1 7c
0x00007ff8d3cf9495:   48 11 4d 03 62 f1 7c 48 10 d1 62 f1 7e 48 6f c5
0x00007ff8d3cf94a5:   62 f1 7c 48 10 cc 62 f1 7e 48 7f 6d 05 62 f1 7c 


Stack slot to memory mapping:

stack at sp + 0 slots: 0x000000062426b7d0 is an unallocated location in the heap
stack at sp + 1 slots: 0x0 is null
stack at sp + 2 slots: 0x0 is null
stack at sp + 3 slots: 0x0 is null
stack at sp + 4 slots: 0x0 is null
stack at sp + 5 slots: 0x0 is null
stack at sp + 6 slots: 0x0 is null
stack at sp + 7 slots: 0x00000000a9a530d3 is an unknown value

Lock stack of current Java thread (top to bottom):

--------------------------------------------------------------------------------
Decoding CodeBlob, name: nep_invoker_blob, at  [0x00000194f5a834e0, 0x00000194f5a83610]  304 bytes
[MachCode]
  0x00000194f5a834e0: 5548 8bec | 4883 ec60 | c5f8 7749 | 89af b003 | 0000 49ba | e834 a8f5 | 9401 0000 | 4d89 97a8 
  0x00000194f5a83500: 0300 0049 | 89a7 a003 | 0000 41c7 | 8744 0400 | 0004 0000 | 0048 894c | 2420 488b | 5d10 4889 
  0x00000194f5a83520: 5c24 28c5 | f9d6 4424 | 30c5 f9d6 | 4c24 38c5 | f9d6 5424 | 4048 8b5d | 1848 895c | 2448 488b 
  0x00000194f5a83540: 5d20 4889 | 5c24 504c | 8bd2 498b | d14c 8bce | 498b c84c | 8bc7 41ff | d2c5 f877 | 41c7 8744 
  0x00000194f5a83560: 0400 0005 | 0000 00f0 | 8344 24c0 | 0049 3baf | 4804 0000 | 0f87 4d00 | 0000 4183 | bf40 0400 
  0x00000194f5a83580: 0000 0f85 | 3f00 0000 | 41c7 8744 | 0400 0008 | 0000 0041 | 83bf c804 | 0000 020f | 844b 0000 
  0x00000194f5a835a0: 0049 c787 | a003 0000 | 0000 0000 | 49c7 87b0 | 0300 0000 | 0000 0049 | c787 a803 | 0000 0000 
  0x00000194f5a835c0: 0000 c5f8 | 77c9 c349 | 8bcf c5f8 | 774c 8be4 | 4883 ec20 | 4883 e4f0 | 48b8 80ab | 74d0 f87f 
  0x00000194f5a835e0: 0000 ffd0 | 498b e44d | 33e4 eb9c | c5f8 774c | 8be4 4883 | ec20 4883 | e4f0 48b8 | a025 abd0 
  0x00000194f5a83600: f87f 0000 | ffd0 498b | e44d 33e4 | eb93 f4f4 
[/MachCode]
--------------------------------------------------------------------------------


Compiled method (n/a) 2596   90     n 0       jdk.internal.vm.Continuation::enterSpecial (native)
 total in heap  [0x00000194f5e55008,0x00000194f5e55330] = 808
 relocation     [0x00000194f5e550e0,0x00000194f5e55108] = 40
 main code      [0x00000194f5e55120,0x00000194f5e55310] = 496
 stub code      [0x00000194f5e55310,0x00000194f5e55330] = 32

[Constant Pool (empty)]

[MachCode]
[Entry Point]
  # {method} {0x000001948b1bca08} 'enterSpecial' '(Ljdk/internal/vm/Continuation;ZZ)V' in 'jdk/internal/vm/Continuation'
  # parm0:    rdx:rdx   = 'jdk/internal/vm/Continuation'
  # parm1:    r8        = boolean
  # parm2:    r9        = boolean
  #           [sp+0x50]  (sp of caller)
  0x00000194f5e55120: 5848 8b54 | 2410 448b | 4424 0844 | 8b0c 2448 | 83e4 f050 | 493b a740 | 0500 0076 | 0749 89a7 
  0x00000194f5e55140: 4005 0000 | 5548 8bec | 4883 ec40 | 498b 8738 | 0500 0048 | 8944 2408 | 4989 a738 | 0500 0048 
  0x00000194f5e55160: 8954 2410 | 4489 4c24 | 2048 c744 | 2418 0000 | 0000 c744 | 2424 0000 | 0000 c744 | 2438 0000 
  0x00000194f5e55180: 0000 498b | 8740 0500 | 0048 8944 | 2428 498b | 8750 0500 | 0048 8944 | 2430 49c7 | 8740 0500 
  0x00000194f5e551a0: 0000 0000 | 0049 c787 | 5005 0000 | 0000 0000 | 4d85 c00f | 85ad 0000 | 0066 0f1f 

  0x00000194f5e551bc: ;   {static_call}
  0x00000194f5e551bc: 4400 00e8 | 1ca4 90ff 

  0x00000194f5e551c4: ;   {other}
  0x00000194f5e551c4: 0f1f 8400 | bc01 0000 | e9a2 0000 | 000f 1f84 | 0000 0000 | 000f 1f80 | 0000 0000 
[Verified Entry Point]
  0x00000194f5e551e0: 5548 8bec | 4883 ec40 | 498b 8738 | 0500 0048 | 8944 2408 | 4989 a738 | 0500 0048 | 8954 2410 
  0x00000194f5e55200: 4489 4c24 | 2048 c744 | 2418 0000 | 0000 c744 | 2424 0000 | 0000 c744 | 2438 0000 | 0000 498b 
  0x00000194f5e55220: 8740 0500 | 0048 8944 | 2428 498b | 8750 0500 | 0048 8944 | 2430 49c7 | 8740 0500 | 0000 0000 
  0x00000194f5e55240: 0049 c787 | 5005 0000 | 0000 0000 | 4d85 c075 | 1566 0f1f 

  0x00000194f5e55254: ;   {static_call}
  0x00000194f5e55254: 4400 00e8 | c300 0000 

  0x00000194f5e5525c: ;   {other}
  0x00000194f5e5525c: 0f1f 8400 | 5402 0001 

  0x00000194f5e55264: ;   {runtime_call StubRoutines (continuation stubs)}
  0x00000194f5e55264: eb0d e855 

  0x00000194f5e55268: ; ImmutableOopMap {}
                      ;   {other}
  0x00000194f5e55268: 198c ff0f | 1f84 0063 | 0200 0248 | 8b5c 2428 | 4989 9f40 | 0500 0048 | 8b5c 2430 | 4989 9f50 
  0x00000194f5e55288: 0500 0048 | 8b5c 2408 | 4989 9f38 | 0500 0048 | 83c4 405d | c348 8b5c | 2428 4989 | 9f40 0500 
  0x00000194f5e552a8: 0048 8b5c | 2430 4989 | 9f50 0500 | 0048 8b5c | 2408 4989 | 9f38 0500 | 0048 83c4 | 405d 498b 
  0x00000194f5e552c8: cf48 8b14 | 2450 4883 | ec20 40f6 | c40f 0f84 | 1900 0000 | 4883 ec08 

  0x00000194f5e552e0: ;   {runtime_call}
  0x00000194f5e552e0: 48b8 b0f1 | aad0 f87f | 0000 ffd0 | 4883 c408 | e90c 0000 

  0x00000194f5e552f4: ;   {runtime_call}
  0x00000194f5e552f4: 0048 b8b0 | f1aa d0f8 | 7f00 00ff | d048 83c4 | 2048 8bd8 | 585a ffe3 | f4f4 f4f4 
[Stub Code]
  0x00000194f5e55310: ;   {no_reloc}
  0x00000194f5e55310: 48bb 0000 | 0000 0000 

  0x00000194f5e55318: ;   {runtime_call native nmethod}
  0x00000194f5e55318: 0000 e9fb 

  0x00000194f5e5531c: ;   {static_stub}
  0x00000194f5e5531c: ffff ff48 | bba8 c91b | 8b94 0100 

  0x00000194f5e55328: ;   {runtime_call I2C/C2I adapters}
  0x00000194f5e55328: 00e9 88f3 | 90ff f4f4 
[/MachCode]


---------------  P R O C E S S  ---------------

Threads class SMR info:
_java_thread_list=0x00000194d15219c0, length=47, elements={
0x000001948a76d610, 0x000001948a76e620, 0x000001948a771560, 0x000001948a7751d0,
0x000001948a775d20, 0x000001948a7769a0, 0x000001948a779960, 0x000001948a78c2b0,
0x000001948a85a6c0, 0x000001948a93a900, 0x000001948a938830, 0x000001948a955df0,
0x000001948a9381a0, 0x000001948a938ec0, 0x000001948a939550, 0x00000194d29af4a0,
0x00000194d29ae0f0, 0x00000194d29afb30, 0x00000194d29b01c0, 0x00000194d29b0ee0,
0x00000194d29b1570, 0x00000194d29acd40, 0x00000194d29b1c00, 0x00000194d29ad3d0,
0x00000194d29ae780, 0x00000194d23aeac0, 0x00000194d23ad650, 0x00000194d23af190,
0x00000194d23af860, 0x00000194d23ae3f0, 0x00000194d23b0600, 0x00000194d23acf80,
0x00000194d29b2920, 0x00000194d29aee10, 0x00000194d29b2fb0, 0x00000194d29b0850,
0x00000194d29ada60, 0x00000194d29ac020, 0x00000194d29b3640, 0x00000194d29ac6b0,
0x00000194d33f47e0, 0x00000194d33f5b90, 0x00000194d33f68b0, 0x00000194d33f75d0,
0x00000194d33f5500, 0x00000194d33f3ac0, 0x00000194d20e9b80
}

Java Threads: ( => current thread )
  0x000001948a76d610 JavaThread "Reference Handler"          daemon [_thread_blocked, id=39836, stack(0x00000089c3300000,0x00000089c3400000) (1024K)]
  0x000001948a76e620 JavaThread "Finalizer"                  daemon [_thread_blocked, id=39824, stack(0x00000089c3400000,0x00000089c3500000) (1024K)]
  0x000001948a771560 JavaThread "Signal Dispatcher"          daemon [_thread_blocked, id=39820, stack(0x00000089c3500000,0x00000089c3600000) (1024K)]
  0x000001948a7751d0 JavaThread "Attach Listener"            daemon [_thread_blocked, id=39816, stack(0x00000089c3600000,0x00000089c3700000) (1024K)]
  0x000001948a775d20 JavaThread "Service Thread"             daemon [_thread_blocked, id=39832, stack(0x00000089c3700000,0x00000089c3800000) (1024K)]
  0x000001948a7769a0 JavaThread "Monitor Deflation Thread"   daemon [_thread_blocked, id=39808, stack(0x00000089c3800000,0x00000089c3900000) (1024K)]
  0x000001948a779960 JavaThread "C2 CompilerThread0"         daemon [_thread_blocked, id=39800, stack(0x00000089c3900000,0x00000089c3a00000) (1024K)]
  0x000001948a78c2b0 JavaThread "C1 CompilerThread0"         daemon [_thread_blocked, id=39796, stack(0x00000089c3a00000,0x00000089c3b00000) (1024K)]
  0x000001948a85a6c0 JavaThread "C1 CompilerThread1"         daemon [_thread_blocked, id=39792, stack(0x00000089c3b00000,0x00000089c3c00000) (1024K)]
  0x000001948a93a900 JavaThread "Notification Thread"        daemon [_thread_blocked, id=39760, stack(0x00000089c3c00000,0x00000089c3d00000) (1024K)]
  0x000001948a938830 JavaThread "Common-Cleaner"             daemon [_thread_blocked, id=39784, stack(0x00000089c3d00000,0x00000089c3e00000) (1024K)]
  0x000001948a955df0 JavaThread "C1 CompilerThread2"         daemon [_thread_blocked, id=39788, stack(0x00000089c3e00000,0x00000089c3f00000) (1024K)]
  0x000001948a9381a0 JavaThread "Cleaner-0"                  daemon [_thread_blocked, id=39028, stack(0x00000089c5000000,0x00000089c5100000) (1024K)]
  0x000001948a938ec0 JavaThread "Ms-Tick-0"                         [_thread_blocked, id=16768, stack(0x00000089c5100000,0x00000089c5200000) (1024K)]
  0x000001948a939550 JavaThread "Thread-0"                   daemon [_thread_blocked, id=8968, stack(0x00000089c5200000,0x00000089c5300000) (1024K)]
  0x00000194d29af4a0 JavaThread "ForkJoinPool-1-worker-1"    daemon [_thread_in_Java, id=35312, stack(0x00000089c5300000,0x00000089c5400000) (1024K)]
  0x00000194d29ae0f0 JavaThread "Ms-TickScheduler"                  [_thread_blocked, id=38980, stack(0x00000089c5400000,0x00000089c5500000) (1024K)]
  0x00000194d29afb30 JavaThread "Read-Poller"                daemon [_thread_in_native, id=38988, stack(0x00000089c5500000,0x00000089c5600000) (1024K)]
  0x00000194d29b01c0 JavaThread "Read-Poller"                daemon [_thread_in_native, id=38984, stack(0x00000089c5600000,0x00000089c5700000) (1024K)]
  0x00000194d29b0ee0 JavaThread "Write-Poller"               daemon [_thread_in_native, id=35504, stack(0x00000089c5700000,0x00000089c5800000) (1024K)]
  0x00000194d29b1570 JavaThread "DestroyJavaVM"                     [_thread_blocked, id=39696, stack(0x00000089c2b00000,0x00000089c2c00000) (1024K)]
  0x00000194d29acd40 JavaThread "Cleaner-1"                  daemon [_thread_blocked, id=39280, stack(0x00000089c3f00000,0x00000089c4000000) (1024K)]
  0x00000194d29b1c00 JavaThread "ForkJoinPool-1-worker-2"    daemon [_thread_in_Java, id=39292, stack(0x00000089c4000000,0x00000089c4100000) (1024K)]
  0x00000194d29ad3d0 JavaThread "ForkJoinPool-1-worker-3"    daemon [_thread_in_Java, id=39296, stack(0x00000089c4100000,0x00000089c4200000) (1024K)]
  0x00000194d29ae780 JavaThread "VirtualThread-unparker"     daemon [_thread_blocked, id=39288, stack(0x00000089c4200000,0x00000089c4300000) (1024K)]
  0x00000194d23aeac0 JavaThread "C2 CompilerThread1"         daemon [_thread_in_native, id=36928, stack(0x00000089c4300000,0x00000089c4400000) (1024K)]
  0x00000194d23ad650 JavaThread "C2 CompilerThread2"         daemon [_thread_blocked, id=34064, stack(0x00000089c5800000,0x00000089c5900000) (1024K)]
  0x00000194d23af190 JavaThread "C2 CompilerThread3"         daemon [_thread_blocked, id=28464, stack(0x00000089c5900000,0x00000089c5a00000) (1024K)]
  0x00000194d23af860 JavaThread "C2 CompilerThread4"         daemon [_thread_blocked, id=34856, stack(0x00000089c5a00000,0x00000089c5b00000) (1024K)]
  0x00000194d23ae3f0 JavaThread "C2 CompilerThread5"         daemon [_thread_blocked, id=8172, stack(0x00000089c5b00000,0x00000089c5c00000) (1024K)]
  0x00000194d23b0600 JavaThread "C2 CompilerThread6"         daemon [_thread_in_native, id=36700, stack(0x00000089c5c00000,0x00000089c5d00000) (1024K)]
  0x00000194d23acf80 JavaThread "C1 CompilerThread3"         daemon [_thread_blocked, id=25840, stack(0x00000089c5e00000,0x00000089c5f00000) (1024K)]
  0x00000194d29b2920 JavaThread "ForkJoinPool-1-worker-4"    daemon [_thread_in_Java, id=39092, stack(0x00000089c5f00000,0x00000089c6000000) (1024K)]
  0x00000194d29aee10 JavaThread "ForkJoinPool-1-worker-5"    daemon [_thread_in_Java, id=32348, stack(0x00000089c6000000,0x00000089c6100000) (1024K)]
  0x00000194d29b2fb0 JavaThread "ForkJoinPool-1-worker-6"    daemon [_thread_in_Java, id=8016, stack(0x00000089c6100000,0x00000089c6200000) (1024K)]
=>0x00000194d29b0850 JavaThread "ForkJoinPool-1-worker-7"    daemon [_thread_in_native, id=29320, stack(0x00000089c6200000,0x00000089c6300000) (1024K)]
  0x00000194d29ada60 JavaThread "ForkJoinPool-1-worker-8"    daemon [_thread_in_Java, id=12360, stack(0x00000089c6300000,0x00000089c6400000) (1024K)]
  0x00000194d29ac020 JavaThread "ForkJoinPool-1-worker-9"    daemon [_thread_blocked, id=36620, stack(0x00000089c6400000,0x00000089c6500000) (1024K)]
  0x00000194d29b3640 JavaThread "ForkJoinPool-1-worker-10"   daemon [_thread_blocked, id=25036, stack(0x00000089c6500000,0x00000089c6600000) (1024K)]
  0x00000194d29ac6b0 JavaThread "ForkJoinPool-1-worker-11"   daemon [_thread_blocked, id=35944, stack(0x00000089c6600000,0x00000089c6700000) (1024K)]
  0x00000194d33f47e0 JavaThread "ForkJoinPool-1-worker-12"   daemon [_thread_blocked, id=19244, stack(0x00000089c6700000,0x00000089c6800000) (1024K)]
  0x00000194d33f5b90 JavaThread "ForkJoinPool-1-worker-13"   daemon [_thread_blocked, id=38940, stack(0x00000089c6800000,0x00000089c6900000) (1024K)]
  0x00000194d33f68b0 JavaThread "ForkJoinPool-1-worker-14"   daemon [_thread_blocked, id=38936, stack(0x00000089c6900000,0x00000089c6a00000) (1024K)]
  0x00000194d33f75d0 JavaThread "ForkJoinPool-1-worker-15"   daemon [_thread_blocked, id=37144, stack(0x00000089c6a00000,0x00000089c6b00000) (1024K)]
  0x00000194d33f5500 JavaThread "ForkJoinPool-1-worker-16"   daemon [_thread_blocked, id=39172, stack(0x00000089c6b00000,0x00000089c6c00000) (1024K)]
  0x00000194d33f3ac0 JavaThread "Cleaner-2"                  daemon [_thread_blocked, id=1276, stack(0x00000089c5d00000,0x00000089c5e00000) (1024K)]
  0x00000194d20e9b80 JavaThread "C2 CompilerThread7"         daemon [_thread_blocked, id=1144, stack(0x00000089c6c00000,0x00000089c6d00000) (1024K)]
Total: 47

Other Threads:
  0x00000194ffc83a00 VMThread "VM Thread"                           [id=39840, stack(0x00000089c3200000,0x00000089c3300000) (1024K)]
  0x00000194ffc70190 WatcherThread "VM Periodic Task Thread"        [id=39844, stack(0x00000089c3100000,0x00000089c3200000) (1024K)]
  0x00000194e5c29ef0 WorkerThread "GC Thread#0"                     [id=39688, stack(0x00000089c2c00000,0x00000089c2d00000) (1024K)]
  0x00000194d140de00 WorkerThread "GC Thread#1"                     [id=39920, stack(0x00000089c4400000,0x00000089c4500000) (1024K)]
  0x00000194d16e2070 WorkerThread "GC Thread#2"                     [id=39916, stack(0x00000089c4500000,0x00000089c4600000) (1024K)]
  0x00000194d09c9150 WorkerThread "GC Thread#3"                     [id=39912, stack(0x00000089c4600000,0x00000089c4700000) (1024K)]
  0x00000194d0917970 WorkerThread "GC Thread#4"                     [id=39928, stack(0x00000089c4700000,0x00000089c4800000) (1024K)]
  0x00000194d0f1ea00 WorkerThread "GC Thread#5"                     [id=39904, stack(0x00000089c4800000,0x00000089c4900000) (1024K)]
  0x00000194d1494df0 WorkerThread "GC Thread#6"                     [id=39896, stack(0x00000089c4900000,0x00000089c4a00000) (1024K)]
  0x00000194d07fe110 WorkerThread "GC Thread#7"                     [id=39892, stack(0x00000089c4a00000,0x00000089c4b00000) (1024K)]
  0x00000194d11694b0 WorkerThread "GC Thread#8"                     [id=39888, stack(0x00000089c4b00000,0x00000089c4c00000) (1024K)]
  0x00000194d1167e90 WorkerThread "GC Thread#9"                     [id=39908, stack(0x00000089c4c00000,0x00000089c4d00000) (1024K)]
  0x00000194d11689a0 WorkerThread "GC Thread#10"                    [id=39856, stack(0x00000089c4d00000,0x00000089c4e00000) (1024K)]
  0x00000194d1168240 WorkerThread "GC Thread#11"                    [id=39880, stack(0x00000089c4e00000,0x00000089c4f00000) (1024K)]
  0x00000194d11685f0 WorkerThread "GC Thread#12"                    [id=39020, stack(0x00000089c4f00000,0x00000089c5000000) (1024K)]
  0x00000194e5c3e880 ConcurrentGCThread "G1 Main Marker"            [id=39772, stack(0x00000089c2d00000,0x00000089c2e00000) (1024K)]
  0x00000194ffa90c10 WorkerThread "G1 Conc#0"                       [id=39776, stack(0x00000089c2e00000,0x00000089c2f00000) (1024K)]
  0x00000194d29e6e30 WorkerThread "G1 Conc#1"                       [id=8840, stack(0x00000089c6d00000,0x00000089c6e00000) (1024K)]
  0x00000194d29e5460 WorkerThread "G1 Conc#2"                       [id=38172, stack(0x00000089c6e00000,0x00000089c6f00000) (1024K)]
  0x00000194ffb3f510 ConcurrentGCThread "G1 Refine#0"               [id=39768, stack(0x00000089c2f00000,0x00000089c3000000) (1024K)]
  0x00000194ffb40090 ConcurrentGCThread "G1 Service"                [id=13192, stack(0x00000089c3000000,0x00000089c3100000) (1024K)]
Total: 21

Threads with active compile tasks:
C1 CompilerThread1  2603 3808       3       jdk.internal.foreign.layout.SequenceLayoutImpl::of (10 bytes)
C1 CompilerThread2  2603 3807       1       java.lang.VirtualThread::setCarrierThread (6 bytes)
C2 CompilerThread1  2603 3791 %     4       me.pixlent.cache.NoiseChunkCache::<init> @ 180 (516 bytes)
C2 CompilerThread6  2603 3759 %     4       me.pixlent.noise.FastNoiseFunction::batch @ 86 (294 bytes)
Total: 4

VM state: at safepoint (normal execution)

VM Mutex/Monitor currently owned by a thread:  ([mutex/lock_event])
[0x00007ff8d0fd4888] Threads_lock - owner thread: 0x00000194ffc83a00
[0x00007ff8d0fd4988] Heap_lock - owner thread: 0x00000194d33f5500

Heap address: 0x000000060d800000, size: 7976 MB, Compressed Oops mode: Zero based, Oop shift amount: 3

CDS archive(s) mapped at: [0x000001948b000000-0x000001948bd70000-0x000001948bd70000), size 14090240, SharedBaseAddress: 0x000001948b000000, ArchiveRelocationMode: 1.
Compressed class space mapped at: 0x000001948c000000-0x00000194cc000000, reserved size: 1073741824
Narrow klass base: 0x000001948b000000, Narrow klass shift: 0, Narrow klass range: 0x41000000

GC Precious Log:
 CardTable entry size: 512
 Card Set container configuration: InlinePtr #cards 4 size 8 Array Of Cards #cards 32 size 80 Howl #buckets 8 coarsen threshold 7372 Howl Bitmap #cards 1024 size 144 coarsen threshold 921 Card regions per heap region 1 cards per card region 8192
 CPUs: 16 total, 16 available
 Memory: 31900M
 Large Page Support: Disabled
 NUMA Support: Disabled
 Compressed Oops: Enabled (Zero based)
 Heap Region Size: 4M
 Heap Min Capacity: 8M
 Heap Initial Capacity: 500M
 Heap Max Capacity: 7976M
 Pre-touch: Disabled
 Parallel Workers: 13
 Concurrent Workers: 3
 Concurrent Refinement Workers: 13
 Periodic GC: Disabled

Heap:
 garbage-first heap   total reserved 8167424K, committed 221184K, used 161083K [0x000000060d800000, 0x0000000800000000)
  region size 4096K, 25 young (102400K), 2 survivors (8192K)
 Metaspace       used 20493K, committed 21888K, reserved 1114112K
  class space    used 3407K, committed 3968K, reserved 1048576K

Heap Regions: E=young(eden), S=young(survivor), O=old, HS=humongous(starts), HC=humongous(continues), CS=collection set, F=free, TAMS=top-at-mark-start, PB=parsable bottom
|   0|0x000000060d800000, 0x000000060dc00000, 0x000000060dc00000|100%| O|  |TAMS 0x000000060d800000| PB 0x000000060d800000| Untracked |  0
|   1|0x000000060dc00000, 0x000000060e000000, 0x000000060e000000|100%| O|  |TAMS 0x000000060dc00000| PB 0x000000060dc00000| Untracked |  0
|   2|0x000000060e000000, 0x000000060e400000, 0x000000060e400000|100%| O|  |TAMS 0x000000060e000000| PB 0x000000060e000000| Untracked |  0
|   3|0x000000060e400000, 0x000000060e800000, 0x000000060e800000|100%| O|  |TAMS 0x000000060e400000| PB 0x000000060e400000| Untracked |  0
|   4|0x000000060e800000, 0x000000060ec00000, 0x000000060ec00000|100%| O|  |TAMS 0x000000060e800000| PB 0x000000060e800000| Untracked |  0
|   5|0x000000060ec00000, 0x000000060f000000, 0x000000060f000000|100%| O|  |TAMS 0x000000060ec00000| PB 0x000000060ec00000| Untracked |  0
|   6|0x000000060f000000, 0x000000060f400000, 0x000000060f400000|100%| O|  |TAMS 0x000000060f000000| PB 0x000000060f000000| Untracked |  0
|   7|0x000000060f400000, 0x000000060f800000, 0x000000060f800000|100%| O|  |TAMS 0x000000060f400000| PB 0x000000060f400000| Untracked |  0
|   8|0x000000060f800000, 0x000000060fc00000, 0x000000060fc00000|100%| O|  |TAMS 0x000000060f800000| PB 0x000000060f800000| Untracked |  0
|   9|0x000000060fc00000, 0x0000000610000000, 0x0000000610000000|100%| O|CS|TAMS 0x000000060fc00000| PB 0x000000060fc00000| Complete |  0
|  10|0x0000000610000000, 0x0000000610400000, 0x0000000610400000|100%| O|  |TAMS 0x0000000610000000| PB 0x0000000610000000| Untracked |  0
|  11|0x0000000610400000, 0x0000000610800000, 0x0000000610800000|100%| O|  |TAMS 0x0000000610400000| PB 0x0000000610400000| Untracked |  0
|  12|0x0000000610800000, 0x0000000610c00000, 0x0000000610c00000|100%| O|  |TAMS 0x0000000610800000| PB 0x0000000610800000| Untracked |  0
|  13|0x0000000610c00000, 0x0000000611000000, 0x0000000611000000|100%| O|  |TAMS 0x0000000610c00000| PB 0x0000000610c00000| Untracked |  0
|  14|0x0000000611000000, 0x0000000611400000, 0x0000000611400000|100%| O|  |TAMS 0x0000000611000000| PB 0x0000000611000000| Untracked |  0
|  15|0x0000000611400000, 0x0000000611616060, 0x0000000611800000| 52%| O|  |TAMS 0x0000000611400000| PB 0x0000000611400000| Untracked |  0
|  16|0x0000000611800000, 0x0000000611800000, 0x0000000611c00000|  0%| F|  |TAMS 0x0000000611800000| PB 0x0000000611800000| Untracked |  0
|  17|0x0000000611c00000, 0x0000000611c00000, 0x0000000612000000|  0%| F|  |TAMS 0x0000000611c00000| PB 0x0000000611c00000| Untracked |  0
|  18|0x0000000612000000, 0x0000000612000000, 0x0000000612400000|  0%| F|  |TAMS 0x0000000612000000| PB 0x0000000612000000| Untracked |  0
|  19|0x0000000612400000, 0x0000000612400000, 0x0000000612800000|  0%| F|  |TAMS 0x0000000612400000| PB 0x0000000612400000| Untracked |  0
|  20|0x0000000612800000, 0x00000006129d7728, 0x0000000612c00000| 46%| E|CS|TAMS 0x0000000612800000| PB 0x0000000612800000| Complete |  0
|  21|0x0000000612c00000, 0x0000000613000000, 0x0000000613000000|100%| E|CS|TAMS 0x0000000612c00000| PB 0x0000000612c00000| Complete |  0
|  22|0x0000000613000000, 0x0000000613000000, 0x0000000613400000|  0%| F|  |TAMS 0x0000000613000000| PB 0x0000000613000000| Untracked |  0
|  23|0x0000000613400000, 0x0000000613400000, 0x0000000613800000|  0%| F|  |TAMS 0x0000000613400000| PB 0x0000000613400000| Untracked |  0
|  24|0x0000000613800000, 0x0000000613800000, 0x0000000613c00000|  0%| F|  |TAMS 0x0000000613800000| PB 0x0000000613800000| Untracked |  0
|  25|0x0000000613c00000, 0x0000000613c00000, 0x0000000614000000|  0%| F|  |TAMS 0x0000000613c00000| PB 0x0000000613c00000| Untracked |  0
|  26|0x0000000614000000, 0x0000000614000000, 0x0000000614400000|  0%| F|  |TAMS 0x0000000614000000| PB 0x0000000614000000| Untracked |  0
|  27|0x0000000614400000, 0x0000000614400000, 0x0000000614800000|  0%| F|  |TAMS 0x0000000614400000| PB 0x0000000614400000| Untracked |  0
|  28|0x0000000614800000, 0x00000006149fd4f0, 0x0000000614c00000| 49%| S|  |TAMS 0x0000000614800000| PB 0x0000000614800000| Complete |  0
|  29|0x0000000614c00000, 0x0000000615000000, 0x0000000615000000|100%| S|  |TAMS 0x0000000614c00000| PB 0x0000000614c00000| Complete |  0
|  30|0x0000000615000000, 0x0000000615400000, 0x0000000615400000|100%| S|  |TAMS 0x0000000615000000| PB 0x0000000615000000| Complete |  0
|  31|0x0000000615400000, 0x0000000615800000, 0x0000000615800000|100%| E|CS|TAMS 0x0000000615400000| PB 0x0000000615400000| Complete |  0
|  32|0x0000000615800000, 0x0000000615c00000, 0x0000000615c00000|100%| E|CS|TAMS 0x0000000615800000| PB 0x0000000615800000| Complete |  0
|  33|0x0000000615c00000, 0x0000000616000000, 0x0000000616000000|  0%| F|CS|TAMS 0x0000000615c00000| PB 0x0000000615c00000| Untracked |  0
|  34|0x0000000616000000, 0x0000000616000000, 0x0000000616400000|  0%| F|CS|TAMS 0x0000000616000000| PB 0x0000000616000000| Untracked |  0
|  35|0x0000000616400000, 0x0000000616400000, 0x0000000616800000|  0%| F|  |TAMS 0x0000000616400000| PB 0x0000000616400000| Untracked |  0
|  36|0x0000000616800000, 0x0000000616800000, 0x0000000616c00000|  0%| F|  |TAMS 0x0000000616800000| PB 0x0000000616800000| Untracked |  0
|  37|0x0000000616c00000, 0x0000000616c00000, 0x0000000617000000|  0%| F|  |TAMS 0x0000000616c00000| PB 0x0000000616c00000| Untracked |  0
|  38|0x0000000617000000, 0x0000000617000000, 0x0000000617400000|  0%| F|  |TAMS 0x0000000617000000| PB 0x0000000617000000| Untracked |  0
|  39|0x0000000617400000, 0x0000000617400000, 0x0000000617800000|  0%| F|  |TAMS 0x0000000617400000| PB 0x0000000617400000| Untracked |  0
|  40|0x0000000617800000, 0x0000000617800000, 0x0000000617c00000|  0%| F|  |TAMS 0x0000000617800000| PB 0x0000000617800000| Untracked |  0
|  41|0x0000000617c00000, 0x0000000617c00000, 0x0000000618000000|  0%| F|  |TAMS 0x0000000617c00000| PB 0x0000000617c00000| Untracked |  0
|  42|0x0000000618000000, 0x0000000618000000, 0x0000000618400000|  0%| F|  |TAMS 0x0000000618000000| PB 0x0000000618000000| Untracked |  0
|  43|0x0000000618400000, 0x0000000618400000, 0x0000000618800000|  0%| F|  |TAMS 0x0000000618400000| PB 0x0000000618400000| Untracked |  0
|  44|0x0000000618800000, 0x0000000618800000, 0x0000000618c00000|  0%| F|  |TAMS 0x0000000618800000| PB 0x0000000618800000| Untracked |  0
|  45|0x0000000618c00000, 0x0000000618c00000, 0x0000000619000000|  0%| F|  |TAMS 0x0000000618c00000| PB 0x0000000618c00000| Untracked |  0
|  46|0x0000000619000000, 0x0000000619000000, 0x0000000619400000|  0%| F|  |TAMS 0x0000000619000000| PB 0x0000000619000000| Untracked |  0
|  47|0x0000000619400000, 0x0000000619400000, 0x0000000619800000|  0%| F|  |TAMS 0x0000000619400000| PB 0x0000000619400000| Untracked |  0
|  48|0x0000000619800000, 0x0000000619800000, 0x0000000619c00000|  0%| F|  |TAMS 0x0000000619800000| PB 0x0000000619800000| Untracked |  0
|  49|0x0000000619c00000, 0x0000000619c00000, 0x000000061a000000|  0%| F|  |TAMS 0x0000000619c00000| PB 0x0000000619c00000| Untracked |  0
|  50|0x000000061a000000, 0x000000061a000000, 0x000000061a400000|  0%| F|  |TAMS 0x000000061a000000| PB 0x000000061a000000| Untracked |  0
|  51|0x000000061a400000, 0x000000061a400000, 0x000000061a800000|  0%| F|  |TAMS 0x000000061a400000| PB 0x000000061a400000| Untracked |  0
|  52|0x000000061a800000, 0x000000061a800000, 0x000000061ac00000|  0%| F|  |TAMS 0x000000061a800000| PB 0x000000061a800000| Untracked |  0
|  53|0x000000061ac00000, 0x000000061ac00000, 0x000000061b000000|  0%| F|  |TAMS 0x000000061ac00000| PB 0x000000061ac00000| Untracked |  0
|  54|0x000000061b000000, 0x000000061b000000, 0x000000061b400000|  0%| F|  |TAMS 0x000000061b000000| PB 0x000000061b000000| Untracked |  0
|  55|0x000000061b400000, 0x000000061b400000, 0x000000061b800000|  0%| F|  |TAMS 0x000000061b400000| PB 0x000000061b400000| Untracked |  0
|  56|0x000000061b800000, 0x000000061b800000, 0x000000061bc00000|  0%| F|  |TAMS 0x000000061b800000| PB 0x000000061b800000| Untracked |  0
|  57|0x000000061bc00000, 0x000000061be2fd78, 0x000000061c000000| 54%| E|  |TAMS 0x000000061bc00000| PB 0x000000061bc00000| Complete |  0
|  58|0x000000061c000000, 0x000000061c400000, 0x000000061c400000|100%| E|CS|TAMS 0x000000061c000000| PB 0x000000061c000000| Complete |  0
|  59|0x000000061c400000, 0x000000061c800000, 0x000000061c800000|100%| E|CS|TAMS 0x000000061c400000| PB 0x000000061c400000| Complete |  0
|  60|0x000000061c800000, 0x000000061cc00000, 0x000000061cc00000|100%| E|CS|TAMS 0x000000061c800000| PB 0x000000061c800000| Complete |  0
|  82|0x0000000622000000, 0x0000000622400000, 0x0000000622400000|100%| E|CS|TAMS 0x0000000622000000| PB 0x0000000622000000| Complete |  0
|  83|0x0000000622400000, 0x0000000622800000, 0x0000000622800000|100%| E|CS|TAMS 0x0000000622400000| PB 0x0000000622400000| Complete |  0
|  84|0x0000000622800000, 0x0000000622c00000, 0x0000000622c00000|100%| E|CS|TAMS 0x0000000622800000| PB 0x0000000622800000| Complete |  0
|  85|0x0000000622c00000, 0x0000000623000000, 0x0000000623000000|100%| E|CS|TAMS 0x0000000622c00000| PB 0x0000000622c00000| Complete |  0
| 123|0x000000062c400000, 0x000000062c800000, 0x000000062c800000|100%| E|CS|TAMS 0x000000062c400000| PB 0x000000062c400000| Complete |  0
| 124|0x000000062c800000, 0x000000062cc00000, 0x000000062cc00000|100%| E|CS|TAMS 0x000000062c800000| PB 0x000000062c800000| Complete |  0

Card table byte_map: [0x00000194feaf0000,0x00000194ffa90000] _byte_map_base: 0x00000194fba84000

Marking Bits: (CMBitMap*) 0x00000194e5c2a600
 Bits: [0x0000019480000000, 0x0000019487ca0000)

Polling page: 0x00000194e3a20000

Metaspace:

Usage:
  Non-class:     16.69 MB used.
      Class:      3.33 MB used.
       Both:     20.01 MB used.

Virtual space:
  Non-class space:       64.00 MB reserved,      17.50 MB ( 27%) committed,  1 nodes.
      Class space:        1.00 GB reserved,       3.88 MB ( <1%) committed,  1 nodes.
             Both:        1.06 GB reserved,      21.38 MB (  2%) committed. 

Chunk freelists:
   Non-Class:  14.45 MB
       Class:  11.98 MB
        Both:  26.44 MB

MaxMetaspaceSize: unlimited
CompressedClassSpaceSize: 1.00 GB
Initial GC threshold: 21.00 MB
Current GC threshold: 35.25 MB
CDS: on
 - commit_granule_bytes: 65536.
 - commit_granule_words: 8192.
 - virtual_space_node_default_size: 8388608.
 - enlarge_chunks_in_place: 1.
 - use_allocation_guard: 0.


Internal statistics:

num_allocs_failed_limit: 21.
num_arena_births: 1976.
num_arena_deaths: 0.
num_vsnodes_births: 2.
num_vsnodes_deaths: 0.
num_space_committed: 341.
num_space_uncommitted: 0.
num_chunks_returned_to_freelist: 21.
num_chunks_taken_from_freelist: 3254.
num_chunk_merges: 21.
num_chunk_splits: 1874.
num_chunks_enlarged: 741.
num_inconsistent_stats: 0.

CodeHeap 'non-profiled nmethods': size=119232Kb used=1997Kb max_used=1997Kb free=117234Kb
 bounds [0x00000194f5e50000, 0x00000194f60c0000, 0x00000194fd2c0000]
CodeHeap 'profiled nmethods': size=119104Kb used=5107Kb max_used=5107Kb free=113996Kb
 bounds [0x00000194ee2c0000, 0x00000194ee7c0000, 0x00000194f5710000]
CodeHeap 'non-nmethods': size=7424Kb used=3705Kb max_used=3792Kb free=3718Kb
 bounds [0x00000194f5710000, 0x00000194f5ad0000, 0x00000194f5e50000]
CodeCache: size=245760Kb, used=10809Kb, max_used=10896Kb, free=234948Kb
 total_blobs=4670, nmethods=3820, adapters=727, full_count=0
Compilation: enabled, stopped_count=0, restarted_count=0

Compilation events (20 events):
Event: 2.436 Thread 0x00000194d23b0600 3585       4       java.lang.invoke.Invokers::checkCustomized (23 bytes)
Event: 2.436 Thread 0x000001948a85a6c0 nmethod 3605 0x00000194ee780108 code [0x00000194ee780220, 0x00000194ee7803d8]
Event: 2.437 Thread 0x00000194d20e9b80 nmethod 3597 0x00000194f5ff9b88 code [0x00000194f5ff9ca0, 0x00000194f5ff9e70]
Event: 2.437 Thread 0x00000194d20e9b80 3606       4       jdk.internal.misc.Unsafe::putIntUnaligned (14 bytes)
Event: 2.437 Thread 0x00000194d23b0600 nmethod 3585 0x00000194f5ff9f08 code [0x00000194f5ffa020, 0x00000194f5ffa0e8]
Event: 2.437 Thread 0x00000194d23b0600 3607       4       jdk.internal.misc.Unsafe::convEndian (16 bytes)
Event: 2.437 Thread 0x00000194d23af190 nmethod 3553 0x00000194f5ffa208 code [0x00000194f5ffa380, 0x00000194f5ffa9c8]
Event: 2.438 Thread 0x00000194d23b0600 nmethod 3607 0x00000194f5ffaa88 code [0x00000194f5ffab80, 0x00000194f5ffabf8]
Event: 2.438 Thread 0x00000194d20e9b80 nmethod 3606 0x00000194f5ffad88 code [0x00000194f5ffae80, 0x00000194f5ffaf08]
Event: 2.438 Thread 0x00000194d23af190 3595   !   4       java.lang.invoke.LambdaForm$MH/0x000001948c37a000::guardWithCatch (77 bytes)
Event: 2.438 Thread 0x00000194d23b0600 3590       4       java.lang.invoke.VarHandle::getMethodHandle (41 bytes)
Event: 2.438 Thread 0x00000194d20e9b80 3596       4       java.lang.invoke.LambdaForm$DMH/0x000001948c374800::invokeStatic (19 bytes)
Event: 2.438 Thread 0x000001948a955df0 3609       3       jdk.internal.foreign.Utils::checkNonNegativeArgument (43 bytes)
Event: 2.439 Thread 0x000001948a955df0 nmethod 3609 0x00000194ee780408 code [0x00000194ee7805e0, 0x00000194ee780d78]
Event: 2.439 Thread 0x00000194d20e9b80 nmethod 3596 0x00000194f5ffb688 code [0x00000194f5ffb7a0, 0x00000194f5ffb898]
Event: 2.440 Thread 0x00000194d23af190 nmethod 3595 0x00000194f5ffb988 code [0x00000194f5ffbaa0, 0x00000194f5ffbbf8]
Event: 2.440 Thread 0x00000194d20e9b80 3601       4       java.lang.invoke.LambdaForm$MH/0x000001948c378800::invoke (30 bytes)
Event: 2.440 Thread 0x000001948a955df0 3614   !   3       jdk.internal.foreign.MemorySessionImpl::checkValidState (14 bytes)
Event: 2.441 Thread 0x000001948a955df0 nmethod 3614 0x00000194ee780e08 code [0x00000194ee780f60, 0x00000194ee781468]
Event: 2.441 Thread 0x00000194d23af190 3600       4       jdk.internal.foreign.layout.ValueLayouts$AbstractValueLayout::varHandle (43 bytes)

GC Heap History (12 events):
Event: 0.287 GC heap before
{Heap before GC invocations=0 (full 0):
 garbage-first heap   total reserved 8167424K, committed 512000K, used 20480K [0x000000060d800000, 0x0000000800000000)
  region size 4096K, 6 young (24576K), 0 survivors (0K)
 Metaspace       used 5061K, committed 5184K, reserved 1114112K
  class space    used 594K, committed 640K, reserved 1048576K
}
Event: 0.289 GC heap after
{Heap after GC invocations=1 (full 0):
 garbage-first heap   total reserved 8167424K, committed 512000K, used 7096K [0x000000060d800000, 0x0000000800000000)
  region size 4096K, 1 young (4096K), 1 survivors (4096K)
 Metaspace       used 5061K, committed 5184K, reserved 1114112K
  class space    used 594K, committed 640K, reserved 1048576K
}
Event: 0.556 GC heap before
{Heap before GC invocations=1 (full 0):
 garbage-first heap   total reserved 8167424K, committed 512000K, used 27576K [0x000000060d800000, 0x0000000800000000)
  region size 4096K, 6 young (24576K), 1 survivors (4096K)
 Metaspace       used 8909K, committed 9152K, reserved 1114112K
  class space    used 1262K, committed 1408K, reserved 1048576K
}
Event: 0.558 GC heap after
{Heap after GC invocations=2 (full 0):
 garbage-first heap   total reserved 8167424K, committed 512000K, used 9680K [0x000000060d800000, 0x0000000800000000)
  region size 4096K, 1 young (4096K), 1 survivors (4096K)
 Metaspace       used 8909K, committed 9152K, reserved 1114112K
  class space    used 1262K, committed 1408K, reserved 1048576K
}
Event: 1.917 GC heap before
{Heap before GC invocations=2 (full 0):
 garbage-first heap   total reserved 8167424K, committed 512000K, used 62928K [0x000000060d800000, 0x0000000800000000)
  region size 4096K, 15 young (61440K), 1 survivors (4096K)
 Metaspace       used 16222K, committed 16640K, reserved 1114112K
  class space    used 2626K, committed 2816K, reserved 1048576K
}
Event: 1.923 GC heap after
{Heap after GC invocations=3 (full 0):
 garbage-first heap   total reserved 8167424K, committed 512000K, used 34968K [0x000000060d800000, 0x0000000800000000)
  region size 4096K, 2 young (8192K), 2 survivors (8192K)
 Metaspace       used 16222K, committed 16640K, reserved 1114112K
  class space    used 2626K, committed 2816K, reserved 1048576K
}
Event: 1.997 GC heap before
{Heap before GC invocations=3 (full 0):
 garbage-first heap   total reserved 8167424K, committed 512000K, used 80024K [0x000000060d800000, 0x0000000800000000)
  region size 4096K, 13 young (53248K), 2 survivors (8192K)
 Metaspace       used 16694K, committed 17088K, reserved 1114112K
  class space    used 2673K, committed 2880K, reserved 1048576K
}
Event: 2.000 GC heap after
{Heap after GC invocations=4 (full 0):
 garbage-first heap   total reserved 8167424K, committed 512000K, used 48365K [0x000000060d800000, 0x0000000800000000)
  region size 4096K, 2 young (8192K), 2 survivors (8192K)
 Metaspace       used 16694K, committed 17088K, reserved 1114112K
  class space    used 2673K, committed 2880K, reserved 1048576K
}
Event: 2.046 GC heap before
{Heap before GC invocations=4 (full 0):
 garbage-first heap   total reserved 8167424K, committed 512000K, used 109805K [0x000000060d800000, 0x0000000800000000)
  region size 4096K, 17 young (69632K), 2 survivors (8192K)
 Metaspace       used 16703K, committed 17088K, reserved 1114112K
  class space    used 2673K, committed 2880K, reserved 1048576K
}
Event: 2.048 GC heap after
{Heap after GC invocations=5 (full 0):
 garbage-first heap   total reserved 8167424K, committed 512000K, used 50941K [0x000000060d800000, 0x0000000800000000)
  region size 4096K, 1 young (4096K), 1 survivors (4096K)
 Metaspace       used 16703K, committed 17088K, reserved 1114112K
  class space    used 2673K, committed 2880K, reserved 1048576K
}
Event: 2.113 GC heap before
{Heap before GC invocations=5 (full 0):
 garbage-first heap   total reserved 8167424K, committed 512000K, used 169725K [0x000000060d800000, 0x0000000800000000)
  region size 4096K, 30 young (122880K), 1 survivors (4096K)
 Metaspace       used 16704K, committed 17088K, reserved 1114112K
  class space    used 2673K, committed 2880K, reserved 1048576K
}
Event: 2.114 GC heap after
{Heap after GC invocations=6 (full 0):
 garbage-first heap   total reserved 8167424K, committed 512000K, used 52232K [0x000000060d800000, 0x0000000800000000)
  region size 4096K, 1 young (4096K), 1 survivors (4096K)
 Metaspace       used 16704K, committed 17088K, reserved 1114112K
  class space    used 2673K, committed 2880K, reserved 1048576K
}

Dll operation events (10 events):
Event: 0.004 Loaded shared library C:\Program Files\Java\jdk-23\bin\java.dll
Event: 0.019 Loaded shared library C:\Program Files\Java\jdk-23\bin\jsvml.dll
Event: 0.040 Loaded shared library C:\Program Files\Java\jdk-23\bin\net.dll
Event: 0.041 Loaded shared library C:\Program Files\Java\jdk-23\bin\nio.dll
Event: 0.044 Loaded shared library C:\Program Files\Java\jdk-23\bin\zip.dll
Event: 0.073 Loaded shared library C:\Program Files\Java\jdk-23\bin\jimage.dll
Event: 0.679 Loaded shared library C:\Program Files\Java\jdk-23\bin\management.dll
Event: 0.682 Loaded shared library C:\Program Files\Java\jdk-23\bin\management_ext.dll
Event: 0.761 Loaded shared library C:\Program Files\Java\jdk-23\bin\extnet.dll
Event: 2.322 Loaded shared library C:\Users\2behe\AppData\Local\Temp\native-9537980070871796231.dll

Deoptimization events (20 events):
Event: 2.435 Thread 0x00000194d33f68b0 DEOPT PACKING pc=0x00000194f5fb9a48 sp=0x00000089c69fe680
Event: 2.435 Thread 0x00000194d29ad3d0 DEOPT PACKING pc=0x00000194f5fb9a48 sp=0x00000089c41fe260
Event: 2.435 Thread 0x00000194d33f68b0 DEOPT UNPACKING pc=0x00000194f5767982 sp=0x00000089c69fe618 mode 2
Event: 2.435 Thread 0x00000194d29b2fb0 DEOPT PACKING pc=0x00000194f5fb9a48 sp=0x00000089c61fe3b0
Event: 2.435 Thread 0x00000194d29ad3d0 DEOPT UNPACKING pc=0x00000194f5767982 sp=0x00000089c41fe1f8 mode 2
Event: 2.435 Thread 0x00000194d33f75d0 DEOPT PACKING pc=0x00000194f5fb9a48 sp=0x00000089c6afe090
Event: 2.435 Thread 0x00000194d29b2fb0 DEOPT UNPACKING pc=0x00000194f5767982 sp=0x00000089c61fe348 mode 2
Event: 2.435 Thread 0x00000194d29aee10 DEOPT PACKING pc=0x00000194f5fb9a48 sp=0x00000089c60fe350
Event: 2.435 Thread 0x00000194d33f75d0 DEOPT UNPACKING pc=0x00000194f5767982 sp=0x00000089c6afe028 mode 2
Event: 2.435 Thread 0x00000194d29aee10 DEOPT UNPACKING pc=0x00000194f5767982 sp=0x00000089c60fe2e8 mode 2
Event: 2.435 Thread 0x00000194d29b1c00 DEOPT PACKING pc=0x00000194f5fb9a48 sp=0x00000089c40fe190
Event: 2.435 Thread 0x00000194d33f5b90 DEOPT PACKING pc=0x00000194f5fb9a48 sp=0x00000089c68fe840
Event: 2.435 Thread 0x00000194d29b1c00 DEOPT UNPACKING pc=0x00000194f5767982 sp=0x00000089c40fe128 mode 2
Event: 2.435 Thread 0x00000194d33f5b90 DEOPT UNPACKING pc=0x00000194f5767982 sp=0x00000089c68fe7d8 mode 2
Event: 2.435 Thread 0x00000194d29ac020 DEOPT PACKING pc=0x00000194f5fb9a48 sp=0x00000089c64fe430
Event: 2.435 Thread 0x00000194d29ac6b0 DEOPT PACKING pc=0x00000194f5fb9a48 sp=0x00000089c66fe260
Event: 2.435 Thread 0x00000194d29ac020 DEOPT UNPACKING pc=0x00000194f5767982 sp=0x00000089c64fe3c8 mode 2
Event: 2.435 Thread 0x00000194d29ac6b0 DEOPT UNPACKING pc=0x00000194f5767982 sp=0x00000089c66fe1f8 mode 2
Event: 2.435 Thread 0x00000194d33f5500 DEOPT PACKING pc=0x00000194f5fb9a48 sp=0x00000089c6bfe620
Event: 2.436 Thread 0x00000194d33f5500 DEOPT UNPACKING pc=0x00000194f5767982 sp=0x00000089c6bfe5b8 mode 2

Classes loaded (20 events):
Event: 2.406 Loading class java/util/stream/Nodes$IntFixedNodeBuilder
Event: 2.406 Loading class java/util/stream/Nodes$IntArrayNode
Event: 2.406 Loading class java/util/stream/Nodes$IntArrayNode done
Event: 2.406 Loading class java/util/stream/Nodes$IntFixedNodeBuilder done
Event: 2.407 Loading class java/lang/invoke/VarHandles$1
Event: 2.407 Loading class java/lang/invoke/VarHandles$1 done
Event: 2.407 Loading class java/lang/invoke/VarHandleSegmentAsBytes
Event: 2.407 Loading class java/lang/invoke/VarHandleSegmentAsBytes done
Event: 2.408 Loading class jdk/internal/foreign/Utils$BaseAndScale
Event: 2.408 Loading class jdk/internal/foreign/Utils$BaseAndScale done
Event: 2.425 Loading class jdk/internal/foreign/ConfinedSession
Event: 2.425 Loading class jdk/internal/foreign/ConfinedSession done
Event: 2.426 Loading class jdk/internal/foreign/ConfinedSession$ConfinedResourceList
Event: 2.426 Loading class jdk/internal/foreign/MemorySessionImpl$ResourceList
Event: 2.426 Loading class jdk/internal/foreign/MemorySessionImpl$ResourceList done
Event: 2.426 Loading class jdk/internal/foreign/ConfinedSession$ConfinedResourceList done
Event: 2.426 Loading class jdk/internal/foreign/SegmentFactories$1
Event: 2.426 Loading class jdk/internal/foreign/SegmentFactories$1 done
Event: 2.426 Loading class java/lang/invoke/VarHandleSegmentAsFloats
Event: 2.427 Loading class java/lang/invoke/VarHandleSegmentAsFloats done

Classes unloaded (0 events):
No events

Classes redefined (0 events):
No events

Internal exceptions (20 events):
Event: 2.440 Thread 0x00000194d29b2920 Exception <a 'java/lang/NoSuchMethodError'{0x00000006238d6e58}: 'void java.lang.invoke.Invokers$Holder.invokeExact_MT(java.lang.Object, java.lang.Object, java.lang.Object, int, java.lang.Object, java.lang.Object, java.lang.Object, float, float, float, int, java.lang.Object, java.lang.Object)'> (0x00000006238d6e58) 
thrown [s\open\src\hotspot\share\interpreter\linkResolver.cpp, line 796]
Event: 2.440 Thread 0x00000194d33f5b90 Exception <a 'java/lang/NoSuchMethodError'{0x00000006239d3c38}: 'void java.lang.invoke.Invokers$Holder.invokeExact_MT(java.lang.Object, java.lang.Object, java.lang.Object, int, java.lang.Object, java.lang.Object, java.lang.Object, float, float, float, int, java.lang.Object, java.lang.Object)'> (0x00000006239d3c38) 
thrown [s\open\src\hotspot\share\interpreter\linkResolver.cpp, line 796]
Event: 2.440 Thread 0x00000194d29b3640 Exception <a 'java/lang/NoSuchMethodError'{0x0000000623741f40}: 'void java.lang.invoke.Invokers$Holder.invokeExact_MT(java.lang.Object, java.lang.Object, java.lang.Object, int, java.lang.Object, java.lang.Object, java.lang.Object, float, float, float, int, java.lang.Object, java.lang.Object)'> (0x0000000623741f40) 
thrown [s\open\src\hotspot\share\interpreter\linkResolver.cpp, line 796]
Event: 2.440 Thread 0x00000194d29b1c00 Exception <a 'java/lang/NoSuchMethodError'{0x0000000623652160}: 'void java.lang.invoke.Invokers$Holder.invokeExact_MT(java.lang.Object, java.lang.Object, java.lang.Object, int, java.lang.Object, java.lang.Object, java.lang.Object, float, float, float, int, java.lang.Object, java.lang.Object)'> (0x0000000623652160) 
thrown [s\open\src\hotspot\share\interpreter\linkResolver.cpp, line 796]
Event: 2.440 Thread 0x00000194d33f47e0 Exception <a 'java/lang/NoSuchMethodError'{0x000000062357ef58}: 'void java.lang.invoke.Invokers$Holder.invokeExact_MT(java.lang.Object, java.lang.Object, java.lang.Object, int, java.lang.Object, java.lang.Object, java.lang.Object, float, float, float, int, java.lang.Object, java.lang.Object)'> (0x000000062357ef58) 
thrown [s\open\src\hotspot\share\interpreter\linkResolver.cpp, line 796]
Event: 2.440 Thread 0x00000194d29b0850 Exception <a 'java/lang/NoSuchMethodError'{0x00000006239471e0}: 'void java.lang.invoke.Invokers$Holder.invokeExact_MT(java.lang.Object, java.lang.Object, java.lang.Object, int, java.lang.Object, java.lang.Object, java.lang.Object, float, float, float, int, java.lang.Object, java.lang.Object)'> (0x00000006239471e0) 
thrown [s\open\src\hotspot\share\interpreter\linkResolver.cpp, line 796]
Event: 2.440 Thread 0x00000194d29b2fb0 Exception <a 'java/lang/NoSuchMethodError'{0x00000006236d3b18}: 'void java.lang.invoke.Invokers$Holder.invokeExact_MT(java.lang.Object, java.lang.Object, java.lang.Object, int, java.lang.Object, java.lang.Object, java.lang.Object, float, float, float, int, java.lang.Object, java.lang.Object)'> (0x00000006236d3b18) 
thrown [s\open\src\hotspot\share\interpreter\linkResolver.cpp, line 796]
Event: 2.440 Thread 0x00000194d29ad3d0 Exception <a 'java/lang/NoSuchMethodError'{0x0000000623f6f298}: 'void java.lang.invoke.Invokers$Holder.invokeExact_MT(java.lang.Object, java.lang.Object, java.lang.Object, int, java.lang.Object, java.lang.Object, java.lang.Object, float, float, float, int, java.lang.Object, java.lang.Object)'> (0x0000000623f6f298) 
thrown [s\open\src\hotspot\share\interpreter\linkResolver.cpp, line 796]
Event: 2.440 Thread 0x00000194d33f68b0 Exception <a 'java/lang/NoSuchMethodError'{0x0000000623b38dc8}: 'void java.lang.invoke.Invokers$Holder.invokeExact_MT(java.lang.Object, java.lang.Object, java.lang.Object, int, java.lang.Object, java.lang.Object, java.lang.Object, float, float, float, int, java.lang.Object, java.lang.Object)'> (0x0000000623b38dc8) 
thrown [s\open\src\hotspot\share\interpreter\linkResolver.cpp, line 796]
Event: 2.440 Thread 0x00000194d29aee10 Exception <a 'java/lang/NoSuchMethodError'{0x0000000623a7ce38}: 'void java.lang.invoke.Invokers$Holder.invokeExact_MT(java.lang.Object, java.lang.Object, java.lang.Object, int, java.lang.Object, java.lang.Object, java.lang.Object, float, float, float, int, java.lang.Object, java.lang.Object)'> (0x0000000623a7ce38) 
thrown [s\open\src\hotspot\share\interpreter\linkResolver.cpp, line 796]
Event: 2.440 Thread 0x00000194d29ada60 Exception <a 'java/lang/NoSuchMethodError'{0x000000062354a228}: 'void java.lang.invoke.Invokers$Holder.invokeExact_MT(java.lang.Object, java.lang.Object, java.lang.Object, int, java.lang.Object, java.lang.Object, java.lang.Object, float, float, float, int, java.lang.Object, java.lang.Object)'> (0x000000062354a228) 
thrown [s\open\src\hotspot\share\interpreter\linkResolver.cpp, line 796]
Event: 2.440 Thread 0x00000194d29ac020 Exception <a 'java/lang/NoSuchMethodError'{0x0000000623662cc8}: 'void java.lang.invoke.Invokers$Holder.invokeExact_MT(java.lang.Object, java.lang.Object, java.lang.Object, int, java.lang.Object, java.lang.Object, java.lang.Object, float, float, float, int, java.lang.Object, java.lang.Object)'> (0x0000000623662cc8) 
thrown [s\open\src\hotspot\share\interpreter\linkResolver.cpp, line 796]
Event: 2.441 Thread 0x00000194d29aee10 Exception <a 'java/lang/NoSuchMethodError'{0x0000000623a80db8}: 'void java.lang.invoke.DirectMethodHandle$Holder.invokeSpecial(java.lang.Object, java.lang.Object, long, long, long, int, long, long, long, float, float, float, int, long)'> (0x0000000623a80db8) 
thrown [s\open\src\hotspot\share\interpreter\linkResolver.cpp, line 796]
Event: 2.441 Thread 0x00000194d29ac020 Exception <a 'java/lang/NoSuchMethodError'{0x0000000623666c48}: 'void java.lang.invoke.DirectMethodHandle$Holder.invokeSpecial(java.lang.Object, java.lang.Object, long, long, long, int, long, long, long, float, float, float, int, long)'> (0x0000000623666c48) 
thrown [s\open\src\hotspot\share\interpreter\linkResolver.cpp, line 796]
Event: 2.441 Thread 0x00000194d29ada60 Exception <a 'java/lang/NoSuchMethodError'{0x000000062354e1a8}: 'void java.lang.invoke.DirectMethodHandle$Holder.invokeSpecial(java.lang.Object, java.lang.Object, long, long, long, int, long, long, long, float, float, float, int, long)'> (0x000000062354e1a8) 
thrown [s\open\src\hotspot\share\interpreter\linkResolver.cpp, line 796]
Event: 2.441 Thread 0x00000194d29ad3d0 Exception <a 'java/lang/NoSuchMethodError'{0x0000000623f76370}: 'void java.lang.invoke.Invokers$Holder.invokeExact_MT(java.lang.Object, long, long, long, int, long, long, long, float, float, float, int, long, java.lang.Object)'> (0x0000000623f76370) 
thrown [s\open\src\hotspot\share\interpreter\linkResolver.cpp, line 796]
Event: 2.441 Thread 0x00000194d29b2fb0 Exception <a 'java/lang/NoSuchMethodError'{0x00000006236dabf0}: 'void java.lang.invoke.Invokers$Holder.invokeExact_MT(java.lang.Object, long, long, long, int, long, long, long, float, float, float, int, long, java.lang.Object)'> (0x00000006236dabf0) 
thrown [s\open\src\hotspot\share\interpreter\linkResolver.cpp, line 796]
Event: 2.441 Thread 0x00000194d29aee10 Exception <a 'java/lang/NoSuchMethodError'{0x0000000623a842c0}: 'void java.lang.invoke.Invokers$Holder.invokeExact_MT(java.lang.Object, long, long, long, int, long, long, long, float, float, float, int, long, java.lang.Object)'> (0x0000000623a842c0) 
thrown [s\open\src\hotspot\share\interpreter\linkResolver.cpp, line 796]
Event: 2.441 Thread 0x00000194d29ac020 Exception <a 'java/lang/NoSuchMethodError'{0x000000062366a150}: 'void java.lang.invoke.Invokers$Holder.invokeExact_MT(java.lang.Object, long, long, long, int, long, long, long, float, float, float, int, long, java.lang.Object)'> (0x000000062366a150) 
thrown [s\open\src\hotspot\share\interpreter\linkResolver.cpp, line 796]
Event: 2.441 Thread 0x00000194d29ada60 Exception <a 'java/lang/NoSuchMethodError'{0x00000006235516b0}: 'void java.lang.invoke.Invokers$Holder.invokeExact_MT(java.lang.Object, long, long, long, int, long, long, long, float, float, float, int, long, java.lang.Object)'> (0x00000006235516b0) 
thrown [s\open\src\hotspot\share\interpreter\linkResolver.cpp, line 796]

VM Operations (20 events):
Event: 0.762 Executing VM operation: HandshakeAllThreads (Deoptimize)
Event: 0.762 Executing VM operation: HandshakeAllThreads (Deoptimize) done
Event: 1.799 Executing VM operation: HandshakeAllThreads (Deoptimize)
Event: 1.799 Executing VM operation: HandshakeAllThreads (Deoptimize) done
Event: 1.917 Executing VM operation: G1CollectForAllocation (G1 Evacuation Pause)
Event: 1.923 Executing VM operation: G1CollectForAllocation (G1 Evacuation Pause) done
Event: 1.997 Executing VM operation: G1CollectForAllocation (G1 Evacuation Pause)
Event: 2.000 Executing VM operation: G1CollectForAllocation (G1 Evacuation Pause) done
Event: 2.046 Executing VM operation: G1CollectForAllocation (G1 Evacuation Pause)
Event: 2.048 Executing VM operation: G1CollectForAllocation (G1 Evacuation Pause) done
Event: 2.113 Executing VM operation: G1CollectForAllocation (G1 Evacuation Pause)
Event: 2.114 Executing VM operation: G1CollectForAllocation (G1 Evacuation Pause) done
Event: 2.332 Executing VM operation: HandshakeAllThreads (Deoptimize)
Event: 2.332 Executing VM operation: HandshakeAllThreads (Deoptimize) done
Event: 2.335 Executing VM operation: HandshakeAllThreads (Deoptimize)
Event: 2.335 Executing VM operation: HandshakeAllThreads (Deoptimize) done
Event: 2.404 Executing VM operation: HandshakeAllThreads (Deoptimize)
Event: 2.404 Executing VM operation: HandshakeAllThreads (Deoptimize) done
Event: 2.426 Executing VM operation: HandshakeAllThreads (Deoptimize)
Event: 2.426 Executing VM operation: HandshakeAllThreads (Deoptimize) done

Memory protections (0 events):
No events

Nmethod flushes (0 events):
No events

Events (20 events):
Event: 1.962 Thread 0x00000194d23aeac0 Thread added: 0x00000194d23ae3f0
Event: 1.963 Thread 0x00000194d23aeac0 Thread added: 0x00000194d23b0600
Event: 1.963 Thread 0x00000194d23aeac0 Thread added: 0x00000194d23add20
Event: 2.171 Thread 0x00000194d23af190 Thread added: 0x00000194d23acf80
Event: 2.273 Thread 0x00000194d29ae0f0 Thread added: 0x00000194d29b2920
Event: 2.273 Thread 0x00000194d29b1c00 Thread added: 0x00000194d29aee10
Event: 2.273 Thread 0x00000194d29ad3d0 Thread added: 0x00000194d29b2fb0
Event: 2.273 Thread 0x00000194d29ae0f0 Thread added: 0x00000194d29b0850
Event: 2.274 Thread 0x00000194d29b2920 Thread added: 0x00000194d29ada60
Event: 2.274 Thread 0x00000194d29ae0f0 Thread added: 0x00000194d29ac020
Event: 2.274 Thread 0x00000194d29ae0f0 Thread added: 0x00000194d29b3640
Event: 2.274 Thread 0x00000194d29ac020 Thread added: 0x00000194d29ac6b0
Event: 2.274 Thread 0x00000194d29ae0f0 Thread added: 0x00000194d33f47e0
Event: 2.275 Thread 0x00000194d29b3640 Thread added: 0x00000194d33f5b90
Event: 2.275 Thread 0x00000194d29ae0f0 Thread added: 0x00000194d33f68b0
Event: 2.275 Thread 0x00000194d29ae0f0 Thread added: 0x00000194d33f75d0
Event: 2.275 Thread 0x00000194d33f5b90 Thread added: 0x00000194d33f5500
Event: 2.279 Thread 0x00000194d23add20 Thread exited: 0x00000194d23add20
Event: 2.425 Thread 0x00000194d29ad3d0 Thread added: 0x00000194d33f3ac0
Event: 2.432 Thread 0x000001948a78c2b0 Thread added: 0x00000194d20e9b80


Dynamic libraries:
0x00007ff7edad0000 - 0x00007ff7edae0000 	C:\Program Files\Java\jdk-23\bin\java.exe
0x00007ff9a6210000 - 0x00007ff9a6427000 	C:\windows\SYSTEM32\ntdll.dll
0x00007ff9a4ee0000 - 0x00007ff9a4fa4000 	C:\windows\System32\KERNEL32.DLL
0x00007ff9a3ab0000 - 0x00007ff9a3e80000 	C:\windows\System32\KERNELBASE.dll
0x00007ff9a3780000 - 0x00007ff9a3891000 	C:\windows\System32\ucrtbase.dll
0x00007ff953830000 - 0x00007ff953847000 	C:\Program Files\Java\jdk-23\bin\jli.dll
0x00007ff953850000 - 0x00007ff95386b000 	C:\Program Files\Java\jdk-23\bin\VCRUNTIME140.dll
0x00007ff9a5640000 - 0x00007ff9a57ee000 	C:\windows\System32\USER32.dll
0x00007ff9a3750000 - 0x00007ff9a3776000 	C:\windows\System32\win32u.dll
0x00007ff9924f0000 - 0x00007ff992782000 	C:\windows\WinSxS\amd64_microsoft.windows.common-controls_6595b64144ccf1df_6.0.22621.4830_none_270fe7d773858e80\COMCTL32.dll
0x00007ff9a5250000 - 0x00007ff9a5279000 	C:\windows\System32\GDI32.dll
0x00007ff9a5310000 - 0x00007ff9a53b7000 	C:\windows\System32\msvcrt.dll
0x00007ff9a3630000 - 0x00007ff9a374b000 	C:\windows\System32\gdi32full.dll
0x00007ff9a3a10000 - 0x00007ff9a3aaa000 	C:\windows\System32\msvcp_win.dll
0x00007ff9a40b0000 - 0x00007ff9a40e1000 	C:\windows\System32\IMM32.DLL
0x00007ff982730000 - 0x00007ff98273c000 	C:\Program Files\Java\jdk-23\bin\vcruntime140_1.dll
0x00007ff8d7160000 - 0x00007ff8d71ee000 	C:\Program Files\Java\jdk-23\bin\msvcp140.dll
0x00007ff8d0360000 - 0x00007ff8d10b0000 	C:\Program Files\Java\jdk-23\bin\server\jvm.dll
0x00007ff9a3f30000 - 0x00007ff9a3fe1000 	C:\windows\System32\ADVAPI32.dll
0x00007ff9a53c0000 - 0x00007ff9a5467000 	C:\windows\System32\sechost.dll
0x00007ff9a3920000 - 0x00007ff9a3948000 	C:\windows\System32\bcrypt.dll
0x00007ff9a50c0000 - 0x00007ff9a51d4000 	C:\windows\System32\RPCRT4.dll
0x00007ff9a6150000 - 0x00007ff9a61c1000 	C:\windows\System32\WS2_32.dll
0x00007ff9a2320000 - 0x00007ff9a236d000 	C:\windows\SYSTEM32\POWRPROF.dll
0x00007ff99c700000 - 0x00007ff99c734000 	C:\windows\SYSTEM32\WINMM.dll
0x00007ff9980b0000 - 0x00007ff9980ba000 	C:\windows\SYSTEM32\VERSION.dll
0x00007ff9a2300000 - 0x00007ff9a2313000 	C:\windows\SYSTEM32\UMPDC.dll
0x00007ff9a25b0000 - 0x00007ff9a25c8000 	C:\windows\SYSTEM32\kernel.appcore.dll
0x00007ff953820000 - 0x00007ff95382a000 	C:\Program Files\Java\jdk-23\bin\jimage.dll
0x00007ff9972b0000 - 0x00007ff9974e2000 	C:\windows\SYSTEM32\DBGHELP.DLL
0x00007ff9a4330000 - 0x00007ff9a46c0000 	C:\windows\System32\combase.dll
0x00007ff9a6070000 - 0x00007ff9a6147000 	C:\windows\System32\OLEAUT32.dll
0x00007ff990e90000 - 0x00007ff990ec2000 	C:\windows\SYSTEM32\dbgcore.DLL
0x00007ff9a3e80000 - 0x00007ff9a3efb000 	C:\windows\System32\bcryptPrimitives.dll
0x00007ff9537f0000 - 0x00007ff95380e000 	C:\Program Files\Java\jdk-23\bin\java.dll
0x00007ff9a4b50000 - 0x00007ff9a4cf1000 	C:\windows\System32\ole32.dll
0x00007ff9a57f0000 - 0x00007ff9a6068000 	C:\windows\System32\SHELL32.dll
0x00007ff9a13d0000 - 0x00007ff9a1ce0000 	C:\windows\SYSTEM32\windows.storage.dll
0x00007ff9a1290000 - 0x00007ff9a13cf000 	C:\windows\SYSTEM32\wintypes.dll
0x00007ff9a4fb0000 - 0x00007ff9a50ba000 	C:\windows\System32\SHCORE.dll
0x00007ff9a51e0000 - 0x00007ff9a523e000 	C:\windows\System32\shlwapi.dll
0x00007ff9a33f0000 - 0x00007ff9a341b000 	C:\windows\SYSTEM32\profapi.dll
0x00007ff8d3b60000 - 0x00007ff8d3c37000 	C:\Program Files\Java\jdk-23\bin\jsvml.dll
0x00007ff931870000 - 0x00007ff931880000 	C:\Program Files\Java\jdk-23\bin\net.dll
0x00007ff9a2a20000 - 0x00007ff9a2a8a000 	C:\windows\system32\mswsock.dll
0x00007ff91b290000 - 0x00007ff91b2a6000 	C:\Program Files\Java\jdk-23\bin\nio.dll
0x00007ff931880000 - 0x00007ff931897000 	C:\Program Files\Java\jdk-23\bin\zip.dll
0x00007ff91b270000 - 0x00007ff91b27a000 	C:\Program Files\Java\jdk-23\bin\management.dll
0x00007ff8d7150000 - 0x00007ff8d715b000 	C:\Program Files\Java\jdk-23\bin\management_ext.dll
0x00007ff9a4b40000 - 0x00007ff9a4b48000 	C:\windows\System32\PSAPI.DLL
0x00007ff9a2c70000 - 0x00007ff9a2c8b000 	C:\windows\SYSTEM32\CRYPTSP.dll
0x00007ff9a2510000 - 0x00007ff9a2545000 	C:\windows\system32\rsaenh.dll
0x00007ff9a2ac0000 - 0x00007ff9a2ae8000 	C:\windows\SYSTEM32\USERENV.dll
0x00007ff9a2c30000 - 0x00007ff9a2c3c000 	C:\windows\SYSTEM32\CRYPTBASE.dll
0x00007ff9a1ff0000 - 0x00007ff9a201d000 	C:\windows\SYSTEM32\IPHLPAPI.DLL
0x00007ff9a3f20000 - 0x00007ff9a3f29000 	C:\windows\System32\NSI.dll
0x00007ff8d7140000 - 0x00007ff8d7149000 	C:\Program Files\Java\jdk-23\bin\extnet.dll
0x00007ff8d3cc0000 - 0x00007ff8d3d75000 	C:\Users\2behe\AppData\Local\Temp\native-9537980070871796231.dll

dbghelp: loaded successfully - version: 4.0.5 - missing functions: none
symbol engine: initialized successfully - sym options: 0x614 - pdb path: .;C:\Program Files\Java\jdk-23\bin;C:\windows\SYSTEM32;C:\windows\WinSxS\amd64_microsoft.windows.common-controls_6595b64144ccf1df_6.0.22621.4830_none_270fe7d773858e80;C:\Program Files\Java\jdk-23\bin\server;C:\Users\2behe\AppData\Local\Temp

VM Arguments:
jvm_args: -Dfile.encoding=UTF-8 -Duser.country=US -Duser.language=en -Duser.variant 
java_command: me.pixlent.Main --enable-native-access=ALL-UNNAMED
java_class_path (initial): C:\Users\2behe\Documents\Development\Minestom\world-gen\build\classes\java\test;C:\Users\2behe\Documents\Development\Minestom\world-gen\build\resources\test;C:\Users\2behe\Documents\Development\Minestom\world-gen\build\classes\java\main;C:\Users\2behe\Documents\Development\Minestom\world-gen\build\resources\main;C:\Users\2behe\.gradle\caches\modules-2\files-2.1\net.minestom\minestom-snapshots\3bdb950310\432a3fa7952ad1197a6df00d56a025df43439810\minestom-snapshots-3bdb950310.jar;C:\Users\2behe\.gradle\caches\modules-2\files-2.1\de.articdive\jnoise-pipeline\4.1.0\331d5adb61361d98bb0efdc8306cc82327f557ab\jnoise-pipeline-4.1.0.jar;C:\Users\2behe\.gradle\caches\modules-2\files-2.1\com.github.CoolLoong\FastNoise2Bindings-Java\0.0.1\e5ce1b16e89f9a1b04ad438ec1573ea8a9bdef50\FastNoise2Bindings-Java-0.0.1.jar;C:\Users\2behe\.gradle\caches\modules-2\files-2.1\org.slf4j\slf4j-simple\2.0.16\56d3d8e59293543780ad35af4ee4a5d9c111a588\slf4j-simple-2.0.16.jar;C:\Users\2behe\.gradle\caches\modules-2\files-2.1\net.minestom\data\1.21.3-rv2\2c2b0f1ef975a76768623754ae5e6bb8a8c46dde\data-1.21.3-rv2.jar;C:\Users\2behe\.gradle\caches\modules-2\files-2.1\space.vectrix.flare\flare\2.0.1\2b4594f599d4d1becce5d5057f3d7a056237a0c6\flare-2.0.1.jar;C:\Users\2behe\.gradle\caches\modules-2\files-2.1\space.vectrix.flare\flare-fastutil\2.0.1\b07cbd5e37afc030717647781eebe7ba672cdd7a\flare-fastutil-2.0.1.jar;C:\Users\2behe\.gradle\caches\modules-2\files-2.1\org.jctools\jctools-core\4.0.5\9ab38ca19877236986db4894ef1400a7ca23db80\jctools-core-4.0.5.jar;C:\Users\2behe\.gradle\caches\modules-2\files-2.1\net.kyori\adventure-text-serializer-legacy\4.17.0\1f5271e54a4feb6dada26873297337f4b9f2f99a\adventure-text-serializer-legacy-4.17.0.jar;C:\Users\2behe\.gradle\caches\modules-2\files-2.1\net.kyori\adventure-text-serializer-plain\4.17.0\ac19c1579081064f86025c5ada60dba0b61fca31\adventure-text-serializer-plain-4.17.0.jar;C:\Users\2behe\.gradle\caches\modules-2\files-2.1\net.kyori\adventure-text-serializer-gson\4.17.0\1b2cf73c8794287db202b2ea288c40159deb19b4\adventure-text-serializer-gson-4.17.0.jar;C:\Users\2behe\.gradle\caches\modules-2\files-2.1\net.kyori\adventure-text-serializer-json\4.17.0\4651a58fe70ecc8a3682ec7ddd8a516dd6d06a49\adventure-text-serializer-json-4.17.0.jar;C:\Users\2behe\.gradle\caches\modules-2\files-2.1\net.kyori\adventure-api\4.17.0\e90703097679e9ca0ee8a059bb933aa7d495bce3\adventure-api-4.17.0.jar;C:\Users\2behe\.gradle\caches\modules-2\files-2.1\net.kyori\adventure-nbt\4.17.0\45b1b7064a99cc667b6ff04dc7e4cb58765a98a2\adventure-nbt-4.17.0.jar;C:\Users\2behe\.gradle\caches\modules-2\files-2.1\net.kyori\adventure-key\4.17.0\799f1b5fedb920a7b71916e9b71123ff94d07acf\adventure-key-4.17.0.jar;C:\Users\2behe\.gradle\caches\modules-2\files-2.1\net.kyori\adventure-text-logger-slf4j\4.17.0\ebc3d59bdce591f1e1daed8b5b9ebd13f231c946\adventure-text-logger-slf4j-4.17.0.jar;C:\Users\2behe\.gradle\caches\modules-2\files-2.1\org.slf4j\slf4j-api\2.0.16\172931663a09a1fa515567af5fbef00897d3c04\slf4j-api-2.0.16.jar;C:\Users\2behe\.gradle\caches\modules-2\files-2.1\org.jetbrains\annotations\24.1.0\7af6a669488450c4a07c2c3254e2151df42d7d04\annotations-24.1.0.jar;C:\Users\2behe\.gradle\caches\modules-2\files-2.1\it.unimi.dsi\fastutil\8.5.14\950f40553c3b66529be037ff08d99687aa98788e\fastutil-8.5.14.jar;C:\Users\2behe\.gradle\caches\modules-2\files-2.1\com.google.code.gson\gson\2.11.0\527175ca6d81050b53bdd4c457a6d6e017626b0e\gson-2.11.0.jar;C:\Users\2behe\.gradle\caches\modules-2\files-2.1\de.articdive\jnoise-transformers\4.1.0\53530fe8b614be4ccda97119f5e356dacfa24c50\jnoise-transformers-4.1.0.jar;C:\Users\2behe\.gradle\caches\modules-2\files-2.1\de.articdive\jnoise-generators\4.1.0\44225d791d5bdece59d776258e9c5717b1de096d\jnoise-generators-4.1.0.jar;C:\Users\2behe\.gradle\caches\modules-2\files-2.1\de.articdive\jnoise-modules\4.1.0\5b36dab84fad68c9956e4961c8d62ecb7ec69c29\jnoise-modules-4.1.0.jar;C:\Users\2behe\.gradle\caches\modules-2\files-2.1\de.articdive\jnoise-modifiers\4.1.0\46cd2452385d95f1830eefc172cbf577617cb3f5\jnoise-modifiers-4.1.0.jar;C:\Users\2behe\.gradle\caches\modules-2\files-2.1\de.articdive\jnoise-core\4.1.0\d631bc94d1326af85dae43f65f0e240c6bc1a15\jnoise-core-4.1.0.jar;C:\Users\2behe\.gradle\caches\modules-2\files-2.1\org.jspecify\jspecify\0.3.0\fc1a0c38a07667f2dbbece32164dac2d0056d205\jspecify-0.3.0.jar;C:\Users\2behe\.gradle\caches\modules-2\files-2.1\net.kyori\examination-string\1.3.0\6f34afef5c54ccce4996bc321abf77518b55b4bd\examination-string-1.3.0.jar;C:\Users\2behe\.gradle\caches\modules-2\files-2.1\net.kyori\examination-api\1.3.0\8a2d185275307f1e2ef2adf7152b9a0d1d44c30b\examination-api-1.3.0.jar;C:\Users\2behe\.gradle\caches\modules-2\files-2.1\com.google.errorprone\error_prone_annotations\2.27.0\91b2c29d8a6148b5e2e4930f070d4840e2e48e34\error_prone_annotations-2.27.0.jar;C:\Users\2behe\.gradle\caches\modules-2\files-2.1\net.kyori\option\1.0.0\59c5ae54c47ae294322ad979eaf7cdcde7ad0646\option-1.0.0.jar
Launcher Type: SUN_STANDARD

[Global flags]
     intx CICompilerCount                          = 12                                        {product} {ergonomic}
     uint ConcGCThreads                            = 3                                         {product} {ergonomic}
     uint G1ConcRefinementThreads                  = 13                                        {product} {ergonomic}
   size_t G1HeapRegionSize                         = 4194304                                   {product} {ergonomic}
   size_t InitialHeapSize                          = 524288000                                 {product} {ergonomic}
   size_t MarkStackSize                            = 4194304                                   {product} {ergonomic}
   size_t MarkStackSizeMax                         = 536870912                                 {product} {ergonomic}
   size_t MaxHeapSize                              = 8363442176                                {product} {ergonomic}
   size_t MaxNewSize                               = 5016387584                                {product} {ergonomic}
   size_t MinHeapDeltaBytes                        = 4194304                                   {product} {ergonomic}
   size_t MinHeapSize                              = 8388608                                   {product} {ergonomic}
    uintx NonNMethodCodeHeapSize                   = 7602176                                {pd product} {ergonomic}
    uintx NonProfiledCodeHeapSize                  = 122093568                              {pd product} {ergonomic}
    uintx ProfiledCodeHeapSize                     = 121962496                              {pd product} {ergonomic}
    uintx ReservedCodeCacheSize                    = 251658240                              {pd product} {ergonomic}
     bool SegmentedCodeCache                       = true                                      {product} {ergonomic}
   size_t SoftMaxHeapSize                          = 8363442176                             {manageable} {ergonomic}
     bool UseCompressedOops                        = true                           {product lp64_product} {ergonomic}
     bool UseG1GC                                  = true                                      {product} {ergonomic}
     bool UseLargePagesIndividualAllocation        = false                                  {pd product} {ergonomic}

Logging:
Log output configuration:
 #0: stdout all=warning uptime,level,tags foldmultilines=false
 #1: stderr all=off uptime,level,tags foldmultilines=false

Environment Variables:
JAVA_HOME=C:\Program Files\Java\graalvm-jdk-17.0.8+9.1
PATH=C:\Program Files\Java\graalvm-jdk-17.0.8+9.1\bin;C:\Program Files\Common Files\Oracle\Java\javapath;C:\Program Files (x86)\Common Files\Oracle\Java\javapath;C:\windows\system32;C:\windows;C:\windows\System32\Wbem;C:\windows\System32\WindowsPowerShell\v1.0\;C:\windows\System32\OpenSSH\;C:\Program Files (x86)\NVIDIA Corporation\PhysX\Common;C:\ProgramData\chocolatey\bin;C:\Program Files\dotnet\;C:\Users\2behe\Documents\lua;C:\Program Files\nodejs\;C:\Program Files\WorldPainter;C:\Users\2behe\.cargo\bin;C:\Users\2behe\AppData\Local\Microsoft\WindowsApps;C:\Users\2behe\AppData\Local\JetBrains\Toolbox\scripts;C:\Users\2behe\AppData\Local\Programs\Microsoft VS Code\bin;C:\PATH_Programs;C:\Users\2behe\go\bin;C:\Users\2behe\AppData\Roaming\npm;C:\Users\2behe\.dotnet\tools;C:\Users\2behe\AppData\Local\gitkraken\bin;C:\Users\2behe\AppData\Local\Programs\oh-my-posh\bin;C:\Program Files\Docker\Docker\resources\bin;C:\Program Files\Git\cmd;C:\Program Files\NVIDIA Corporation\NVIDIA app\NvDLISR;C:\Program Files\Go\bin;C:\Ruby32-x64\bin;C:\Users\2behe\.cargo\bin;C:\Users\2behe\AppData\Local\Microsoft\WindowsApps;C:\Users\2behe\AppData\Local\JetBrains\Toolbox\scripts;C:\Users\2behe\AppData\Local\Programs\Microsoft VS Code\bin;C:\PATH_Programs;C:\Users\2behe\go\bin;C:\Users\2behe\AppData\Roaming\npm;C:\Users\2behe\.dotnet\tools;C:\Users\2behe\AppData\Local\gitkraken\bin;C:\Users\2behe\AppData\Local\Programs\oh-my-posh\bin;C:\ffmpeg\bin;C:\Users\2behe\AppData\Local\Programs\Microsoft VS Code Insiders\bin;C:\Users\2behe\AppData\Local\GitHubDesktop\bin;C:\Users\2behe\go\bin
USERNAME=2behe
OS=Windows_NT
PROCESSOR_IDENTIFIER=AMD64 Family 25 Model 97 Stepping 2, AuthenticAMD
TMP=C:\Users\2behe\AppData\Local\Temp
TEMP=C:\Users\2behe\AppData\Local\Temp




Periodic native trim disabled

---------------  S Y S T E M  ---------------

OS:
 Windows 11 , 64 bit Build 22621 (10.0.22621.4830)
OS uptime: 0 days 2:16 hours
Hyper-V role detected

CPU: total 16 (initial active 16) (16 cores per cpu, 2 threads per core) family 25 model 97 stepping 2 microcode 0x0, cx8, cmov, fxsr, ht, mmx, 3dnowpref, sse, sse2, sse3, ssse3, sse4a, sse4.1, sse4.2, popcnt, lzcnt, tsc, tscinvbit, avx, avx2, aes, erms, clmul, bmi1, bmi2, adx, avx512f, avx512dq, avx512cd, avx512bw, avx512vl, sha, fma, vzeroupper, avx512_vpopcntdq, avx512_vpclmulqdq, avx512_vaes, avx512_vnni, clflush, clflushopt, avx512_vbmi2, avx512_vbmi, hv, rdtscp, rdpid, fsrm, gfni, avx512_bitalg, f16c, cet_ss, avx512_ifma
Processor Information for the first 16 processors :
  Max Mhz: 4501, Current Mhz: 4501, Mhz Limit: 4501

Memory: 4k page, system-wide physical 31900M (13596M free)
TotalPageFile size 54428M (AvailPageFile size 25371M)
current process WorkingSet (physical memory assigned to process): 387M, peak: 387M
current process commit charge ("private bytes"): 465M, peak: 711M

vm_info: Java HotSpot(TM) 64-Bit Server VM (23.0.2+7-58) for windows-amd64 JRE (23.0.2+7-58), built on 2024-11-29T09:34:55Z with MS VC++ 17.6 (VS2022)

END.
