#
# A fatal error has been detected by the Java Runtime Environment:
#
#  EXCEPTION_ACCESS_VIOLATION (0xc0000005) at pc=0x00007ffd526d9657, pid=34664, tid=36288
#
# JRE version: Java(TM) SE Runtime Environment (23.0.2+7) (build 23.0.2+7-58)
# Java VM: Java HotSpot(TM) 64-Bit Server VM (23.0.2+7-58, mixed mode, sharing, tiered, compressed oops, compressed class ptrs, g1 gc, windows-amd64)
# Problematic frame:
# C  [native-3748496228227531175.dll+0x39657]
#
# No core dump will be written. Minidumps are not enabled by default on client versions of Windows
#
# If you would like to submit a bug report, please visit:
#   https://bugreport.java.com/bugreport/crash.jsp
# The crash happened outside the Java Virtual Machine in native code.
# See problematic frame for where to report the bug.
#

---------------  S U M M A R Y ------------

Command Line: -Dfile.encoding=UTF-8 -Duser.country=US -Duser.language=en -Duser.variant me.pixlent.Main --enable-native-access=ALL-UNNAMED

Host: AMD Ryzen 7 7700X 8-Core Processor             , 16 cores, 31G,  Windows 11 , 64 bit Build 22621 (10.0.22621.4830)
Time: Thu Feb 20 14:42:11 2025 W. Europe Standard Time elapsed time: 2.505200 seconds (0d 0h 0m 2s)

---------------  T H R E A D  ---------------

Current thread (0x0000028207b88a50):  JavaThread "ForkJoinPool-1-worker-5" daemon [_thread_in_native, id=36288, stack(0x000000ba1ea00000,0x000000ba1eb00000) (1024K)]

Stack: [0x000000ba1ea00000,0x000000ba1eb00000],  sp=0x000000ba1eafdbf0,  free space=1014k
Native frames: (J=compiled Java code, j=interpreted, Vv=VM code, C=native code)
C  [native-3748496228227531175.dll+0x39657]  (no source info available)
C  [native-3748496228227531175.dll+0x420ad]  (no source info available)
C  [native-3748496228227531175.dll+0x15855]  (no source info available)
C  0x00000281aadc2d4a  (no source info available)

The last pc belongs to nep_invoker_blob (printed below).
Java frames: (J=compiled Java code, j=interpreted, Vv=VM code)
v  ~RuntimeStub::nep_invoker_blob 0x00000281aadc2ce8
j  java.lang.invoke.LambdaForm$MH+0x00000281c1238c00.invoke(Ljava/lang/Object;JJJIJJFFIJ)V+26 java.base@23.0.2
j  java.lang.invoke.LambdaForm$MH+0x00000281c13a2800.invokeExact_MT(Ljava/lang/Object;JJJIJJFFIJLjava/lang/Object;)V+37 java.base@23.0.2
j  jdk.internal.foreign.abi.DowncallStub+0x00000281c1239000.invoke(Ljava/lang/foreign/SegmentAllocator;Ljava/lang/foreign/MemorySegment;Ljava/lang/foreign/MemorySegment;Ljava/lang/foreign/MemorySegment;ILjava/lang/foreign/MemorySegment;Ljava/lang/foreign/MemorySegment;FFILjava/lang/foreign/MemorySegment;)V+333 java.base@23.0.2
j  java.lang.invoke.LambdaForm$DMH+0x00000281c1239400.invokeStatic(Ljava/lang/Object;Ljava/lang/Object;Ljava/lang/Object;Ljava/lang/Object;Ljava/lang/Object;ILjava/lang/Object;Ljava/lang/Object;FFILjava/lang/Object;)V+30 java.base@23.0.2
j  java.lang.invoke.LambdaForm$MH+0x00000281c123b000.invoke(Ljava/lang/Object;Ljava/lang/Object;Ljava/lang/Object;ILjava/lang/Object;Ljava/lang/Object;FFILjava/lang/Object;)V+63 java.base@23.0.2
j  java.lang.invoke.LambdaForm$MH+0x00000281c139ac00.invokeExact_MT(Ljava/lang/Object;Ljava/lang/Object;Ljava/lang/Object;ILjava/lang/Object;Ljava/lang/Object;FFILjava/lang/Object;Ljava/lang/Object;)V+34 java.base@23.0.2
j  com.github.fastnoise.FastNoise.fnGenPositionArray2D(Ljava/lang/foreign/MemorySegment;Lcom/github/fastnoise/FloatArray;ILcom/github/fastnoise/FloatArray;Lcom/github/fastnoise/FloatArray;FFILcom/github/fastnoise/FloatArray;)V+29
j  com.github.fastnoise.FastNoise.genPositionArray2D(Lcom/github/fastnoise/FloatArray;Lcom/github/fastnoise/FloatArray;Lcom/github/fastnoise/FloatArray;FFI)Lcom/github/fastnoise/FastNoise$OutputMinMax;+29
j  me.pixlent.voxel.procedural.ProcNoise.generateNoiseGrid2D([[FLnet/minestom/server/coordinate/Point;II)V+136
j  me.pixlent.voxel.procedural.ProcNoise.apply2DNoise(Lme/pixlent/voxel/PixelChannel;Lme/pixlent/voxel/VoxelContext;)V+42
j  me.pixlent.voxel.procedural.ProcNoise.apply(Lme/pixlent/voxel/VoxelContext;)V+89
j  me.pixlent.voxel.VoxelSector.apply(Lme/pixlent/voxel/procedural/Procedural;)V+5
j  me.pixlent.voxel.VoxelGenerator.generate(Lnet/minestom/server/instance/generator/GenerationUnit;)V+73
j  net.minestom.server.instance.InstanceContainer.createChunk(II)Lnet/minestom/server/instance/Chunk;+96
j  net.minestom.server.instance.InstanceContainer.lambda$retrieveChunk$7(IIJLjava/util/concurrent/CompletableFuture;Lnet/minestom/server/instance/Chunk;)V+8
j  net.minestom.server.instance.InstanceContainer$$Lambda+0x00000281c136c860.accept(Ljava/lang/Object;)V+24
j  net.minestom.server.instance.InstanceContainer.lambda$retrieveChunk$8(Lnet/minestom/server/instance/IChunkLoader;IILjava/util/function/Consumer;)V+15
j  net.minestom.server.instance.InstanceContainer$$Lambda+0x00000281c136ca98.run()V+20
j  java.lang.Thread.runWith(Ljava/lang/Object;Ljava/lang/Runnable;)V+5 java.base@23.0.2
j  java.lang.VirtualThread.run(Ljava/lang/Runnable;)V+66 java.base@23.0.2
j  java.lang.VirtualThread$VThreadContinuation$1.run()V+8 java.base@23.0.2
j  jdk.internal.vm.Continuation.enter0()V+4 java.base@23.0.2
j  jdk.internal.vm.Continuation.enter(Ljdk/internal/vm/Continuation;Z)V+1 java.base@23.0.2
J 92  jdk.internal.vm.Continuation.enterSpecial(Ljdk/internal/vm/Continuation;ZZ)V java.base@23.0.2 (0 bytes) @ 0x00000281ab1a525c [0x00000281ab1a5120+0x000000000000013c]
j  jdk.internal.vm.Continuation.run()V+122 java.base@23.0.2
j  java.lang.VirtualThread.runContinuation()V+72 java.base@23.0.2
j  java.lang.VirtualThread$$Lambda+0x00000281c12c20a8.run()V+4 java.base@23.0.2
j  java.util.concurrent.ForkJoinTask$RunnableExecuteAction.compute()Ljava/lang/Void;+4 java.base@23.0.2
j  java.util.concurrent.ForkJoinTask$RunnableExecuteAction.compute()Ljava/lang/Object;+1 java.base@23.0.2
j  java.util.concurrent.ForkJoinTask$InterruptibleTask.exec()Z+51 java.base@23.0.2
j  java.util.concurrent.ForkJoinTask.doExec()V+10 java.base@23.0.2
j  java.util.concurrent.ForkJoinPool$WorkQueue.topLevelExec(Ljava/util/concurrent/ForkJoinTask;I)V+9 java.base@23.0.2
j  java.util.concurrent.ForkJoinPool.runWorker(Ljava/util/concurrent/ForkJoinPool$WorkQueue;)V+366 java.base@23.0.2
j  java.util.concurrent.ForkJoinWorkerThread.run()V+31 java.base@23.0.2
v  ~StubRoutines::call_stub 0x00000281aaa60fcd

siginfo: EXCEPTION_ACCESS_VIOLATION (0xc0000005), reading address 0x0000000000000000


Registers:
RAX=0x00007ffd527196e0, RBX=0x0000028207995ef8, RCX=0x0000000000000000, RDX=0x0000000000000010
RSP=0x000000ba1eafdbf0, RBP=0x000000ba1eafdc40, RSI=0x0000000000001450, RDI=0x0000028207b61060
R8 =0x0000028207b61060, R9 =0x0000000000000100, R10=0x00007ffd52719670, R11=0x00000281ab277660
R12=0x0000028207b5fc10, R13=0xfffffffffffffbf0, R14=0x000000000000000f, R15=0x0000028207995ef8
RIP=0x00007ffd526d9657, EFLAGS=0x0000000000010246


Register to memory mapping:

RAX=0x00007ffd527196e0 native-3748496228227531175.dll
RBX=0x0000028207995ef8 points into unknown readable memory: 0x00007ffd52719650 | 50 96 71 52 fd 7f 00 00
RCX=0x0 is null
RDX=0x0000000000000010 is an unknown value
RSP=0x000000ba1eafdbf0 is pointing into the stack for thread: 0x0000028207b88a50
RBP=0x000000ba1eafdc40 is pointing into the stack for thread: 0x0000028207b88a50
RSI=0x0000000000001450 is an unknown value
RDI=0x0000028207b61060 points into unknown readable memory: 0x0000000000000000 | 00 00 00 00 00 00 00 00
R8 =0x0000028207b61060 points into unknown readable memory: 0x0000000000000000 | 00 00 00 00 00 00 00 00
R9 =0x0000000000000100 is an unknown value
R10=0x00007ffd52719670 native-3748496228227531175.dll
R11=0x00000281ab277660 is at entry_point+0 in (nmethod*)0x00000281ab277588
Compiled method (n/a) 2555 2274     n 0       java.lang.invoke.MethodHandle::linkToNative(JJJIJJFFIJL)V (native)
 total in heap  [0x00000281ab277588,0x00000281ab277670] = 232
 main code      [0x00000281ab277660,0x00000281ab27766c] = 12
 stub code      [0x00000281ab27766c,0x00000281ab277670] = 4
R12=0x0000028207b5fc10 points into unknown readable memory: 0x3b23d70a00000000 | 00 00 00 00 0a d7 23 3b
R13=0xfffffffffffffbf0 is an unknown value
R14=0x000000000000000f is an unknown value
R15=0x0000028207995ef8 points into unknown readable memory: 0x00007ffd52719650 | 50 96 71 52 fd 7f 00 00

Top of Stack: (sp=0x000000ba1eafdbf0)
0x000000ba1eafdbf0:   0003000300030003 0003000300030003
0x000000ba1eafdc00:   0003000300030003 00030000fffffcff
0x000000ba1eafdc10:   0003000300030003 0003000300030003
0x000000ba1eafdc20:   0003000300030003 0003000300030003
0x000000ba1eafdc30:   0003000300030003 0003000300030003
0x000000ba1eafdc40:   3f1249253f124925 3f1249253f124925
0x000000ba1eafdc50:   3f1249253f124925 3f1249253f124925
0x000000ba1eafdc60:   3f1249253f124925 3f1249253f124925
0x000000ba1eafdc70:   3f1249253f124925 3f1249253f124925
0x000000ba1eafdc80:   0000000000000000 0000000000000000
0x000000ba1eafdc90:   0000000000000000 0000000000000000
0x000000ba1eafdca0:   0000000000000000 0000000000000000
0x000000ba1eafdcb0:   0000000000000000 0000000000000000
0x000000ba1eafdcc0:   3b23d70a00000000 3bf5c28f3ba3d70a
0x000000ba1eafdcd0:   3c4ccccc3c23d70a 3c8f5c293c75c28f
0x000000ba1eafdce0:   3cb851eb3ca3d70a 3ce147ae3ccccccc
0x000000ba1eafdcf0:   3d051eb83cf5c28f 3d1999993d0f5c29
0x000000ba1eafdd00:   3d23d70a3d23d70a 3d23d70a3d23d70a
0x000000ba1eafdd10:   3d23d70a3d23d70a 3d23d70a3d23d70a
0x000000ba1eafdd20:   3d23d70a3d23d70a 3d23d70a3d23d70a
0x000000ba1eafdd30:   3d23d70a3d23d70a 3d23d70a3d23d70a
0x000000ba1eafdd40:   0000000000000000 0000000000000000
0x000000ba1eafdd50:   0000000000000000 0000000000000000
0x000000ba1eafdd60:   0000000000000000 0000000000000000
0x000000ba1eafdd70:   0000000000000000 0000000000000000
0x000000ba1eafdd80:   0000000000000000 0000000000000000
0x000000ba1eafdd90:   0000000000000000 0000000000000000
0x000000ba1eafdda0:   0000000000000000 0000000000000000
0x000000ba1eafddb0:   0000000000000000 0000000000000000
0x000000ba1eafddc0:   3f0000003f000000 3f0000003f000000
0x000000ba1eafddd0:   3f0000003f000000 3f0000003f000000
0x000000ba1eafdde0:   3f0000003f000000 3f0000003f000000 

Instructions: (pc=0x00007ffd526d9657)
0x00007ffd526d9557:   48 8d 6c 24 60 48 83 e5 c0 48 8b 41 08 48 8b d9
0x00007ffd526d9567:   62 f1 7c 48 11 55 02 62 f1 7c 48 11 4d 03 62 f1
0x00007ffd526d9577:   7c 48 11 45 01 48 63 50 08 c5 fc 11 85 00 01 00
0x00007ffd526d9587:   00 62 f3 fd 48 1b 45 09 01 48 8b 4c 0a 38 48 85
0x00007ffd526d9597:   c9 74 31 48 8b 01 ff 50 10 62 f1 7c 48 10 55 02
0x00007ffd526d95a7:   62 f1 7c 48 10 4d 03 c5 fc 11 45 00 62 f3 fd 48
0x00007ffd526d95b7:   1b 45 01 01 62 f1 7c 48 10 5d 00 62 f1 7c 48 10
0x00007ffd526d95c7:   45 01 eb 08 62 f2 7d 48 18 5c 1a 10 48 8b 43 08
0x00007ffd526d95d7:   62 f1 7c 48 11 5d 06 48 63 50 08 48 8b 4c 1a 58
0x00007ffd526d95e7:   48 85 c9 74 1c 48 8b 01 ff 50 10 c5 fc 11 45 00
0x00007ffd526d95f7:   62 f3 fd 48 1b 45 01 01 62 f1 7c 48 10 45 00 eb
0x00007ffd526d9607:   08 62 f2 7d 48 18 44 1a 18 48 8b 43 08 62 f1 7c
0x00007ffd526d9617:   48 10 55 02 62 f1 7c 48 10 4d 03 62 f1 7c 48 11
0x00007ffd526d9627:   45 05 48 63 48 08 62 f2 7d 48 18 44 19 1b 62 f1
0x00007ffd526d9637:   7c 48 11 45 08 62 f2 7d 48 18 44 19 1c 48 8b 4c
0x00007ffd526d9647:   19 20 62 f1 7c 48 11 45 00 62 f1 7c 48 10 45 01
0x00007ffd526d9657:   48 8b 01 ff 50 10 48 8b 4b 08 be 01 00 00 00 62
0x00007ffd526d9667:   f1 7c 48 10 6d 00 c5 fc 11 45 40 62 f3 fd 48 1b
0x00007ffd526d9677:   45 03 01 48 63 41 08 62 f1 7c 48 59 c5 62 f1 7c
0x00007ffd526d9687:   48 11 45 07 39 74 18 68 0f 8e 0e 01 00 00 62 e2
0x00007ffd526d9697:   7d 48 18 05 fd ae 03 00 62 f2 7d 48 18 1d f7 ae
0x00007ffd526d96a7:   03 00 62 f1 7e 48 6f 65 04 62 f3 7d 48 25 c0 ff
0x00007ffd526d96b7:   62 f1 7e 48 7f 45 09 66 90 62 f1 64 48 58 4d 01
0x00007ffd526d96c7:   48 63 41 08 62 f1 5d 48 fa e0 62 f1 7c 48 10 d3
0x00007ffd526d96d7:   62 b2 75 48 ba d0 48 8b 4c 18 20 62 f1 7c 48 10
0x00007ffd526d96e7:   c3 62 f2 6d 48 b8 45 05 62 f1 7c 48 10 55 08 62
0x00007ffd526d96f7:   f1 6c 48 59 4d 03 48 8b 01 62 f1 54 48 59 c0 62
0x00007ffd526d9707:   f1 7c 48 59 45 06 62 f1 7c 48 11 45 00 62 f1 6c
0x00007ffd526d9717:   48 59 45 02 62 f1 7c 48 11 45 02 62 f1 7c 48 10
0x00007ffd526d9727:   d0 62 f1 7e 48 6f c4 62 f1 7e 48 7f 65 04 62 f1
0x00007ffd526d9737:   7c 48 11 4d 03 ff 50 10 62 f1 7c 48 10 4d 07 48
0x00007ffd526d9747:   8b 4b 08 ff c6 62 f1 7c 48 10 6d 00 62 f2 7d 48 


Stack slot to memory mapping:

stack at sp + 0 slots: 0x0003000300030003 is an unknown value
stack at sp + 1 slots: 0x0003000300030003 is an unknown value
stack at sp + 2 slots: 0x0003000300030003 is an unknown value
stack at sp + 3 slots: 0x00030000fffffcff is an unknown value
stack at sp + 4 slots: 0x0003000300030003 is an unknown value
stack at sp + 5 slots: 0x0003000300030003 is an unknown value
stack at sp + 6 slots: 0x0003000300030003 is an unknown value
stack at sp + 7 slots: 0x0003000300030003 is an unknown value

Lock stack of current Java thread (top to bottom):

--------------------------------------------------------------------------------
Decoding CodeBlob, name: nep_invoker_blob, at  [0x00000281aadc2ce0, 0x00000281aadc2e00]  288 bytes
[MachCode]
  0x00000281aadc2ce0: 5548 8bec | 4883 ec50 | c5f8 7749 | 89af b003 | 0000 49ba | e82c dcaa | 8102 0000 | 4d89 97a8 
  0x00000281aadc2d00: 0300 0049 | 89a7 a003 | 0000 41c7 | 8744 0400 | 0004 0000 | 0048 894c | 2420 c5f9 | d644 2428 
  0x00000281aadc2d20: c5f9 d64c | 2430 488b | 5d10 4889 | 5c24 3848 | 8b5d 1848 | 895c 2440 | 4c8b d249 | 8bd1 4c8b 
  0x00000281aadc2d40: ce49 8bc8 | 4c8b c741 | ffd2 c5f8 | 7741 c787 | 4404 0000 | 0500 0000 | f083 4424 | c000 493b 
  0x00000281aadc2d60: af48 0400 | 000f 874d | 0000 0041 | 83bf 4004 | 0000 000f | 853f 0000 | 0041 c787 | 4404 0000 
  0x00000281aadc2d80: 0800 0000 | 4183 bfc8 | 0400 0002 | 0f84 4b00 | 0000 49c7 | 87a0 0300 | 0000 0000 | 0049 c787 
  0x00000281aadc2da0: b003 0000 | 0000 0000 | 49c7 87a8 | 0300 0000 | 0000 00c5 | f877 c9c3 | 498b cfc5 | f877 4c8b 
  0x00000281aadc2dc0: e448 83ec | 2048 83e4 | f048 b880 | abaa 05fd | 7f00 00ff | d049 8be4 | 4d33 e4eb | 9cc5 f877 
  0x00000281aadc2de0: 4c8b e448 | 83ec 2048 | 83e4 f048 | b8a0 25e1 | 05fd 7f00 | 00ff d049 | 8be4 4d33 | e4eb 93f4 
[/MachCode]
--------------------------------------------------------------------------------


Compiled method (n/a) 2572   92     n 0       jdk.internal.vm.Continuation::enterSpecial (native)
 total in heap  [0x00000281ab1a5008,0x00000281ab1a5330] = 808
 relocation     [0x00000281ab1a50e0,0x00000281ab1a5108] = 40
 main code      [0x00000281ab1a5120,0x00000281ab1a5310] = 496
 stub code      [0x00000281ab1a5310,0x00000281ab1a5330] = 32

[Constant Pool (empty)]

[MachCode]
[Entry Point]
  # {method} {0x00000281c01bca08} 'enterSpecial' '(Ljdk/internal/vm/Continuation;ZZ)V' in 'jdk/internal/vm/Continuation'
  # parm0:    rdx:rdx   = 'jdk/internal/vm/Continuation'
  # parm1:    r8        = boolean
  # parm2:    r9        = boolean
  #           [sp+0x50]  (sp of caller)
  0x00000281ab1a5120: 5848 8b54 | 2410 448b | 4424 0844 | 8b0c 2448 | 83e4 f050 | 493b a740 | 0500 0076 | 0749 89a7 
  0x00000281ab1a5140: 4005 0000 | 5548 8bec | 4883 ec40 | 498b 8738 | 0500 0048 | 8944 2408 | 4989 a738 | 0500 0048 
  0x00000281ab1a5160: 8954 2410 | 4489 4c24 | 2048 c744 | 2418 0000 | 0000 c744 | 2424 0000 | 0000 c744 | 2438 0000 
  0x00000281ab1a5180: 0000 498b | 8740 0500 | 0048 8944 | 2428 498b | 8750 0500 | 0048 8944 | 2430 49c7 | 8740 0500 
  0x00000281ab1a51a0: 0000 0000 | 0049 c787 | 5005 0000 | 0000 0000 | 4d85 c00f | 85ad 0000 | 0066 0f1f 

  0x00000281ab1a51bc: ;   {static_call}
  0x00000281ab1a51bc: 4400 00e8 | 1ca4 90ff 

  0x00000281ab1a51c4: ;   {other}
  0x00000281ab1a51c4: 0f1f 8400 | bc01 0000 | e9a2 0000 | 000f 1f84 | 0000 0000 | 000f 1f80 | 0000 0000 
[Verified Entry Point]
  0x00000281ab1a51e0: 5548 8bec | 4883 ec40 | 498b 8738 | 0500 0048 | 8944 2408 | 4989 a738 | 0500 0048 | 8954 2410 
  0x00000281ab1a5200: 4489 4c24 | 2048 c744 | 2418 0000 | 0000 c744 | 2424 0000 | 0000 c744 | 2438 0000 | 0000 498b 
  0x00000281ab1a5220: 8740 0500 | 0048 8944 | 2428 498b | 8750 0500 | 0048 8944 | 2430 49c7 | 8740 0500 | 0000 0000 
  0x00000281ab1a5240: 0049 c787 | 5005 0000 | 0000 0000 | 4d85 c075 | 1566 0f1f 

  0x00000281ab1a5254: ;   {static_call}
  0x00000281ab1a5254: 4400 00e8 | c300 0000 

  0x00000281ab1a525c: ;   {other}
  0x00000281ab1a525c: 0f1f 8400 | 5402 0001 

  0x00000281ab1a5264: ;   {runtime_call StubRoutines (continuation stubs)}
  0x00000281ab1a5264: eb0d e855 

  0x00000281ab1a5268: ; ImmutableOopMap {}
                      ;   {other}
  0x00000281ab1a5268: 198c ff0f | 1f84 0063 | 0200 0248 | 8b5c 2428 | 4989 9f40 | 0500 0048 | 8b5c 2430 | 4989 9f50 
  0x00000281ab1a5288: 0500 0048 | 8b5c 2408 | 4989 9f38 | 0500 0048 | 83c4 405d | c348 8b5c | 2428 4989 | 9f40 0500 
  0x00000281ab1a52a8: 0048 8b5c | 2430 4989 | 9f50 0500 | 0048 8b5c | 2408 4989 | 9f38 0500 | 0048 83c4 | 405d 498b 
  0x00000281ab1a52c8: cf48 8b14 | 2450 4883 | ec20 40f6 | c40f 0f84 | 1900 0000 | 4883 ec08 

  0x00000281ab1a52e0: ;   {runtime_call}
  0x00000281ab1a52e0: 48b8 b0f1 | e005 fd7f | 0000 ffd0 | 4883 c408 | e90c 0000 

  0x00000281ab1a52f4: ;   {runtime_call}
  0x00000281ab1a52f4: 0048 b8b0 | f1e0 05fd | 7f00 00ff | d048 83c4 | 2048 8bd8 | 585a ffe3 | f4f4 f4f4 
[Stub Code]
  0x00000281ab1a5310: ;   {no_reloc}
  0x00000281ab1a5310: 48bb 0000 | 0000 0000 

  0x00000281ab1a5318: ;   {runtime_call native nmethod}
  0x00000281ab1a5318: 0000 e9fb 

  0x00000281ab1a531c: ;   {static_stub}
  0x00000281ab1a531c: ffff ff48 | bba8 c91b | c081 0200 

  0x00000281ab1a5328: ;   {runtime_call I2C/C2I adapters}
  0x00000281ab1a5328: 00e9 88f3 | 90ff f4f4 
[/MachCode]


---------------  P R O C E S S  ---------------

Threads class SMR info:
_java_thread_list=0x0000028206159e70, length=47, elements={
0x00000281bfb2f620, 0x00000281bfb30540, 0x00000281bfb32b80, 0x00000281bfb36600,
0x00000281bfb37670, 0x00000281bfb38330, 0x00000281bfb3ed10, 0x00000281bfb47b10,
0x00000281bfc192a0, 0x00000281bfcf2430, 0x00000281bfcf9450, 0x00000281bfe5dfd0,
0x00000282057a8ae0, 0x00000282057a82b0, 0x0000028208669710, 0x00000282079104d0,
0x000002820615c790, 0x00000282068c8fb0, 0x0000028205f705d0, 0x00000282078191f0,
0x0000028207819860, 0x0000028207b890e0, 0x0000028207b87010, 0x0000028207b86980,
0x0000028207b883c0, 0x0000028207b89e00, 0x0000028207b876a0, 0x000002820615b5e0,
0x0000028205b21960, 0x0000028205b22020, 0x0000028205b22ef0, 0x00000282077f89c0,
0x0000028205ff3400, 0x0000028207b88a50, 0x0000028207b87d30, 0x0000028207b89770,
0x00000282085f6c10, 0x00000282085f51d0, 0x00000282085f7930, 0x00000282085f5860,
0x00000282085f8650, 0x00000282085f72a0, 0x00000282085f5ef0, 0x00000282085f7fc0,
0x00000282085f6580, 0x00000282062b6220, 0x00000282062b8980
}

Java Threads: ( => current thread )
  0x00000281bfb2f620 JavaThread "Reference Handler"          daemon [_thread_blocked, id=40076, stack(0x000000ba1be00000,0x000000ba1bf00000) (1024K)]
  0x00000281bfb30540 JavaThread "Finalizer"                  daemon [_thread_blocked, id=38176, stack(0x000000ba1bf00000,0x000000ba1c000000) (1024K)]
  0x00000281bfb32b80 JavaThread "Signal Dispatcher"          daemon [_thread_blocked, id=2804, stack(0x000000ba1c000000,0x000000ba1c100000) (1024K)]
  0x00000281bfb36600 JavaThread "Attach Listener"            daemon [_thread_blocked, id=38112, stack(0x000000ba1c100000,0x000000ba1c200000) (1024K)]
  0x00000281bfb37670 JavaThread "Service Thread"             daemon [_thread_blocked, id=42044, stack(0x000000ba1c200000,0x000000ba1c300000) (1024K)]
  0x00000281bfb38330 JavaThread "Monitor Deflation Thread"   daemon [_thread_blocked, id=41348, stack(0x000000ba1c300000,0x000000ba1c400000) (1024K)]
  0x00000281bfb3ed10 JavaThread "C2 CompilerThread0"         daemon [_thread_blocked, id=33844, stack(0x000000ba1c400000,0x000000ba1c500000) (1024K)]
  0x00000281bfb47b10 JavaThread "C1 CompilerThread0"         daemon [_thread_blocked, id=2180, stack(0x000000ba1c500000,0x000000ba1c600000) (1024K)]
  0x00000281bfc192a0 JavaThread "C1 CompilerThread1"         daemon [_thread_blocked, id=27540, stack(0x000000ba1c600000,0x000000ba1c700000) (1024K)]
  0x00000281bfcf2430 JavaThread "Notification Thread"        daemon [_thread_blocked, id=27732, stack(0x000000ba1c700000,0x000000ba1c800000) (1024K)]
  0x00000281bfcf9450 JavaThread "Common-Cleaner"             daemon [_thread_blocked, id=27536, stack(0x000000ba1c800000,0x000000ba1c900000) (1024K)]
  0x00000281bfe5dfd0 JavaThread "C2 CompilerThread1"         daemon [_thread_blocked, id=41568, stack(0x000000ba1c900000,0x000000ba1ca00000) (1024K)]
  0x00000282057a8ae0 JavaThread "C1 CompilerThread2"         daemon [_thread_blocked, id=37596, stack(0x000000ba1cb00000,0x000000ba1cc00000) (1024K)]
  0x00000282057a82b0 JavaThread "C1 CompilerThread3"         daemon [_thread_blocked, id=25924, stack(0x000000ba1cc00000,0x000000ba1cd00000) (1024K)]
  0x0000028208669710 JavaThread "Cleaner-0"                  daemon [_thread_blocked, id=9300, stack(0x000000ba1db00000,0x000000ba1dc00000) (1024K)]
  0x00000282079104d0 JavaThread "Ms-Tick-0"                         [_thread_blocked, id=40880, stack(0x000000ba1dc00000,0x000000ba1dd00000) (1024K)]
  0x000002820615c790 JavaThread "Thread-1"                   daemon [_thread_blocked, id=26704, stack(0x000000ba1dd00000,0x000000ba1de00000) (1024K)]
  0x00000282068c8fb0 JavaThread "ForkJoinPool-1-worker-1"    daemon [_thread_in_native, id=32952, stack(0x000000ba1de00000,0x000000ba1df00000) (1024K)]
  0x0000028205f705d0 JavaThread "Ms-TickScheduler"                  [_thread_blocked, id=37980, stack(0x000000ba1df00000,0x000000ba1e000000) (1024K)]
  0x00000282078191f0 JavaThread "Read-Poller"                daemon [_thread_in_native, id=5928, stack(0x000000ba1e000000,0x000000ba1e100000) (1024K)]
  0x0000028207819860 JavaThread "Read-Poller"                daemon [_thread_in_native, id=10160, stack(0x000000ba1e100000,0x000000ba1e200000) (1024K)]
  0x0000028207b890e0 JavaThread "Write-Poller"               daemon [_thread_in_native, id=36180, stack(0x000000ba1e200000,0x000000ba1e300000) (1024K)]
  0x0000028207b87010 JavaThread "DestroyJavaVM"                     [_thread_blocked, id=36620, stack(0x000000ba1b600000,0x000000ba1b700000) (1024K)]
  0x0000028207b86980 JavaThread "Cleaner-1"                  daemon [_thread_blocked, id=36300, stack(0x000000ba1ca00000,0x000000ba1cb00000) (1024K)]
  0x0000028207b883c0 JavaThread "ForkJoinPool-1-worker-2"    daemon [_thread_in_native, id=37540, stack(0x000000ba1cd00000,0x000000ba1ce00000) (1024K)]
  0x0000028207b89e00 JavaThread "ForkJoinPool-1-worker-3"    daemon [_thread_in_native, id=37464, stack(0x000000ba1ce00000,0x000000ba1cf00000) (1024K)]
  0x0000028207b876a0 JavaThread "VirtualThread-unparker"     daemon [_thread_blocked, id=37480, stack(0x000000ba1e300000,0x000000ba1e400000) (1024K)]
  0x000002820615b5e0 JavaThread "C2 CompilerThread2"         daemon [_thread_blocked, id=38732, stack(0x000000ba1e400000,0x000000ba1e500000) (1024K)]
  0x0000028205b21960 JavaThread "C2 CompilerThread3"         daemon [_thread_blocked, id=37452, stack(0x000000ba1e500000,0x000000ba1e600000) (1024K)]
  0x0000028205b22020 JavaThread "C2 CompilerThread4"         daemon [_thread_blocked, id=33568, stack(0x000000ba1e600000,0x000000ba1e700000) (1024K)]
  0x0000028205b22ef0 JavaThread "C2 CompilerThread5"         daemon [_thread_blocked, id=37448, stack(0x000000ba1e700000,0x000000ba1e800000) (1024K)]
  0x00000282077f89c0 JavaThread "C2 CompilerThread6"         daemon [_thread_blocked, id=37404, stack(0x000000ba1e800000,0x000000ba1e900000) (1024K)]
  0x0000028205ff3400 JavaThread "C2 CompilerThread7"         daemon [_thread_blocked, id=372, stack(0x000000ba1e900000,0x000000ba1ea00000) (1024K)]
=>0x0000028207b88a50 JavaThread "ForkJoinPool-1-worker-5"    daemon [_thread_in_native, id=36288, stack(0x000000ba1ea00000,0x000000ba1eb00000) (1024K)]
  0x0000028207b87d30 JavaThread "ForkJoinPool-1-worker-4"    daemon [_thread_in_native, id=37560, stack(0x000000ba1eb00000,0x000000ba1ec00000) (1024K)]
  0x0000028207b89770 JavaThread "ForkJoinPool-1-worker-6"    daemon [_thread_in_native, id=36304, stack(0x000000ba1ec00000,0x000000ba1ed00000) (1024K)]
  0x00000282085f6c10 JavaThread "ForkJoinPool-1-worker-7"    daemon [_thread_in_native, id=36292, stack(0x000000ba1ed00000,0x000000ba1ee00000) (1024K)]
  0x00000282085f51d0 JavaThread "ForkJoinPool-1-worker-9"    daemon [_thread_in_native, id=40836, stack(0x000000ba1ee00000,0x000000ba1ef00000) (1024K)]
  0x00000282085f7930 JavaThread "ForkJoinPool-1-worker-8"    daemon [_thread_in_native, id=37716, stack(0x000000ba1ef00000,0x000000ba1f000000) (1024K)]
  0x00000282085f5860 JavaThread "ForkJoinPool-1-worker-10"   daemon [_thread_in_native, id=916, stack(0x000000ba1f000000,0x000000ba1f100000) (1024K)]
  0x00000282085f8650 JavaThread "ForkJoinPool-1-worker-11"   daemon [_thread_in_native, id=7460, stack(0x000000ba1f100000,0x000000ba1f200000) (1024K)]
  0x00000282085f72a0 JavaThread "ForkJoinPool-1-worker-12"   daemon [_thread_in_native, id=36144, stack(0x000000ba1f200000,0x000000ba1f300000) (1024K)]
  0x00000282085f5ef0 JavaThread "ForkJoinPool-1-worker-13"   daemon [_thread_in_native, id=35988, stack(0x000000ba1f300000,0x000000ba1f400000) (1024K)]
  0x00000282085f7fc0 JavaThread "ForkJoinPool-1-worker-14"   daemon [_thread_in_native, id=39908, stack(0x000000ba1f400000,0x000000ba1f500000) (1024K)]
  0x00000282085f6580 JavaThread "ForkJoinPool-1-worker-15"   daemon [_thread_in_native, id=42692, stack(0x000000ba1f500000,0x000000ba1f600000) (1024K)]
  0x00000282062b6220 JavaThread "ForkJoinPool-1-worker-16"   daemon [_thread_in_native, id=39628, stack(0x000000ba1f600000,0x000000ba1f700000) (1024K)]
  0x00000282062b8980 JavaThread "Cleaner-2"                  daemon [_thread_blocked, id=42164, stack(0x000000ba1f700000,0x000000ba1f800000) (1024K)]
Total: 47

Other Threads:
  0x00000281bcd35c70 VMThread "VM Thread"                           [id=41572, stack(0x000000ba1bd00000,0x000000ba1be00000) (1024K)]
  0x00000281bcd215f0 WatcherThread "VM Periodic Task Thread"        [id=42824, stack(0x000000ba1bc00000,0x000000ba1bd00000) (1024K)]
  0x000002819af7a500 WorkerThread "GC Thread#0"                     [id=42792, stack(0x000000ba1b700000,0x000000ba1b800000) (1024K)]
  0x0000028205c0bb20 WorkerThread "GC Thread#1"                     [id=39356, stack(0x000000ba1cf00000,0x000000ba1d000000) (1024K)]
  0x0000028205c0bed0 WorkerThread "GC Thread#2"                     [id=42580, stack(0x000000ba1d000000,0x000000ba1d100000) (1024K)]
  0x00000282062be920 WorkerThread "GC Thread#3"                     [id=37304, stack(0x000000ba1d100000,0x000000ba1d200000) (1024K)]
  0x0000028206293550 WorkerThread "GC Thread#4"                     [id=34700, stack(0x000000ba1d200000,0x000000ba1d300000) (1024K)]
  0x0000028206294110 WorkerThread "GC Thread#5"                     [id=40468, stack(0x000000ba1d300000,0x000000ba1d400000) (1024K)]
  0x00000282062944c0 WorkerThread "GC Thread#6"                     [id=32032, stack(0x000000ba1d400000,0x000000ba1d500000) (1024K)]
  0x0000028206294870 WorkerThread "GC Thread#7"                     [id=40484, stack(0x000000ba1d500000,0x000000ba1d600000) (1024K)]
  0x0000028205f354b0 WorkerThread "GC Thread#8"                     [id=27276, stack(0x000000ba1d600000,0x000000ba1d700000) (1024K)]
  0x0000028205f35860 WorkerThread "GC Thread#9"                     [id=32976, stack(0x000000ba1d700000,0x000000ba1d800000) (1024K)]
  0x0000028205f35c10 WorkerThread "GC Thread#10"                    [id=33084, stack(0x000000ba1d800000,0x000000ba1d900000) (1024K)]
  0x000002820627b1b0 WorkerThread "GC Thread#11"                    [id=42744, stack(0x000000ba1d900000,0x000000ba1da00000) (1024K)]
  0x000002820627ae00 WorkerThread "GC Thread#12"                    [id=35468, stack(0x000000ba1da00000,0x000000ba1db00000) (1024K)]
  0x00000281bcb40080 ConcurrentGCThread "G1 Main Marker"            [id=37372, stack(0x000000ba1b800000,0x000000ba1b900000) (1024K)]
  0x00000281bcb41140 WorkerThread "G1 Conc#0"                       [id=42076, stack(0x000000ba1b900000,0x000000ba1ba00000) (1024K)]
  0x00000281bcbef7a0 ConcurrentGCThread "G1 Refine#0"               [id=42992, stack(0x000000ba1ba00000,0x000000ba1bb00000) (1024K)]
  0x00000281bcbf0230 ConcurrentGCThread "G1 Service"                [id=41296, stack(0x000000ba1bb00000,0x000000ba1bc00000) (1024K)]
Total: 19

Threads with active compile tasks:
Total: 0

VM state: not at safepoint (normal execution)

VM Mutex/Monitor currently owned by a thread: None

Heap address: 0x000000060d800000, size: 7976 MB, Compressed Oops mode: Zero based, Oop shift amount: 3

CDS archive(s) mapped at: [0x00000281c0000000-0x00000281c0d70000-0x00000281c0d70000), size 14090240, SharedBaseAddress: 0x00000281c0000000, ArchiveRelocationMode: 1.
Compressed class space mapped at: 0x00000281c1000000-0x0000028201000000, reserved size: 1073741824
Narrow klass base: 0x00000281c0000000, Narrow klass shift: 0, Narrow klass range: 0x41000000

GC Precious Log:
 CardTable entry size: 512
 Card Set container configuration: InlinePtr #cards 4 size 8 Array Of Cards #cards 32 size 80 Howl #buckets 8 coarsen threshold 7372 Howl Bitmap #cards 1024 size 144 coarsen threshold 921 Card regions per heap region 1 cards per card region 8192
 CPUs: 16 total, 16 available
 Memory: 31900M
 Large Page Support: Disabled
 NUMA Support: Disabled
 Compressed Oops: Enabled (Zero based)
 Heap Region Size: 4M
 Heap Min Capacity: 8M
 Heap Initial Capacity: 500M
 Heap Max Capacity: 7976M
 Pre-touch: Disabled
 Parallel Workers: 13
 Concurrent Workers: 3
 Concurrent Refinement Workers: 13
 Periodic GC: Disabled

Heap:
 garbage-first heap   total reserved 8167424K, committed 512000K, used 102640K [0x000000060d800000, 0x0000000800000000)
  region size 4096K, 10 young (40960K), 5 survivors (20480K)
 Metaspace       used 19979K, committed 21184K, reserved 1114112K
  class space    used 3265K, committed 3776K, reserved 1048576K

Heap Regions: E=young(eden), S=young(survivor), O=old, HS=humongous(starts), HC=humongous(continues), CS=collection set, F=free, TAMS=top-at-mark-start, PB=parsable bottom
|   0|0x000000060d800000, 0x000000060dc00000, 0x000000060dc00000|100%| O|  |TAMS 0x000000060d800000| PB 0x000000060d800000| Untracked |  0
|   1|0x000000060dc00000, 0x000000060e000000, 0x000000060e000000|100%| O|  |TAMS 0x000000060dc00000| PB 0x000000060dc00000| Untracked |  0
|   2|0x000000060e000000, 0x000000060e400000, 0x000000060e400000|100%| O|  |TAMS 0x000000060e000000| PB 0x000000060e000000| Untracked |  0
|   3|0x000000060e400000, 0x000000060e800000, 0x000000060e800000|100%| O|  |TAMS 0x000000060e400000| PB 0x000000060e400000| Untracked |  0
|   4|0x000000060e800000, 0x000000060ec00000, 0x000000060ec00000|100%| O|  |TAMS 0x000000060e800000| PB 0x000000060e800000| Untracked |  0
|   5|0x000000060ec00000, 0x000000060f000000, 0x000000060f000000|100%| O|  |TAMS 0x000000060ec00000| PB 0x000000060ec00000| Untracked |  0
|   6|0x000000060f000000, 0x000000060f400000, 0x000000060f400000|100%| O|  |TAMS 0x000000060f000000| PB 0x000000060f000000| Untracked |  0
|   7|0x000000060f400000, 0x000000060f800000, 0x000000060f800000|100%| O|  |TAMS 0x000000060f400000| PB 0x000000060f400000| Untracked |  0
|   8|0x000000060f800000, 0x000000060fc00000, 0x000000060fc00000|100%| O|  |TAMS 0x000000060f800000| PB 0x000000060f800000| Untracked |  0
|   9|0x000000060fc00000, 0x0000000610000000, 0x0000000610000000|100%| O|  |TAMS 0x000000060fc00000| PB 0x000000060fc00000| Untracked |  0
|  10|0x0000000610000000, 0x0000000610400000, 0x0000000610400000|100%| O|  |TAMS 0x0000000610000000| PB 0x0000000610000000| Untracked |  0
|  11|0x0000000610400000, 0x0000000610800000, 0x0000000610800000|100%| O|  |TAMS 0x0000000610400000| PB 0x0000000610400000| Untracked |  0
|  12|0x0000000610800000, 0x0000000610c00000, 0x0000000610c00000|100%| O|  |TAMS 0x0000000610800000| PB 0x0000000610800000| Untracked |  0
|  13|0x0000000610c00000, 0x0000000611000000, 0x0000000611000000|100%| O|  |TAMS 0x0000000610c00000| PB 0x0000000610c00000| Untracked |  0
|  14|0x0000000611000000, 0x0000000611400000, 0x0000000611400000|100%| O|  |TAMS 0x0000000611000000| PB 0x0000000611000000| Untracked |  0
|  15|0x0000000611400000, 0x0000000611800000, 0x0000000611800000|100%| O|  |TAMS 0x0000000611400000| PB 0x0000000611400000| Untracked |  0
|  16|0x0000000611800000, 0x000000061183c3c0, 0x0000000611c00000|  5%| O|  |TAMS 0x0000000611800000| PB 0x0000000611800000| Untracked |  0
|  17|0x0000000611c00000, 0x0000000611c00000, 0x0000000612000000|  0%| F|  |TAMS 0x0000000611c00000| PB 0x0000000611c00000| Untracked |  0
|  18|0x0000000612000000, 0x0000000612000000, 0x0000000612400000|  0%| F|  |TAMS 0x0000000612000000| PB 0x0000000612000000| Untracked |  0
|  19|0x0000000612400000, 0x0000000612400000, 0x0000000612800000|  0%| F|  |TAMS 0x0000000612400000| PB 0x0000000612400000| Untracked |  0
|  20|0x0000000612800000, 0x0000000612800000, 0x0000000612c00000|  0%| F|  |TAMS 0x0000000612800000| PB 0x0000000612800000| Untracked |  0
|  21|0x0000000612c00000, 0x0000000612c00000, 0x0000000613000000|  0%| F|  |TAMS 0x0000000612c00000| PB 0x0000000612c00000| Untracked |  0
|  22|0x0000000613000000, 0x0000000613000000, 0x0000000613400000|  0%| F|  |TAMS 0x0000000613000000| PB 0x0000000613000000| Untracked |  0
|  23|0x0000000613400000, 0x0000000613400000, 0x0000000613800000|  0%| F|  |TAMS 0x0000000613400000| PB 0x0000000613400000| Untracked |  0
|  24|0x0000000613800000, 0x0000000613800000, 0x0000000613c00000|  0%| F|  |TAMS 0x0000000613800000| PB 0x0000000613800000| Untracked |  0
|  25|0x0000000613c00000, 0x0000000613c00000, 0x0000000614000000|  0%| F|  |TAMS 0x0000000613c00000| PB 0x0000000613c00000| Untracked |  0
|  26|0x0000000614000000, 0x0000000614000000, 0x0000000614400000|  0%| F|  |TAMS 0x0000000614000000| PB 0x0000000614000000| Untracked |  0
|  27|0x0000000614400000, 0x0000000614400000, 0x0000000614800000|  0%| F|  |TAMS 0x0000000614400000| PB 0x0000000614400000| Untracked |  0
|  28|0x0000000614800000, 0x0000000614800000, 0x0000000614c00000|  0%| F|  |TAMS 0x0000000614800000| PB 0x0000000614800000| Untracked |  0
|  29|0x0000000614c00000, 0x0000000614c00000, 0x0000000615000000|  0%| F|  |TAMS 0x0000000614c00000| PB 0x0000000614c00000| Untracked |  0
|  30|0x0000000615000000, 0x0000000615000000, 0x0000000615400000|  0%| F|  |TAMS 0x0000000615000000| PB 0x0000000615000000| Untracked |  0
|  31|0x0000000615400000, 0x0000000615400000, 0x0000000615800000|  0%| F|  |TAMS 0x0000000615400000| PB 0x0000000615400000| Untracked |  0
|  32|0x0000000615800000, 0x0000000615800000, 0x0000000615c00000|  0%| F|  |TAMS 0x0000000615800000| PB 0x0000000615800000| Untracked |  0
|  33|0x0000000615c00000, 0x0000000615c00000, 0x0000000616000000|  0%| F|  |TAMS 0x0000000615c00000| PB 0x0000000615c00000| Untracked |  0
|  34|0x0000000616000000, 0x0000000616000000, 0x0000000616400000|  0%| F|  |TAMS 0x0000000616000000| PB 0x0000000616000000| Untracked |  0
|  35|0x0000000616400000, 0x0000000616400000, 0x0000000616800000|  0%| F|  |TAMS 0x0000000616400000| PB 0x0000000616400000| Untracked |  0
|  36|0x0000000616800000, 0x0000000616800000, 0x0000000616c00000|  0%| F|  |TAMS 0x0000000616800000| PB 0x0000000616800000| Untracked |  0
|  37|0x0000000616c00000, 0x0000000616c00000, 0x0000000617000000|  0%| F|  |TAMS 0x0000000616c00000| PB 0x0000000616c00000| Untracked |  0
|  38|0x0000000617000000, 0x0000000617000000, 0x0000000617400000|  0%| F|  |TAMS 0x0000000617000000| PB 0x0000000617000000| Untracked |  0
|  39|0x0000000617400000, 0x0000000617400000, 0x0000000617800000|  0%| F|  |TAMS 0x0000000617400000| PB 0x0000000617400000| Untracked |  0
|  40|0x0000000617800000, 0x0000000617800000, 0x0000000617c00000|  0%| F|  |TAMS 0x0000000617800000| PB 0x0000000617800000| Untracked |  0
|  41|0x0000000617c00000, 0x0000000617c00000, 0x0000000618000000|  0%| F|  |TAMS 0x0000000617c00000| PB 0x0000000617c00000| Untracked |  0
|  42|0x0000000618000000, 0x0000000618000000, 0x0000000618400000|  0%| F|  |TAMS 0x0000000618000000| PB 0x0000000618000000| Untracked |  0
|  43|0x0000000618400000, 0x0000000618400000, 0x0000000618800000|  0%| F|  |TAMS 0x0000000618400000| PB 0x0000000618400000| Untracked |  0
|  44|0x0000000618800000, 0x0000000618800000, 0x0000000618c00000|  0%| F|  |TAMS 0x0000000618800000| PB 0x0000000618800000| Untracked |  0
|  45|0x0000000618c00000, 0x0000000618c00000, 0x0000000619000000|  0%| F|  |TAMS 0x0000000618c00000| PB 0x0000000618c00000| Untracked |  0
|  46|0x0000000619000000, 0x0000000619000000, 0x0000000619400000|  0%| F|  |TAMS 0x0000000619000000| PB 0x0000000619000000| Untracked |  0
|  47|0x0000000619400000, 0x0000000619400000, 0x0000000619800000|  0%| F|  |TAMS 0x0000000619400000| PB 0x0000000619400000| Untracked |  0
|  48|0x0000000619800000, 0x0000000619800000, 0x0000000619c00000|  0%| F|  |TAMS 0x0000000619800000| PB 0x0000000619800000| Untracked |  0
|  49|0x0000000619c00000, 0x0000000619c00000, 0x000000061a000000|  0%| F|  |TAMS 0x0000000619c00000| PB 0x0000000619c00000| Untracked |  0
|  50|0x000000061a000000, 0x000000061a000000, 0x000000061a400000|  0%| F|  |TAMS 0x000000061a000000| PB 0x000000061a000000| Untracked |  0
|  51|0x000000061a400000, 0x000000061a400000, 0x000000061a800000|  0%| F|  |TAMS 0x000000061a400000| PB 0x000000061a400000| Untracked |  0
|  52|0x000000061a800000, 0x000000061a800000, 0x000000061ac00000|  0%| F|  |TAMS 0x000000061a800000| PB 0x000000061a800000| Untracked |  0
|  53|0x000000061ac00000, 0x000000061ac00000, 0x000000061b000000|  0%| F|  |TAMS 0x000000061ac00000| PB 0x000000061ac00000| Untracked |  0
|  54|0x000000061b000000, 0x000000061b000000, 0x000000061b400000|  0%| F|  |TAMS 0x000000061b000000| PB 0x000000061b000000| Untracked |  0
|  55|0x000000061b400000, 0x000000061b400000, 0x000000061b800000|  0%| F|  |TAMS 0x000000061b400000| PB 0x000000061b400000| Untracked |  0
|  56|0x000000061b800000, 0x000000061b800000, 0x000000061bc00000|  0%| F|  |TAMS 0x000000061b800000| PB 0x000000061b800000| Untracked |  0
|  57|0x000000061bc00000, 0x000000061bc00000, 0x000000061c000000|  0%| F|  |TAMS 0x000000061bc00000| PB 0x000000061bc00000| Untracked |  0
|  58|0x000000061c000000, 0x000000061c000000, 0x000000061c400000|  0%| F|  |TAMS 0x000000061c000000| PB 0x000000061c000000| Untracked |  0
|  59|0x000000061c400000, 0x000000061c400000, 0x000000061c800000|  0%| F|  |TAMS 0x000000061c400000| PB 0x000000061c400000| Untracked |  0
|  60|0x000000061c800000, 0x000000061c800000, 0x000000061cc00000|  0%| F|  |TAMS 0x000000061c800000| PB 0x000000061c800000| Untracked |  0
|  61|0x000000061cc00000, 0x000000061cc00000, 0x000000061d000000|  0%| F|  |TAMS 0x000000061cc00000| PB 0x000000061cc00000| Untracked |  0
|  62|0x000000061d000000, 0x000000061d000000, 0x000000061d400000|  0%| F|  |TAMS 0x000000061d000000| PB 0x000000061d000000| Untracked |  0
|  63|0x000000061d400000, 0x000000061d400000, 0x000000061d800000|  0%| F|  |TAMS 0x000000061d400000| PB 0x000000061d400000| Untracked |  0
|  64|0x000000061d800000, 0x000000061d800000, 0x000000061dc00000|  0%| F|  |TAMS 0x000000061d800000| PB 0x000000061d800000| Untracked |  0
|  65|0x000000061dc00000, 0x000000061dc00000, 0x000000061e000000|  0%| F|  |TAMS 0x000000061dc00000| PB 0x000000061dc00000| Untracked |  0
|  66|0x000000061e000000, 0x000000061e000000, 0x000000061e400000|  0%| F|  |TAMS 0x000000061e000000| PB 0x000000061e000000| Untracked |  0
|  67|0x000000061e400000, 0x000000061e400000, 0x000000061e800000|  0%| F|  |TAMS 0x000000061e400000| PB 0x000000061e400000| Untracked |  0
|  68|0x000000061e800000, 0x000000061e800000, 0x000000061ec00000|  0%| F|  |TAMS 0x000000061e800000| PB 0x000000061e800000| Untracked |  0
|  69|0x000000061ec00000, 0x000000061ec00000, 0x000000061f000000|  0%| F|  |TAMS 0x000000061ec00000| PB 0x000000061ec00000| Untracked |  0
|  70|0x000000061f000000, 0x000000061f000000, 0x000000061f400000|  0%| F|  |TAMS 0x000000061f000000| PB 0x000000061f000000| Untracked |  0
|  71|0x000000061f400000, 0x000000061f400000, 0x000000061f800000|  0%| F|  |TAMS 0x000000061f400000| PB 0x000000061f400000| Untracked |  0
|  72|0x000000061f800000, 0x000000061f800000, 0x000000061fc00000|  0%| F|  |TAMS 0x000000061f800000| PB 0x000000061f800000| Untracked |  0
|  73|0x000000061fc00000, 0x000000061fc00000, 0x0000000620000000|  0%| F|  |TAMS 0x000000061fc00000| PB 0x000000061fc00000| Untracked |  0
|  74|0x0000000620000000, 0x0000000620000000, 0x0000000620400000|  0%| F|  |TAMS 0x0000000620000000| PB 0x0000000620000000| Untracked |  0
|  75|0x0000000620400000, 0x0000000620400000, 0x0000000620800000|  0%| F|  |TAMS 0x0000000620400000| PB 0x0000000620400000| Untracked |  0
|  76|0x0000000620800000, 0x0000000620800000, 0x0000000620c00000|  0%| F|  |TAMS 0x0000000620800000| PB 0x0000000620800000| Untracked |  0
|  77|0x0000000620c00000, 0x0000000620c00000, 0x0000000621000000|  0%| F|  |TAMS 0x0000000620c00000| PB 0x0000000620c00000| Untracked |  0
|  78|0x0000000621000000, 0x0000000621000000, 0x0000000621400000|  0%| F|  |TAMS 0x0000000621000000| PB 0x0000000621000000| Untracked |  0
|  79|0x0000000621400000, 0x0000000621400000, 0x0000000621800000|  0%| F|  |TAMS 0x0000000621400000| PB 0x0000000621400000| Untracked |  0
|  80|0x0000000621800000, 0x0000000621c00000, 0x0000000621c00000|100%| S|CS|TAMS 0x0000000621800000| PB 0x0000000621800000| Complete |  0
|  81|0x0000000621c00000, 0x0000000622000000, 0x0000000622000000|100%| S|CS|TAMS 0x0000000621c00000| PB 0x0000000621c00000| Complete |  0
|  82|0x0000000622000000, 0x0000000622400000, 0x0000000622400000|100%| S|CS|TAMS 0x0000000622000000| PB 0x0000000622000000| Complete |  0
|  83|0x0000000622400000, 0x0000000622800000, 0x0000000622800000|100%| S|CS|TAMS 0x0000000622400000| PB 0x0000000622400000| Complete |  0
|  84|0x0000000622800000, 0x0000000622c00000, 0x0000000622c00000|100%| S|CS|TAMS 0x0000000622800000| PB 0x0000000622800000| Complete |  0
|  85|0x0000000622c00000, 0x0000000622c00000, 0x0000000623000000|  0%| F|  |TAMS 0x0000000622c00000| PB 0x0000000622c00000| Untracked |  0
|  86|0x0000000623000000, 0x0000000623000000, 0x0000000623400000|  0%| F|  |TAMS 0x0000000623000000| PB 0x0000000623000000| Untracked |  0
|  87|0x0000000623400000, 0x0000000623400000, 0x0000000623800000|  0%| F|  |TAMS 0x0000000623400000| PB 0x0000000623400000| Untracked |  0
|  88|0x0000000623800000, 0x0000000623800000, 0x0000000623c00000|  0%| F|  |TAMS 0x0000000623800000| PB 0x0000000623800000| Untracked |  0
|  89|0x0000000623c00000, 0x0000000623c00000, 0x0000000624000000|  0%| F|  |TAMS 0x0000000623c00000| PB 0x0000000623c00000| Untracked |  0
|  90|0x0000000624000000, 0x0000000624000000, 0x0000000624400000|  0%| F|  |TAMS 0x0000000624000000| PB 0x0000000624000000| Untracked |  0
|  91|0x0000000624400000, 0x0000000624400000, 0x0000000624800000|  0%| F|  |TAMS 0x0000000624400000| PB 0x0000000624400000| Untracked |  0
|  92|0x0000000624800000, 0x0000000624800000, 0x0000000624c00000|  0%| F|  |TAMS 0x0000000624800000| PB 0x0000000624800000| Untracked |  0
|  93|0x0000000624c00000, 0x0000000624c00000, 0x0000000625000000|  0%| F|  |TAMS 0x0000000624c00000| PB 0x0000000624c00000| Untracked |  0
|  94|0x0000000625000000, 0x0000000625000000, 0x0000000625400000|  0%| F|  |TAMS 0x0000000625000000| PB 0x0000000625000000| Untracked |  0
|  95|0x0000000625400000, 0x0000000625400000, 0x0000000625800000|  0%| F|  |TAMS 0x0000000625400000| PB 0x0000000625400000| Untracked |  0
|  96|0x0000000625800000, 0x0000000625800000, 0x0000000625c00000|  0%| F|  |TAMS 0x0000000625800000| PB 0x0000000625800000| Untracked |  0
|  97|0x0000000625c00000, 0x0000000625c00000, 0x0000000626000000|  0%| F|  |TAMS 0x0000000625c00000| PB 0x0000000625c00000| Untracked |  0
|  98|0x0000000626000000, 0x0000000626000000, 0x0000000626400000|  0%| F|  |TAMS 0x0000000626000000| PB 0x0000000626000000| Untracked |  0
|  99|0x0000000626400000, 0x0000000626400000, 0x0000000626800000|  0%| F|  |TAMS 0x0000000626400000| PB 0x0000000626400000| Untracked |  0
| 100|0x0000000626800000, 0x0000000626800000, 0x0000000626c00000|  0%| F|  |TAMS 0x0000000626800000| PB 0x0000000626800000| Untracked |  0
| 101|0x0000000626c00000, 0x0000000626c00000, 0x0000000627000000|  0%| F|  |TAMS 0x0000000626c00000| PB 0x0000000626c00000| Untracked |  0
| 102|0x0000000627000000, 0x0000000627000000, 0x0000000627400000|  0%| F|  |TAMS 0x0000000627000000| PB 0x0000000627000000| Untracked |  0
| 103|0x0000000627400000, 0x0000000627400000, 0x0000000627800000|  0%| F|  |TAMS 0x0000000627400000| PB 0x0000000627400000| Untracked |  0
| 104|0x0000000627800000, 0x0000000627800000, 0x0000000627c00000|  0%| F|  |TAMS 0x0000000627800000| PB 0x0000000627800000| Untracked |  0
| 105|0x0000000627c00000, 0x0000000627c00000, 0x0000000628000000|  0%| F|  |TAMS 0x0000000627c00000| PB 0x0000000627c00000| Untracked |  0
| 106|0x0000000628000000, 0x0000000628000000, 0x0000000628400000|  0%| F|  |TAMS 0x0000000628000000| PB 0x0000000628000000| Untracked |  0
| 107|0x0000000628400000, 0x0000000628400000, 0x0000000628800000|  0%| F|  |TAMS 0x0000000628400000| PB 0x0000000628400000| Untracked |  0
| 108|0x0000000628800000, 0x0000000628800000, 0x0000000628c00000|  0%| F|  |TAMS 0x0000000628800000| PB 0x0000000628800000| Untracked |  0
| 109|0x0000000628c00000, 0x0000000628c00000, 0x0000000629000000|  0%| F|  |TAMS 0x0000000628c00000| PB 0x0000000628c00000| Untracked |  0
| 110|0x0000000629000000, 0x0000000629000000, 0x0000000629400000|  0%| F|  |TAMS 0x0000000629000000| PB 0x0000000629000000| Untracked |  0
| 111|0x0000000629400000, 0x0000000629400000, 0x0000000629800000|  0%| F|  |TAMS 0x0000000629400000| PB 0x0000000629400000| Untracked |  0
| 112|0x0000000629800000, 0x0000000629800000, 0x0000000629c00000|  0%| F|  |TAMS 0x0000000629800000| PB 0x0000000629800000| Untracked |  0
| 113|0x0000000629c00000, 0x0000000629c00000, 0x000000062a000000|  0%| F|  |TAMS 0x0000000629c00000| PB 0x0000000629c00000| Untracked |  0
| 114|0x000000062a000000, 0x000000062a000000, 0x000000062a400000|  0%| F|  |TAMS 0x000000062a000000| PB 0x000000062a000000| Untracked |  0
| 115|0x000000062a400000, 0x000000062a400000, 0x000000062a800000|  0%| F|  |TAMS 0x000000062a400000| PB 0x000000062a400000| Untracked |  0
| 116|0x000000062a800000, 0x000000062a800000, 0x000000062ac00000|  0%| F|  |TAMS 0x000000062a800000| PB 0x000000062a800000| Untracked |  0
| 117|0x000000062ac00000, 0x000000062ac00000, 0x000000062b000000|  0%| F|  |TAMS 0x000000062ac00000| PB 0x000000062ac00000| Untracked |  0
| 118|0x000000062b000000, 0x000000062b000000, 0x000000062b400000|  0%| F|  |TAMS 0x000000062b000000| PB 0x000000062b000000| Untracked |  0
| 119|0x000000062b400000, 0x000000062b400000, 0x000000062b800000|  0%| F|  |TAMS 0x000000062b400000| PB 0x000000062b400000| Untracked |  0
| 120|0x000000062b800000, 0x000000062b89f618, 0x000000062bc00000| 15%| E|  |TAMS 0x000000062b800000| PB 0x000000062b800000| Complete |  0
| 121|0x000000062bc00000, 0x000000062c000000, 0x000000062c000000|100%| E|CS|TAMS 0x000000062bc00000| PB 0x000000062bc00000| Complete |  0
| 122|0x000000062c000000, 0x000000062c400000, 0x000000062c400000|100%| E|CS|TAMS 0x000000062c000000| PB 0x000000062c000000| Complete |  0
| 123|0x000000062c400000, 0x000000062c800000, 0x000000062c800000|100%| E|CS|TAMS 0x000000062c400000| PB 0x000000062c400000| Complete |  0
| 124|0x000000062c800000, 0x000000062cc00000, 0x000000062cc00000|100%| E|CS|TAMS 0x000000062c800000| PB 0x000000062c800000| Complete |  0

Card table byte_map: [0x00000281b3e40000,0x00000281b4de0000] _byte_map_base: 0x00000281b0dd4000

Marking Bits: (CMBitMap*) 0x000002819af7ab20
 Bits: [0x00000281b4de0000, 0x00000281bca80000)

Polling page: 0x000002819a690000

Metaspace:

Usage:
  Non-class:     16.32 MB used.
      Class:      3.19 MB used.
       Both:     19.51 MB used.

Virtual space:
  Non-class space:       64.00 MB reserved,      17.00 MB ( 27%) committed,  1 nodes.
      Class space:        1.00 GB reserved,       3.69 MB ( <1%) committed,  1 nodes.
             Both:        1.06 GB reserved,      20.69 MB (  2%) committed. 

Chunk freelists:
   Non-Class:  14.47 MB
       Class:  12.24 MB
        Both:  26.71 MB

MaxMetaspaceSize: unlimited
CompressedClassSpaceSize: 1.00 GB
Initial GC threshold: 21.00 MB
Current GC threshold: 21.00 MB
CDS: on
 - commit_granule_bytes: 65536.
 - commit_granule_words: 8192.
 - virtual_space_node_default_size: 8388608.
 - enlarge_chunks_in_place: 1.
 - use_allocation_guard: 0.


Internal statistics:

num_allocs_failed_limit: 0.
num_arena_births: 1636.
num_arena_deaths: 0.
num_vsnodes_births: 2.
num_vsnodes_deaths: 0.
num_space_committed: 330.
num_space_uncommitted: 0.
num_chunks_returned_to_freelist: 0.
num_chunks_taken_from_freelist: 2756.
num_chunk_merges: 0.
num_chunk_splits: 1588.
num_chunks_enlarged: 701.
num_inconsistent_stats: 0.

CodeHeap 'non-profiled nmethods': size=119232Kb used=1923Kb max_used=1923Kb free=117308Kb
 bounds [0x00000281ab1a0000, 0x00000281ab410000, 0x00000281b2610000]
CodeHeap 'profiled nmethods': size=119104Kb used=5004Kb max_used=5004Kb free=114099Kb
 bounds [0x00000281a3610000, 0x00000281a3b00000, 0x00000281aaa60000]
CodeHeap 'non-nmethods': size=7424Kb used=3691Kb max_used=3740Kb free=3732Kb
 bounds [0x00000281aaa60000, 0x00000281aae10000, 0x00000281ab1a0000]
CodeCache: size=245760Kb, used=10618Kb, max_used=10667Kb, free=235139Kb
 total_blobs=4590, nmethods=3746, adapters=724, full_count=0
Compilation: enabled, stopped_count=0, restarted_count=0

Compilation events (20 events):
Event: 2.489 Thread 0x00000282077f89c0 3720 %     4       me.pixlent.voxel.procedural.ProcNoise::generateNoiseGrid3D @ 235 (281 bytes)
Event: 2.492 Thread 0x00000282057a8ae0 3721       3       me.pixlent.voxel.procedural.ProcNoise::trilinearInterpolation (176 bytes)
Event: 2.492 Thread 0x00000282057a82b0 3722       3       me.pixlent.voxel.GenericVoxelChannel::set (15 bytes)
Event: 2.492 Thread 0x00000282057a8ae0 nmethod 3721 0x00000281a3aec088 code [0x00000281a3aec200, 0x00000281a3aec5e8]
Event: 2.492 Thread 0x00000282057a82b0 nmethod 3722 0x00000281a3aec608 code [0x00000281a3aec740, 0x00000281a3aeca58]
Event: 2.492 Thread 0x0000028205ff3400 3723       4       java.lang.Math::floor (5 bytes)
Event: 2.492 Thread 0x0000028205ff3400 nmethod 3723 0x00000281ab377808 code [0x00000281ab377940, 0x00000281ab377a50]
Event: 2.492 Thread 0x0000028205b21960 3724       4       me.pixlent.voxel.procedural.ProcNoise::trilinearInterpolation (176 bytes)
Event: 2.493 Thread 0x00000281bfe5dfd0 3725       4       java.lang.Float::valueOf (9 bytes)
Event: 2.493 Thread 0x00000281bfe5dfd0 nmethod 3725 0x00000281ab377b08 code [0x00000281ab377c00, 0x00000281ab377cd0]
Event: 2.493 Thread 0x000002820615b5e0 3726       4       me.pixlent.voxel.GenericVoxelChannel::set (15 bytes)
Event: 2.494 Thread 0x000002820615b5e0 nmethod 3726 0x00000281ab377e08 code [0x00000281ab377f20, 0x00000281ab378100]
Event: 2.495 Thread 0x0000028205b21960 nmethod 3724 0x00000281ab378188 code [0x00000281ab378300, 0x00000281ab3789d8]
Event: 2.498 Thread 0x00000281bfc192a0 3727       3       jdk.internal.foreign.Utils::checkNonNegativeArgument (43 bytes)
Event: 2.498 Thread 0x00000281bfc192a0 nmethod 3727 0x00000281a3aeca88 code [0x00000281a3aecc60, 0x00000281a3aed3f8]
Event: 2.499 Thread 0x00000281bfb47b10 3728 %     3       me.pixlent.voxel.procedural.ProcNoise::interpolateAndFill3D @ 106 (219 bytes)
Event: 2.500 Thread 0x00000281bfb47b10 nmethod 3728% 0x00000281a3aed488 code [0x00000281a3aed6a0, 0x00000281a3aee690]
Event: 2.500 Thread 0x00000281bfc192a0 3729       3       me.pixlent.voxel.procedural.ProcNoise::interpolateAndFill3D (219 bytes)
Event: 2.500 Thread 0x00000281bfc192a0 nmethod 3729 0x00000281a3aee708 code [0x00000281a3aee900, 0x00000281a3aef4e0]
Event: 2.501 Thread 0x0000028205b21960 3730 %     4       me.pixlent.voxel.procedural.ProcNoise::interpolateAndFill3D @ 106 (219 bytes)

GC Heap History (12 events):
Event: 0.302 GC heap before
{Heap before GC invocations=0 (full 0):
 garbage-first heap   total reserved 8167424K, committed 512000K, used 20480K [0x000000060d800000, 0x0000000800000000)
  region size 4096K, 6 young (24576K), 0 survivors (0K)
 Metaspace       used 5059K, committed 5184K, reserved 1114112K
  class space    used 594K, committed 640K, reserved 1048576K
}
Event: 0.304 GC heap after
{Heap after GC invocations=1 (full 0):
 garbage-first heap   total reserved 8167424K, committed 512000K, used 7118K [0x000000060d800000, 0x0000000800000000)
  region size 4096K, 1 young (4096K), 1 survivors (4096K)
 Metaspace       used 5059K, committed 5184K, reserved 1114112K
  class space    used 594K, committed 640K, reserved 1048576K
}
Event: 0.575 GC heap before
{Heap before GC invocations=1 (full 0):
 garbage-first heap   total reserved 8167424K, committed 512000K, used 27598K [0x000000060d800000, 0x0000000800000000)
  region size 4096K, 6 young (24576K), 1 survivors (4096K)
 Metaspace       used 8904K, committed 9152K, reserved 1114112K
  class space    used 1262K, committed 1408K, reserved 1048576K
}
Event: 0.577 GC heap after
{Heap after GC invocations=2 (full 0):
 garbage-first heap   total reserved 8167424K, committed 512000K, used 9387K [0x000000060d800000, 0x0000000800000000)
  region size 4096K, 1 young (4096K), 1 survivors (4096K)
 Metaspace       used 8904K, committed 9152K, reserved 1114112K
  class space    used 1262K, committed 1408K, reserved 1048576K
}
Event: 1.973 GC heap before
{Heap before GC invocations=2 (full 0):
 garbage-first heap   total reserved 8167424K, committed 512000K, used 62635K [0x000000060d800000, 0x0000000800000000)
  region size 4096K, 15 young (61440K), 1 survivors (4096K)
 Metaspace       used 18306K, committed 19072K, reserved 1114112K
  class space    used 2962K, committed 3264K, reserved 1048576K
}
Event: 1.979 GC heap after
{Heap after GC invocations=3 (full 0):
 garbage-first heap   total reserved 8167424K, committed 512000K, used 29031K [0x000000060d800000, 0x0000000800000000)
  region size 4096K, 2 young (8192K), 2 survivors (8192K)
 Metaspace       used 18306K, committed 19072K, reserved 1114112K
  class space    used 2962K, committed 3264K, reserved 1048576K
}
Event: 2.069 GC heap before
{Heap before GC invocations=3 (full 0):
 garbage-first heap   total reserved 8167424K, committed 512000K, used 82279K [0x000000060d800000, 0x0000000800000000)
  region size 4096K, 15 young (61440K), 2 survivors (8192K)
 Metaspace       used 18764K, committed 19584K, reserved 1114112K
  class space    used 3008K, committed 3392K, reserved 1048576K
}
Event: 2.075 GC heap after
{Heap after GC invocations=4 (full 0):
 garbage-first heap   total reserved 8167424K, committed 512000K, used 48239K [0x000000060d800000, 0x0000000800000000)
  region size 4096K, 2 young (8192K), 2 survivors (8192K)
 Metaspace       used 18764K, committed 19584K, reserved 1114112K
  class space    used 3008K, committed 3392K, reserved 1048576K
}
Event: 2.134 GC heap before
{Heap before GC invocations=4 (full 0):
 garbage-first heap   total reserved 8167424K, committed 512000K, used 113775K [0x000000060d800000, 0x0000000800000000)
  region size 4096K, 18 young (73728K), 2 survivors (8192K)
 Metaspace       used 18772K, committed 19584K, reserved 1114112K
  class space    used 3008K, committed 3392K, reserved 1048576K
}
Event: 2.137 GC heap after
{Heap after GC invocations=5 (full 0):
 garbage-first heap   total reserved 8167424K, committed 512000K, used 51407K [0x000000060d800000, 0x0000000800000000)
  region size 4096K, 1 young (4096K), 1 survivors (4096K)
 Metaspace       used 18772K, committed 19584K, reserved 1114112K
  class space    used 3008K, committed 3392K, reserved 1048576K
}
Event: 2.217 GC heap before
{Heap before GC invocations=5 (full 0):
 garbage-first heap   total reserved 8167424K, committed 512000K, used 174287K [0x000000060d800000, 0x0000000800000000)
  region size 4096K, 31 young (126976K), 1 survivors (4096K)
 Metaspace       used 18773K, committed 19584K, reserved 1114112K
  class space    used 3009K, committed 3392K, reserved 1048576K
}
Event: 2.218 GC heap after
{Heap after GC invocations=6 (full 0):
 garbage-first heap   total reserved 8167424K, committed 512000K, used 52982K [0x000000060d800000, 0x0000000800000000)
  region size 4096K, 1 young (4096K), 1 survivors (4096K)
 Metaspace       used 18773K, committed 19584K, reserved 1114112K
  class space    used 3009K, committed 3392K, reserved 1048576K
}

Dll operation events (10 events):
Event: 0.005 Loaded shared library C:\Program Files\Java\jdk-23\bin\java.dll
Event: 0.020 Loaded shared library C:\Program Files\Java\jdk-23\bin\jsvml.dll
Event: 0.040 Loaded shared library C:\Program Files\Java\jdk-23\bin\net.dll
Event: 0.041 Loaded shared library C:\Program Files\Java\jdk-23\bin\nio.dll
Event: 0.044 Loaded shared library C:\Program Files\Java\jdk-23\bin\zip.dll
Event: 0.072 Loaded shared library C:\Program Files\Java\jdk-23\bin\jimage.dll
Event: 0.705 Loaded shared library C:\Program Files\Java\jdk-23\bin\management.dll
Event: 0.708 Loaded shared library C:\Program Files\Java\jdk-23\bin\management_ext.dll
Event: 0.784 Loaded shared library C:\Users\2behe\AppData\Local\Temp\native-3748496228227531175.dll
Event: 0.907 Loaded shared library C:\Program Files\Java\jdk-23\bin\extnet.dll

Deoptimization events (20 events):
Event: 2.436 Thread 0x00000282085f5ef0 DEOPT UNPACKING pc=0x00000281aaab7982 sp=0x000000ba1f3fe420 mode 2
Event: 2.436 Thread 0x00000282085f5860 DEOPT PACKING pc=0x00000281ab35ee68 sp=0x000000ba1f0fe7b0
Event: 2.436 Thread 0x00000282085f51d0 DEOPT UNPACKING pc=0x00000281aaab7982 sp=0x000000ba1eefe480 mode 2
Event: 2.436 Thread 0x00000282062b6220 DEOPT PACKING pc=0x00000281ab35ee68 sp=0x000000ba1f6fe210
Event: 2.436 Thread 0x00000282085f5860 DEOPT UNPACKING pc=0x00000281aaab7982 sp=0x000000ba1f0fe700 mode 2
Event: 2.436 Thread 0x00000282062b6220 DEOPT UNPACKING pc=0x00000281aaab7982 sp=0x000000ba1f6fe160 mode 2
Event: 2.442 Thread 0x00000282085f5860 Uncommon trap: trap_request=0xffffff5c fr.pc=0x00000281ab35fde8 relative=0x0000000000000068
Event: 2.450 Thread 0x00000282085f5860 Uncommon trap: reason=speculate_null_check action=make_not_entrant pc=0x00000281ab35fde8 method=jdk.internal.misc.Unsafe.putIntUnaligned(Ljava/lang/Object;JI)V @ 15 c2
Event: 2.450 Thread 0x00000282085f5860 DEOPT PACKING pc=0x00000281ab35fde8 sp=0x000000ba1f0fe6f0
Event: 2.450 Thread 0x00000282085f5860 DEOPT UNPACKING pc=0x00000281aaab7982 sp=0x000000ba1f0fe680 mode 2
Event: 2.482 Thread 0x00000282085f8650 DEOPT PACKING pc=0x00000281a3adcb94 sp=0x000000ba1f1fe640
Event: 2.482 Thread 0x0000028207b88a50 DEOPT PACKING pc=0x00000281a3adcb94 sp=0x000000ba1eafe8a0
Event: 2.482 Thread 0x00000282085f7fc0 DEOPT PACKING pc=0x00000281a3adcb94 sp=0x000000ba1f4fe960
Event: 2.482 Thread 0x00000282085f8650 DEOPT UNPACKING pc=0x00000281aaab84c2 sp=0x000000ba1f1fdbe0 mode 0
Event: 2.482 Thread 0x00000282085f7fc0 DEOPT UNPACKING pc=0x00000281aaab84c2 sp=0x000000ba1f4fdf00 mode 0
Event: 2.482 Thread 0x0000028207b88a50 DEOPT UNPACKING pc=0x00000281aaab84c2 sp=0x000000ba1eafde40 mode 0
Event: 2.482 Thread 0x0000028207b88a50 Uncommon trap: trap_request=0xffffff45 fr.pc=0x00000281ab36ee6c relative=0x0000000000000e8c
Event: 2.482 Thread 0x0000028207b88a50 Uncommon trap: reason=unstable_if action=reinterpret pc=0x00000281ab36ee6c method=me.pixlent.voxel.procedural.ProcNoise.generateNoiseGrid3D([[[FLnet/minestom/server/coordinate/Point;III)V @ 62 c2
Event: 2.482 Thread 0x0000028207b88a50 DEOPT PACKING pc=0x00000281ab36ee6c sp=0x000000ba1eafe940
Event: 2.482 Thread 0x0000028207b88a50 DEOPT UNPACKING pc=0x00000281aaab7982 sp=0x000000ba1eafe940 mode 2

Classes loaded (20 events):
Event: 2.389 Loading class java/util/concurrent/CompletableFuture$BiRelay
Event: 2.389 Loading class java/util/concurrent/CompletableFuture$BiCompletion
Event: 2.389 Loading class java/util/concurrent/CompletableFuture$UniCompletion
Event: 2.389 Loading class java/util/concurrent/CompletableFuture$UniCompletion done
Event: 2.389 Loading class java/util/concurrent/CompletableFuture$BiCompletion done
Event: 2.389 Loading class java/util/concurrent/CompletableFuture$BiRelay done
Event: 2.390 Loading class java/util/concurrent/CompletableFuture$CoCompletion
Event: 2.390 Loading class java/util/concurrent/CompletableFuture$CoCompletion done
Event: 2.393 Loading class java/util/concurrent/CompletableFuture$UniRun
Event: 2.393 Loading class java/util/concurrent/CompletableFuture$UniRun done
Event: 2.403 Loading class jdk/internal/foreign/ConfinedSession
Event: 2.403 Loading class jdk/internal/foreign/ConfinedSession done
Event: 2.404 Loading class jdk/internal/foreign/ConfinedSession$ConfinedResourceList
Event: 2.404 Loading class jdk/internal/foreign/MemorySessionImpl$ResourceList
Event: 2.404 Loading class jdk/internal/foreign/MemorySessionImpl$ResourceList done
Event: 2.404 Loading class jdk/internal/foreign/ConfinedSession$ConfinedResourceList done
Event: 2.404 Loading class jdk/internal/foreign/SegmentFactories$1
Event: 2.404 Loading class jdk/internal/foreign/SegmentFactories$1 done
Event: 2.405 Loading class java/lang/invoke/VarHandleSegmentAsFloats
Event: 2.405 Loading class java/lang/invoke/VarHandleSegmentAsFloats done

Classes unloaded (0 events):
No events

Classes redefined (0 events):
No events

Internal exceptions (20 events):
Event: 2.415 Thread 0x00000282062b6220 Exception <a 'java/lang/NoSuchMethodError'{0x0000000623c2d458}: 'float java.lang.invoke.DirectMethodHandle$Holder.invokeStatic(java.lang.Object, java.lang.Object, java.lang.Object, long)'> (0x0000000623c2d458) 
thrown [s\open\src\hotspot\share\interpreter\linkResolver.cpp, line 796]
Event: 2.415 Thread 0x00000282085f51d0 Exception <a 'java/lang/NoSuchMethodError'{0x00000006255a3ab0}: 'float java.lang.invoke.DirectMethodHandle$Holder.invokeStatic(java.lang.Object, java.lang.Object, java.lang.Object, long)'> (0x00000006255a3ab0) 
thrown [s\open\src\hotspot\share\interpreter\linkResolver.cpp, line 796]
Event: 2.415 Thread 0x00000282085f7930 Exception <a 'java/lang/NoSuchMethodError'{0x00000006254b6cd0}: 'float java.lang.invoke.DirectMethodHandle$Holder.invokeStatic(java.lang.Object, java.lang.Object, java.lang.Object, long)'> (0x00000006254b6cd0) 
thrown [s\open\src\hotspot\share\interpreter\linkResolver.cpp, line 796]
Event: 2.415 Thread 0x00000282068c8fb0 Exception <a 'java/lang/NoSuchMethodError'{0x0000000625b6bf98}: 'float java.lang.invoke.DelegatingMethodHandle$Holder.reinvoke_L(java.lang.Object, java.lang.Object, java.lang.Object, long)'> (0x0000000625b6bf98) 
thrown [s\open\src\hotspot\share\interpreter\linkResolver.cpp, line 796]
Event: 2.415 Thread 0x00000282085f6580 Exception <a 'java/lang/NoSuchMethodError'{0x000000062504fc78}: 'float java.lang.invoke.DelegatingMethodHandle$Holder.reinvoke_L(java.lang.Object, java.lang.Object, java.lang.Object, long)'> (0x000000062504fc78) 
thrown [s\open\src\hotspot\share\interpreter\linkResolver.cpp, line 796]
Event: 2.415 Thread 0x0000028207b89e00 Exception <a 'java/lang/NoSuchMethodError'{0x00000006259c2640}: 'float java.lang.invoke.DelegatingMethodHandle$Holder.reinvoke_L(java.lang.Object, java.lang.Object, java.lang.Object, long)'> (0x00000006259c2640) 
thrown [s\open\src\hotspot\share\interpreter\linkResolver.cpp, line 796]
Event: 2.415 Thread 0x0000028207b88a50 Exception <a 'java/lang/NoSuchMethodError'{0x0000000623ca29c0}: 'float java.lang.invoke.DelegatingMethodHandle$Holder.reinvoke_L(java.lang.Object, java.lang.Object, java.lang.Object, long)'> (0x0000000623ca29c0) 
thrown [s\open\src\hotspot\share\interpreter\linkResolver.cpp, line 796]
Event: 2.415 Thread 0x00000282085f6c10 Exception <a 'java/lang/NoSuchMethodError'{0x00000006255405c0}: 'float java.lang.invoke.DelegatingMethodHandle$Holder.reinvoke_L(java.lang.Object, java.lang.Object, java.lang.Object, long)'> (0x00000006255405c0) 
thrown [s\open\src\hotspot\share\interpreter\linkResolver.cpp, line 796]
Event: 2.415 Thread 0x00000282085f8650 Exception <a 'java/lang/NoSuchMethodError'{0x0000000625684b78}: 'float java.lang.invoke.DelegatingMethodHandle$Holder.reinvoke_L(java.lang.Object, java.lang.Object, java.lang.Object, long)'> (0x0000000625684b78) 
thrown [s\open\src\hotspot\share\interpreter\linkResolver.cpp, line 796]
Event: 2.415 Thread 0x00000282085f72a0 Exception <a 'java/lang/NoSuchMethodError'{0x00000006243351d8}: 'float java.lang.invoke.DelegatingMethodHandle$Holder.reinvoke_L(java.lang.Object, java.lang.Object, java.lang.Object, long)'> (0x00000006243351d8) 
thrown [s\open\src\hotspot\share\interpreter\linkResolver.cpp, line 796]
Event: 2.415 Thread 0x00000282085f5860 Exception <a 'java/lang/NoSuchMethodError'{0x0000000625613fe8}: 'float java.lang.invoke.DelegatingMethodHandle$Holder.reinvoke_L(java.lang.Object, java.lang.Object, java.lang.Object, long)'> (0x0000000625613fe8) 
thrown [s\open\src\hotspot\share\interpreter\linkResolver.cpp, line 796]
Event: 2.415 Thread 0x00000282085f5ef0 Exception <a 'java/lang/NoSuchMethodError'{0x0000000623d7c870}: 'float java.lang.invoke.DelegatingMethodHandle$Holder.reinvoke_L(java.lang.Object, java.lang.Object, java.lang.Object, long)'> (0x0000000623d7c870) 
thrown [s\open\src\hotspot\share\interpreter\linkResolver.cpp, line 796]
Event: 2.415 Thread 0x0000028207b89770 Exception <a 'java/lang/NoSuchMethodError'{0x00000006243a5810}: 'float java.lang.invoke.DelegatingMethodHandle$Holder.reinvoke_L(java.lang.Object, java.lang.Object, java.lang.Object, long)'> (0x00000006243a5810) 
thrown [s\open\src\hotspot\share\interpreter\linkResolver.cpp, line 796]
Event: 2.415 Thread 0x0000028207b883c0 Exception <a 'java/lang/NoSuchMethodError'{0x0000000623debd70}: 'float java.lang.invoke.DelegatingMethodHandle$Holder.reinvoke_L(java.lang.Object, java.lang.Object, java.lang.Object, long)'> (0x0000000623debd70) 
thrown [s\open\src\hotspot\share\interpreter\linkResolver.cpp, line 796]
Event: 2.415 Thread 0x00000282085f7fc0 Exception <a 'java/lang/NoSuchMethodError'{0x00000006257dcc48}: 'float java.lang.invoke.DelegatingMethodHandle$Holder.reinvoke_L(java.lang.Object, java.lang.Object, java.lang.Object, long)'> (0x00000006257dcc48) 
thrown [s\open\src\hotspot\share\interpreter\linkResolver.cpp, line 796]
Event: 2.415 Thread 0x0000028207b87d30 Exception <a 'java/lang/NoSuchMethodError'{0x0000000623d05798}: 'float java.lang.invoke.DelegatingMethodHandle$Holder.reinvoke_L(java.lang.Object, java.lang.Object, java.lang.Object, long)'> (0x0000000623d05798) 
thrown [s\open\src\hotspot\share\interpreter\linkResolver.cpp, line 796]
Event: 2.416 Thread 0x00000282062b6220 Exception <a 'java/lang/NoSuchMethodError'{0x0000000623c30880}: 'float java.lang.invoke.DelegatingMethodHandle$Holder.reinvoke_L(java.lang.Object, java.lang.Object, java.lang.Object, long)'> (0x0000000623c30880) 
thrown [s\open\src\hotspot\share\interpreter\linkResolver.cpp, line 796]
Event: 2.416 Thread 0x00000282085f51d0 Exception <a 'java/lang/NoSuchMethodError'{0x00000006255a6ed8}: 'float java.lang.invoke.DelegatingMethodHandle$Holder.reinvoke_L(java.lang.Object, java.lang.Object, java.lang.Object, long)'> (0x00000006255a6ed8) 
thrown [s\open\src\hotspot\share\interpreter\linkResolver.cpp, line 796]
Event: 2.416 Thread 0x00000282085f7930 Exception <a 'java/lang/NoSuchMethodError'{0x00000006254ba0f8}: 'float java.lang.invoke.DelegatingMethodHandle$Holder.reinvoke_L(java.lang.Object, java.lang.Object, java.lang.Object, long)'> (0x00000006254ba0f8) 
thrown [s\open\src\hotspot\share\interpreter\linkResolver.cpp, line 796]
Event: 2.483 Thread 0x0000028207b88a50 Exception <a 'java/lang/NoSuchMethodError'{0x0000000623638330}: 'void java.lang.invoke.DirectMethodHandle$Holder.invokeSpecial(java.lang.Object, java.lang.Object, java.lang.Object, java.lang.Object, int, java.lang.Object, java.lang.Object, java.lang.Object, float, float, float, int, java.lang.Object)'> (0x0000000623638330) 
thrown [s\open\src\hotspot\share\interpreter\linkResolver.cpp, line 796]

VM Operations (20 events):
Event: 0.861 Executing VM operation: HandshakeAllThreads (Deoptimize)
Event: 0.861 Executing VM operation: HandshakeAllThreads (Deoptimize) done
Event: 0.862 Executing VM operation: HandshakeAllThreads (Deoptimize)
Event: 0.862 Executing VM operation: HandshakeAllThreads (Deoptimize) done
Event: 0.895 Executing VM operation: HandshakeAllThreads (Deoptimize)
Event: 0.895 Executing VM operation: HandshakeAllThreads (Deoptimize) done
Event: 0.895 Executing VM operation: HandshakeAllThreads (Deoptimize)
Event: 0.896 Executing VM operation: HandshakeAllThreads (Deoptimize) done
Event: 0.909 Executing VM operation: HandshakeAllThreads (Deoptimize)
Event: 0.909 Executing VM operation: HandshakeAllThreads (Deoptimize) done
Event: 1.973 Executing VM operation: G1CollectForAllocation (G1 Evacuation Pause)
Event: 1.979 Executing VM operation: G1CollectForAllocation (G1 Evacuation Pause) done
Event: 2.069 Executing VM operation: G1CollectForAllocation (G1 Evacuation Pause)
Event: 2.075 Executing VM operation: G1CollectForAllocation (G1 Evacuation Pause) done
Event: 2.134 Executing VM operation: G1CollectForAllocation (G1 Evacuation Pause)
Event: 2.137 Executing VM operation: G1CollectForAllocation (G1 Evacuation Pause) done
Event: 2.217 Executing VM operation: G1CollectForAllocation (G1 Evacuation Pause)
Event: 2.218 Executing VM operation: G1CollectForAllocation (G1 Evacuation Pause) done
Event: 2.404 Executing VM operation: HandshakeAllThreads (Deoptimize)
Event: 2.404 Executing VM operation: HandshakeAllThreads (Deoptimize) done

Memory protections (0 events):
No events

Nmethod flushes (0 events):
No events

Events (20 events):
Event: 1.962 Thread 0x00000281bfe5dfd0 Thread added: 0x000002820615b5e0
Event: 2.030 Thread 0x00000282057a8ae0 Thread added: 0x0000028205b21960
Event: 2.030 Thread 0x00000282057a8ae0 Thread added: 0x0000028205b22020
Event: 2.031 Thread 0x000002820615b5e0 Thread added: 0x0000028205b22ef0
Event: 2.032 Thread 0x00000281bfb47b10 Thread added: 0x00000282077f89c0
Event: 2.032 Thread 0x00000281bfb47b10 Thread added: 0x0000028205ff3400
Event: 2.369 Thread 0x00000282068c8fb0 Thread added: 0x0000028207b88a50
Event: 2.369 Thread 0x0000028207b883c0 Thread added: 0x0000028207b87d30
Event: 2.370 Thread 0x0000028205f705d0 Thread added: 0x0000028207b89770
Event: 2.370 Thread 0x0000028207b88a50 Thread added: 0x00000282085f6c10
Event: 2.370 Thread 0x0000028207b87d30 Thread added: 0x00000282085f51d0
Event: 2.370 Thread 0x0000028205f705d0 Thread added: 0x00000282085f7930
Event: 2.370 Thread 0x0000028205f705d0 Thread added: 0x00000282085f5860
Event: 2.370 Thread 0x0000028205f705d0 Thread added: 0x00000282085f8650
Event: 2.370 Thread 0x0000028205f705d0 Thread added: 0x00000282085f72a0
Event: 2.370 Thread 0x0000028205f705d0 Thread added: 0x00000282085f5ef0
Event: 2.370 Thread 0x0000028205f705d0 Thread added: 0x00000282085f7fc0
Event: 2.370 Thread 0x00000282085f72a0 Thread added: 0x00000282085f6580
Event: 2.370 Thread 0x0000028205f705d0 Thread added: 0x00000282062b6220
Event: 2.403 Thread 0x0000028207b89e00 Thread added: 0x00000282062b8980


Dynamic libraries:
0x00007ff640ab0000 - 0x00007ff640ac0000 	C:\Program Files\Java\jdk-23\bin\java.exe
0x00007ffe12f10000 - 0x00007ffe13127000 	C:\windows\SYSTEM32\ntdll.dll
0x00007ffe12450000 - 0x00007ffe12514000 	C:\windows\System32\KERNEL32.DLL
0x00007ffe10400000 - 0x00007ffe107d0000 	C:\windows\System32\KERNELBASE.dll
0x00007ffe10a60000 - 0x00007ffe10b71000 	C:\windows\System32\ucrtbase.dll
0x00007ffd0a410000 - 0x00007ffd0a427000 	C:\Program Files\Java\jdk-23\bin\jli.dll
0x00007ffd064a0000 - 0x00007ffd064bb000 	C:\Program Files\Java\jdk-23\bin\VCRUNTIME140.dll
0x00007ffe11af0000 - 0x00007ffe11c9e000 	C:\windows\System32\USER32.dll
0x00007ffe10270000 - 0x00007ffe10296000 	C:\windows\System32\win32u.dll
0x00007ffdff390000 - 0x00007ffdff622000 	C:\windows\WinSxS\amd64_microsoft.windows.common-controls_6595b64144ccf1df_6.0.22621.4830_none_270fe7d773858e80\COMCTL32.dll
0x00007ffe10c00000 - 0x00007ffe10c29000 	C:\windows\System32\GDI32.dll
0x00007ffe10940000 - 0x00007ffe10a5b000 	C:\windows\System32\gdi32full.dll
0x00007ffe11750000 - 0x00007ffe117f7000 	C:\windows\System32\msvcrt.dll
0x00007ffe10360000 - 0x00007ffe103fa000 	C:\windows\System32\msvcp_win.dll
0x00007ffe11880000 - 0x00007ffe118b1000 	C:\windows\System32\IMM32.DLL
0x00007ffd068e0000 - 0x00007ffd068ec000 	C:\Program Files\Java\jdk-23\bin\vcruntime140_1.dll
0x00007ffd06410000 - 0x00007ffd0649e000 	C:\Program Files\Java\jdk-23\bin\msvcp140.dll
0x00007ffd056c0000 - 0x00007ffd06410000 	C:\Program Files\Java\jdk-23\bin\server\jvm.dll
0x00007ffe125d0000 - 0x00007ffe12681000 	C:\windows\System32\ADVAPI32.dll
0x00007ffe12520000 - 0x00007ffe125c7000 	C:\windows\System32\sechost.dll
0x00007ffe101c0000 - 0x00007ffe101e8000 	C:\windows\System32\bcrypt.dll
0x00007ffe118c0000 - 0x00007ffe119d4000 	C:\windows\System32\RPCRT4.dll
0x00007ffe12af0000 - 0x00007ffe12b61000 	C:\windows\System32\WS2_32.dll
0x00007ffe0f020000 - 0x00007ffe0f06d000 	C:\windows\SYSTEM32\POWRPROF.dll
0x00007ffe08da0000 - 0x00007ffe08dd4000 	C:\windows\SYSTEM32\WINMM.dll
0x00007ffe04f40000 - 0x00007ffe04f4a000 	C:\windows\SYSTEM32\VERSION.dll
0x00007ffe0f000000 - 0x00007ffe0f013000 	C:\windows\SYSTEM32\UMPDC.dll
0x00007ffe0f250000 - 0x00007ffe0f268000 	C:\windows\SYSTEM32\kernel.appcore.dll
0x00007ffd056b0000 - 0x00007ffd056ba000 	C:\Program Files\Java\jdk-23\bin\jimage.dll
0x00007ffe04150000 - 0x00007ffe04382000 	C:\windows\SYSTEM32\DBGHELP.DLL
0x00007ffe12740000 - 0x00007ffe12ad0000 	C:\windows\System32\combase.dll
0x00007ffe12bc0000 - 0x00007ffe12c97000 	C:\windows\System32\OLEAUT32.dll
0x00007ffded1e0000 - 0x00007ffded212000 	C:\windows\SYSTEM32\dbgcore.DLL
0x00007ffe101f0000 - 0x00007ffe1026b000 	C:\windows\System32\bcryptPrimitives.dll
0x00007ffd05680000 - 0x00007ffd0569e000 	C:\Program Files\Java\jdk-23\bin\java.dll
0x00007ffe12230000 - 0x00007ffe123d1000 	C:\windows\System32\ole32.dll
0x00007ffe10ec0000 - 0x00007ffe11738000 	C:\windows\System32\SHELL32.dll
0x00007ffe0e0d0000 - 0x00007ffe0e9e0000 	C:\windows\SYSTEM32\windows.storage.dll
0x00007ffe0df90000 - 0x00007ffe0e0cf000 	C:\windows\SYSTEM32\wintypes.dll
0x00007ffe10c30000 - 0x00007ffe10d3a000 	C:\windows\System32\SHCORE.dll
0x00007ffe12130000 - 0x00007ffe1218e000 	C:\windows\System32\shlwapi.dll
0x00007ffe100f0000 - 0x00007ffe1011b000 	C:\windows\SYSTEM32\profapi.dll
0x00007ffd055a0000 - 0x00007ffd05677000 	C:\Program Files\Java\jdk-23\bin\jsvml.dll
0x00007ffd05570000 - 0x00007ffd05580000 	C:\Program Files\Java\jdk-23\bin\net.dll
0x00007ffe0f720000 - 0x00007ffe0f78a000 	C:\windows\system32\mswsock.dll
0x00007ffd05550000 - 0x00007ffd05566000 	C:\Program Files\Java\jdk-23\bin\nio.dll
0x00007ffd05580000 - 0x00007ffd05597000 	C:\Program Files\Java\jdk-23\bin\zip.dll
0x00007ffd053e0000 - 0x00007ffd053ea000 	C:\Program Files\Java\jdk-23\bin\management.dll
0x00007ffd053d0000 - 0x00007ffd053db000 	C:\Program Files\Java\jdk-23\bin\management_ext.dll
0x00007ffe12120000 - 0x00007ffe12128000 	C:\windows\System32\PSAPI.DLL
0x00007ffe0f960000 - 0x00007ffe0f97b000 	C:\windows\SYSTEM32\CRYPTSP.dll
0x00007ffe0f210000 - 0x00007ffe0f245000 	C:\windows\system32\rsaenh.dll
0x00007ffe0f7d0000 - 0x00007ffe0f7f8000 	C:\windows\SYSTEM32\USERENV.dll
0x00007ffe0f950000 - 0x00007ffe0f95c000 	C:\windows\SYSTEM32\CRYPTBASE.dll
0x00007ffe0ecb0000 - 0x00007ffe0ecdd000 	C:\windows\SYSTEM32\IPHLPAPI.DLL
0x00007ffe12220000 - 0x00007ffe12229000 	C:\windows\System32\NSI.dll
0x00007ffd526a0000 - 0x00007ffd52755000 	C:\Users\2behe\AppData\Local\Temp\native-3748496228227531175.dll
0x00007ffd053c0000 - 0x00007ffd053c9000 	C:\Program Files\Java\jdk-23\bin\extnet.dll

dbghelp: loaded successfully - version: 4.0.5 - missing functions: none
symbol engine: initialized successfully - sym options: 0x614 - pdb path: .;C:\Program Files\Java\jdk-23\bin;C:\windows\SYSTEM32;C:\windows\WinSxS\amd64_microsoft.windows.common-controls_6595b64144ccf1df_6.0.22621.4830_none_270fe7d773858e80;C:\Program Files\Java\jdk-23\bin\server;C:\Users\2behe\AppData\Local\Temp

VM Arguments:
jvm_args: -Dfile.encoding=UTF-8 -Duser.country=US -Duser.language=en -Duser.variant 
java_command: me.pixlent.Main --enable-native-access=ALL-UNNAMED
java_class_path (initial): C:\Users\2behe\Documents\Development\Minestom\world-gen\build\classes\java\test;C:\Users\2behe\Documents\Development\Minestom\world-gen\build\resources\test;C:\Users\2behe\Documents\Development\Minestom\world-gen\build\classes\java\main;C:\Users\2behe\Documents\Development\Minestom\world-gen\build\resources\main;C:\Users\2behe\.gradle\caches\modules-2\files-2.1\net.minestom\minestom-snapshots\3bdb950310\432a3fa7952ad1197a6df00d56a025df43439810\minestom-snapshots-3bdb950310.jar;C:\Users\2behe\.gradle\caches\modules-2\files-2.1\de.articdive\jnoise-pipeline\4.1.0\331d5adb61361d98bb0efdc8306cc82327f557ab\jnoise-pipeline-4.1.0.jar;C:\Users\2behe\.gradle\caches\modules-2\files-2.1\com.github.CoolLoong\FastNoise2Bindings-Java\0.0.1\e5ce1b16e89f9a1b04ad438ec1573ea8a9bdef50\FastNoise2Bindings-Java-0.0.1.jar;C:\Users\2behe\.gradle\caches\modules-2\files-2.1\org.slf4j\slf4j-simple\2.0.16\56d3d8e59293543780ad35af4ee4a5d9c111a588\slf4j-simple-2.0.16.jar;C:\Users\2behe\.gradle\caches\modules-2\files-2.1\net.minestom\data\1.21.3-rv2\2c2b0f1ef975a76768623754ae5e6bb8a8c46dde\data-1.21.3-rv2.jar;C:\Users\2behe\.gradle\caches\modules-2\files-2.1\space.vectrix.flare\flare\2.0.1\2b4594f599d4d1becce5d5057f3d7a056237a0c6\flare-2.0.1.jar;C:\Users\2behe\.gradle\caches\modules-2\files-2.1\space.vectrix.flare\flare-fastutil\2.0.1\b07cbd5e37afc030717647781eebe7ba672cdd7a\flare-fastutil-2.0.1.jar;C:\Users\2behe\.gradle\caches\modules-2\files-2.1\org.jctools\jctools-core\4.0.5\9ab38ca19877236986db4894ef1400a7ca23db80\jctools-core-4.0.5.jar;C:\Users\2behe\.gradle\caches\modules-2\files-2.1\net.kyori\adventure-text-serializer-legacy\4.17.0\1f5271e54a4feb6dada26873297337f4b9f2f99a\adventure-text-serializer-legacy-4.17.0.jar;C:\Users\2behe\.gradle\caches\modules-2\files-2.1\net.kyori\adventure-text-serializer-plain\4.17.0\ac19c1579081064f86025c5ada60dba0b61fca31\adventure-text-serializer-plain-4.17.0.jar;C:\Users\2behe\.gradle\caches\modules-2\files-2.1\net.kyori\adventure-text-serializer-gson\4.17.0\1b2cf73c8794287db202b2ea288c40159deb19b4\adventure-text-serializer-gson-4.17.0.jar;C:\Users\2behe\.gradle\caches\modules-2\files-2.1\net.kyori\adventure-text-serializer-json\4.17.0\4651a58fe70ecc8a3682ec7ddd8a516dd6d06a49\adventure-text-serializer-json-4.17.0.jar;C:\Users\2behe\.gradle\caches\modules-2\files-2.1\net.kyori\adventure-api\4.17.0\e90703097679e9ca0ee8a059bb933aa7d495bce3\adventure-api-4.17.0.jar;C:\Users\2behe\.gradle\caches\modules-2\files-2.1\net.kyori\adventure-nbt\4.17.0\45b1b7064a99cc667b6ff04dc7e4cb58765a98a2\adventure-nbt-4.17.0.jar;C:\Users\2behe\.gradle\caches\modules-2\files-2.1\net.kyori\adventure-key\4.17.0\799f1b5fedb920a7b71916e9b71123ff94d07acf\adventure-key-4.17.0.jar;C:\Users\2behe\.gradle\caches\modules-2\files-2.1\net.kyori\adventure-text-logger-slf4j\4.17.0\ebc3d59bdce591f1e1daed8b5b9ebd13f231c946\adventure-text-logger-slf4j-4.17.0.jar;C:\Users\2behe\.gradle\caches\modules-2\files-2.1\org.slf4j\slf4j-api\2.0.16\172931663a09a1fa515567af5fbef00897d3c04\slf4j-api-2.0.16.jar;C:\Users\2behe\.gradle\caches\modules-2\files-2.1\org.jetbrains\annotations\24.1.0\7af6a669488450c4a07c2c3254e2151df42d7d04\annotations-24.1.0.jar;C:\Users\2behe\.gradle\caches\modules-2\files-2.1\it.unimi.dsi\fastutil\8.5.14\950f40553c3b66529be037ff08d99687aa98788e\fastutil-8.5.14.jar;C:\Users\2behe\.gradle\caches\modules-2\files-2.1\com.google.code.gson\gson\2.11.0\527175ca6d81050b53bdd4c457a6d6e017626b0e\gson-2.11.0.jar;C:\Users\2behe\.gradle\caches\modules-2\files-2.1\de.articdive\jnoise-transformers\4.1.0\53530fe8b614be4ccda97119f5e356dacfa24c50\jnoise-transformers-4.1.0.jar;C:\Users\2behe\.gradle\caches\modules-2\files-2.1\de.articdive\jnoise-generators\4.1.0\44225d791d5bdece59d776258e9c5717b1de096d\jnoise-generators-4.1.0.jar;C:\Users\2behe\.gradle\caches\modules-2\files-2.1\de.articdive\jnoise-modules\4.1.0\5b36dab84fad68c9956e4961c8d62ecb7ec69c29\jnoise-modules-4.1.0.jar;C:\Users\2behe\.gradle\caches\modules-2\files-2.1\de.articdive\jnoise-modifiers\4.1.0\46cd2452385d95f1830eefc172cbf577617cb3f5\jnoise-modifiers-4.1.0.jar;C:\Users\2behe\.gradle\caches\modules-2\files-2.1\de.articdive\jnoise-core\4.1.0\d631bc94d1326af85dae43f65f0e240c6bc1a15\jnoise-core-4.1.0.jar;C:\Users\2behe\.gradle\caches\modules-2\files-2.1\org.jspecify\jspecify\0.3.0\fc1a0c38a07667f2dbbece32164dac2d0056d205\jspecify-0.3.0.jar;C:\Users\2behe\.gradle\caches\modules-2\files-2.1\net.kyori\examination-string\1.3.0\6f34afef5c54ccce4996bc321abf77518b55b4bd\examination-string-1.3.0.jar;C:\Users\2behe\.gradle\caches\modules-2\files-2.1\net.kyori\examination-api\1.3.0\8a2d185275307f1e2ef2adf7152b9a0d1d44c30b\examination-api-1.3.0.jar;C:\Users\2behe\.gradle\caches\modules-2\files-2.1\com.google.errorprone\error_prone_annotations\2.27.0\91b2c29d8a6148b5e2e4930f070d4840e2e48e34\error_prone_annotations-2.27.0.jar;C:\Users\2behe\.gradle\caches\modules-2\files-2.1\net.kyori\option\1.0.0\59c5ae54c47ae294322ad979eaf7cdcde7ad0646\option-1.0.0.jar
Launcher Type: SUN_STANDARD

[Global flags]
     intx CICompilerCount                          = 12                                        {product} {ergonomic}
     uint ConcGCThreads                            = 3                                         {product} {ergonomic}
     uint G1ConcRefinementThreads                  = 13                                        {product} {ergonomic}
   size_t G1HeapRegionSize                         = 4194304                                   {product} {ergonomic}
   size_t InitialHeapSize                          = 524288000                                 {product} {ergonomic}
   size_t MarkStackSize                            = 4194304                                   {product} {ergonomic}
   size_t MarkStackSizeMax                         = 536870912                                 {product} {ergonomic}
   size_t MaxHeapSize                              = 8363442176                                {product} {ergonomic}
   size_t MaxNewSize                               = 5016387584                                {product} {ergonomic}
   size_t MinHeapDeltaBytes                        = 4194304                                   {product} {ergonomic}
   size_t MinHeapSize                              = 8388608                                   {product} {ergonomic}
    uintx NonNMethodCodeHeapSize                   = 7602176                                {pd product} {ergonomic}
    uintx NonProfiledCodeHeapSize                  = 122093568                              {pd product} {ergonomic}
    uintx ProfiledCodeHeapSize                     = 121962496                              {pd product} {ergonomic}
    uintx ReservedCodeCacheSize                    = 251658240                              {pd product} {ergonomic}
     bool SegmentedCodeCache                       = true                                      {product} {ergonomic}
   size_t SoftMaxHeapSize                          = 8363442176                             {manageable} {ergonomic}
     bool UseCompressedOops                        = true                           {product lp64_product} {ergonomic}
     bool UseG1GC                                  = true                                      {product} {ergonomic}
     bool UseLargePagesIndividualAllocation        = false                                  {pd product} {ergonomic}

Logging:
Log output configuration:
 #0: stdout all=warning uptime,level,tags foldmultilines=false
 #1: stderr all=off uptime,level,tags foldmultilines=false

Environment Variables:
JAVA_HOME=C:\Program Files\Java\graalvm-jdk-17.0.8+9.1
PATH=C:\Program Files\Java\graalvm-jdk-17.0.8+9.1\bin;C:\Program Files\Common Files\Oracle\Java\javapath;C:\Program Files (x86)\Common Files\Oracle\Java\javapath;C:\windows\system32;C:\windows;C:\windows\System32\Wbem;C:\windows\System32\WindowsPowerShell\v1.0\;C:\windows\System32\OpenSSH\;C:\Program Files (x86)\NVIDIA Corporation\PhysX\Common;C:\ProgramData\chocolatey\bin;C:\Program Files\dotnet\;C:\Users\2behe\Documents\lua;C:\Program Files\nodejs\;C:\Program Files\WorldPainter;C:\Users\2behe\.cargo\bin;C:\Users\2behe\AppData\Local\Microsoft\WindowsApps;C:\Users\2behe\AppData\Local\JetBrains\Toolbox\scripts;C:\Users\2behe\AppData\Local\Programs\Microsoft VS Code\bin;C:\PATH_Programs;C:\Users\2behe\go\bin;C:\Users\2behe\AppData\Roaming\npm;C:\Users\2behe\.dotnet\tools;C:\Users\2behe\AppData\Local\gitkraken\bin;C:\Users\2behe\AppData\Local\Programs\oh-my-posh\bin;C:\Program Files\Docker\Docker\resources\bin;C:\Program Files\Git\cmd;C:\Program Files\NVIDIA Corporation\NVIDIA app\NvDLISR;C:\Program Files\Go\bin;C:\Ruby32-x64\bin;C:\Users\2behe\.cargo\bin;C:\Users\2behe\AppData\Local\Microsoft\WindowsApps;C:\Users\2behe\AppData\Local\JetBrains\Toolbox\scripts;C:\Users\2behe\AppData\Local\Programs\Microsoft VS Code\bin;C:\PATH_Programs;C:\Users\2behe\go\bin;C:\Users\2behe\AppData\Roaming\npm;C:\Users\2behe\.dotnet\tools;C:\Users\2behe\AppData\Local\gitkraken\bin;C:\Users\2behe\AppData\Local\Programs\oh-my-posh\bin;C:\ffmpeg\bin;C:\Users\2behe\AppData\Local\Programs\Microsoft VS Code Insiders\bin;C:\Users\2behe\AppData\Local\GitHubDesktop\bin;C:\Users\2behe\go\bin
USERNAME=2behe
OS=Windows_NT
PROCESSOR_IDENTIFIER=AMD64 Family 25 Model 97 Stepping 2, AuthenticAMD
TMP=C:\Users\2behe\AppData\Local\Temp
TEMP=C:\Users\2behe\AppData\Local\Temp




Periodic native trim disabled

---------------  S Y S T E M  ---------------

OS:
 Windows 11 , 64 bit Build 22621 (10.0.22621.4830)
OS uptime: 0 days 2:20 hours
Hyper-V role detected

CPU: total 16 (initial active 16) (16 cores per cpu, 2 threads per core) family 25 model 97 stepping 2 microcode 0x0, cx8, cmov, fxsr, ht, mmx, 3dnowpref, sse, sse2, sse3, ssse3, sse4a, sse4.1, sse4.2, popcnt, lzcnt, tsc, tscinvbit, avx, avx2, aes, erms, clmul, bmi1, bmi2, adx, avx512f, avx512dq, avx512cd, avx512bw, avx512vl, sha, fma, vzeroupper, avx512_vpopcntdq, avx512_vpclmulqdq, avx512_vaes, avx512_vnni, clflush, clflushopt, avx512_vbmi2, avx512_vbmi, hv, rdtscp, rdpid, fsrm, gfni, avx512_bitalg, f16c, cet_ss, avx512_ifma
Processor Information for the first 16 processors :
  Max Mhz: 4501, Current Mhz: 4501, Mhz Limit: 4501

Memory: 4k page, system-wide physical 31900M (17279M free)
TotalPageFile size 79380M (AvailPageFile size 48325M)
current process WorkingSet (physical memory assigned to process): 385M, peak: 385M
current process commit charge ("private bytes"): 707M, peak: 710M

vm_info: Java HotSpot(TM) 64-Bit Server VM (23.0.2+7-58) for windows-amd64 JRE (23.0.2+7-58), built on 2024-11-29T09:34:55Z with MS VC++ 17.6 (VS2022)

END.
